#
# A fatal error has been detected by the Java Runtime Environment:
#
#  EXCEPTION_ACCESS_VIOLATION (0xc0000005) at pc=0x00007ff8dfea6587, pid=5952, tid=9436
#
# JRE version: OpenJDK Runtime Environment Corretto-21.0.5.11.1 (21.0.5+11) (build 21.0.5+11-LTS)
# Java VM: OpenJDK 64-Bit Server VM Corretto-21.0.5.11.1 (21.0.5+11-LTS, mixed mode, sharing, tiered, compressed oops, compressed class ptrs, g1 gc, windows-amd64)
# Problematic frame:
# C  [glass.dll+0x26587]
#
# No core dump will be written. Minidumps are not enabled by default on client versions of Windows
#
# If you would like to submit a bug report, please visit:
#   https://github.com/corretto/corretto-21/issues/
#

---------------  S U M M A R Y ------------

Command Line: -agentlib:jdwp=transport=dt_socket,address=127.0.0.1:64996,suspend=y,server=n -javaagent:C:\Users\flori\AppData\Local\JetBrains\IntelliJIdea2024.2\captureAgent\debugger-agent.jar -Dkotlinx.coroutines.debug.enable.creation.stack.trace=false -Ddebugger.agent.enable.coroutines=true -Dfile.encoding=UTF-8 -Dsun.stdout.encoding=UTF-8 -Dsun.stderr.encoding=UTF-8 --module-path=C:\Users\flori\.m2\repository\org\openjfx\javafx-base\21\javafx-base-21-win.jar;C:\Users\flori\.m2\repository\org\openjfx\javafx-fxml\21\javafx-fxml-21-win.jar;C:\Users\flori\.m2\repository\org\openjfx\javafx-controls\21\javafx-controls-21-win.jar;C:\Users\flori\.m2\repository\org\openjfx\javafx-graphics\21\javafx-graphics-21-win.jar;C:\Users\flori\Documents\Travail IUT\S5\Projet tutoré\Projet_Tutore_RA-IL2_BOURDON_BORTOLOTTI_ROTH_DUCHENE\Chemin_interface\target\classes -Djdk.module.main=com.example.chemin_interface com.example.chemin_interface/com.example.chemin_interface.mains.MainLaby

Host: 13th Gen Intel(R) Core(TM) i7-13620H, 16 cores, 15G,  Windows 11 , 64 bit Build 22621 (10.0.22621.4391)
Time: Tue Dec 17 10:39:03 2024 Paris, Madrid elapsed time: 22.524809 seconds (0d 0h 0m 22s)

---------------  T H R E A D  ---------------

Current thread (0x000001caff46f070):  VMThread "VM Thread"          [id=9436, stack(0x0000003f1ff00000,0x0000003f20000000) (1024K)]

Stack: [0x0000003f1ff00000,0x0000003f20000000],  sp=0x0000003f1ffff1e0,  free space=1020k
Native frames: (J=compiled Java code, j=interpreted, Vv=VM code, C=native code)
C  [glass.dll+0x26587]


siginfo: EXCEPTION_ACCESS_VIOLATION (0xc0000005), reading address 0x0000000000000000


Registers:
RAX=0x0000000000000000, RBX=0x000001cad6a11b82, RCX=0x000001caff46f070, RDX=0x0000003f1ffff1e0
RSP=0x0000003f1ffff1e0, RBP=0x000001cad7aa0b88, RSI=0x0000003f1ffff2e8, RDI=0x000001cad7aa0b60
R8 =0x0000000000010002, R9 =0x000001cad7aa0b60, R10=0x85f13e9656da4870, R11=0x0000003f1ffff170
R12=0x00007ff8dfea3ed0, R13=0x00007ff8793f41c0, R14=0x00001ad554fc3c78, R15=0x000001cad7aa0b60
RIP=0x00007ff8dfea6587, EFLAGS=0x0000000000010206


Register to memory mapping:

RAX=0x0 is null
RBX=0x000001cad6a11b82 is a global jni handle
RCX=0x000001caff46f070 points into unknown readable memory: 0x00007ff8791f34e0 | e0 34 1f 79 f8 7f 00 00
RDX=0x0000003f1ffff1e0 points into unknown readable memory: 0x0000000000000000 | 00 00 00 00 00 00 00 00
RSP=0x0000003f1ffff1e0 points into unknown readable memory: 0x0000000000000000 | 00 00 00 00 00 00 00 00
RBP=0x000001cad7aa0b88 points into unknown readable memory: 0x00001ad554fc3c78 | 78 3c fc 54 d5 1a 00 00
RSI=0x0000003f1ffff2e8 points into unknown readable memory: 0x0000003f1ffff2d0 | d0 f2 ff 1f 3f 00 00 00
RDI=0x000001cad7aa0b60 points into unknown readable memory: 0xe8001aaaac23d641 | 41 d6 23 ac aa 1a 00 e8
R8 =0x0000000000010002 is an unknown value
R9 =0x000001cad7aa0b60 points into unknown readable memory: 0xe8001aaaac23d641 | 41 d6 23 ac aa 1a 00 e8
R10=0x85f13e9656da4870 is an unknown value
R11=0x0000003f1ffff170 points into unknown readable memory: 0x000001cad7aa0b60 | 60 0b aa d7 ca 01 00 00
R12=0x00007ff8dfea3ed0 glass.dll
R13=0x00007ff8793f41c0 jvm.dll
R14=0x00001ad554fc3c78 is an unknown value
R15=0x000001cad7aa0b60 points into unknown readable memory: 0xe8001aaaac23d641 | 41 d6 23 ac aa 1a 00 e8

Top of Stack: (sp=0x0000003f1ffff1e0)
0x0000003f1ffff1e0:   0000000000000000 0000003f1ffff2e8
0x0000003f1ffff1f0:   00007ff8793f41c0 00007ff8dfea3ed0
0x0000003f1ffff200:   000001cad7aa0b68 00007ff8f1d43a93
0x0000003f1ffff210:   000001cad7aa0b60 000001ca00000000
0x0000003f1ffff220:   000001cad7aa0b88 0000003f1ffff2e8
0x0000003f1ffff230:   fffffffffffffffe 0000000000000000
0x0000003f1ffff240:   0000000000000001 00007ff8dfe80000
0x0000003f1ffff250:   0000003f1ffff2d8 00007ff8f1d1042e
0x0000003f1ffff260:   0000000000000000 0000003f1ffff2e8
0x0000003f1ffff270:   0000003f1ffff5d0 0000000000000001
0x0000003f1ffff280:   0000000000000001 00007ff8f1d0dddd
0x0000003f1ffff290:   0000000000000000 00007ff8dfea36c9
0x0000003f1ffff2a0:   00007ff8ebcf5ef0 0000003f1ffff2d8
0x0000003f1ffff2b0:   fffffffffffffffe 0000003f1ffff2a0
0x0000003f1ffff2c0:   0000000000000000 00007ff8dfea3d5d
0x0000003f1ffff2d0:   00007ff8dfeba008 00007ff800000002
0x0000003f1ffff2e0:   0000000000000002 0000003f1ffff2d0
0x0000003f1ffff2f0:   0000000000000000 00007ff8f4738af3
0x0000003f1ffff300:   0000000000000000 00007ff8dfea3e82
0x0000003f1ffff310:   0000000000000001 0000000000000000
0x0000003f1ffff320:   0000000000000001 00007ff8ea230000
0x0000003f1ffff330:   000000007ffe0384 00007ff8f1232223
0x0000003f1ffff340:   00007ff800000001 0000003f1ffff5d0
0x0000003f1ffff350:   00007ff8dfe80000 000000007ffe0384
0x0000003f1ffff360:   0000000000000000 00007ff8f4738b8f
0x0000003f1ffff370:   00007ff8dfe80000 0000000000000000
0x0000003f1ffff380:   0000000000000001 000000007ffe0385
0x0000003f1ffff390:   0000000000000000 00007ff8f47617d9
0x0000003f1ffff3a0:   0000ea6438ab8c00 0000000000000014
0x0000003f1ffff3b0:   00007ff8dfea3ed0 0000000000000000
0x0000003f1ffff3c0:   0000000000000000 0000003f1f28f000
0x0000003f1ffff3d0:   000001cad79fb040 00007ff8f4761596 

Instructions: (pc=0x00007ff8dfea6587)
0x00007ff8dfea6487:   8b 4d 58 e8 8d cf ff ff 48 8b 4d 60 e8 84 cf ff
0x00007ff8dfea6497:   ff 48 8b 95 80 00 00 00 48 8b 8d 18 01 00 00 e8
0x00007ff8dfea64a7:   76 c4 ff ff 33 d2 33 c9 e8 cc e1 ff ff 90 48 89
0x00007ff8dfea64b7:   54 24 10 55 48 83 ec 20 48 8b ea 48 b8 00 00 00
0x00007ff8dfea64c7:   00 00 00 00 00 48 83 c4 20 5d c3 cc 40 55 48 8b
0x00007ff8dfea64d7:   ea 48 8b 01 33 c9 81 38 05 00 00 c0 0f 94 c1 8b
0x00007ff8dfea64e7:   c1 5d c3 cc 40 55 48 83 ec 20 48 8b ea 8a 4d 40
0x00007ff8dfea64f7:   48 83 c4 20 5d e9 73 d3 ff ff cc 40 55 48 83 ec
0x00007ff8dfea6507:   20 48 8b ea 8a 4d 20 e8 61 d3 ff ff 90 48 83 c4
0x00007ff8dfea6517:   20 5d c3 cc 40 55 48 83 ec 20 48 8b ea 48 83 c4
0x00007ff8dfea6527:   20 5d e9 c2 d1 ff ff cc 40 55 48 83 ec 30 48 8b
0x00007ff8dfea6537:   ea 48 8b 01 8b 10 48 89 4c 24 28 89 54 24 20 4c
0x00007ff8dfea6547:   8d 0d 63 d6 ff ff 4c 8b 45 70 8b 55 68 48 8b 4d
0x00007ff8dfea6557:   60 e8 03 d1 ff ff 90 48 83 c4 30 5d c3 cc cc cc
0x00007ff8dfea6567:   cc cc cc cc cc cc cc cc cc 40 53 48 83 ec 20 48
0x00007ff8dfea6577:   8b 1d 8b 34 01 00 48 85 db 74 16 e8 89 8f ff ff
0x00007ff8dfea6587:   4c 8b 00 48 8b d3 48 8b c8 41 ff 90 b0 00 00 00
0x00007ff8dfea6597:   90 48 83 c4 20 5b c3 cc cc 40 53 48 83 ec 20 48
0x00007ff8dfea65a7:   8b 1d fb 35 01 00 48 85 db 74 57 b8 ff ff ff ff
0x00007ff8dfea65b7:   f0 0f c1 43 10 83 f8 01 75 3d 48 85 db 74 38 48
0x00007ff8dfea65c7:   8b 0b 48 85 c9 74 0d ff 15 d4 0c 00 00 48 c7 03
0x00007ff8dfea65d7:   00 00 00 00 48 8b 4b 08 48 85 c9 74 0d e8 33 ce
0x00007ff8dfea65e7:   ff ff 48 c7 43 08 00 00 00 00 ba 18 00 00 00 48
0x00007ff8dfea65f7:   8b cb e8 1e ce ff ff 48 c7 05 9f 35 01 00 00 00
0x00007ff8dfea6607:   00 00 48 83 c4 20 5b c3 cc 40 53 48 83 ec 20 48
0x00007ff8dfea6617:   8b 1d 6b 35 01 00 48 85 db 74 57 b8 ff ff ff ff
0x00007ff8dfea6627:   f0 0f c1 43 10 83 f8 01 75 3d 48 85 db 74 38 48
0x00007ff8dfea6637:   8b 0b 48 85 c9 74 0d ff 15 64 0c 00 00 48 c7 03
0x00007ff8dfea6647:   00 00 00 00 48 8b 4b 08 48 85 c9 74 0d e8 c3 cd
0x00007ff8dfea6657:   ff ff 48 c7 43 08 00 00 00 00 ba 18 00 00 00 48
0x00007ff8dfea6667:   8b cb e8 ae cd ff ff 48 c7 05 0f 35 01 00 00 00
0x00007ff8dfea6677:   00 00 48 83 c4 20 5b c3 cc 40 53 48 83 ec 20 48 


Stack slot to memory mapping:

stack at sp + 0 slots: 0x0 is null
stack at sp + 1 slots: 0x0000003f1ffff2e8 points into unknown readable memory: 0x0000003f1ffff2d0 | d0 f2 ff 1f 3f 00 00 00
stack at sp + 2 slots: 0x00007ff8793f41c0 jvm.dll
stack at sp + 3 slots: 0x00007ff8dfea3ed0 glass.dll
stack at sp + 4 slots: 0x000001cad7aa0b68 points into unknown readable memory: 0x00001ad554fc3c78 | 78 3c fc 54 d5 1a 00 00
stack at sp + 5 slots: 0x00007ff8f1d43a93 ucrtbase.dll
stack at sp + 6 slots: 0x000001cad7aa0b60 points into unknown readable memory: 0xe8001aaaac23d641 | 41 d6 23 ac aa 1a 00 e8
stack at sp + 7 slots: 0x000001ca00000000 is an unknown value

VM_Operation (0x0000003f208ff340): Exit, mode: safepoint, requested by thread 0x000001cad8464d50


---------------  P R O C E S S  ---------------

Threads class SMR info:
_java_thread_list=0x000001cad7db02a0, length=20, elements={
0x000001caf06cfd40, 0x000001caff4854a0, 0x000001caff486560, 0x000001caff48a180,
0x000001caff48ad80, 0x000001caff48b980, 0x000001caff495960, 0x000001caff49f9c0,
0x000001caff4a0a20, 0x000001caff6fb340, 0x000001cad6470310, 0x000001cad61a81f0,
0x000001cad654b230, 0x000001cad6f82d10, 0x000001cad7b35d70, 0x000001cad7b413e0,
0x000001cad7d0a410, 0x000001cad7ee25c0, 0x000001cad84646c0, 0x000001cad8464d50
}

Java Threads: ( => current thread )
  0x000001caf06cfd40 JavaThread "main"                              [_thread_blocked, id=10832, stack(0x0000003f1f800000,0x0000003f1f900000) (1024K)]
  0x000001caff4854a0 JavaThread "Reference Handler"          daemon [_thread_blocked, id=22472, stack(0x0000003f20000000,0x0000003f20100000) (1024K)]
  0x000001caff486560 JavaThread "Finalizer"                  daemon [_thread_blocked, id=20052, stack(0x0000003f20100000,0x0000003f20200000) (1024K)]
  0x000001caff48a180 JavaThread "Signal Dispatcher"          daemon [_thread_blocked, id=16856, stack(0x0000003f20200000,0x0000003f20300000) (1024K)]
  0x000001caff48ad80 JavaThread "Attach Listener"            daemon [_thread_blocked, id=18204, stack(0x0000003f20300000,0x0000003f20400000) (1024K)]
  0x000001caff48b980 JavaThread "Service Thread"             daemon [_thread_blocked, id=6636, stack(0x0000003f20400000,0x0000003f20500000) (1024K)]
  0x000001caff495960 JavaThread "Monitor Deflation Thread"   daemon [_thread_blocked, id=23476, stack(0x0000003f20500000,0x0000003f20600000) (1024K)]
  0x000001caff49f9c0 JavaThread "C2 CompilerThread0"         daemon [_thread_blocked, id=24568, stack(0x0000003f20600000,0x0000003f20700000) (1024K)]
  0x000001caff4a0a20 JavaThread "C1 CompilerThread0"         daemon [_thread_blocked, id=5296, stack(0x0000003f20700000,0x0000003f20800000) (1024K)]
  0x000001caff6fb340 JavaThread "Common-Cleaner"             daemon [_thread_blocked, id=24048, stack(0x0000003f20900000,0x0000003f20a00000) (1024K)]
  0x000001cad6470310 JavaThread "JDWP Event Helper Thread"   daemon [_thread_blocked, id=21644, stack(0x0000003f21000000,0x0000003f21100000) (1024K)]
  0x000001cad61a81f0 JavaThread "Notification Thread"        daemon [_thread_blocked, id=17632, stack(0x0000003f21200000,0x0000003f21300000) (1024K)]
  0x000001cad654b230 JavaThread "JavaFX-Launcher"                   [_thread_blocked, id=13368, stack(0x0000003f21300000,0x0000003f21400000) (1024K)]
  0x000001cad6f82d10 JavaThread "QuantumRenderer-0"          daemon [_thread_blocked, id=15432, stack(0x0000003f21400000,0x0000003f21500000) (1024K)]
  0x000001cad7b35d70 JavaThread "InvokeLaterDispatcher"      daemon [_thread_blocked, id=7392, stack(0x0000003f20e00000,0x0000003f20f00000) (1024K)]
  0x000001cad7b413e0 JavaThread "JavaFX Application Thread"         [_thread_blocked, id=11792, stack(0x0000003f22200000,0x0000003f22300000) (1024K)]
  0x000001cad7d0a410 JavaThread "Thread-2"                   daemon [_thread_in_native, id=13736, stack(0x0000003f22400000,0x0000003f22500000) (1024K)]
  0x000001cad7ee25c0 JavaThread "Prism Font Disposer"        daemon [_thread_blocked, id=22336, stack(0x0000003f22800000,0x0000003f22900000) (1024K)]
  0x000001cad84646c0 JavaThread "Cleaner-0"                  daemon [_thread_blocked, id=22772, stack(0x0000003f22c00000,0x0000003f22d00000) (1024K)]
  0x000001cad8464d50 JavaThread "SIGINT handler"             daemon [_thread_blocked, id=4500, stack(0x0000003f20800000,0x0000003f20900000) (1024K)]
Total: 20

Other Threads:
=>0x000001caff46f070 VMThread "VM Thread"                           [id=9436, stack(0x0000003f1ff00000,0x0000003f20000000) (1024K)]
  0x000001caf0739a20 WorkerThread "GC Thread#0"                     [id=16032, stack(0x0000003f1f900000,0x0000003f1fa00000) (1024K)]
  0x000001cad7a04b00 WorkerThread "GC Thread#1"                     [id=15532, stack(0x0000003f21900000,0x0000003f21a00000) (1024K)]
  0x000001cad6f46010 WorkerThread "GC Thread#2"                     [id=23148, stack(0x0000003f21a00000,0x0000003f21b00000) (1024K)]
  0x000001cad6f42e10 WorkerThread "GC Thread#3"                     [id=21788, stack(0x0000003f21b00000,0x0000003f21c00000) (1024K)]
  0x000001cad7a39920 WorkerThread "GC Thread#4"                     [id=16004, stack(0x0000003f21c00000,0x0000003f21d00000) (1024K)]
  0x000001cad7a3a400 WorkerThread "GC Thread#5"                     [id=18728, stack(0x0000003f21d00000,0x0000003f21e00000) (1024K)]
  0x000001cad7a3ab40 WorkerThread "GC Thread#6"                     [id=9364, stack(0x0000003f21e00000,0x0000003f21f00000) (1024K)]
  0x000001cad7a3a7a0 WorkerThread "GC Thread#7"                     [id=17812, stack(0x0000003f21f00000,0x0000003f22000000) (1024K)]
  0x000001cad7a39cc0 WorkerThread "GC Thread#8"                     [id=23296, stack(0x0000003f22000000,0x0000003f22100000) (1024K)]
  0x000001cad7a391e0 WorkerThread "GC Thread#9"                     [id=19252, stack(0x0000003f22100000,0x0000003f22200000) (1024K)]
  0x000001cad8400970 WorkerThread "GC Thread#10"                    [id=10396, stack(0x0000003f22900000,0x0000003f22a00000) (1024K)]
  0x000001cad83ffaf0 WorkerThread "GC Thread#11"                    [id=24548, stack(0x0000003f22a00000,0x0000003f22b00000) (1024K)]
  0x000001cad83fe190 WorkerThread "GC Thread#12"                    [id=10004, stack(0x0000003f22b00000,0x0000003f22c00000) (1024K)]
  0x000001caf074a700 ConcurrentGCThread "G1 Main Marker"            terminated
  0x000001caf074b200 WorkerThread "G1 Conc#0"                       [id=9280, stack(0x0000003f1fb00000,0x0000003f1fc00000) (1024K)]
  0x000001caff3324e0 ConcurrentGCThread "G1 Refine#0"               terminated
  0x000001caff333050 ConcurrentGCThread "G1 Service"                terminated
Total: 18

Threads with active compile tasks:
Total: 0

VM state: at safepoint (shutting down)

VM Mutex/Monitor currently owned by a thread:  ([mutex/lock_event])
[0x00007ff8793cc320] Threads_lock - owner thread: 0x000001caff46f070
[0x00007ff8793cc420] Heap_lock - owner thread: 0x000001cad8464d50

Heap address: 0x0000000704a00000, size: 4022 MB, Compressed Oops mode: Zero based, Oop shift amount: 3

CDS archive(s) mapped at: [0x000001ca91000000-0x000001ca91c80000-0x000001ca91c80000), size 13107200, SharedBaseAddress: 0x000001ca91000000, ArchiveRelocationMode: 1.
Compressed class space mapped at: 0x000001ca92000000-0x000001cad2000000, reserved size: 1073741824
Narrow klass base: 0x000001ca91000000, Narrow klass shift: 0, Narrow klass range: 0x100000000

GC Precious Log:
 CardTable entry size: 512
 Card Set container configuration: InlinePtr #cards 4 size 8 Array Of Cards #cards 16 size 48 Howl #buckets 8 coarsen threshold 3686 Howl Bitmap #cards 512 size 80 coarsen threshold 460 Card regions per heap region 1 cards per card region 4096
 CPUs: 16 total, 16 available
 Memory: 16087M
 Large Page Support: Disabled
 NUMA Support: Disabled
 Compressed Oops: Enabled (Zero based)
 Heap Region Size: 2M
 Heap Min Capacity: 8M
 Heap Initial Capacity: 252M
 Heap Max Capacity: 4022M
 Pre-touch: Disabled
 Parallel Workers: 13
 Concurrent Workers: 3
 Concurrent Refinement Workers: 13
 Periodic GC: Disabled

Heap:
 garbage-first heap   total 258048K, used 30012K [0x0000000704a00000, 0x0000000800000000)
  region size 2048K, 15 young (30720K), 3 survivors (6144K)
 Metaspace       used 15528K, committed 15744K, reserved 1114112K
  class space    used 2411K, committed 2496K, reserved 1048576K

Heap Regions: E=young(eden), S=young(survivor), O=old, HS=humongous(starts), HC=humongous(continues), CS=collection set, F=free, TAMS=top-at-mark-start, PB=parsable bottom
|   0|0x0000000704a00000, 0x0000000704c00000, 0x0000000704c00000|100%|HS|  |TAMS 0x0000000704a00000| PB 0x0000000704a00000| Complete 
|   1|0x0000000704c00000, 0x0000000704c00000, 0x0000000704e00000|  0%| F|  |TAMS 0x0000000704c00000| PB 0x0000000704c00000| Untracked 
|   2|0x0000000704e00000, 0x0000000704e00000, 0x0000000705000000|  0%| F|  |TAMS 0x0000000704e00000| PB 0x0000000704e00000| Untracked 
|   3|0x0000000705000000, 0x0000000705000000, 0x0000000705200000|  0%| F|  |TAMS 0x0000000705000000| PB 0x0000000705000000| Untracked 
|   4|0x0000000705200000, 0x0000000705200000, 0x0000000705400000|  0%| F|  |TAMS 0x0000000705200000| PB 0x0000000705200000| Untracked 
|   5|0x0000000705400000, 0x0000000705400000, 0x0000000705600000|  0%| F|  |TAMS 0x0000000705400000| PB 0x0000000705400000| Untracked 
|   6|0x0000000705600000, 0x0000000705600000, 0x0000000705800000|  0%| F|  |TAMS 0x0000000705600000| PB 0x0000000705600000| Untracked 
|   7|0x0000000705800000, 0x0000000705800000, 0x0000000705a00000|  0%| F|  |TAMS 0x0000000705800000| PB 0x0000000705800000| Untracked 
|   8|0x0000000705a00000, 0x0000000705a00000, 0x0000000705c00000|  0%| F|  |TAMS 0x0000000705a00000| PB 0x0000000705a00000| Untracked 
|   9|0x0000000705c00000, 0x0000000705c00000, 0x0000000705e00000|  0%| F|  |TAMS 0x0000000705c00000| PB 0x0000000705c00000| Untracked 
|  10|0x0000000705e00000, 0x0000000705e00000, 0x0000000706000000|  0%| F|  |TAMS 0x0000000705e00000| PB 0x0000000705e00000| Untracked 
|  11|0x0000000706000000, 0x0000000706000000, 0x0000000706200000|  0%| F|  |TAMS 0x0000000706000000| PB 0x0000000706000000| Untracked 
|  12|0x0000000706200000, 0x0000000706200000, 0x0000000706400000|  0%| F|  |TAMS 0x0000000706200000| PB 0x0000000706200000| Untracked 
|  13|0x0000000706400000, 0x0000000706400000, 0x0000000706600000|  0%| F|  |TAMS 0x0000000706400000| PB 0x0000000706400000| Untracked 
|  14|0x0000000706600000, 0x0000000706600000, 0x0000000706800000|  0%| F|  |TAMS 0x0000000706600000| PB 0x0000000706600000| Untracked 
|  15|0x0000000706800000, 0x0000000706800000, 0x0000000706a00000|  0%| F|  |TAMS 0x0000000706800000| PB 0x0000000706800000| Untracked 
|  16|0x0000000706a00000, 0x0000000706a00000, 0x0000000706c00000|  0%| F|  |TAMS 0x0000000706a00000| PB 0x0000000706a00000| Untracked 
|  17|0x0000000706c00000, 0x0000000706c00000, 0x0000000706e00000|  0%| F|  |TAMS 0x0000000706c00000| PB 0x0000000706c00000| Untracked 
|  18|0x0000000706e00000, 0x0000000706e00000, 0x0000000707000000|  0%| F|  |TAMS 0x0000000706e00000| PB 0x0000000706e00000| Untracked 
|  19|0x0000000707000000, 0x0000000707000000, 0x0000000707200000|  0%| F|  |TAMS 0x0000000707000000| PB 0x0000000707000000| Untracked 
|  20|0x0000000707200000, 0x0000000707200000, 0x0000000707400000|  0%| F|  |TAMS 0x0000000707200000| PB 0x0000000707200000| Untracked 
|  21|0x0000000707400000, 0x0000000707400000, 0x0000000707600000|  0%| F|  |TAMS 0x0000000707400000| PB 0x0000000707400000| Untracked 
|  22|0x0000000707600000, 0x0000000707600000, 0x0000000707800000|  0%| F|  |TAMS 0x0000000707600000| PB 0x0000000707600000| Untracked 
|  23|0x0000000707800000, 0x0000000707800000, 0x0000000707a00000|  0%| F|  |TAMS 0x0000000707800000| PB 0x0000000707800000| Untracked 
|  24|0x0000000707a00000, 0x0000000707a00000, 0x0000000707c00000|  0%| F|  |TAMS 0x0000000707a00000| PB 0x0000000707a00000| Untracked 
|  25|0x0000000707c00000, 0x0000000707c00000, 0x0000000707e00000|  0%| F|  |TAMS 0x0000000707c00000| PB 0x0000000707c00000| Untracked 
|  26|0x0000000707e00000, 0x0000000707e00000, 0x0000000708000000|  0%| F|  |TAMS 0x0000000707e00000| PB 0x0000000707e00000| Untracked 
|  27|0x0000000708000000, 0x0000000708000000, 0x0000000708200000|  0%| F|  |TAMS 0x0000000708000000| PB 0x0000000708000000| Untracked 
|  28|0x0000000708200000, 0x0000000708200000, 0x0000000708400000|  0%| F|  |TAMS 0x0000000708200000| PB 0x0000000708200000| Untracked 
|  29|0x0000000708400000, 0x0000000708400000, 0x0000000708600000|  0%| F|  |TAMS 0x0000000708400000| PB 0x0000000708400000| Untracked 
|  30|0x0000000708600000, 0x0000000708600000, 0x0000000708800000|  0%| F|  |TAMS 0x0000000708600000| PB 0x0000000708600000| Untracked 
|  31|0x0000000708800000, 0x0000000708800000, 0x0000000708a00000|  0%| F|  |TAMS 0x0000000708800000| PB 0x0000000708800000| Untracked 
|  32|0x0000000708a00000, 0x0000000708a00000, 0x0000000708c00000|  0%| F|  |TAMS 0x0000000708a00000| PB 0x0000000708a00000| Untracked 
|  33|0x0000000708c00000, 0x0000000708c00000, 0x0000000708e00000|  0%| F|  |TAMS 0x0000000708c00000| PB 0x0000000708c00000| Untracked 
|  34|0x0000000708e00000, 0x0000000708e00000, 0x0000000709000000|  0%| F|  |TAMS 0x0000000708e00000| PB 0x0000000708e00000| Untracked 
|  35|0x0000000709000000, 0x0000000709000000, 0x0000000709200000|  0%| F|  |TAMS 0x0000000709000000| PB 0x0000000709000000| Untracked 
|  36|0x0000000709200000, 0x0000000709200000, 0x0000000709400000|  0%| F|  |TAMS 0x0000000709200000| PB 0x0000000709200000| Untracked 
|  37|0x0000000709400000, 0x0000000709400000, 0x0000000709600000|  0%| F|  |TAMS 0x0000000709400000| PB 0x0000000709400000| Untracked 
|  38|0x0000000709600000, 0x0000000709600000, 0x0000000709800000|  0%| F|  |TAMS 0x0000000709600000| PB 0x0000000709600000| Untracked 
|  39|0x0000000709800000, 0x0000000709800000, 0x0000000709a00000|  0%| F|  |TAMS 0x0000000709800000| PB 0x0000000709800000| Untracked 
|  40|0x0000000709a00000, 0x0000000709a00000, 0x0000000709c00000|  0%| F|  |TAMS 0x0000000709a00000| PB 0x0000000709a00000| Untracked 
|  41|0x0000000709c00000, 0x0000000709c00000, 0x0000000709e00000|  0%| F|  |TAMS 0x0000000709c00000| PB 0x0000000709c00000| Untracked 
|  42|0x0000000709e00000, 0x0000000709e00000, 0x000000070a000000|  0%| F|  |TAMS 0x0000000709e00000| PB 0x0000000709e00000| Untracked 
|  43|0x000000070a000000, 0x000000070a000000, 0x000000070a200000|  0%| F|  |TAMS 0x000000070a000000| PB 0x000000070a000000| Untracked 
|  44|0x000000070a200000, 0x000000070a200000, 0x000000070a400000|  0%| F|  |TAMS 0x000000070a200000| PB 0x000000070a200000| Untracked 
|  45|0x000000070a400000, 0x000000070a400000, 0x000000070a600000|  0%| F|  |TAMS 0x000000070a400000| PB 0x000000070a400000| Untracked 
|  46|0x000000070a600000, 0x000000070a600000, 0x000000070a800000|  0%| F|  |TAMS 0x000000070a600000| PB 0x000000070a600000| Untracked 
|  47|0x000000070a800000, 0x000000070a800000, 0x000000070aa00000|  0%| F|  |TAMS 0x000000070a800000| PB 0x000000070a800000| Untracked 
|  48|0x000000070aa00000, 0x000000070aa00000, 0x000000070ac00000|  0%| F|  |TAMS 0x000000070aa00000| PB 0x000000070aa00000| Untracked 
|  49|0x000000070ac00000, 0x000000070ac00000, 0x000000070ae00000|  0%| F|  |TAMS 0x000000070ac00000| PB 0x000000070ac00000| Untracked 
|  50|0x000000070ae00000, 0x000000070ae00000, 0x000000070b000000|  0%| F|  |TAMS 0x000000070ae00000| PB 0x000000070ae00000| Untracked 
|  51|0x000000070b000000, 0x000000070b000000, 0x000000070b200000|  0%| F|  |TAMS 0x000000070b000000| PB 0x000000070b000000| Untracked 
|  52|0x000000070b200000, 0x000000070b200000, 0x000000070b400000|  0%| F|  |TAMS 0x000000070b200000| PB 0x000000070b200000| Untracked 
|  53|0x000000070b400000, 0x000000070b400000, 0x000000070b600000|  0%| F|  |TAMS 0x000000070b400000| PB 0x000000070b400000| Untracked 
|  54|0x000000070b600000, 0x000000070b600000, 0x000000070b800000|  0%| F|  |TAMS 0x000000070b600000| PB 0x000000070b600000| Untracked 
|  55|0x000000070b800000, 0x000000070b800000, 0x000000070ba00000|  0%| F|  |TAMS 0x000000070b800000| PB 0x000000070b800000| Untracked 
|  56|0x000000070ba00000, 0x000000070ba00000, 0x000000070bc00000|  0%| F|  |TAMS 0x000000070ba00000| PB 0x000000070ba00000| Untracked 
|  57|0x000000070bc00000, 0x000000070bc00000, 0x000000070be00000|  0%| F|  |TAMS 0x000000070bc00000| PB 0x000000070bc00000| Untracked 
|  58|0x000000070be00000, 0x000000070be00000, 0x000000070c000000|  0%| F|  |TAMS 0x000000070be00000| PB 0x000000070be00000| Untracked 
|  59|0x000000070c000000, 0x000000070c000000, 0x000000070c200000|  0%| F|  |TAMS 0x000000070c000000| PB 0x000000070c000000| Untracked 
|  60|0x000000070c200000, 0x000000070c200000, 0x000000070c400000|  0%| F|  |TAMS 0x000000070c200000| PB 0x000000070c200000| Untracked 
|  61|0x000000070c400000, 0x000000070c400000, 0x000000070c600000|  0%| F|  |TAMS 0x000000070c400000| PB 0x000000070c400000| Untracked 
|  62|0x000000070c600000, 0x000000070c600000, 0x000000070c800000|  0%| F|  |TAMS 0x000000070c600000| PB 0x000000070c600000| Untracked 
|  63|0x000000070c800000, 0x000000070c800000, 0x000000070ca00000|  0%| F|  |TAMS 0x000000070c800000| PB 0x000000070c800000| Untracked 
|  64|0x000000070ca00000, 0x000000070ca00000, 0x000000070cc00000|  0%| F|  |TAMS 0x000000070ca00000| PB 0x000000070ca00000| Untracked 
|  65|0x000000070cc00000, 0x000000070cc00000, 0x000000070ce00000|  0%| F|  |TAMS 0x000000070cc00000| PB 0x000000070cc00000| Untracked 
|  66|0x000000070ce00000, 0x000000070ce00000, 0x000000070d000000|  0%| F|  |TAMS 0x000000070ce00000| PB 0x000000070ce00000| Untracked 
|  67|0x000000070d000000, 0x000000070d000000, 0x000000070d200000|  0%| F|  |TAMS 0x000000070d000000| PB 0x000000070d000000| Untracked 
|  68|0x000000070d200000, 0x000000070d200000, 0x000000070d400000|  0%| F|  |TAMS 0x000000070d200000| PB 0x000000070d200000| Untracked 
|  69|0x000000070d400000, 0x000000070d400000, 0x000000070d600000|  0%| F|  |TAMS 0x000000070d400000| PB 0x000000070d400000| Untracked 
|  70|0x000000070d600000, 0x000000070d600000, 0x000000070d800000|  0%| F|  |TAMS 0x000000070d600000| PB 0x000000070d600000| Untracked 
|  71|0x000000070d800000, 0x000000070d800000, 0x000000070da00000|  0%| F|  |TAMS 0x000000070d800000| PB 0x000000070d800000| Untracked 
|  72|0x000000070da00000, 0x000000070da00000, 0x000000070dc00000|  0%| F|  |TAMS 0x000000070da00000| PB 0x000000070da00000| Untracked 
|  73|0x000000070dc00000, 0x000000070dc00000, 0x000000070de00000|  0%| F|  |TAMS 0x000000070dc00000| PB 0x000000070dc00000| Untracked 
|  74|0x000000070de00000, 0x000000070de00000, 0x000000070e000000|  0%| F|  |TAMS 0x000000070de00000| PB 0x000000070de00000| Untracked 
|  75|0x000000070e000000, 0x000000070e000000, 0x000000070e200000|  0%| F|  |TAMS 0x000000070e000000| PB 0x000000070e000000| Untracked 
|  76|0x000000070e200000, 0x000000070e200000, 0x000000070e400000|  0%| F|  |TAMS 0x000000070e200000| PB 0x000000070e200000| Untracked 
|  77|0x000000070e400000, 0x000000070e400000, 0x000000070e600000|  0%| F|  |TAMS 0x000000070e400000| PB 0x000000070e400000| Untracked 
|  78|0x000000070e600000, 0x000000070e600000, 0x000000070e800000|  0%| F|  |TAMS 0x000000070e600000| PB 0x000000070e600000| Untracked 
|  79|0x000000070e800000, 0x000000070e800000, 0x000000070ea00000|  0%| F|  |TAMS 0x000000070e800000| PB 0x000000070e800000| Untracked 
|  80|0x000000070ea00000, 0x000000070ea00000, 0x000000070ec00000|  0%| F|  |TAMS 0x000000070ea00000| PB 0x000000070ea00000| Untracked 
|  81|0x000000070ec00000, 0x000000070ec00000, 0x000000070ee00000|  0%| F|  |TAMS 0x000000070ec00000| PB 0x000000070ec00000| Untracked 
|  82|0x000000070ee00000, 0x000000070ee00000, 0x000000070f000000|  0%| F|  |TAMS 0x000000070ee00000| PB 0x000000070ee00000| Untracked 
|  83|0x000000070f000000, 0x000000070f000000, 0x000000070f200000|  0%| F|  |TAMS 0x000000070f000000| PB 0x000000070f000000| Untracked 
|  84|0x000000070f200000, 0x000000070f200000, 0x000000070f400000|  0%| F|  |TAMS 0x000000070f200000| PB 0x000000070f200000| Untracked 
|  85|0x000000070f400000, 0x000000070f400000, 0x000000070f600000|  0%| F|  |TAMS 0x000000070f400000| PB 0x000000070f400000| Untracked 
|  86|0x000000070f600000, 0x000000070f600000, 0x000000070f800000|  0%| F|  |TAMS 0x000000070f600000| PB 0x000000070f600000| Untracked 
|  87|0x000000070f800000, 0x000000070f800000, 0x000000070fa00000|  0%| F|  |TAMS 0x000000070f800000| PB 0x000000070f800000| Untracked 
|  88|0x000000070fa00000, 0x000000070fa00000, 0x000000070fc00000|  0%| F|  |TAMS 0x000000070fa00000| PB 0x000000070fa00000| Untracked 
|  89|0x000000070fc00000, 0x000000070fc00000, 0x000000070fe00000|  0%| F|  |TAMS 0x000000070fc00000| PB 0x000000070fc00000| Untracked 
|  90|0x000000070fe00000, 0x000000070fe00000, 0x0000000710000000|  0%| F|  |TAMS 0x000000070fe00000| PB 0x000000070fe00000| Untracked 
|  91|0x0000000710000000, 0x0000000710000000, 0x0000000710200000|  0%| F|  |TAMS 0x0000000710000000| PB 0x0000000710000000| Untracked 
|  92|0x0000000710200000, 0x0000000710200000, 0x0000000710400000|  0%| F|  |TAMS 0x0000000710200000| PB 0x0000000710200000| Untracked 
|  93|0x0000000710400000, 0x0000000710400000, 0x0000000710600000|  0%| F|  |TAMS 0x0000000710400000| PB 0x0000000710400000| Untracked 
|  94|0x0000000710600000, 0x0000000710600000, 0x0000000710800000|  0%| F|  |TAMS 0x0000000710600000| PB 0x0000000710600000| Untracked 
|  95|0x0000000710800000, 0x0000000710800000, 0x0000000710a00000|  0%| F|  |TAMS 0x0000000710800000| PB 0x0000000710800000| Untracked 
|  96|0x0000000710a00000, 0x0000000710a00000, 0x0000000710c00000|  0%| F|  |TAMS 0x0000000710a00000| PB 0x0000000710a00000| Untracked 
|  97|0x0000000710c00000, 0x0000000710c00000, 0x0000000710e00000|  0%| F|  |TAMS 0x0000000710c00000| PB 0x0000000710c00000| Untracked 
|  98|0x0000000710e00000, 0x0000000710e00000, 0x0000000711000000|  0%| F|  |TAMS 0x0000000710e00000| PB 0x0000000710e00000| Untracked 
|  99|0x0000000711000000, 0x0000000711000000, 0x0000000711200000|  0%| F|  |TAMS 0x0000000711000000| PB 0x0000000711000000| Untracked 
| 100|0x0000000711200000, 0x000000071134f040, 0x0000000711400000| 65%| S|CS|TAMS 0x0000000711200000| PB 0x0000000711200000| Complete 
| 101|0x0000000711400000, 0x0000000711600000, 0x0000000711600000|100%| S|CS|TAMS 0x0000000711400000| PB 0x0000000711400000| Complete 
| 102|0x0000000711600000, 0x0000000711800000, 0x0000000711800000|100%| S|CS|TAMS 0x0000000711600000| PB 0x0000000711600000| Complete 
| 103|0x0000000711800000, 0x0000000711800000, 0x0000000711a00000|  0%| F|  |TAMS 0x0000000711800000| PB 0x0000000711800000| Untracked 
| 104|0x0000000711a00000, 0x0000000711a00000, 0x0000000711c00000|  0%| F|  |TAMS 0x0000000711a00000| PB 0x0000000711a00000| Untracked 
| 105|0x0000000711c00000, 0x0000000711c00000, 0x0000000711e00000|  0%| F|  |TAMS 0x0000000711c00000| PB 0x0000000711c00000| Untracked 
| 106|0x0000000711e00000, 0x0000000711e00000, 0x0000000712000000|  0%| F|  |TAMS 0x0000000711e00000| PB 0x0000000711e00000| Untracked 
| 107|0x0000000712000000, 0x0000000712000000, 0x0000000712200000|  0%| F|  |TAMS 0x0000000712000000| PB 0x0000000712000000| Untracked 
| 108|0x0000000712200000, 0x0000000712200000, 0x0000000712400000|  0%| F|  |TAMS 0x0000000712200000| PB 0x0000000712200000| Untracked 
| 109|0x0000000712400000, 0x0000000712400000, 0x0000000712600000|  0%| F|  |TAMS 0x0000000712400000| PB 0x0000000712400000| Untracked 
| 110|0x0000000712600000, 0x0000000712600000, 0x0000000712800000|  0%| F|  |TAMS 0x0000000712600000| PB 0x0000000712600000| Untracked 
| 111|0x0000000712800000, 0x0000000712800000, 0x0000000712a00000|  0%| F|  |TAMS 0x0000000712800000| PB 0x0000000712800000| Untracked 
| 112|0x0000000712a00000, 0x0000000712a00000, 0x0000000712c00000|  0%| F|  |TAMS 0x0000000712a00000| PB 0x0000000712a00000| Untracked 
| 113|0x0000000712c00000, 0x0000000712c00000, 0x0000000712e00000|  0%| F|  |TAMS 0x0000000712c00000| PB 0x0000000712c00000| Untracked 
| 114|0x0000000712e00000, 0x0000000712eb8560, 0x0000000713000000| 36%| E|  |TAMS 0x0000000712e00000| PB 0x0000000712e00000| Complete 
| 115|0x0000000713000000, 0x0000000713200000, 0x0000000713200000|100%| E|CS|TAMS 0x0000000713000000| PB 0x0000000713000000| Complete 
| 116|0x0000000713200000, 0x0000000713400000, 0x0000000713400000|100%| E|CS|TAMS 0x0000000713200000| PB 0x0000000713200000| Complete 
| 117|0x0000000713400000, 0x0000000713600000, 0x0000000713600000|100%| E|CS|TAMS 0x0000000713400000| PB 0x0000000713400000| Complete 
| 118|0x0000000713600000, 0x0000000713800000, 0x0000000713800000|100%| E|CS|TAMS 0x0000000713600000| PB 0x0000000713600000| Complete 
| 119|0x0000000713800000, 0x0000000713a00000, 0x0000000713a00000|100%| E|CS|TAMS 0x0000000713800000| PB 0x0000000713800000| Complete 
| 120|0x0000000713a00000, 0x0000000713c00000, 0x0000000713c00000|100%| E|CS|TAMS 0x0000000713a00000| PB 0x0000000713a00000| Complete 
| 121|0x0000000713c00000, 0x0000000713e00000, 0x0000000713e00000|100%| E|CS|TAMS 0x0000000713c00000| PB 0x0000000713c00000| Complete 
| 122|0x0000000713e00000, 0x0000000714000000, 0x0000000714000000|100%| E|CS|TAMS 0x0000000713e00000| PB 0x0000000713e00000| Complete 
| 123|0x0000000714000000, 0x0000000714200000, 0x0000000714200000|100%| E|CS|TAMS 0x0000000714000000| PB 0x0000000714000000| Complete 
| 124|0x0000000714200000, 0x0000000714400000, 0x0000000714400000|100%| E|CS|TAMS 0x0000000714200000| PB 0x0000000714200000| Complete 
| 125|0x0000000714400000, 0x0000000714600000, 0x0000000714600000|100%| E|CS|TAMS 0x0000000714400000| PB 0x0000000714400000| Complete 

Card table byte_map: [0x000001caf9e20000,0x000001cafa600000] _byte_map_base: 0x000001caf65fb000

Marking Bits: (CMBitMap*) 0x000001caf073a120
 Bits: [0x000001cafa600000, 0x000001cafe4d8000)

Polling page: 0x000001caee620000

Metaspace:

Usage:
  Non-class:     12.81 MB used.
      Class:      2.36 MB used.
       Both:     15.16 MB used.

Virtual space:
  Non-class space:       64.00 MB reserved,      12.94 MB ( 20%) committed,  1 nodes.
      Class space:        1.00 GB reserved,       2.44 MB ( <1%) committed,  1 nodes.
             Both:        1.06 GB reserved,      15.38 MB (  1%) committed. 

Chunk freelists:
   Non-Class:  2.56 MB
       Class:  13.50 MB
        Both:  16.07 MB

MaxMetaspaceSize: unlimited
CompressedClassSpaceSize: 1.00 GB
Initial GC threshold: 21.00 MB
Current GC threshold: 21.00 MB
CDS: on
 - commit_granule_bytes: 65536.
 - commit_granule_words: 8192.
 - virtual_space_node_default_size: 8388608.
 - enlarge_chunks_in_place: 1.
 - use_allocation_guard: 0.


Internal statistics:

num_allocs_failed_limit: 0.
num_arena_births: 214.
num_arena_deaths: 0.
num_vsnodes_births: 2.
num_vsnodes_deaths: 0.
num_space_committed: 246.
num_space_uncommitted: 0.
num_chunks_returned_to_freelist: 0.
num_chunks_taken_from_freelist: 729.
num_chunk_merges: 0.
num_chunk_splits: 513.
num_chunks_enlarged: 403.
num_inconsistent_stats: 0.

CodeHeap 'non-profiled nmethods': size=119168Kb used=1072Kb max_used=1072Kb free=118095Kb
 bounds [0x000001ca87ba0000, 0x000001ca87e10000, 0x000001ca8f000000]
CodeHeap 'profiled nmethods': size=119104Kb used=4420Kb max_used=4420Kb free=114683Kb
 bounds [0x000001ca80000000, 0x000001ca80460000, 0x000001ca87450000]
CodeHeap 'non-nmethods': size=7488Kb used=1852Kb max_used=3598Kb free=5635Kb
 bounds [0x000001ca87450000, 0x000001ca877e0000, 0x000001ca87ba0000]
 total_blobs=3213 nmethods=2408 adapters=709
 compilation: enabled
              stopped_count=0, restarted_count=0
 full_count=0

Compilation events (20 events):
Event: 1.821 Thread 0x000001caff793750 nmethod 2395 0x000001ca87ca8210 code [0x000001ca87ca83c0, 0x000001ca87ca8618]
Event: 1.821 Thread 0x000001caff793750 2376       4       jdk.internal.misc.InternalLock::lock (8 bytes)
Event: 1.822 Thread 0x000001caff793750 nmethod 2376 0x000001ca87ca8810 code [0x000001ca87ca89c0, 0x000001ca87ca8c30]
Event: 1.822 Thread 0x000001caff793750 2377       4       java.lang.String::startsWith (7 bytes)
Event: 1.824 Thread 0x000001caff793750 nmethod 2377 0x000001ca87ca8e10 code [0x000001ca87ca8fc0, 0x000001ca87ca9350]
Event: 1.824 Thread 0x000001caff793750 2366       4       jdk.internal.math.DoubleToDecimal::appendDigit (22 bytes)
Event: 1.824 Thread 0x000001caff793750 nmethod 2366 0x000001ca87ca9690 code [0x000001ca87ca9820, 0x000001ca87ca9920]
Event: 1.825 Thread 0x000001caff49f9c0 nmethod 2362 0x000001ca87ca9a10 code [0x000001ca87ca9ca0, 0x000001ca87cab218]
Event: 6.425 Thread 0x000001caff4a0a20 2404       3       java.util.concurrent.atomic.AtomicBoolean::get (13 bytes)
Event: 6.425 Thread 0x000001caff4a0a20 nmethod 2404 0x000001ca8044d010 code [0x000001ca8044d1a0, 0x000001ca8044d300]
Event: 6.425 Thread 0x000001caff679fe0 2405       3       com.sun.javafx.tk.quantum.QuantumToolkit::postPulse (133 bytes)
Event: 6.425 Thread 0x000001caff4a0a20 2406       3       com.sun.javafx.tk.quantum.QuantumToolkit$$Lambda/0x000001ca92085498::run (8 bytes)
Event: 6.426 Thread 0x000001caff4a0a20 nmethod 2406 0x000001ca8044d390 code [0x000001ca8044d580, 0x000001ca8044d950]
Event: 6.426 Thread 0x000001caff4a0a20 2407   !   3       com.sun.javafx.tk.quantum.QuantumToolkit::lambda$runToolkit$12 (16 bytes)
Event: 6.426 Thread 0x000001caff4a0a20 nmethod 2407 0x000001ca8044db10 code [0x000001ca8044dd00, 0x000001ca8044e060]
Event: 6.426 Thread 0x000001caff4a0a20 2408       3       com.sun.javafx.tk.quantum.QuantumToolkit::setPulseRunning (9 bytes)
Event: 6.426 Thread 0x000001caff4a0a20 nmethod 2408 0x000001ca8044e210 code [0x000001ca8044e460, 0x000001ca8044ecd8]
Event: 6.426 Thread 0x000001caff679fe0 nmethod 2405 0x000001ca8044f090 code [0x000001ca8044f480, 0x000001ca80450a08]
Event: 22.186 Thread 0x000001caff49f9c0 2409       4       java.lang.ref.Reference::<init> (25 bytes)
Event: 22.187 Thread 0x000001caff49f9c0 nmethod 2409 0x000001ca87cabf10 code [0x000001ca87cac0a0, 0x000001ca87cac318]

GC Heap History (4 events):
Event: 0.435 GC heap before
{Heap before GC invocations=0 (full 0):
 garbage-first heap   total 258048K, used 22528K [0x0000000704a00000, 0x0000000800000000)
  region size 2048K, 11 young (22528K), 0 survivors (0K)
 Metaspace       used 3669K, committed 3840K, reserved 1114112K
  class space    used 362K, committed 448K, reserved 1048576K
}
Event: 0.438 GC heap after
{Heap after GC invocations=1 (full 0):
 garbage-first heap   total 258048K, used 2186K [0x0000000704a00000, 0x0000000800000000)
  region size 2048K, 2 young (4096K), 2 survivors (4096K)
 Metaspace       used 3669K, committed 3840K, reserved 1114112K
  class space    used 362K, committed 448K, reserved 1048576K
}
Event: 0.921 GC heap before
{Heap before GC invocations=1 (full 0):
 garbage-first heap   total 258048K, used 43146K [0x0000000704a00000, 0x0000000800000000)
  region size 2048K, 23 young (47104K), 2 survivors (4096K)
 Metaspace       used 12101K, committed 12352K, reserved 1114112K
  class space    used 1792K, committed 1920K, reserved 1048576K
}
Event: 0.924 GC heap after
{Heap after GC invocations=2 (full 0):
 garbage-first heap   total 258048K, used 5436K [0x0000000704a00000, 0x0000000800000000)
  region size 2048K, 3 young (6144K), 3 survivors (6144K)
 Metaspace       used 12101K, committed 12352K, reserved 1114112K
  class space    used 1792K, committed 1920K, reserved 1048576K
}

Dll operation events (20 events):
Event: 0.292 Loaded shared library C:\Users\flori\.openjfx\cache\21+31\amd64\api-ms-win-crt-math-l1-1-0.dll
Event: 0.294 Loaded shared library C:\Users\flori\.openjfx\cache\21+31\amd64\api-ms-win-crt-multibyte-l1-1-0.dll
Event: 0.295 Loaded shared library C:\Users\flori\.openjfx\cache\21+31\amd64\api-ms-win-crt-private-l1-1-0.dll
Event: 0.297 Loaded shared library C:\Users\flori\.openjfx\cache\21+31\amd64\api-ms-win-crt-process-l1-1-0.dll
Event: 0.299 Loaded shared library C:\Users\flori\.openjfx\cache\21+31\amd64\api-ms-win-crt-runtime-l1-1-0.dll
Event: 0.300 Loaded shared library C:\Users\flori\.openjfx\cache\21+31\amd64\api-ms-win-crt-stdio-l1-1-0.dll
Event: 0.302 Loaded shared library C:\Users\flori\.openjfx\cache\21+31\amd64\api-ms-win-crt-string-l1-1-0.dll
Event: 0.303 Loaded shared library C:\Users\flori\.openjfx\cache\21+31\amd64\api-ms-win-crt-time-l1-1-0.dll
Event: 0.305 Loaded shared library C:\Users\flori\.openjfx\cache\21+31\amd64\api-ms-win-crt-utility-l1-1-0.dll
Event: 0.314 Loaded shared library C:\Users\flori\.openjfx\cache\21+31\amd64\ucrtbase.dll
Event: 0.316 Loaded shared library C:\Users\flori\.openjfx\cache\21+31\amd64\vcruntime140.dll
Event: 0.318 Loaded shared library C:\Users\flori\.openjfx\cache\21+31\amd64\vcruntime140_1.dll
Event: 0.324 Loaded shared library C:\Users\flori\.openjfx\cache\21+31\amd64\msvcp140.dll
Event: 0.326 Loaded shared library C:\Users\flori\.openjfx\cache\21+31\amd64\msvcp140_1.dll
Event: 0.329 Loaded shared library C:\Users\flori\.openjfx\cache\21+31\amd64\msvcp140_2.dll
Event: 0.360 Loaded shared library C:\Users\flori\.openjfx\cache\21+31\amd64\prism_d3d.dll
Event: 0.443 Loaded shared library C:\Users\flori\.openjfx\cache\21+31\amd64\glass.dll
Event: 0.568 Loaded shared library C:\Users\flori\.openjfx\cache\21+31\amd64\javafx_font.dll
Event: 0.666 Loaded shared library C:\Users\flori\.jdks\corretto-21.0.5\bin\jimage.dll
Event: 22.187 Loaded shared library C:\Users\flori\.jdks\corretto-21.0.5\bin\awt.dll

Deoptimization events (20 events):
Event: 1.650 Thread 0x000001cad7d0a410 Uncommon trap: trap_request=0xffffffde fr.pc=0x000001ca87c22d74 relative=0x0000000000000f74
Event: 1.650 Thread 0x000001cad7d0a410 Uncommon trap: reason=class_check action=maybe_recompile pc=0x000001ca87c22d74 method=java.util.concurrent.ConcurrentHashMap.putVal(Ljava/lang/Object;Ljava/lang/Object;Z)Ljava/lang/Object; @ 242 c2
Event: 1.650 Thread 0x000001cad7d0a410 DEOPT PACKING pc=0x000001ca87c22d74 sp=0x0000003f224fed50
Event: 1.650 Thread 0x000001cad7d0a410 DEOPT UNPACKING pc=0x000001ca874a46a2 sp=0x0000003f224fece0 mode 2
Event: 1.652 Thread 0x000001cad7b413e0 Uncommon trap: trap_request=0xffffffc6 fr.pc=0x000001ca87c012fc relative=0x000000000000049c
Event: 1.652 Thread 0x000001cad7b413e0 Uncommon trap: reason=bimorphic_or_optimized_type_check action=maybe_recompile pc=0x000001ca87c012fc method=java.util.concurrent.ConcurrentHashMap.get(Ljava/lang/Object;)Ljava/lang/Object; @ 149 c2
Event: 1.652 Thread 0x000001cad7b413e0 DEOPT PACKING pc=0x000001ca87c012fc sp=0x0000003f222fd5d0
Event: 1.652 Thread 0x000001cad7b413e0 DEOPT UNPACKING pc=0x000001ca874a46a2 sp=0x0000003f222fd570 mode 2
Event: 1.656 Thread 0x000001cad6f82d10 Uncommon trap: trap_request=0xffffffde fr.pc=0x000001ca87c22d74 relative=0x0000000000000f74
Event: 1.656 Thread 0x000001cad6f82d10 Uncommon trap: reason=class_check action=maybe_recompile pc=0x000001ca87c22d74 method=java.util.concurrent.ConcurrentHashMap.putVal(Ljava/lang/Object;Ljava/lang/Object;Z)Ljava/lang/Object; @ 242 c2
Event: 1.656 Thread 0x000001cad6f82d10 DEOPT PACKING pc=0x000001ca87c22d74 sp=0x0000003f214ff000
Event: 1.656 Thread 0x000001cad6f82d10 DEOPT UNPACKING pc=0x000001ca874a46a2 sp=0x0000003f214fef90 mode 2
Event: 1.737 Thread 0x000001cad6f82d10 DEOPT PACKING pc=0x000001ca803d503c sp=0x0000003f214fddf0
Event: 1.737 Thread 0x000001cad6f82d10 DEOPT UNPACKING pc=0x000001ca874a4e42 sp=0x0000003f214fd268 mode 0
Event: 1.811 Thread 0x000001cad6f82d10 Uncommon trap: trap_request=0xffffffc6 fr.pc=0x000001ca87c012fc relative=0x000000000000049c
Event: 1.811 Thread 0x000001cad6f82d10 Uncommon trap: reason=bimorphic_or_optimized_type_check action=maybe_recompile pc=0x000001ca87c012fc method=java.util.concurrent.ConcurrentHashMap.get(Ljava/lang/Object;)Ljava/lang/Object; @ 149 c2
Event: 1.811 Thread 0x000001cad6f82d10 DEOPT PACKING pc=0x000001ca87c012fc sp=0x0000003f214ff2e0
Event: 1.811 Thread 0x000001cad6f82d10 DEOPT UNPACKING pc=0x000001ca874a46a2 sp=0x0000003f214ff280 mode 2
Event: 22.188 Thread 0x000001cad8465a70 DEOPT PACKING pc=0x000001ca8028af5c sp=0x0000003f20aff680
Event: 22.188 Thread 0x000001cad8465a70 DEOPT UNPACKING pc=0x000001ca874a4e42 sp=0x0000003f20afeae0 mode 1

Classes loaded (20 events):
Event: 22.186 Loading class sun/awt/resources/spi/awtProvider
Event: 22.186 Loading class sun/awt/resources/spi/awtProvider done
Event: 22.186 Loading class sun/awt/resources/awt
Event: 22.186 Loading class sun/awt/resources/awt done
Event: 22.186 Loading class sun/awt/resources/awt_fr
Event: 22.186 Loading class sun/awt/resources/awt_fr done
Event: 22.186 Loading class sun/awt/resources/awt_fr_FR
Event: 22.186 Loading class sun/awt/resources/awt_fr_FR done
Event: 22.186 Loading class sun/awt/resources/awt_fr_FR
Event: 22.186 Loading class sun/awt/resources/awt_fr_FR done
Event: 22.186 Loading class jdk/internal/misc/Signal$1
Event: 22.186 Loading class java/awt/Toolkit$2
Event: 22.186 Loading class jdk/internal/misc/Signal$1 done
Event: 22.186 Loading class java/awt/Toolkit$2 done
Event: 22.188 Loading class java/awt/Toolkit$1
Event: 22.188 Loading class java/awt/Toolkit$1 done
Event: 22.188 Loading class com/sun/javafx/tk/quantum/QuantumRenderer
Event: 22.188 Loading class com/sun/javafx/tk/quantum/QuantumRenderer done
Event: 22.188 Loading class com/sun/javafx/tk/quantum/QuantumToolkit
Event: 22.188 Loading class com/sun/javafx/tk/quantum/QuantumToolkit done

Classes unloaded (0 events):
No events

Classes redefined (0 events):
No events

Internal exceptions (20 events):
Event: 0.723 Thread 0x000001cad7b413e0 Implicit null exception at 0x000001ca87c14704 to 0x000001ca87c14ce4
Event: 0.724 Thread 0x000001cad7b413e0 Implicit null exception at 0x000001ca87c13504 to 0x000001ca87c13b20
Event: 0.725 Thread 0x000001cad7b413e0 Implicit null exception at 0x000001ca87bc1ebd to 0x000001ca87bc1f45
Event: 0.809 Thread 0x000001cad7b413e0 Exception <a 'java/lang/IncompatibleClassChangeError'{0x0000000711e1f628}: Found class java.lang.Object, but interface was expected> (0x0000000711e1f628) 
thrown [s\src\hotspot\share\interpreter\linkResolver.cpp, line 840]
Event: 0.855 Thread 0x000001cad7b413e0 Exception <a 'java/lang/ClassNotFoundException'{0x0000000711daaeb8}: com/sun/javafx/scene/control/skin/resources/controls> (0x0000000711daaeb8) 
thrown [s\src\hotspot\share\prims\jni.cpp, line 539]
Event: 0.855 Thread 0x000001cad7b413e0 Exception <a 'java/lang/ClassNotFoundException'{0x0000000711db90c8}: com/sun/javafx/scene/control/skin/resources/controls_fr> (0x0000000711db90c8) 
thrown [s\src\hotspot\share\prims\jni.cpp, line 539]
Event: 0.856 Thread 0x000001cad7b413e0 Exception <a 'java/lang/ClassNotFoundException'{0x0000000711dc6e18}: com/sun/javafx/scene/control/skin/resources/controls_fr_FR> (0x0000000711dc6e18) 
thrown [s\src\hotspot\share\prims\jni.cpp, line 539]
Event: 0.881 Thread 0x000001cad7b413e0 Exception <a 'java/lang/NoSuchMethodError'{0x0000000711bc5bd8}: 'int java.lang.invoke.DirectMethodHandle$Holder.invokeSpecial(java.lang.Object, java.lang.Object, int)'> (0x0000000711bc5bd8) 
thrown [s\src\hotspot\share\interpreter\linkResolver.cpp, line 773]
Event: 0.927 Thread 0x000001cad7b413e0 Exception <a 'java/lang/NoSuchMethodError'{0x00000007144ad4e0}: 'int java.lang.invoke.DirectMethodHandle$Holder.invokeSpecial(java.lang.Object, java.lang.Object, java.lang.Object, int)'> (0x00000007144ad4e0) 
thrown [s\src\hotspot\share\interpreter\linkResolver.cpp, line 773]
Event: 0.928 Thread 0x000001cad7b413e0 Exception <a 'java/lang/NoSuchMethodError'{0x00000007144c1ef0}: 'java.lang.Object java.lang.invoke.DirectMethodHandle$Holder.invokeStatic(java.lang.Object, java.lang.Object, java.lang.Object, java.lang.Object, int)'> (0x00000007144c1ef0) 
thrown [s\src\hotspot\share\interpreter\linkResolver.cpp, line 773]
Event: 0.928 Thread 0x000001cad7b413e0 Exception <a 'java/lang/NoSuchMethodError'{0x00000007144ca4e8}: 'int java.lang.invoke.DirectMethodHandle$Holder.invokeSpecial(java.lang.Object, java.lang.Object, java.lang.Object)'> (0x00000007144ca4e8) 
thrown [s\src\hotspot\share\interpreter\linkResolver.cpp, line 773]
Event: 0.999 Thread 0x000001cad7b413e0 Exception <a 'java/lang/NoSuchMethodError'{0x0000000713a26198}: 'java.lang.Object java.lang.invoke.DirectMethodHandle$Holder.newInvokeSpecial(java.lang.Object, java.lang.Object, int)'> (0x0000000713a26198) 
thrown [s\src\hotspot\share\interpreter\linkResolver.cpp, line 773]
Event: 1.037 Thread 0x000001cad6f82d10 Exception <a 'java/lang/NoSuchMethodError'{0x0000000713b815e8}: 'int java.lang.invoke.DirectMethodHandle$Holder.invokeStaticInit(java.lang.Object, java.lang.Object)'> (0x0000000713b815e8) 
thrown [s\src\hotspot\share\interpreter\linkResolver.cpp, line 773]
Event: 1.730 Thread 0x000001cad7b413e0 Exception <a 'java/lang/NoSuchMethodError'{0x00000007132fa290}: 'long java.lang.invoke.DirectMethodHandle$Holder.invokeStatic(java.lang.Object, java.lang.Object, java.lang.Object)'> (0x00000007132fa290) 
thrown [s\src\hotspot\share\interpreter\linkResolver.cpp, line 773]
Event: 1.730 Thread 0x000001cad7b413e0 Exception <a 'java/lang/NoSuchMethodError'{0x00000007132fd920}: 'long java.lang.invoke.DirectMethodHandle$Holder.invokeStaticInit(java.lang.Object, java.lang.Object, java.lang.Object)'> (0x00000007132fd920) 
thrown [s\src\hotspot\share\interpreter\linkResolver.cpp, line 773]
Event: 1.731 Thread 0x000001cad7b413e0 Exception <a 'java/lang/NoSuchMethodError'{0x0000000713312470}: 'java.lang.Object java.lang.invoke.DirectMethodHandle$Holder.newInvokeSpecial(java.lang.Object, java.lang.Object, long)'> (0x0000000713312470) 
thrown [s\src\hotspot\share\interpreter\linkResolver.cpp, line 773]
Event: 1.732 Thread 0x000001cad7b413e0 Exception <a 'java/lang/NoSuchMethodError'{0x0000000713315d88}: 'java.lang.Object java.lang.invoke.Invokers$Holder.linkToTargetMethod(java.lang.Object, long, java.lang.Object)'> (0x0000000713315d88) 
thrown [s\src\hotspot\share\interpreter\linkResolver.cpp, line 773]
Event: 1.818 Thread 0x000001cad7b413e0 Exception <a 'java/lang/NoSuchMethodError'{0x0000000713383178}: 'java.lang.Object java.lang.invoke.DirectMethodHandle$Holder.invokeSpecial(java.lang.Object, java.lang.Object, double, double)'> (0x0000000713383178) 
thrown [s\src\hotspot\share\interpreter\linkResolver.cpp, line 773]
Event: 22.186 Thread 0x000001cad7b413e0 Exception <a 'java/lang/ClassNotFoundException'{0x0000000713070d50}: sun/awt/resources/spi/awtProvider> (0x0000000713070d50) 
thrown [s\src\hotspot\share\classfile\systemDictionary.cpp, line 312]
Event: 22.188 Thread 0x000001cad7b413e0 Exception <a 'java/io/FileNotFoundException'{0x000000071307c0a8}> (0x000000071307c0a8) 
thrown [s\src\hotspot\share\prims\jni.cpp, line 520]

ZGC Phase Switch (0 events):
No events

VM Operations (20 events):
Event: 9.487 Executing VM operation: get/set locals done
Event: 9.487 Executing VM operation: get/set locals
Event: 9.487 Executing VM operation: get/set locals done
Event: 9.487 Executing VM operation: get/set locals
Event: 9.487 Executing VM operation: get/set locals done
Event: 9.487 Executing VM operation: get/set locals
Event: 9.487 Executing VM operation: get/set locals done
Event: 18.235 Executing VM operation: ChangeBreakpoints
Event: 18.235 Executing VM operation: ChangeBreakpoints done
Event: 22.169 Executing VM operation: ChangeBreakpoints
Event: 22.169 Executing VM operation: ChangeBreakpoints done
Event: 22.169 Executing VM operation: ChangeBreakpoints
Event: 22.169 Executing VM operation: ChangeBreakpoints done
Event: 22.169 Executing VM operation: ChangeBreakpoints
Event: 22.169 Executing VM operation: ChangeBreakpoints done
Event: 22.171 Executing VM operation: ChangeBreakpoints
Event: 22.171 Executing VM operation: ChangeBreakpoints done
Event: 22.171 Executing VM operation: ChangeBreakpoints
Event: 22.171 Executing VM operation: ChangeBreakpoints done
Event: 22.188 Executing VM operation: Exit

Memory protections (0 events):
No events

Nmethod flushes (0 events):
No events

Events (20 events):
Event: 0.448 Thread 0x000001cad654b230 Thread added: 0x000001cad7b35d70
Event: 0.450 Thread 0x000001cad654b230 Thread added: 0x000001cad7b413e0
Event: 0.513 Thread 0x000001cad7d0a410 Thread added: 0x000001cad7d0a410
Event: 0.804 Thread 0x000001cad7b413e0 Thread added: 0x000001cad7ee25c0
Event: 1.059 Thread 0x000001cad6f82d10 Thread added: 0x000001cad84646c0
Event: 1.333 Thread 0x000001caff794bc0 Thread exited: 0x000001caff794bc0
Event: 1.333 Thread 0x000001caff7519e0 Thread exited: 0x000001caff7519e0
Event: 1.819 Thread 0x000001caff7944f0 Thread added: 0x000001caff793750
Event: 6.425 Thread 0x000001caff7944f0 Thread exited: 0x000001caff7944f0
Event: 6.425 Thread 0x000001caff793750 Thread exited: 0x000001caff793750
Event: 6.425 Thread 0x000001caff74ef90 Thread exited: 0x000001caff74ef90
Event: 11.427 Thread 0x000001caff679fe0 Thread exited: 0x000001caff679fe0
Event: 22.167 Thread 0x000001cad6932820 Thread exited: 0x000001cad6932820
Event: 22.172 Thread 0x000001cad646fc90 Thread exited: 0x000001cad646fc90
Event: 22.186 Thread 0x000001caff48a180 Thread added: 0x000001cad8464d50
Event: 22.187 Thread 0x000001cad8464d50 Thread added: 0x000001cad8465a70
Event: 22.187 Thread 0x000001cad8464d50 Thread added: 0x000001cad84653e0
Event: 22.188 Thread 0x000001cad84653e0 Thread exited: 0x000001cad84653e0
Event: 22.188 Thread 0x000001cad8465a70 Thread exited: 0x000001cad8465a70
Event: 22.188 Thread 0x000001cad8464d50 Before exit entered


Dynamic libraries:
0x00007ff647670000 - 0x00007ff64767e000 	C:\Users\flori\.jdks\corretto-21.0.5\bin\java.exe
0x00007ff8f4710000 - 0x00007ff8f4927000 	C:\Windows\SYSTEM32\ntdll.dll
0x00007ff8f2cd0000 - 0x00007ff8f2d94000 	C:\Windows\System32\KERNEL32.DLL
0x00007ff8f1e10000 - 0x00007ff8f21c9000 	C:\Windows\System32\KERNELBASE.dll
0x00007ff8f1cf0000 - 0x00007ff8f1e01000 	C:\Windows\System32\ucrtbase.dll
0x00007ff8e3140000 - 0x00007ff8e3158000 	C:\Users\flori\.jdks\corretto-21.0.5\bin\jli.dll
0x00007ff8e30f0000 - 0x00007ff8e310b000 	C:\Users\flori\.jdks\corretto-21.0.5\bin\VCRUNTIME140.dll
0x00007ff8f3f00000 - 0x00007ff8f40ae000 	C:\Windows\System32\USER32.dll
0x00007ff8f1a10000 - 0x00007ff8f1a36000 	C:\Windows\System32\win32u.dll
0x00007ff8e77f0000 - 0x00007ff8e7a82000 	C:\Windows\WinSxS\amd64_microsoft.windows.common-controls_6595b64144ccf1df_6.0.22621.4391_none_2715d37f73803e96\COMCTL32.dll
0x00007ff8f3e30000 - 0x00007ff8f3e59000 	C:\Windows\System32\GDI32.dll
0x00007ff8f2620000 - 0x00007ff8f26c7000 	C:\Windows\System32\msvcrt.dll
0x00007ff8f1a40000 - 0x00007ff8f1b5b000 	C:\Windows\System32\gdi32full.dll
0x00007ff8f1bd0000 - 0x00007ff8f1c6a000 	C:\Windows\System32\msvcp_win.dll
0x00007ff8f26d0000 - 0x00007ff8f2701000 	C:\Windows\System32\IMM32.DLL
0x00007ff8eac20000 - 0x00007ff8eac2c000 	C:\Users\flori\.jdks\corretto-21.0.5\bin\vcruntime140_1.dll
0x00007ff8e16c0000 - 0x00007ff8e174d000 	C:\Users\flori\.jdks\corretto-21.0.5\bin\msvcp140.dll
0x00007ff878710000 - 0x00007ff8794ad000 	C:\Users\flori\.jdks\corretto-21.0.5\bin\server\jvm.dll
0x00007ff8f40b0000 - 0x00007ff8f4162000 	C:\Windows\System32\ADVAPI32.dll
0x00007ff8f2a90000 - 0x00007ff8f2b37000 	C:\Windows\System32\sechost.dll
0x00007ff8f21d0000 - 0x00007ff8f21f8000 	C:\Windows\System32\bcrypt.dll
0x00007ff8f2b40000 - 0x00007ff8f2c54000 	C:\Windows\System32\RPCRT4.dll
0x00007ff8f3b90000 - 0x00007ff8f3c01000 	C:\Windows\System32\WS2_32.dll
0x00007ff8f0880000 - 0x00007ff8f08cd000 	C:\Windows\SYSTEM32\POWRPROF.dll
0x00007ff8e5860000 - 0x00007ff8e5894000 	C:\Windows\SYSTEM32\WINMM.dll
0x00007ff8e7bc0000 - 0x00007ff8e7bca000 	C:\Windows\SYSTEM32\VERSION.dll
0x00007ff8f0860000 - 0x00007ff8f0873000 	C:\Windows\SYSTEM32\UMPDC.dll
0x00007ff8f0b40000 - 0x00007ff8f0b58000 	C:\Windows\SYSTEM32\kernel.appcore.dll
0x00007ff8eab50000 - 0x00007ff8eab5a000 	C:\Users\flori\.jdks\corretto-21.0.5\bin\jimage.dll
0x00007ff8eedb0000 - 0x00007ff8eefe2000 	C:\Windows\SYSTEM32\DBGHELP.DLL
0x00007ff8f37e0000 - 0x00007ff8f3b6f000 	C:\Windows\System32\combase.dll
0x00007ff8f4170000 - 0x00007ff8f4247000 	C:\Windows\System32\OLEAUT32.dll
0x00007ff8e6770000 - 0x00007ff8e67a2000 	C:\Windows\SYSTEM32\dbgcore.DLL
0x00007ff8f1c70000 - 0x00007ff8f1ceb000 	C:\Windows\System32\bcryptPrimitives.dll
0x00007ff8e2070000 - 0x00007ff8e20ac000 	C:\Users\flori\.jdks\corretto-21.0.5\bin\jdwp.dll
0x00007ff8ea730000 - 0x00007ff8ea73e000 	C:\Users\flori\.jdks\corretto-21.0.5\bin\instrument.dll
0x00007ff8e30d0000 - 0x00007ff8e30ef000 	C:\Users\flori\.jdks\corretto-21.0.5\bin\java.dll
0x00007ff8e2290000 - 0x00007ff8e22a8000 	C:\Users\flori\.jdks\corretto-21.0.5\bin\zip.dll
0x00007ff8f2da0000 - 0x00007ff8f3616000 	C:\Windows\System32\SHELL32.dll
0x00007ff8ef910000 - 0x00007ff8f0213000 	C:\Windows\SYSTEM32\windows.storage.dll
0x00007ff8ef7d0000 - 0x00007ff8ef90f000 	C:\Windows\SYSTEM32\wintypes.dll
0x00007ff8f2770000 - 0x00007ff8f2869000 	C:\Windows\System32\SHCORE.dll
0x00007ff8f2710000 - 0x00007ff8f276e000 	C:\Windows\System32\shlwapi.dll
0x00007ff8f1940000 - 0x00007ff8f196b000 	C:\Windows\SYSTEM32\profapi.dll
0x00007ff8e0060000 - 0x00007ff8e0137000 	C:\Users\flori\.jdks\corretto-21.0.5\bin\jsvml.dll
0x00007ff8e6b20000 - 0x00007ff8e6b30000 	C:\Users\flori\.jdks\corretto-21.0.5\bin\net.dll
0x00007ff8eb870000 - 0x00007ff8eb9a6000 	C:\Windows\SYSTEM32\WINHTTP.dll
0x00007ff8f0fc0000 - 0x00007ff8f1029000 	C:\Windows\system32\mswsock.dll
0x00007ff8e1cd0000 - 0x00007ff8e1ce6000 	C:\Users\flori\.jdks\corretto-21.0.5\bin\nio.dll
0x00007ff8e30c0000 - 0x00007ff8e30cb000 	C:\Users\flori\.jdks\corretto-21.0.5\bin\dt_socket.dll
0x00007ff8f0530000 - 0x00007ff8f055d000 	C:\Windows\SYSTEM32\IPHLPAPI.DLL
0x000001caee660000 - 0x000001caee663000 	C:\Users\flori\.openjfx\cache\21+31\amd64\api-ms-win-core-console-l1-1-0.dll
0x000001caee670000 - 0x000001caee673000 	C:\Users\flori\.openjfx\cache\21+31\amd64\api-ms-win-core-console-l1-2-0.dll
0x000001caee680000 - 0x000001caee683000 	C:\Users\flori\.openjfx\cache\21+31\amd64\api-ms-win-core-datetime-l1-1-0.dll
0x000001caee690000 - 0x000001caee693000 	C:\Users\flori\.openjfx\cache\21+31\amd64\api-ms-win-core-debug-l1-1-0.dll
0x000001caee6a0000 - 0x000001caee6a3000 	C:\Users\flori\.openjfx\cache\21+31\amd64\api-ms-win-core-errorhandling-l1-1-0.dll
0x000001caee6b0000 - 0x000001caee6b4000 	C:\Users\flori\.openjfx\cache\21+31\amd64\api-ms-win-core-file-l1-1-0.dll
0x000001caee6c0000 - 0x000001caee6c3000 	C:\Users\flori\.openjfx\cache\21+31\amd64\api-ms-win-core-file-l1-2-0.dll
0x000001caee6d0000 - 0x000001caee6d3000 	C:\Users\flori\.openjfx\cache\21+31\amd64\api-ms-win-core-file-l2-1-0.dll
0x000001caffdb0000 - 0x000001caffdb3000 	C:\Users\flori\.openjfx\cache\21+31\amd64\api-ms-win-core-handle-l1-1-0.dll
0x000001caffdc0000 - 0x000001caffdc3000 	C:\Users\flori\.openjfx\cache\21+31\amd64\api-ms-win-core-heap-l1-1-0.dll
0x000001caffa00000 - 0x000001caffa03000 	C:\Users\flori\.openjfx\cache\21+31\amd64\api-ms-win-core-interlocked-l1-1-0.dll
0x000001caffa10000 - 0x000001caffa13000 	C:\Users\flori\.openjfx\cache\21+31\amd64\api-ms-win-core-libraryloader-l1-1-0.dll
0x000001caffa20000 - 0x000001caffa23000 	C:\Users\flori\.openjfx\cache\21+31\amd64\api-ms-win-core-localization-l1-2-0.dll
0x000001caffa30000 - 0x000001caffa33000 	C:\Users\flori\.openjfx\cache\21+31\amd64\api-ms-win-core-memory-l1-1-0.dll
0x000001caffa40000 - 0x000001caffa43000 	C:\Users\flori\.openjfx\cache\21+31\amd64\api-ms-win-core-namedpipe-l1-1-0.dll
0x000001caffa50000 - 0x000001caffa53000 	C:\Users\flori\.openjfx\cache\21+31\amd64\api-ms-win-core-processenvironment-l1-1-0.dll
0x000001caffa60000 - 0x000001caffa63000 	C:\Users\flori\.openjfx\cache\21+31\amd64\api-ms-win-core-processthreads-l1-1-0.dll
0x000001caffa70000 - 0x000001caffa73000 	C:\Users\flori\.openjfx\cache\21+31\amd64\api-ms-win-core-processthreads-l1-1-1.dll
0x000001caffa80000 - 0x000001caffa83000 	C:\Users\flori\.openjfx\cache\21+31\amd64\api-ms-win-core-profile-l1-1-0.dll
0x000001caffa90000 - 0x000001caffa93000 	C:\Users\flori\.openjfx\cache\21+31\amd64\api-ms-win-core-rtlsupport-l1-1-0.dll
0x000001caffaa0000 - 0x000001caffaa3000 	C:\Users\flori\.openjfx\cache\21+31\amd64\api-ms-win-core-string-l1-1-0.dll
0x000001caffab0000 - 0x000001caffab3000 	C:\Users\flori\.openjfx\cache\21+31\amd64\api-ms-win-core-synch-l1-1-0.dll
0x000001caffac0000 - 0x000001caffac3000 	C:\Users\flori\.openjfx\cache\21+31\amd64\api-ms-win-core-synch-l1-2-0.dll
0x000001caffad0000 - 0x000001caffad3000 	C:\Users\flori\.openjfx\cache\21+31\amd64\api-ms-win-core-sysinfo-l1-1-0.dll
0x000001caffae0000 - 0x000001caffae3000 	C:\Users\flori\.openjfx\cache\21+31\amd64\api-ms-win-core-timezone-l1-1-0.dll
0x000001caffaf0000 - 0x000001caffaf3000 	C:\Users\flori\.openjfx\cache\21+31\amd64\api-ms-win-core-util-l1-1-0.dll
0x000001caffb00000 - 0x000001caffb03000 	C:\Users\flori\.openjfx\cache\21+31\amd64\api-ms-win-crt-conio-l1-1-0.dll
0x000001caffb10000 - 0x000001caffb14000 	C:\Users\flori\.openjfx\cache\21+31\amd64\api-ms-win-crt-convert-l1-1-0.dll
0x000001caffb20000 - 0x000001caffb23000 	C:\Users\flori\.openjfx\cache\21+31\amd64\api-ms-win-crt-environment-l1-1-0.dll
0x000001caffb30000 - 0x000001caffb33000 	C:\Users\flori\.openjfx\cache\21+31\amd64\api-ms-win-crt-filesystem-l1-1-0.dll
0x000001caffb40000 - 0x000001caffb43000 	C:\Users\flori\.openjfx\cache\21+31\amd64\api-ms-win-crt-heap-l1-1-0.dll
0x000001caffb50000 - 0x000001caffb53000 	C:\Users\flori\.openjfx\cache\21+31\amd64\api-ms-win-crt-locale-l1-1-0.dll
0x000001caffb60000 - 0x000001caffb65000 	C:\Users\flori\.openjfx\cache\21+31\amd64\api-ms-win-crt-math-l1-1-0.dll
0x000001caffb70000 - 0x000001caffb75000 	C:\Users\flori\.openjfx\cache\21+31\amd64\api-ms-win-crt-multibyte-l1-1-0.dll
0x000001caffb80000 - 0x000001caffb90000 	C:\Users\flori\.openjfx\cache\21+31\amd64\api-ms-win-crt-private-l1-1-0.dll
0x000001caffb90000 - 0x000001caffb93000 	C:\Users\flori\.openjfx\cache\21+31\amd64\api-ms-win-crt-process-l1-1-0.dll
0x000001caffba0000 - 0x000001caffba4000 	C:\Users\flori\.openjfx\cache\21+31\amd64\api-ms-win-crt-runtime-l1-1-0.dll
0x000001caffbb0000 - 0x000001caffbb4000 	C:\Users\flori\.openjfx\cache\21+31\amd64\api-ms-win-crt-stdio-l1-1-0.dll
0x000001caffbc0000 - 0x000001caffbc4000 	C:\Users\flori\.openjfx\cache\21+31\amd64\api-ms-win-crt-string-l1-1-0.dll
0x000001caffbd0000 - 0x000001caffbd3000 	C:\Users\flori\.openjfx\cache\21+31\amd64\api-ms-win-crt-time-l1-1-0.dll
0x000001caffbe0000 - 0x000001caffbe3000 	C:\Users\flori\.openjfx\cache\21+31\amd64\api-ms-win-crt-utility-l1-1-0.dll
0x00007ff8dff60000 - 0x00007ff8e005c000 	C:\Users\flori\.openjfx\cache\21+31\amd64\ucrtbase.dll
0x00007ff8e1c90000 - 0x00007ff8e1cab000 	C:\Users\flori\.openjfx\cache\21+31\amd64\vcruntime140.dll
0x00007ff8e1c80000 - 0x00007ff8e1c8c000 	C:\Users\flori\.openjfx\cache\21+31\amd64\vcruntime140_1.dll
0x00007ff8dfed0000 - 0x00007ff8dff5e000 	C:\Users\flori\.openjfx\cache\21+31\amd64\msvcp140.dll
0x00007ff8f3620000 - 0x00007ff8f37c5000 	C:\Windows\System32\ole32.dll
0x00007ff8e1c70000 - 0x00007ff8e1c79000 	C:\Users\flori\.openjfx\cache\21+31\amd64\msvcp140_1.dll
0x00007ff8e0690000 - 0x00007ff8e06bf000 	C:\Users\flori\.openjfx\cache\21+31\amd64\msvcp140_2.dll
0x00007ff8e0660000 - 0x00007ff8e068f000 	C:\Users\flori\.openjfx\cache\21+31\amd64\prism_d3d.dll
0x00007ff8ad790000 - 0x00007ff8ad938000 	C:\Windows\system32\d3d9.dll
0x00007ff8ebfd0000 - 0x00007ff8ebffb000 	C:\Windows\SYSTEM32\dwmapi.dll
0x00007ff8ef010000 - 0x00007ff8ef047000 	C:\Windows\SYSTEM32\dxcore.dll
0x00007ff8ebd50000 - 0x00007ff8ebe01000 	C:\Windows\system32\uxtheme.dll
0x00007ff8b3290000 - 0x00007ff8b3340000 	C:\Windows\SYSTEM32\d3d9on12.dll
0x00007ff8bc590000 - 0x00007ff8bc5b6000 	C:\Windows\SYSTEM32\d3d12.dll
0x00007ff8ebed0000 - 0x00007ff8ebfc7000 	C:\Windows\SYSTEM32\dxgi.dll
0x00007ff8f1700000 - 0x00007ff8f174e000 	C:\Windows\SYSTEM32\cfgmgr32.dll
0x00007ff8ac6f0000 - 0x00007ff8ac8f2000 	C:\Windows\SYSTEM32\D3D12Core.dll
0x00007ff8bc160000 - 0x00007ff8bc187000 	C:\Windows\System32\DriverStore\FileRepository\iigd_dch.inf_amd64_5b1252b3763da959\igd12umd64.dll
0x00007ff8a8d30000 - 0x00007ff8a99e9000 	C:\Windows\System32\DriverStore\FileRepository\iigd_dch.inf_amd64_5b1252b3763da959\igd12um64xel.dll
0x00007ff8f22c0000 - 0x00007ff8f2426000 	C:\Windows\System32\CRYPT32.dll
0x00007ff8af8c0000 - 0x00007ff8af904000 	C:\Windows\SYSTEM32\ControlLib.dll
0x00007ff8f4250000 - 0x00007ff8f46c4000 	C:\Windows\System32\SETUPAPI.dll
0x00007ff8f16d0000 - 0x00007ff8f16fc000 	C:\Windows\SYSTEM32\DEVOBJ.dll
0x00007ff8e3af0000 - 0x00007ff8e3b78000 	C:\Windows\System32\DriverStore\FileRepository\iigd_dch.inf_amd64_5b1252b3763da959\IntelControlLib.dll
0x00007ff8f1b60000 - 0x00007ff8f1bcc000 	C:\Windows\System32\WINTRUST.dll
0x00007ff8f16b0000 - 0x00007ff8f16c2000 	C:\Windows\SYSTEM32\MSASN1.dll
0x00007ff8e7b50000 - 0x00007ff8e7b99000 	C:\Windows\SYSTEM32\directxdatabasehelper.dll
0x00007ff8e27b0000 - 0x00007ff8e2bc7000 	C:\Windows\System32\DriverStore\FileRepository\iigd_dch.inf_amd64_5b1252b3763da959\igdgmm64.dll
0x00007ff8daa50000 - 0x00007ff8de74c000 	C:\Windows\System32\DriverStore\FileRepository\iigd_dch.inf_amd64_5b1252b3763da959\igc64.dll
0x00007ff8b75e0000 - 0x00007ff8b760f000 	C:\Windows\SYSTEM32\D3DSCache.dll
0x00007ff8f10b0000 - 0x00007ff8f10d8000 	C:\Windows\SYSTEM32\USERENV.dll
0x00007ff8a6e60000 - 0x00007ff8a8205000 	C:\Windows\System32\DriverStore\FileRepository\iigd_dch.inf_amd64_5b1252b3763da959\igd12dxva64.dll
0x00007ff8a3ba0000 - 0x00007ff8a58c0000 	C:\Windows\System32\DriverStore\FileRepository\iigd_dch.inf_amd64_5b1252b3763da959\media_bin_64.dll
0x00007ff8b7440000 - 0x00007ff8b7467000 	C:\Windows\System32\DriverStore\FileRepository\iigd_dch.inf_amd64_5b1252b3763da959\igdinfo64.dll
0x00007ff8e3840000 - 0x00007ff8e3ae4000 	C:\Windows\SYSTEM32\twinapi.appcore.dll
0x00007ff8dfe80000 - 0x00007ff8dfec2000 	C:\Users\flori\.openjfx\cache\21+31\amd64\glass.dll

dbghelp: loaded successfully - version: 4.0.5 - missing functions: none
symbol engine: initialized successfully - sym options: 0x614 - pdb path: .;C:\Users\flori\.jdks\corretto-21.0.5\bin;C:\Windows\SYSTEM32;C:\Windows\WinSxS\amd64_microsoft.windows.common-controls_6595b64144ccf1df_6.0.22621.4391_none_2715d37f73803e96;C:\Users\flori\.jdks\corretto-21.0.5\bin\server;C:\Users\flori\.openjfx\cache\21+31\amd64;C:\Windows\System32\DriverStore\FileRepository\iigd_dch.inf_amd64_5b1252b3763da959;C:\Program Files\Common Files\Microsoft Shared\Ink

VM Arguments:
jvm_args: -agentlib:jdwp=transport=dt_socket,address=127.0.0.1:64996,suspend=y,server=n -javaagent:C:\Users\flori\AppData\Local\JetBrains\IntelliJIdea2024.2\captureAgent\debugger-agent.jar -Dkotlinx.coroutines.debug.enable.creation.stack.trace=false -Ddebugger.agent.enable.coroutines=true -Dfile.encoding=UTF-8 -Dsun.stdout.encoding=UTF-8 -Dsun.stderr.encoding=UTF-8 --module-path=C:\Users\flori\.m2\repository\org\openjfx\javafx-base\21\javafx-base-21-win.jar;C:\Users\flori\.m2\repository\org\openjfx\javafx-fxml\21\javafx-fxml-21-win.jar;C:\Users\flori\.m2\repository\org\openjfx\javafx-controls\21\javafx-controls-21-win.jar;C:\Users\flori\.m2\repository\org\openjfx\javafx-graphics\21\javafx-graphics-21-win.jar;C:\Users\flori\Documents\Travail IUT\S5\Projet tutoré\Projet_Tutore_RA-IL2_BOURDON_BORTOLOTTI_ROTH_DUCHENE\Chemin_interface\target\classes -Djdk.module.main=com.example.chemin_interface 
java_command: com.example.chemin_interface/com.example.chemin_interface.mains.MainLaby
java_class_path (initial): C:\Users\flori\.m2\repository\org\openjfx\javafx-controls\21\javafx-controls-21.jar;C:\Users\flori\.m2\repository\org\openjfx\javafx-graphics\21\javafx-graphics-21.jar;C:\Users\flori\.m2\repository\org\openjfx\javafx-base\21\javafx-base-21.jar;C:\Users\flori\.m2\repository\org\openjfx\javafx-fxml\21\javafx-fxml-21.jar;C:\Program Files\JetBrains\IntelliJ IDEA 2024.2.1\lib\idea_rt.jar
Launcher Type: SUN_STANDARD

[Global flags]
     intx CICompilerCount                          = 12                                        {product} {ergonomic}
     uint ConcGCThreads                            = 3                                         {product} {ergonomic}
     uint G1ConcRefinementThreads                  = 13                                        {product} {ergonomic}
   size_t G1HeapRegionSize                         = 2097152                                   {product} {ergonomic}
    uintx GCDrainStackTargetSize                   = 64                                        {product} {ergonomic}
   size_t InitialHeapSize                          = 264241152                                 {product} {ergonomic}
   size_t MarkStackSize                            = 4194304                                   {product} {ergonomic}
   size_t MaxHeapSize                              = 4217372672                                {product} {ergonomic}
   size_t MaxNewSize                               = 2529165312                                {product} {ergonomic}
   size_t MinHeapDeltaBytes                        = 2097152                                   {product} {ergonomic}
   size_t MinHeapSize                              = 8388608                                   {product} {ergonomic}
    uintx NonNMethodCodeHeapSize                   = 7602480                                {pd product} {ergonomic}
    uintx NonProfiledCodeHeapSize                  = 122027880                              {pd product} {ergonomic}
    uintx ProfiledCodeHeapSize                     = 122027880                              {pd product} {ergonomic}
    uintx ReservedCodeCacheSize                    = 251658240                              {pd product} {ergonomic}
     bool SegmentedCodeCache                       = true                                      {product} {ergonomic}
   size_t SoftMaxHeapSize                          = 4217372672                             {manageable} {ergonomic}
     bool UseCompressedOops                        = true                           {product lp64_product} {ergonomic}
     bool UseG1GC                                  = true                                      {product} {ergonomic}
     bool UseLargePagesIndividualAllocation        = false                                  {pd product} {ergonomic}

Logging:
Log output configuration:
 #0: stdout all=off uptime,level,tags foldmultilines=false
 #1: stderr all=off uptime,level,tags foldmultilines=false

Environment Variables:
PATH=C:\Program Files\Common Files\Oracle\Java\javapath;C:\Windows\system32;C:\Windows;C:\Windows\System32\Wbem;C:\Windows\System32\WindowsPowerShell\v1.0\;C:\Windows\System32\OpenSSH\;C:\Program Files (x86)\NVIDIA Corporation\PhysX\Common;C:\Program Files\NVIDIA Corporation\NVIDIA NvDLISR;C:\Program Files\Git\cmd;C:\Program Files\MongoDB\Server\5.0\bin;C:\Users\flori\AppData\Local\Microsoft\WindowsApps;C:\Users\flori\AppData\Local\JetBrains\Toolbox\scripts;C:\Program Files\swipl\bin
USERNAME=flori
OS=Windows_NT
PROCESSOR_IDENTIFIER=Intel64 Family 6 Model 186 Stepping 2, GenuineIntel
TMP=C:\Users\flori\AppData\Local\Temp
TEMP=C:\Users\flori\AppData\Local\Temp




Periodic native trim disabled

---------------  S Y S T E M  ---------------

OS:
 Windows 11 , 64 bit Build 22621 (10.0.22621.4391)
OS uptime: 6 days 22:12 hours
Hyper-V role detected

CPU: total 16 (initial active 16) (8 cores per cpu, 2 threads per core) family 6 model 186 stepping 2 microcode 0x410e, cx8, cmov, fxsr, ht, mmx, 3dnowpref, sse, sse2, sse3, ssse3, sse4.1, sse4.2, popcnt, lzcnt, tsc, tscinvbit, avx, avx2, aes, erms, clmul, bmi1, bmi2, adx, sha, fma, vzeroupper, clflush, clflushopt, clwb, hv, serialize, rdtscp, rdpid, fsrm, f16c, cet_ibt, cet_ss
Processor Information for all 16 processors :
  Max Mhz: 2400, Current Mhz: 2400, Mhz Limit: 2400

Memory: 4k page, system-wide physical 16087M (4634M free)
TotalPageFile size 22231M (AvailPageFile size 7668M)
current process WorkingSet (physical memory assigned to process): 229M, peak: 267M
current process commit charge ("private bytes"): 495M, peak: 532M

vm_info: OpenJDK 64-Bit Server VM (21.0.5+11-LTS) for windows-amd64 JRE (21.0.5+11-LTS), built on 2024-10-11T20:58:34Z by "Administrator" with MS VC++ 16.10 / 16.11 (VS2019)

END.
