#
# A fatal error has been detected by the Java Runtime Environment:
#
#  EXCEPTION_ACCESS_VIOLATION (0xc0000005) at pc=0x00007ff8dfea6587, pid=16612, tid=2420
#
# JRE version: OpenJDK Runtime Environment Corretto-21.0.5.11.1 (21.0.5+11) (build 21.0.5+11-LTS)
# Java VM: OpenJDK 64-Bit Server VM Corretto-21.0.5.11.1 (21.0.5+11-LTS, mixed mode, sharing, tiered, compressed oops, compressed class ptrs, g1 gc, windows-amd64)
# Problematic frame:
# C  [glass.dll+0x26587]
#
# No core dump will be written. Minidumps are not enabled by default on client versions of Windows
#
# If you would like to submit a bug report, please visit:
#   https://github.com/corretto/corretto-21/issues/
#

---------------  S U M M A R Y ------------

Command Line: -agentlib:jdwp=transport=dt_socket,address=127.0.0.1:65186,suspend=y,server=n -javaagent:C:\Users\flori\AppData\Local\JetBrains\IntelliJIdea2024.2\captureAgent\debugger-agent.jar -Dkotlinx.coroutines.debug.enable.creation.stack.trace=false -Ddebugger.agent.enable.coroutines=true -Dfile.encoding=UTF-8 -Dsun.stdout.encoding=UTF-8 -Dsun.stderr.encoding=UTF-8 --module-path=C:\Users\flori\.m2\repository\org\openjfx\javafx-base\21\javafx-base-21-win.jar;C:\Users\flori\.m2\repository\org\openjfx\javafx-fxml\21\javafx-fxml-21-win.jar;C:\Users\flori\.m2\repository\org\openjfx\javafx-controls\21\javafx-controls-21-win.jar;C:\Users\flori\.m2\repository\org\openjfx\javafx-graphics\21\javafx-graphics-21-win.jar;C:\Users\flori\Documents\Travail IUT\S5\Projet tutoré\Projet_Tutore_RA-IL2_BOURDON_BORTOLOTTI_ROTH_DUCHENE\Chemin_interface\target\classes -Djdk.module.main=com.example.chemin_interface com.example.chemin_interface/com.example.chemin_interface.mains.MainLaby

Host: 13th Gen Intel(R) Core(TM) i7-13620H, 16 cores, 15G,  Windows 11 , 64 bit Build 22621 (10.0.22621.4391)
Time: Tue Dec 17 11:07:06 2024 Paris, Madrid elapsed time: 112.263801 seconds (0d 0h 1m 52s)

---------------  T H R E A D  ---------------

Current thread (0x0000025c87f1bd10):  VMThread "VM Thread"          [id=2420, stack(0x000000738dd00000,0x000000738de00000) (1024K)]

Stack: [0x000000738dd00000,0x000000738de00000],  sp=0x000000738ddfef10,  free space=1019k
Native frames: (J=compiled Java code, j=interpreted, Vv=VM code, C=native code)
C  [glass.dll+0x26587]


siginfo: EXCEPTION_ACCESS_VIOLATION (0xc0000005), reading address 0x0000000000000000


Registers:
RAX=0x0000000000000000, RBX=0x0000025c87f2ad72, RCX=0x0000025c87f1bd10, RDX=0x000000738ddfef10
RSP=0x000000738ddfef10, RBP=0x0000025ccec02bc8, RSI=0x000000738ddff018, RDI=0x0000025ccec02ba0
R8 =0x0000000000010002, R9 =0x0000025ccec02ba0, R10=0x85f13e9656da4870, R11=0x000000738ddfeea0
R12=0x00007ff8dfea3ed0, R13=0x00007ff8793f41c0, R14=0x0000833c9e22645f, R15=0x0000025ccec02ba0
RIP=0x00007ff8dfea6587, EFLAGS=0x0000000000010202


Register to memory mapping:

RAX=0x0 is null
RBX=0x0000025c87f2ad72 is a global jni handle
RCX=0x0000025c87f1bd10 points into unknown readable memory: 0x00007ff8791f34e0 | e0 34 1f 79 f8 7f 00 00
RDX=0x000000738ddfef10 points into unknown readable memory: 0x0000000000000000 | 00 00 00 00 00 00 00 00
RSP=0x000000738ddfef10 points into unknown readable memory: 0x0000000000000000 | 00 00 00 00 00 00 00 00
RBP=0x0000025ccec02bc8 points into unknown readable memory: 0x0000833c9e22645f | 5f 64 22 9e 3c 83 00 00
RSI=0x000000738ddff018 points into unknown readable memory: 0x000000738ddff000 | 00 f0 df 8d 73 00 00 00
RDI=0x0000025ccec02ba0 points into unknown readable memory: 0x6ff59fc89e225ba3 | a3 5b 22 9e c8 9f f5 6f
R8 =0x0000000000010002 is an unknown value
R9 =0x0000025ccec02ba0 points into unknown readable memory: 0x6ff59fc89e225ba3 | a3 5b 22 9e c8 9f f5 6f
R10=0x85f13e9656da4870 is an unknown value
R11=0x000000738ddfeea0 points into unknown readable memory: 0x0000025ccec02ba0 | a0 2b c0 ce 5c 02 00 00
R12=0x00007ff8dfea3ed0 glass.dll
R13=0x00007ff8793f41c0 jvm.dll
R14=0x0000833c9e22645f is an unknown value
R15=0x0000025ccec02ba0 points into unknown readable memory: 0x6ff59fc89e225ba3 | a3 5b 22 9e c8 9f f5 6f

Top of Stack: (sp=0x000000738ddfef10)
0x000000738ddfef10:   0000000000000000 000000738ddff018
0x000000738ddfef20:   00007ff8793f41c0 00007ff8dfea3ed0
0x000000738ddfef30:   0000025ccec02ba8 00007ff8f1d43a93
0x000000738ddfef40:   0000025ccec02ba0 0000025c00000000
0x000000738ddfef50:   0000025ccec02bc8 000000738ddff018
0x000000738ddfef60:   fffffffffffffffe 0000000000000000
0x000000738ddfef70:   0000000000000001 00007ff8dfe80000
0x000000738ddfef80:   000000738ddff008 00007ff8f1d1042e
0x000000738ddfef90:   0000000000000000 000000738ddff018
0x000000738ddfefa0:   000000738ddff300 0000000000000001
0x000000738ddfefb0:   0000000000000001 00007ff8f1d0dddd
0x000000738ddfefc0:   0000000000000000 00007ff8dfea36c9
0x000000738ddfefd0:   00007ff8ebcf5ef0 000000738ddff008
0x000000738ddfefe0:   fffffffffffffffe 000000738ddfefd0
0x000000738ddfeff0:   0000000000000000 00007ff8dfea3d5d
0x000000738ddff000:   00007ff8dfeba008 00007ff800000002
0x000000738ddff010:   0000000000000002 000000738ddff000
0x000000738ddff020:   0000000000000000 00007ff8f4738af3
0x000000738ddff030:   0000000000000000 00007ff8dfea3e82
0x000000738ddff040:   0000000000000001 0000000000000000
0x000000738ddff050:   0000000000000000 0000000000000001
0x000000738ddff060:   0000025ce667f948 00007ff8f1232223
0x000000738ddff070:   0000025c00000001 0000000000000016
0x000000738ddff080:   00007ff8dfe80000 000000007ffe0384
0x000000738ddff090:   0000000000000000 00007ff8f4738b8f
0x000000738ddff0a0:   00007ff8dfe80000 0000000000000000
0x000000738ddff0b0:   0000000000000001 000000007ffe0385
0x000000738ddff0c0:   0000000000000000 00007ff8f47617d9
0x000000738ddff0d0:   00004b661e8a2800 0000000000000014
0x000000738ddff0e0:   00007ff8dfea3ed0 0000000000000000
0x000000738ddff0f0:   0000000000000000 000000738d054000
0x000000738ddff100:   0000025ccefe7f50 00007ff8f4761596 

Instructions: (pc=0x00007ff8dfea6587)
0x00007ff8dfea6487:   8b 4d 58 e8 8d cf ff ff 48 8b 4d 60 e8 84 cf ff
0x00007ff8dfea6497:   ff 48 8b 95 80 00 00 00 48 8b 8d 18 01 00 00 e8
0x00007ff8dfea64a7:   76 c4 ff ff 33 d2 33 c9 e8 cc e1 ff ff 90 48 89
0x00007ff8dfea64b7:   54 24 10 55 48 83 ec 20 48 8b ea 48 b8 00 00 00
0x00007ff8dfea64c7:   00 00 00 00 00 48 83 c4 20 5d c3 cc 40 55 48 8b
0x00007ff8dfea64d7:   ea 48 8b 01 33 c9 81 38 05 00 00 c0 0f 94 c1 8b
0x00007ff8dfea64e7:   c1 5d c3 cc 40 55 48 83 ec 20 48 8b ea 8a 4d 40
0x00007ff8dfea64f7:   48 83 c4 20 5d e9 73 d3 ff ff cc 40 55 48 83 ec
0x00007ff8dfea6507:   20 48 8b ea 8a 4d 20 e8 61 d3 ff ff 90 48 83 c4
0x00007ff8dfea6517:   20 5d c3 cc 40 55 48 83 ec 20 48 8b ea 48 83 c4
0x00007ff8dfea6527:   20 5d e9 c2 d1 ff ff cc 40 55 48 83 ec 30 48 8b
0x00007ff8dfea6537:   ea 48 8b 01 8b 10 48 89 4c 24 28 89 54 24 20 4c
0x00007ff8dfea6547:   8d 0d 63 d6 ff ff 4c 8b 45 70 8b 55 68 48 8b 4d
0x00007ff8dfea6557:   60 e8 03 d1 ff ff 90 48 83 c4 30 5d c3 cc cc cc
0x00007ff8dfea6567:   cc cc cc cc cc cc cc cc cc 40 53 48 83 ec 20 48
0x00007ff8dfea6577:   8b 1d 8b 34 01 00 48 85 db 74 16 e8 89 8f ff ff
0x00007ff8dfea6587:   4c 8b 00 48 8b d3 48 8b c8 41 ff 90 b0 00 00 00
0x00007ff8dfea6597:   90 48 83 c4 20 5b c3 cc cc 40 53 48 83 ec 20 48
0x00007ff8dfea65a7:   8b 1d fb 35 01 00 48 85 db 74 57 b8 ff ff ff ff
0x00007ff8dfea65b7:   f0 0f c1 43 10 83 f8 01 75 3d 48 85 db 74 38 48
0x00007ff8dfea65c7:   8b 0b 48 85 c9 74 0d ff 15 d4 0c 00 00 48 c7 03
0x00007ff8dfea65d7:   00 00 00 00 48 8b 4b 08 48 85 c9 74 0d e8 33 ce
0x00007ff8dfea65e7:   ff ff 48 c7 43 08 00 00 00 00 ba 18 00 00 00 48
0x00007ff8dfea65f7:   8b cb e8 1e ce ff ff 48 c7 05 9f 35 01 00 00 00
0x00007ff8dfea6607:   00 00 48 83 c4 20 5b c3 cc 40 53 48 83 ec 20 48
0x00007ff8dfea6617:   8b 1d 6b 35 01 00 48 85 db 74 57 b8 ff ff ff ff
0x00007ff8dfea6627:   f0 0f c1 43 10 83 f8 01 75 3d 48 85 db 74 38 48
0x00007ff8dfea6637:   8b 0b 48 85 c9 74 0d ff 15 64 0c 00 00 48 c7 03
0x00007ff8dfea6647:   00 00 00 00 48 8b 4b 08 48 85 c9 74 0d e8 c3 cd
0x00007ff8dfea6657:   ff ff 48 c7 43 08 00 00 00 00 ba 18 00 00 00 48
0x00007ff8dfea6667:   8b cb e8 ae cd ff ff 48 c7 05 0f 35 01 00 00 00
0x00007ff8dfea6677:   00 00 48 83 c4 20 5b c3 cc 40 53 48 83 ec 20 48 


Stack slot to memory mapping:

stack at sp + 0 slots: 0x0 is null
stack at sp + 1 slots: 0x000000738ddff018 points into unknown readable memory: 0x000000738ddff000 | 00 f0 df 8d 73 00 00 00
stack at sp + 2 slots: 0x00007ff8793f41c0 jvm.dll
stack at sp + 3 slots: 0x00007ff8dfea3ed0 glass.dll
stack at sp + 4 slots: 0x0000025ccec02ba8 points into unknown readable memory: 0x0000833c9e22645f | 5f 64 22 9e 3c 83 00 00
stack at sp + 5 slots: 0x00007ff8f1d43a93 ucrtbase.dll
stack at sp + 6 slots: 0x0000025ccec02ba0 points into unknown readable memory: 0x6ff59fc89e225ba3 | a3 5b 22 9e c8 9f f5 6f
stack at sp + 7 slots: 0x0000025c00000000 is an unknown value

VM_Operation (0x000000738d3feee0): Exit, mode: safepoint, requested by thread 0x0000025cd00ae970


---------------  P R O C E S S  ---------------

Threads class SMR info:
_java_thread_list=0x0000025ccffea1d0, length=20, elements={
0x0000025ce66a38c0, 0x0000025c87f360b0, 0x0000025c87f36fd0, 0x0000025c87f3b290,
0x0000025c87f3c090, 0x0000025c87f3cae0, 0x0000025c87f45540, 0x0000025c87f48800,
0x0000025c87f4aa50, 0x0000025c88a61890, 0x0000025cce2c1c60, 0x0000025ccea863f0,
0x0000025cce9f4050, 0x0000025cce7abeb0, 0x0000025ccefbeb50, 0x0000025ccefbf1b0,
0x0000025ccfed2db0, 0x0000025cd037e090, 0x0000025cd0890930, 0x0000025cd00ae970
}

Java Threads: ( => current thread )
  0x0000025ce66a38c0 JavaThread "main"                              [_thread_blocked, id=4068, stack(0x000000738d600000,0x000000738d700000) (1024K)]
  0x0000025c87f360b0 JavaThread "Reference Handler"          daemon [_thread_blocked, id=22220, stack(0x000000738de00000,0x000000738df00000) (1024K)]
  0x0000025c87f36fd0 JavaThread "Finalizer"                  daemon [_thread_blocked, id=14860, stack(0x000000738df00000,0x000000738e000000) (1024K)]
  0x0000025c87f3b290 JavaThread "Signal Dispatcher"          daemon [_thread_blocked, id=18600, stack(0x000000738e000000,0x000000738e100000) (1024K)]
  0x0000025c87f3c090 JavaThread "Attach Listener"            daemon [_thread_blocked, id=16976, stack(0x000000738e100000,0x000000738e200000) (1024K)]
  0x0000025c87f3cae0 JavaThread "Service Thread"             daemon [_thread_blocked, id=15716, stack(0x000000738e200000,0x000000738e300000) (1024K)]
  0x0000025c87f45540 JavaThread "Monitor Deflation Thread"   daemon [_thread_blocked, id=10188, stack(0x000000738e300000,0x000000738e400000) (1024K)]
  0x0000025c87f48800 JavaThread "C2 CompilerThread0"         daemon [_thread_blocked, id=20924, stack(0x000000738e400000,0x000000738e500000) (1024K)]
  0x0000025c87f4aa50 JavaThread "C1 CompilerThread0"         daemon [_thread_blocked, id=22808, stack(0x000000738e500000,0x000000738e600000) (1024K)]
  0x0000025c88a61890 JavaThread "Common-Cleaner"             daemon [_thread_blocked, id=9844, stack(0x000000738e800000,0x000000738e900000) (1024K)]
  0x0000025cce2c1c60 JavaThread "JDWP Event Helper Thread"   daemon [_thread_blocked, id=14748, stack(0x000000738ef00000,0x000000738f000000) (1024K)]
  0x0000025ccea863f0 JavaThread "Notification Thread"        daemon [_thread_blocked, id=13736, stack(0x000000738f100000,0x000000738f200000) (1024K)]
  0x0000025cce9f4050 JavaThread "JavaFX-Launcher"                   [_thread_blocked, id=20904, stack(0x000000738f200000,0x000000738f300000) (1024K)]
  0x0000025cce7abeb0 JavaThread "QuantumRenderer-0"          daemon [_thread_blocked, id=7740, stack(0x000000738f300000,0x000000738f400000) (1024K)]
  0x0000025ccefbeb50 JavaThread "InvokeLaterDispatcher"      daemon [_thread_blocked, id=15892, stack(0x000000738ed00000,0x000000738ee00000) (1024K)]
  0x0000025ccefbf1b0 JavaThread "JavaFX Application Thread"         [_thread_blocked, id=24048, stack(0x000000738f800000,0x000000738f900000) (1024K)]
  0x0000025ccfed2db0 JavaThread "Thread-2"                   daemon [_thread_in_native, id=21792, stack(0x0000007390400000,0x0000007390500000) (1024K)]
  0x0000025cd037e090 JavaThread "Prism Font Disposer"        daemon [_thread_blocked, id=16960, stack(0x0000007390800000,0x0000007390900000) (1024K)]
  0x0000025cd0890930 JavaThread "Cleaner-0"                  daemon [_thread_blocked, id=11016, stack(0x0000007390b00000,0x0000007390c00000) (1024K)]
  0x0000025cd00ae970 JavaThread "SIGINT handler"             daemon [_thread_blocked, id=16260, stack(0x000000738d300000,0x000000738d400000) (1024K)]
Total: 20

Other Threads:
=>0x0000025c87f1bd10 VMThread "VM Thread"                           [id=2420, stack(0x000000738dd00000,0x000000738de00000) (1024K)]
  0x0000025ce69d7900 WorkerThread "GC Thread#0"                     [id=16784, stack(0x000000738d700000,0x000000738d800000) (1024K)]
  0x0000025ccefbff90 WorkerThread "GC Thread#1"                     [id=12192, stack(0x000000738f900000,0x000000738fa00000) (1024K)]
  0x0000025ccefc0330 WorkerThread "GC Thread#2"                     [id=21000, stack(0x000000738fa00000,0x000000738fb00000) (1024K)]
  0x0000025cceaee230 WorkerThread "GC Thread#3"                     [id=8104, stack(0x000000738fb00000,0x000000738fc00000) (1024K)]
  0x0000025cceaee5d0 WorkerThread "GC Thread#4"                     [id=2548, stack(0x000000738fc00000,0x000000738fd00000) (1024K)]
  0x0000025cceaee970 WorkerThread "GC Thread#5"                     [id=17356, stack(0x000000738fd00000,0x000000738fe00000) (1024K)]
  0x0000025ccfcd2980 WorkerThread "GC Thread#6"                     [id=20260, stack(0x000000738fe00000,0x000000738ff00000) (1024K)]
  0x0000025ccfcd25e0 WorkerThread "GC Thread#7"                     [id=9676, stack(0x000000738ff00000,0x0000007390000000) (1024K)]
  0x0000025ccfcd30c0 WorkerThread "GC Thread#8"                     [id=3608, stack(0x0000007390000000,0x0000007390100000) (1024K)]
  0x0000025ccfcd2d20 WorkerThread "GC Thread#9"                     [id=19652, stack(0x0000007390100000,0x0000007390200000) (1024K)]
  0x0000025ccfcd3460 WorkerThread "GC Thread#10"                    [id=10800, stack(0x0000007390200000,0x0000007390300000) (1024K)]
  0x0000025ccffd5200 WorkerThread "GC Thread#11"                    [id=17976, stack(0x0000007390900000,0x0000007390a00000) (1024K)]
  0x0000025ccffd6080 WorkerThread "GC Thread#12"                    [id=9076, stack(0x0000007390a00000,0x0000007390b00000) (1024K)]
  0x0000025ce69e8430 ConcurrentGCThread "G1 Main Marker"            terminated
  0x0000025ce69e8f30 WorkerThread "G1 Conc#0"                       [id=12240, stack(0x000000738d900000,0x000000738da00000) (1024K)]
  0x0000025c87de0430 ConcurrentGCThread "G1 Refine#0"               terminated
  0x0000025ce6a2e130 ConcurrentGCThread "G1 Service"                terminated
Total: 18

Threads with active compile tasks:
Total: 0

VM state: at safepoint (shutting down)

VM Mutex/Monitor currently owned by a thread:  ([mutex/lock_event])
[0x00007ff8793cc320] Threads_lock - owner thread: 0x0000025c87f1bd10
[0x00007ff8793cc420] Heap_lock - owner thread: 0x0000025cd00ae970

Heap address: 0x0000000704a00000, size: 4022 MB, Compressed Oops mode: Zero based, Oop shift amount: 3

CDS archive(s) mapped at: [0x0000025c89000000-0x0000025c89c80000-0x0000025c89c80000), size 13107200, SharedBaseAddress: 0x0000025c89000000, ArchiveRelocationMode: 1.
Compressed class space mapped at: 0x0000025c8a000000-0x0000025cca000000, reserved size: 1073741824
Narrow klass base: 0x0000025c89000000, Narrow klass shift: 0, Narrow klass range: 0x100000000

GC Precious Log:
 CardTable entry size: 512
 Card Set container configuration: InlinePtr #cards 4 size 8 Array Of Cards #cards 16 size 48 Howl #buckets 8 coarsen threshold 3686 Howl Bitmap #cards 512 size 80 coarsen threshold 460 Card regions per heap region 1 cards per card region 4096
 CPUs: 16 total, 16 available
 Memory: 16087M
 Large Page Support: Disabled
 NUMA Support: Disabled
 Compressed Oops: Enabled (Zero based)
 Heap Region Size: 2M
 Heap Min Capacity: 8M
 Heap Initial Capacity: 252M
 Heap Max Capacity: 4022M
 Pre-touch: Disabled
 Parallel Workers: 13
 Concurrent Workers: 3
 Concurrent Refinement Workers: 13
 Periodic GC: Disabled

Heap:
 garbage-first heap   total 258048K, used 28238K [0x0000000704a00000, 0x0000000800000000)
  region size 2048K, 14 young (28672K), 3 survivors (6144K)
 Metaspace       used 16117K, committed 16384K, reserved 1114112K
  class space    used 2455K, committed 2560K, reserved 1048576K

Heap Regions: E=young(eden), S=young(survivor), O=old, HS=humongous(starts), HC=humongous(continues), CS=collection set, F=free, TAMS=top-at-mark-start, PB=parsable bottom
|   0|0x0000000704a00000, 0x0000000704c00000, 0x0000000704c00000|100%|HS|  |TAMS 0x0000000704a00000| PB 0x0000000704a00000| Complete 
|   1|0x0000000704c00000, 0x0000000704c00000, 0x0000000704e00000|  0%| F|  |TAMS 0x0000000704c00000| PB 0x0000000704c00000| Untracked 
|   2|0x0000000704e00000, 0x0000000704e00000, 0x0000000705000000|  0%| F|  |TAMS 0x0000000704e00000| PB 0x0000000704e00000| Untracked 
|   3|0x0000000705000000, 0x0000000705000000, 0x0000000705200000|  0%| F|  |TAMS 0x0000000705000000| PB 0x0000000705000000| Untracked 
|   4|0x0000000705200000, 0x0000000705200000, 0x0000000705400000|  0%| F|  |TAMS 0x0000000705200000| PB 0x0000000705200000| Untracked 
|   5|0x0000000705400000, 0x0000000705400000, 0x0000000705600000|  0%| F|  |TAMS 0x0000000705400000| PB 0x0000000705400000| Untracked 
|   6|0x0000000705600000, 0x0000000705600000, 0x0000000705800000|  0%| F|  |TAMS 0x0000000705600000| PB 0x0000000705600000| Untracked 
|   7|0x0000000705800000, 0x0000000705800000, 0x0000000705a00000|  0%| F|  |TAMS 0x0000000705800000| PB 0x0000000705800000| Untracked 
|   8|0x0000000705a00000, 0x0000000705a00000, 0x0000000705c00000|  0%| F|  |TAMS 0x0000000705a00000| PB 0x0000000705a00000| Untracked 
|   9|0x0000000705c00000, 0x0000000705c00000, 0x0000000705e00000|  0%| F|  |TAMS 0x0000000705c00000| PB 0x0000000705c00000| Untracked 
|  10|0x0000000705e00000, 0x0000000705e00000, 0x0000000706000000|  0%| F|  |TAMS 0x0000000705e00000| PB 0x0000000705e00000| Untracked 
|  11|0x0000000706000000, 0x0000000706000000, 0x0000000706200000|  0%| F|  |TAMS 0x0000000706000000| PB 0x0000000706000000| Untracked 
|  12|0x0000000706200000, 0x0000000706200000, 0x0000000706400000|  0%| F|  |TAMS 0x0000000706200000| PB 0x0000000706200000| Untracked 
|  13|0x0000000706400000, 0x0000000706400000, 0x0000000706600000|  0%| F|  |TAMS 0x0000000706400000| PB 0x0000000706400000| Untracked 
|  14|0x0000000706600000, 0x0000000706600000, 0x0000000706800000|  0%| F|  |TAMS 0x0000000706600000| PB 0x0000000706600000| Untracked 
|  15|0x0000000706800000, 0x0000000706800000, 0x0000000706a00000|  0%| F|  |TAMS 0x0000000706800000| PB 0x0000000706800000| Untracked 
|  16|0x0000000706a00000, 0x0000000706a00000, 0x0000000706c00000|  0%| F|  |TAMS 0x0000000706a00000| PB 0x0000000706a00000| Untracked 
|  17|0x0000000706c00000, 0x0000000706c00000, 0x0000000706e00000|  0%| F|  |TAMS 0x0000000706c00000| PB 0x0000000706c00000| Untracked 
|  18|0x0000000706e00000, 0x0000000706e00000, 0x0000000707000000|  0%| F|  |TAMS 0x0000000706e00000| PB 0x0000000706e00000| Untracked 
|  19|0x0000000707000000, 0x0000000707000000, 0x0000000707200000|  0%| F|  |TAMS 0x0000000707000000| PB 0x0000000707000000| Untracked 
|  20|0x0000000707200000, 0x0000000707200000, 0x0000000707400000|  0%| F|  |TAMS 0x0000000707200000| PB 0x0000000707200000| Untracked 
|  21|0x0000000707400000, 0x0000000707400000, 0x0000000707600000|  0%| F|  |TAMS 0x0000000707400000| PB 0x0000000707400000| Untracked 
|  22|0x0000000707600000, 0x0000000707600000, 0x0000000707800000|  0%| F|  |TAMS 0x0000000707600000| PB 0x0000000707600000| Untracked 
|  23|0x0000000707800000, 0x0000000707800000, 0x0000000707a00000|  0%| F|  |TAMS 0x0000000707800000| PB 0x0000000707800000| Untracked 
|  24|0x0000000707a00000, 0x0000000707a00000, 0x0000000707c00000|  0%| F|  |TAMS 0x0000000707a00000| PB 0x0000000707a00000| Untracked 
|  25|0x0000000707c00000, 0x0000000707c00000, 0x0000000707e00000|  0%| F|  |TAMS 0x0000000707c00000| PB 0x0000000707c00000| Untracked 
|  26|0x0000000707e00000, 0x0000000707e00000, 0x0000000708000000|  0%| F|  |TAMS 0x0000000707e00000| PB 0x0000000707e00000| Untracked 
|  27|0x0000000708000000, 0x0000000708000000, 0x0000000708200000|  0%| F|  |TAMS 0x0000000708000000| PB 0x0000000708000000| Untracked 
|  28|0x0000000708200000, 0x0000000708200000, 0x0000000708400000|  0%| F|  |TAMS 0x0000000708200000| PB 0x0000000708200000| Untracked 
|  29|0x0000000708400000, 0x0000000708400000, 0x0000000708600000|  0%| F|  |TAMS 0x0000000708400000| PB 0x0000000708400000| Untracked 
|  30|0x0000000708600000, 0x0000000708600000, 0x0000000708800000|  0%| F|  |TAMS 0x0000000708600000| PB 0x0000000708600000| Untracked 
|  31|0x0000000708800000, 0x0000000708800000, 0x0000000708a00000|  0%| F|  |TAMS 0x0000000708800000| PB 0x0000000708800000| Untracked 
|  32|0x0000000708a00000, 0x0000000708a00000, 0x0000000708c00000|  0%| F|  |TAMS 0x0000000708a00000| PB 0x0000000708a00000| Untracked 
|  33|0x0000000708c00000, 0x0000000708c00000, 0x0000000708e00000|  0%| F|  |TAMS 0x0000000708c00000| PB 0x0000000708c00000| Untracked 
|  34|0x0000000708e00000, 0x0000000708e00000, 0x0000000709000000|  0%| F|  |TAMS 0x0000000708e00000| PB 0x0000000708e00000| Untracked 
|  35|0x0000000709000000, 0x0000000709000000, 0x0000000709200000|  0%| F|  |TAMS 0x0000000709000000| PB 0x0000000709000000| Untracked 
|  36|0x0000000709200000, 0x0000000709200000, 0x0000000709400000|  0%| F|  |TAMS 0x0000000709200000| PB 0x0000000709200000| Untracked 
|  37|0x0000000709400000, 0x0000000709400000, 0x0000000709600000|  0%| F|  |TAMS 0x0000000709400000| PB 0x0000000709400000| Untracked 
|  38|0x0000000709600000, 0x0000000709600000, 0x0000000709800000|  0%| F|  |TAMS 0x0000000709600000| PB 0x0000000709600000| Untracked 
|  39|0x0000000709800000, 0x0000000709800000, 0x0000000709a00000|  0%| F|  |TAMS 0x0000000709800000| PB 0x0000000709800000| Untracked 
|  40|0x0000000709a00000, 0x0000000709a00000, 0x0000000709c00000|  0%| F|  |TAMS 0x0000000709a00000| PB 0x0000000709a00000| Untracked 
|  41|0x0000000709c00000, 0x0000000709c00000, 0x0000000709e00000|  0%| F|  |TAMS 0x0000000709c00000| PB 0x0000000709c00000| Untracked 
|  42|0x0000000709e00000, 0x0000000709e00000, 0x000000070a000000|  0%| F|  |TAMS 0x0000000709e00000| PB 0x0000000709e00000| Untracked 
|  43|0x000000070a000000, 0x000000070a000000, 0x000000070a200000|  0%| F|  |TAMS 0x000000070a000000| PB 0x000000070a000000| Untracked 
|  44|0x000000070a200000, 0x000000070a200000, 0x000000070a400000|  0%| F|  |TAMS 0x000000070a200000| PB 0x000000070a200000| Untracked 
|  45|0x000000070a400000, 0x000000070a400000, 0x000000070a600000|  0%| F|  |TAMS 0x000000070a400000| PB 0x000000070a400000| Untracked 
|  46|0x000000070a600000, 0x000000070a600000, 0x000000070a800000|  0%| F|  |TAMS 0x000000070a600000| PB 0x000000070a600000| Untracked 
|  47|0x000000070a800000, 0x000000070a800000, 0x000000070aa00000|  0%| F|  |TAMS 0x000000070a800000| PB 0x000000070a800000| Untracked 
|  48|0x000000070aa00000, 0x000000070aa00000, 0x000000070ac00000|  0%| F|  |TAMS 0x000000070aa00000| PB 0x000000070aa00000| Untracked 
|  49|0x000000070ac00000, 0x000000070ac00000, 0x000000070ae00000|  0%| F|  |TAMS 0x000000070ac00000| PB 0x000000070ac00000| Untracked 
|  50|0x000000070ae00000, 0x000000070ae00000, 0x000000070b000000|  0%| F|  |TAMS 0x000000070ae00000| PB 0x000000070ae00000| Untracked 
|  51|0x000000070b000000, 0x000000070b000000, 0x000000070b200000|  0%| F|  |TAMS 0x000000070b000000| PB 0x000000070b000000| Untracked 
|  52|0x000000070b200000, 0x000000070b200000, 0x000000070b400000|  0%| F|  |TAMS 0x000000070b200000| PB 0x000000070b200000| Untracked 
|  53|0x000000070b400000, 0x000000070b400000, 0x000000070b600000|  0%| F|  |TAMS 0x000000070b400000| PB 0x000000070b400000| Untracked 
|  54|0x000000070b600000, 0x000000070b600000, 0x000000070b800000|  0%| F|  |TAMS 0x000000070b600000| PB 0x000000070b600000| Untracked 
|  55|0x000000070b800000, 0x000000070b800000, 0x000000070ba00000|  0%| F|  |TAMS 0x000000070b800000| PB 0x000000070b800000| Untracked 
|  56|0x000000070ba00000, 0x000000070ba00000, 0x000000070bc00000|  0%| F|  |TAMS 0x000000070ba00000| PB 0x000000070ba00000| Untracked 
|  57|0x000000070bc00000, 0x000000070bc00000, 0x000000070be00000|  0%| F|  |TAMS 0x000000070bc00000| PB 0x000000070bc00000| Untracked 
|  58|0x000000070be00000, 0x000000070be00000, 0x000000070c000000|  0%| F|  |TAMS 0x000000070be00000| PB 0x000000070be00000| Untracked 
|  59|0x000000070c000000, 0x000000070c000000, 0x000000070c200000|  0%| F|  |TAMS 0x000000070c000000| PB 0x000000070c000000| Untracked 
|  60|0x000000070c200000, 0x000000070c200000, 0x000000070c400000|  0%| F|  |TAMS 0x000000070c200000| PB 0x000000070c200000| Untracked 
|  61|0x000000070c400000, 0x000000070c400000, 0x000000070c600000|  0%| F|  |TAMS 0x000000070c400000| PB 0x000000070c400000| Untracked 
|  62|0x000000070c600000, 0x000000070c600000, 0x000000070c800000|  0%| F|  |TAMS 0x000000070c600000| PB 0x000000070c600000| Untracked 
|  63|0x000000070c800000, 0x000000070c800000, 0x000000070ca00000|  0%| F|  |TAMS 0x000000070c800000| PB 0x000000070c800000| Untracked 
|  64|0x000000070ca00000, 0x000000070ca00000, 0x000000070cc00000|  0%| F|  |TAMS 0x000000070ca00000| PB 0x000000070ca00000| Untracked 
|  65|0x000000070cc00000, 0x000000070cc00000, 0x000000070ce00000|  0%| F|  |TAMS 0x000000070cc00000| PB 0x000000070cc00000| Untracked 
|  66|0x000000070ce00000, 0x000000070ce00000, 0x000000070d000000|  0%| F|  |TAMS 0x000000070ce00000| PB 0x000000070ce00000| Untracked 
|  67|0x000000070d000000, 0x000000070d000000, 0x000000070d200000|  0%| F|  |TAMS 0x000000070d000000| PB 0x000000070d000000| Untracked 
|  68|0x000000070d200000, 0x000000070d200000, 0x000000070d400000|  0%| F|  |TAMS 0x000000070d200000| PB 0x000000070d200000| Untracked 
|  69|0x000000070d400000, 0x000000070d400000, 0x000000070d600000|  0%| F|  |TAMS 0x000000070d400000| PB 0x000000070d400000| Untracked 
|  70|0x000000070d600000, 0x000000070d600000, 0x000000070d800000|  0%| F|  |TAMS 0x000000070d600000| PB 0x000000070d600000| Untracked 
|  71|0x000000070d800000, 0x000000070d800000, 0x000000070da00000|  0%| F|  |TAMS 0x000000070d800000| PB 0x000000070d800000| Untracked 
|  72|0x000000070da00000, 0x000000070da00000, 0x000000070dc00000|  0%| F|  |TAMS 0x000000070da00000| PB 0x000000070da00000| Untracked 
|  73|0x000000070dc00000, 0x000000070dc00000, 0x000000070de00000|  0%| F|  |TAMS 0x000000070dc00000| PB 0x000000070dc00000| Untracked 
|  74|0x000000070de00000, 0x000000070de00000, 0x000000070e000000|  0%| F|  |TAMS 0x000000070de00000| PB 0x000000070de00000| Untracked 
|  75|0x000000070e000000, 0x000000070e000000, 0x000000070e200000|  0%| F|  |TAMS 0x000000070e000000| PB 0x000000070e000000| Untracked 
|  76|0x000000070e200000, 0x000000070e200000, 0x000000070e400000|  0%| F|  |TAMS 0x000000070e200000| PB 0x000000070e200000| Untracked 
|  77|0x000000070e400000, 0x000000070e400000, 0x000000070e600000|  0%| F|  |TAMS 0x000000070e400000| PB 0x000000070e400000| Untracked 
|  78|0x000000070e600000, 0x000000070e600000, 0x000000070e800000|  0%| F|  |TAMS 0x000000070e600000| PB 0x000000070e600000| Untracked 
|  79|0x000000070e800000, 0x000000070e800000, 0x000000070ea00000|  0%| F|  |TAMS 0x000000070e800000| PB 0x000000070e800000| Untracked 
|  80|0x000000070ea00000, 0x000000070ea00000, 0x000000070ec00000|  0%| F|  |TAMS 0x000000070ea00000| PB 0x000000070ea00000| Untracked 
|  81|0x000000070ec00000, 0x000000070ec00000, 0x000000070ee00000|  0%| F|  |TAMS 0x000000070ec00000| PB 0x000000070ec00000| Untracked 
|  82|0x000000070ee00000, 0x000000070ee00000, 0x000000070f000000|  0%| F|  |TAMS 0x000000070ee00000| PB 0x000000070ee00000| Untracked 
|  83|0x000000070f000000, 0x000000070f000000, 0x000000070f200000|  0%| F|  |TAMS 0x000000070f000000| PB 0x000000070f000000| Untracked 
|  84|0x000000070f200000, 0x000000070f200000, 0x000000070f400000|  0%| F|  |TAMS 0x000000070f200000| PB 0x000000070f200000| Untracked 
|  85|0x000000070f400000, 0x000000070f400000, 0x000000070f600000|  0%| F|  |TAMS 0x000000070f400000| PB 0x000000070f400000| Untracked 
|  86|0x000000070f600000, 0x000000070f600000, 0x000000070f800000|  0%| F|  |TAMS 0x000000070f600000| PB 0x000000070f600000| Untracked 
|  87|0x000000070f800000, 0x000000070f800000, 0x000000070fa00000|  0%| F|  |TAMS 0x000000070f800000| PB 0x000000070f800000| Untracked 
|  88|0x000000070fa00000, 0x000000070fa00000, 0x000000070fc00000|  0%| F|  |TAMS 0x000000070fa00000| PB 0x000000070fa00000| Untracked 
|  89|0x000000070fc00000, 0x000000070fc00000, 0x000000070fe00000|  0%| F|  |TAMS 0x000000070fc00000| PB 0x000000070fc00000| Untracked 
|  90|0x000000070fe00000, 0x000000070fe00000, 0x0000000710000000|  0%| F|  |TAMS 0x000000070fe00000| PB 0x000000070fe00000| Untracked 
|  91|0x0000000710000000, 0x0000000710000000, 0x0000000710200000|  0%| F|  |TAMS 0x0000000710000000| PB 0x0000000710000000| Untracked 
|  92|0x0000000710200000, 0x0000000710200000, 0x0000000710400000|  0%| F|  |TAMS 0x0000000710200000| PB 0x0000000710200000| Untracked 
|  93|0x0000000710400000, 0x0000000710400000, 0x0000000710600000|  0%| F|  |TAMS 0x0000000710400000| PB 0x0000000710400000| Untracked 
|  94|0x0000000710600000, 0x0000000710600000, 0x0000000710800000|  0%| F|  |TAMS 0x0000000710600000| PB 0x0000000710600000| Untracked 
|  95|0x0000000710800000, 0x0000000710800000, 0x0000000710a00000|  0%| F|  |TAMS 0x0000000710800000| PB 0x0000000710800000| Untracked 
|  96|0x0000000710a00000, 0x0000000710a00000, 0x0000000710c00000|  0%| F|  |TAMS 0x0000000710a00000| PB 0x0000000710a00000| Untracked 
|  97|0x0000000710c00000, 0x0000000710d93968, 0x0000000710e00000| 78%| S|CS|TAMS 0x0000000710c00000| PB 0x0000000710c00000| Complete 
|  98|0x0000000710e00000, 0x0000000711000000, 0x0000000711000000|100%| S|CS|TAMS 0x0000000710e00000| PB 0x0000000710e00000| Complete 
|  99|0x0000000711000000, 0x0000000711200000, 0x0000000711200000|100%| S|CS|TAMS 0x0000000711000000| PB 0x0000000711000000| Complete 
| 100|0x0000000711200000, 0x0000000711200000, 0x0000000711400000|  0%| F|  |TAMS 0x0000000711200000| PB 0x0000000711200000| Untracked 
| 101|0x0000000711400000, 0x0000000711400000, 0x0000000711600000|  0%| F|  |TAMS 0x0000000711400000| PB 0x0000000711400000| Untracked 
| 102|0x0000000711600000, 0x0000000711600000, 0x0000000711800000|  0%| F|  |TAMS 0x0000000711600000| PB 0x0000000711600000| Untracked 
| 103|0x0000000711800000, 0x0000000711800000, 0x0000000711a00000|  0%| F|  |TAMS 0x0000000711800000| PB 0x0000000711800000| Untracked 
| 104|0x0000000711a00000, 0x0000000711a00000, 0x0000000711c00000|  0%| F|  |TAMS 0x0000000711a00000| PB 0x0000000711a00000| Untracked 
| 105|0x0000000711c00000, 0x0000000711c00000, 0x0000000711e00000|  0%| F|  |TAMS 0x0000000711c00000| PB 0x0000000711c00000| Untracked 
| 106|0x0000000711e00000, 0x0000000711e00000, 0x0000000712000000|  0%| F|  |TAMS 0x0000000711e00000| PB 0x0000000711e00000| Untracked 
| 107|0x0000000712000000, 0x0000000712000000, 0x0000000712200000|  0%| F|  |TAMS 0x0000000712000000| PB 0x0000000712000000| Untracked 
| 108|0x0000000712200000, 0x0000000712200000, 0x0000000712400000|  0%| F|  |TAMS 0x0000000712200000| PB 0x0000000712200000| Untracked 
| 109|0x0000000712400000, 0x0000000712400000, 0x0000000712600000|  0%| F|  |TAMS 0x0000000712400000| PB 0x0000000712400000| Untracked 
| 110|0x0000000712600000, 0x0000000712600000, 0x0000000712800000|  0%| F|  |TAMS 0x0000000712600000| PB 0x0000000712600000| Untracked 
| 111|0x0000000712800000, 0x0000000712800000, 0x0000000712a00000|  0%| F|  |TAMS 0x0000000712800000| PB 0x0000000712800000| Untracked 
| 112|0x0000000712a00000, 0x0000000712a00000, 0x0000000712c00000|  0%| F|  |TAMS 0x0000000712a00000| PB 0x0000000712a00000| Untracked 
| 113|0x0000000712c00000, 0x0000000712c00000, 0x0000000712e00000|  0%| F|  |TAMS 0x0000000712c00000| PB 0x0000000712c00000| Untracked 
| 114|0x0000000712e00000, 0x0000000712e00000, 0x0000000713000000|  0%| F|  |TAMS 0x0000000712e00000| PB 0x0000000712e00000| Untracked 
| 115|0x0000000713000000, 0x0000000713200000, 0x0000000713200000|100%| E|  |TAMS 0x0000000713000000| PB 0x0000000713000000| Complete 
| 116|0x0000000713200000, 0x0000000713400000, 0x0000000713400000|100%| E|CS|TAMS 0x0000000713200000| PB 0x0000000713200000| Complete 
| 117|0x0000000713400000, 0x0000000713600000, 0x0000000713600000|100%| E|CS|TAMS 0x0000000713400000| PB 0x0000000713400000| Complete 
| 118|0x0000000713600000, 0x0000000713800000, 0x0000000713800000|100%| E|CS|TAMS 0x0000000713600000| PB 0x0000000713600000| Complete 
| 119|0x0000000713800000, 0x0000000713a00000, 0x0000000713a00000|100%| E|CS|TAMS 0x0000000713800000| PB 0x0000000713800000| Complete 
| 120|0x0000000713a00000, 0x0000000713c00000, 0x0000000713c00000|100%| E|CS|TAMS 0x0000000713a00000| PB 0x0000000713a00000| Complete 
| 121|0x0000000713c00000, 0x0000000713e00000, 0x0000000713e00000|100%| E|CS|TAMS 0x0000000713c00000| PB 0x0000000713c00000| Complete 
| 122|0x0000000713e00000, 0x0000000714000000, 0x0000000714000000|100%| E|CS|TAMS 0x0000000713e00000| PB 0x0000000713e00000| Complete 
| 123|0x0000000714000000, 0x0000000714200000, 0x0000000714200000|100%| E|CS|TAMS 0x0000000714000000| PB 0x0000000714000000| Complete 
| 124|0x0000000714200000, 0x0000000714400000, 0x0000000714400000|100%| E|CS|TAMS 0x0000000714200000| PB 0x0000000714200000| Complete 
| 125|0x0000000714400000, 0x0000000714600000, 0x0000000714600000|100%| E|CS|TAMS 0x0000000714400000| PB 0x0000000714400000| Complete 

Card table byte_map: [0x0000025c81060000,0x0000025c81840000] _byte_map_base: 0x0000025c7d83b000

Marking Bits: (CMBitMap*) 0x0000025ce69d8000
 Bits: [0x0000025c81840000, 0x0000025c85718000)

Polling page: 0x0000025ce6a30000

Metaspace:

Usage:
  Non-class:     13.34 MB used.
      Class:      2.40 MB used.
       Both:     15.74 MB used.

Virtual space:
  Non-class space:       64.00 MB reserved,      13.50 MB ( 21%) committed,  1 nodes.
      Class space:        1.00 GB reserved,       2.50 MB ( <1%) committed,  1 nodes.
             Both:        1.06 GB reserved,      16.00 MB (  1%) committed. 

Chunk freelists:
   Non-Class:  1.98 MB
       Class:  13.44 MB
        Both:  15.42 MB

MaxMetaspaceSize: unlimited
CompressedClassSpaceSize: 1.00 GB
Initial GC threshold: 21.00 MB
Current GC threshold: 21.00 MB
CDS: on
 - commit_granule_bytes: 65536.
 - commit_granule_words: 8192.
 - virtual_space_node_default_size: 8388608.
 - enlarge_chunks_in_place: 1.
 - use_allocation_guard: 0.


Internal statistics:

num_allocs_failed_limit: 0.
num_arena_births: 260.
num_arena_deaths: 0.
num_vsnodes_births: 2.
num_vsnodes_deaths: 0.
num_space_committed: 256.
num_space_uncommitted: 0.
num_chunks_returned_to_freelist: 0.
num_chunks_taken_from_freelist: 814.
num_chunk_merges: 0.
num_chunk_splits: 565.
num_chunks_enlarged: 430.
num_inconsistent_stats: 0.

CodeHeap 'non-profiled nmethods': size=119168Kb used=1551Kb max_used=1551Kb free=117616Kb
 bounds [0x0000025cf83f0000, 0x0000025cf8660000, 0x0000025cff850000]
CodeHeap 'profiled nmethods': size=119104Kb used=5707Kb max_used=5707Kb free=113396Kb
 bounds [0x0000025cf0850000, 0x0000025cf0df0000, 0x0000025cf7ca0000]
CodeHeap 'non-nmethods': size=7488Kb used=1864Kb max_used=3591Kb free=5624Kb
 bounds [0x0000025cf7ca0000, 0x0000025cf8030000, 0x0000025cf83f0000]
 total_blobs=3792 nmethods=2978 adapters=717
 compilation: enabled
              stopped_count=0, restarted_count=0
 full_count=0

Compilation events (20 events):
Event: 5.316 Thread 0x0000025c889a04b0 nmethod 2961 0x0000025cf8565b90 code [0x0000025cf8565d20, 0x0000025cf8565df0]
Event: 5.316 Thread 0x0000025c889a04b0 2963       1       com.sun.marlin.MaskMarlinAlphaConsumer::getMaskData (5 bytes)
Event: 5.316 Thread 0x0000025c889a04b0 nmethod 2963 0x0000025cf8565e90 code [0x0000025cf8566020, 0x0000025cf85660f0]
Event: 5.316 Thread 0x0000025c87f4aa50 nmethod 2962 0x0000025cf8566190 code [0x0000025cf8566320, 0x0000025cf85663f0]
Event: 5.316 Thread 0x0000025c889a04b0 2964       1       com.sun.prism.impl.shape.MaskData::getMaskBuffer (5 bytes)
Event: 5.316 Thread 0x0000025c889a04b0 nmethod 2964 0x0000025cf8566490 code [0x0000025cf8566620, 0x0000025cf85666f0]
Event: 5.325 Thread 0x0000025cce583b60 nmethod 2951 0x0000025cf0dccf90 code [0x0000025cf0dce500, 0x0000025cf0ddbe18]
Event: 5.362 Thread 0x0000025cce583b60 2966       1       com.intellij.rt.debugger.agent.CaptureStorage$WeakKey::hashCode (5 bytes)
Event: 5.363 Thread 0x0000025cce583b60 nmethod 2966 0x0000025cf8566790 code [0x0000025cf8566920, 0x0000025cf85669e8]
Event: 5.387 Thread 0x0000025c889a04b0 2968       3       javafx.scene.Node::pseudoClassStateChanged (59 bytes)
Event: 5.388 Thread 0x0000025c889a04b0 nmethod 2968 0x0000025cf0de1d10 code [0x0000025cf0de1f20, 0x0000025cf0de2440]
Event: 5.403 Thread 0x0000025c87f48800 nmethod 2965 0x0000025cf8566a90 code [0x0000025cf8566de0, 0x0000025cf856cf78]
Event: 5.403 Thread 0x0000025c87f48800 2967       4       com.sun.javafx.event.EventDispatchChainImpl::dispatchEvent (101 bytes)
Event: 5.404 Thread 0x0000025c87f48800 nmethod 2967 0x0000025cf8571210 code [0x0000025cf85713a0, 0x0000025cf85715b8]
Event: 15.163 Thread 0x0000025c87f4aa50 2969       3       java.util.concurrent.locks.AbstractQueuedSynchronizer$ConditionObject::canReacquire (38 bytes)
Event: 15.164 Thread 0x0000025c87f4aa50 nmethod 2969 0x0000025cf0de2690 code [0x0000025cf0de2860, 0x0000025cf0de2bc0]
Event: 87.224 Thread 0x0000025c87f48800 2970       4       com.sun.javafx.tk.quantum.QuantumToolkit::postPulse (133 bytes)
Event: 87.226 Thread 0x0000025c87f48800 nmethod 2970 0x0000025cf8571790 code [0x0000025cf8571960, 0x0000025cf8571c18]
Event: 87.226 Thread 0x0000025c87f48800 2971       4       com.sun.javafx.tk.quantum.QuantumToolkit$$Lambda/0x0000025c8a085870::run (8 bytes)
Event: 87.228 Thread 0x0000025c87f48800 nmethod 2971 0x0000025cf8571e90 code [0x0000025cf8572080, 0x0000025cf8572400]

GC Heap History (4 events):
Event: 0.405 GC heap before
{Heap before GC invocations=0 (full 0):
 garbage-first heap   total 258048K, used 22528K [0x0000000704a00000, 0x0000000800000000)
  region size 2048K, 11 young (22528K), 0 survivors (0K)
 Metaspace       used 4033K, committed 4160K, reserved 1114112K
  class space    used 393K, committed 448K, reserved 1048576K
}
Event: 0.407 GC heap after
{Heap after GC invocations=1 (full 0):
 garbage-first heap   total 258048K, used 2186K [0x0000000704a00000, 0x0000000800000000)
  region size 2048K, 2 young (4096K), 2 survivors (4096K)
 Metaspace       used 4033K, committed 4160K, reserved 1114112K
  class space    used 393K, committed 448K, reserved 1048576K
}
Event: 0.881 GC heap before
{Heap before GC invocations=1 (full 0):
 garbage-first heap   total 258048K, used 49290K [0x0000000704a00000, 0x0000000800000000)
  region size 2048K, 26 young (53248K), 2 survivors (4096K)
 Metaspace       used 13315K, committed 13568K, reserved 1114112K
  class space    used 2099K, committed 2240K, reserved 1048576K
}
Event: 0.883 GC heap after
{Heap after GC invocations=2 (full 0):
 garbage-first heap   total 258048K, used 5710K [0x0000000704a00000, 0x0000000800000000)
  region size 2048K, 3 young (6144K), 3 survivors (6144K)
 Metaspace       used 13315K, committed 13568K, reserved 1114112K
  class space    used 2099K, committed 2240K, reserved 1048576K
}

Dll operation events (20 events):
Event: 0.244 Loaded shared library C:\Users\flori\.openjfx\cache\21+31\amd64\api-ms-win-crt-locale-l1-1-0.dll
Event: 0.246 Loaded shared library C:\Users\flori\.openjfx\cache\21+31\amd64\api-ms-win-crt-math-l1-1-0.dll
Event: 0.247 Loaded shared library C:\Users\flori\.openjfx\cache\21+31\amd64\api-ms-win-crt-multibyte-l1-1-0.dll
Event: 0.249 Loaded shared library C:\Users\flori\.openjfx\cache\21+31\amd64\api-ms-win-crt-private-l1-1-0.dll
Event: 0.250 Loaded shared library C:\Users\flori\.openjfx\cache\21+31\amd64\api-ms-win-crt-process-l1-1-0.dll
Event: 0.252 Loaded shared library C:\Users\flori\.openjfx\cache\21+31\amd64\api-ms-win-crt-runtime-l1-1-0.dll
Event: 0.253 Loaded shared library C:\Users\flori\.openjfx\cache\21+31\amd64\api-ms-win-crt-stdio-l1-1-0.dll
Event: 0.255 Loaded shared library C:\Users\flori\.openjfx\cache\21+31\amd64\api-ms-win-crt-string-l1-1-0.dll
Event: 0.256 Loaded shared library C:\Users\flori\.openjfx\cache\21+31\amd64\api-ms-win-crt-time-l1-1-0.dll
Event: 0.258 Loaded shared library C:\Users\flori\.openjfx\cache\21+31\amd64\api-ms-win-crt-utility-l1-1-0.dll
Event: 0.266 Loaded shared library C:\Users\flori\.openjfx\cache\21+31\amd64\ucrtbase.dll
Event: 0.269 Loaded shared library C:\Users\flori\.openjfx\cache\21+31\amd64\vcruntime140.dll
Event: 0.270 Loaded shared library C:\Users\flori\.openjfx\cache\21+31\amd64\vcruntime140_1.dll
Event: 0.276 Loaded shared library C:\Users\flori\.openjfx\cache\21+31\amd64\msvcp140.dll
Event: 0.277 Loaded shared library C:\Users\flori\.openjfx\cache\21+31\amd64\msvcp140_1.dll
Event: 0.280 Loaded shared library C:\Users\flori\.openjfx\cache\21+31\amd64\msvcp140_2.dll
Event: 0.307 Loaded shared library C:\Users\flori\.openjfx\cache\21+31\amd64\prism_d3d.dll
Event: 0.398 Loaded shared library C:\Users\flori\.openjfx\cache\21+31\amd64\glass.dll
Event: 0.510 Loaded shared library C:\Users\flori\.openjfx\cache\21+31\amd64\javafx_font.dll
Event: 0.587 Loaded shared library C:\Users\flori\.jdks\corretto-21.0.5\bin\jimage.dll

Deoptimization events (20 events):
Event: 3.947 Thread 0x0000025ccefbf1b0 DEOPT PACKING pc=0x0000025cf84ece08 sp=0x000000738f8faeb0
Event: 3.947 Thread 0x0000025ccefbf1b0 DEOPT UNPACKING pc=0x0000025cf7cf46a2 sp=0x000000738f8fae08 mode 2
Event: 3.981 Thread 0x0000025cce7abeb0 Uncommon trap: trap_request=0xffffff45 fr.pc=0x0000025cf84efcc0 relative=0x00000000000000a0
Event: 3.981 Thread 0x0000025cce7abeb0 Uncommon trap: reason=unstable_if action=reinterpret pc=0x0000025cf84efcc0 method=com.sun.javafx.geom.RectBounds.isEmpty()Z @ 21 c2
Event: 3.981 Thread 0x0000025cce7abeb0 DEOPT PACKING pc=0x0000025cf84efcc0 sp=0x000000738f3fcdf0
Event: 3.981 Thread 0x0000025cce7abeb0 DEOPT UNPACKING pc=0x0000025cf7cf46a2 sp=0x000000738f3fcd90 mode 2
Event: 3.993 Thread 0x0000025cce7abeb0 DEOPT PACKING pc=0x0000025cf0ccd853 sp=0x000000738f3fda60
Event: 3.993 Thread 0x0000025cce7abeb0 DEOPT UNPACKING pc=0x0000025cf7cf4e42 sp=0x000000738f3fcec8 mode 0
Event: 4.206 Thread 0x0000025cce7abeb0 DEOPT PACKING pc=0x0000025cf0c27cc2 sp=0x000000738f3fdd20
Event: 4.206 Thread 0x0000025cce7abeb0 DEOPT UNPACKING pc=0x0000025cf7cf4e42 sp=0x000000738f3fd1b0 mode 0
Event: 4.208 Thread 0x0000025cce7abeb0 DEOPT PACKING pc=0x0000025cf0c27cc2 sp=0x000000738f3fe010
Event: 4.208 Thread 0x0000025cce7abeb0 DEOPT UNPACKING pc=0x0000025cf7cf4e42 sp=0x000000738f3fd4a0 mode 0
Event: 4.815 Thread 0x0000025cce7abeb0 DEOPT PACKING pc=0x0000025cf0d864f6 sp=0x000000738f3fdac0
Event: 4.815 Thread 0x0000025cce7abeb0 DEOPT UNPACKING pc=0x0000025cf7cf4e42 sp=0x000000738f3fcfa0 mode 0
Event: 4.816 Thread 0x0000025cce7abeb0 DEOPT PACKING pc=0x0000025cf0c28d52 sp=0x000000738f3fd950
Event: 4.816 Thread 0x0000025cce7abeb0 DEOPT UNPACKING pc=0x0000025cf7cf4e42 sp=0x000000738f3fcd38 mode 0
Event: 5.316 Thread 0x0000025cce7abeb0 DEOPT PACKING pc=0x0000025cf0d86737 sp=0x000000738f3fdac0
Event: 5.316 Thread 0x0000025cce7abeb0 DEOPT UNPACKING pc=0x0000025cf7cf4e42 sp=0x000000738f3fcfa0 mode 0
Event: 111.926 Thread 0x0000025cd00ad5c0 DEOPT PACKING pc=0x0000025cf0ad28dc sp=0x000000738d5feff0
Event: 111.926 Thread 0x0000025cd00ad5c0 DEOPT UNPACKING pc=0x0000025cf7cf4e42 sp=0x000000738d5fe450 mode 1

Classes loaded (20 events):
Event: 5.392 Loading class java/io/BufferedReader
Event: 5.392 Loading class java/io/BufferedReader done
Event: 5.475 Loading class java/io/DataOutputStream
Event: 5.475 Loading class java/io/DataOutputStream done
Event: 94.472 Loading class java/lang/Math$RandomNumberGeneratorHolder
Event: 94.472 Loading class java/lang/Math$RandomNumberGeneratorHolder done
Event: 94.494 Loading class java/util/PriorityQueue
Event: 94.494 Loading class java/util/PriorityQueue done
Event: 94.494 Loading class com/example/chemin_interface/steering_astar/Astar/Details
Event: 94.494 Loading class com/example/chemin_interface/steering_astar/Astar/Details done
Event: 94.495 Loading class com/example/chemin_interface/steering_astar/Astar/Details
Event: 94.495 Loading class com/example/chemin_interface/steering_astar/Astar/Details done
Event: 94.498 Loading class java/util/Stack
Event: 94.498 Loading class java/util/Stack done
Event: 111.925 Loading class jdk/internal/misc/Signal$1
Event: 111.925 Loading class jdk/internal/misc/Signal$1 done
Event: 111.926 Loading class com/sun/javafx/tk/quantum/QuantumRenderer
Event: 111.926 Loading class com/sun/javafx/tk/quantum/QuantumRenderer done
Event: 111.926 Loading class com/sun/javafx/tk/quantum/QuantumToolkit
Event: 111.926 Loading class com/sun/javafx/tk/quantum/QuantumToolkit done

Classes unloaded (0 events):
No events

Classes redefined (0 events):
No events

Internal exceptions (20 events):
Event: 0.615 Thread 0x0000025ccefbf1b0 Implicit null exception at 0x0000025cf8410ebd to 0x0000025cf8410f45
Event: 0.690 Thread 0x0000025ccefbf1b0 Exception <a 'java/lang/IncompatibleClassChangeError'{0x00000007121a36a0}: Found class java.lang.Object, but interface was expected> (0x00000007121a36a0) 
thrown [s\src\hotspot\share\interpreter\linkResolver.cpp, line 840]
Event: 0.742 Thread 0x0000025ccefbf1b0 Exception <a 'java/lang/ClassNotFoundException'{0x0000000711d2ee38}: com/sun/javafx/scene/control/skin/resources/controls> (0x0000000711d2ee38) 
thrown [s\src\hotspot\share\prims\jni.cpp, line 539]
Event: 0.743 Thread 0x0000025ccefbf1b0 Exception <a 'java/lang/ClassNotFoundException'{0x0000000711d3d048}: com/sun/javafx/scene/control/skin/resources/controls_fr> (0x0000000711d3d048) 
thrown [s\src\hotspot\share\prims\jni.cpp, line 539]
Event: 0.744 Thread 0x0000025ccefbf1b0 Exception <a 'java/lang/ClassNotFoundException'{0x0000000711d4ab58}: com/sun/javafx/scene/control/skin/resources/controls_fr_FR> (0x0000000711d4ab58) 
thrown [s\src\hotspot\share\prims\jni.cpp, line 539]
Event: 0.775 Thread 0x0000025ccefbf1b0 Exception <a 'java/lang/NoSuchMethodError'{0x0000000711b4b590}: 'int java.lang.invoke.DirectMethodHandle$Holder.invokeSpecial(java.lang.Object, java.lang.Object, int)'> (0x0000000711b4b590) 
thrown [s\src\hotspot\share\interpreter\linkResolver.cpp, line 773]
Event: 0.838 Thread 0x0000025ccefbf1b0 Exception <a 'java/lang/NoSuchMethodError'{0x00000007119a9d60}: 'int java.lang.invoke.DirectMethodHandle$Holder.invokeSpecial(java.lang.Object, java.lang.Object, java.lang.Object, int)'> (0x00000007119a9d60) 
thrown [s\src\hotspot\share\interpreter\linkResolver.cpp, line 773]
Event: 0.839 Thread 0x0000025ccefbf1b0 Exception <a 'java/lang/NoSuchMethodError'{0x00000007119be770}: 'java.lang.Object java.lang.invoke.DirectMethodHandle$Holder.invokeStatic(java.lang.Object, java.lang.Object, java.lang.Object, java.lang.Object, int)'> (0x00000007119be770) 
thrown [s\src\hotspot\share\interpreter\linkResolver.cpp, line 773]
Event: 0.839 Thread 0x0000025ccefbf1b0 Exception <a 'java/lang/NoSuchMethodError'{0x00000007119c6d68}: 'int java.lang.invoke.DirectMethodHandle$Holder.invokeSpecial(java.lang.Object, java.lang.Object, java.lang.Object)'> (0x00000007119c6d68) 
thrown [s\src\hotspot\share\interpreter\linkResolver.cpp, line 773]
Event: 0.913 Thread 0x0000025ccefbf1b0 Exception <a 'java/lang/NoSuchMethodError'{0x00000007143e6bd8}: 'java.lang.Object java.lang.invoke.DirectMethodHandle$Holder.newInvokeSpecial(java.lang.Object, java.lang.Object, int)'> (0x00000007143e6bd8) 
thrown [s\src\hotspot\share\interpreter\linkResolver.cpp, line 773]
Event: 0.943 Thread 0x0000025cce7abeb0 Exception <a 'java/lang/NoSuchMethodError'{0x0000000713e25210}: 'int java.lang.invoke.DirectMethodHandle$Holder.invokeStaticInit(java.lang.Object, java.lang.Object)'> (0x0000000713e25210) 
thrown [s\src\hotspot\share\interpreter\linkResolver.cpp, line 773]
Event: 3.555 Thread 0x0000025ccefbf1b0 Exception <a 'java/lang/NoSuchMethodError'{0x00000007139e4210}: 'long java.lang.invoke.DirectMethodHandle$Holder.invokeStatic(java.lang.Object, java.lang.Object, java.lang.Object)'> (0x00000007139e4210) 
thrown [s\src\hotspot\share\interpreter\linkResolver.cpp, line 773]
Event: 3.556 Thread 0x0000025ccefbf1b0 Exception <a 'java/lang/NoSuchMethodError'{0x00000007139e78a0}: 'long java.lang.invoke.DirectMethodHandle$Holder.invokeStaticInit(java.lang.Object, java.lang.Object, java.lang.Object)'> (0x00000007139e78a0) 
thrown [s\src\hotspot\share\interpreter\linkResolver.cpp, line 773]
Event: 3.556 Thread 0x0000025ccefbf1b0 Exception <a 'java/lang/NoSuchMethodError'{0x00000007139fc3f0}: 'java.lang.Object java.lang.invoke.DirectMethodHandle$Holder.newInvokeSpecial(java.lang.Object, java.lang.Object, long)'> (0x00000007139fc3f0) 
thrown [s\src\hotspot\share\interpreter\linkResolver.cpp, line 773]
Event: 3.557 Thread 0x0000025ccefbf1b0 Exception <a 'java/lang/NoSuchMethodError'{0x00000007139ffd08}: 'java.lang.Object java.lang.invoke.Invokers$Holder.linkToTargetMethod(java.lang.Object, long, java.lang.Object)'> (0x00000007139ffd08) 
thrown [s\src\hotspot\share\interpreter\linkResolver.cpp, line 773]
Event: 3.831 Thread 0x0000025ccefbf1b0 Exception <a 'java/lang/NoSuchMethodError'{0x000000071361a490}: 'java.lang.Object java.lang.invoke.DirectMethodHandle$Holder.newInvokeSpecial(java.lang.Object, java.lang.Object, int, int, int, int, int, java.lang.Object)'> (0x000000071361a490) 
thrown [s\src\hotspot\share\interpreter\linkResolver.cpp, line 773]
Event: 3.832 Thread 0x0000025ccefbf1b0 Exception <a 'java/lang/NoSuchMethodError'{0x000000071362c4b0}: 'java.lang.Object java.lang.invoke.DirectMethodHandle$Holder.newInvokeSpecial(java.lang.Object, java.lang.Object, java.lang.Object, int, int, int, int, int)'> (0x000000071362c4b0) 
thrown [s\src\hotspot\share\interpreter\linkResolver.cpp, line 773]
Event: 3.832 Thread 0x0000025ccefbf1b0 Exception <a 'java/lang/NoSuchMethodError'{0x0000000713633af0}: 'java.lang.Object java.lang.invoke.Invokers$Holder.linkToTargetMethod(java.lang.Object, java.lang.Object, int, int, int, int, int, java.lang.Object)'> (0x0000000713633af0) 
thrown [s\src\hotspot\share\interpreter\linkResolver.cpp, line 773]
Event: 3.976 Thread 0x0000025cce7abeb0 Exception <a 'java/lang/NoSuchMethodError'{0x0000000713414698}: 'java.lang.Object java.lang.invoke.DirectMethodHandle$Holder.invokeStaticInit(java.lang.Object, int)'> (0x0000000713414698) 
thrown [s\src\hotspot\share\interpreter\linkResolver.cpp, line 773]
Event: 94.483 Thread 0x0000025ccefbf1b0 Exception <a 'java/lang/NoSuchMethodError'{0x0000000713274e88}: 'java.lang.Object java.lang.invoke.DirectMethodHandle$Holder.invokeSpecial(java.lang.Object, java.lang.Object, double, double)'> (0x0000000713274e88) 
thrown [s\src\hotspot\share\interpreter\linkResolver.cpp, line 773]

ZGC Phase Switch (0 events):
No events

VM Operations (20 events):
Event: 106.952 Executing VM operation: get/set locals done
Event: 106.953 Executing VM operation: get/set locals
Event: 106.953 Executing VM operation: get/set locals done
Event: 106.953 Executing VM operation: get/set locals
Event: 106.953 Executing VM operation: get/set locals done
Event: 106.953 Executing VM operation: get/set locals
Event: 106.953 Executing VM operation: get/set locals done
Event: 106.953 Executing VM operation: get/set locals
Event: 106.953 Executing VM operation: get/set locals done
Event: 106.953 Executing VM operation: get/set locals
Event: 106.953 Executing VM operation: get/set locals done
Event: 111.902 Executing VM operation: ChangeBreakpoints
Event: 111.902 Executing VM operation: ChangeBreakpoints done
Event: 111.902 Executing VM operation: ChangeBreakpoints
Event: 111.902 Executing VM operation: ChangeBreakpoints done
Event: 111.902 Executing VM operation: ChangeBreakpoints
Event: 111.902 Executing VM operation: ChangeBreakpoints done
Event: 111.902 Executing VM operation: ChangeBreakpoints
Event: 111.902 Executing VM operation: ChangeBreakpoints done
Event: 111.926 Executing VM operation: Exit

Memory protections (0 events):
No events

Nmethod flushes (0 events):
No events

Events (20 events):
Event: 1.562 Thread 0x0000025c88add150 Thread exited: 0x0000025c88add150
Event: 2.431 Thread 0x0000025c87f4aa50 Thread added: 0x0000025cd0322f80
Event: 2.431 Thread 0x0000025c87f4aa50 Thread added: 0x0000025cd0323620
Event: 3.394 Thread 0x0000025cd0323620 Thread exited: 0x0000025cd0323620
Event: 3.395 Thread 0x0000025cd0322f80 Thread exited: 0x0000025cd0322f80
Event: 3.952 Thread 0x0000025c87f4aa50 Thread added: 0x0000025cd03bad30
Event: 3.960 Thread 0x0000025c889a04b0 Thread added: 0x0000025ccf18ebe0
Event: 3.964 Thread 0x0000025c87f4aa50 Thread added: 0x0000025cce583b60
Event: 4.310 Thread 0x0000025ccf18ebe0 Thread exited: 0x0000025ccf18ebe0
Event: 4.354 Thread 0x0000025cd03bad30 Thread exited: 0x0000025cd03bad30
Event: 10.388 Thread 0x0000025cce583b60 Thread exited: 0x0000025cce583b60
Event: 10.388 Thread 0x0000025c889a04b0 Thread exited: 0x0000025c889a04b0
Event: 111.902 Thread 0x0000025cce89b7e0 Thread exited: 0x0000025cce89b7e0
Event: 111.903 Thread 0x0000025cce79d800 Thread exited: 0x0000025cce79d800
Event: 111.925 Thread 0x0000025c87f3b290 Thread added: 0x0000025cd00ae970
Event: 111.926 Thread 0x0000025cd00ae970 Thread added: 0x0000025cd00ae2e0
Event: 111.926 Thread 0x0000025cd00ae970 Thread added: 0x0000025cd00ad5c0
Event: 111.926 Thread 0x0000025cd00ae2e0 Thread exited: 0x0000025cd00ae2e0
Event: 111.926 Thread 0x0000025cd00ad5c0 Thread exited: 0x0000025cd00ad5c0
Event: 111.926 Thread 0x0000025cd00ae970 Before exit entered


Dynamic libraries:
0x00007ff647670000 - 0x00007ff64767e000 	C:\Users\flori\.jdks\corretto-21.0.5\bin\java.exe
0x00007ff8f4710000 - 0x00007ff8f4927000 	C:\Windows\SYSTEM32\ntdll.dll
0x00007ff8f2cd0000 - 0x00007ff8f2d94000 	C:\Windows\System32\KERNEL32.DLL
0x00007ff8f1e10000 - 0x00007ff8f21c9000 	C:\Windows\System32\KERNELBASE.dll
0x00007ff8f1cf0000 - 0x00007ff8f1e01000 	C:\Windows\System32\ucrtbase.dll
0x00007ff8e30f0000 - 0x00007ff8e3108000 	C:\Users\flori\.jdks\corretto-21.0.5\bin\jli.dll
0x00007ff8e3140000 - 0x00007ff8e315b000 	C:\Users\flori\.jdks\corretto-21.0.5\bin\VCRUNTIME140.dll
0x00007ff8f3f00000 - 0x00007ff8f40ae000 	C:\Windows\System32\USER32.dll
0x00007ff8f1a10000 - 0x00007ff8f1a36000 	C:\Windows\System32\win32u.dll
0x00007ff8e77f0000 - 0x00007ff8e7a82000 	C:\Windows\WinSxS\amd64_microsoft.windows.common-controls_6595b64144ccf1df_6.0.22621.4391_none_2715d37f73803e96\COMCTL32.dll
0x00007ff8f3e30000 - 0x00007ff8f3e59000 	C:\Windows\System32\GDI32.dll
0x00007ff8f2620000 - 0x00007ff8f26c7000 	C:\Windows\System32\msvcrt.dll
0x00007ff8f1a40000 - 0x00007ff8f1b5b000 	C:\Windows\System32\gdi32full.dll
0x00007ff8f1bd0000 - 0x00007ff8f1c6a000 	C:\Windows\System32\msvcp_win.dll
0x00007ff8f26d0000 - 0x00007ff8f2701000 	C:\Windows\System32\IMM32.DLL
0x00007ff8eac20000 - 0x00007ff8eac2c000 	C:\Users\flori\.jdks\corretto-21.0.5\bin\vcruntime140_1.dll
0x00007ff8e16c0000 - 0x00007ff8e174d000 	C:\Users\flori\.jdks\corretto-21.0.5\bin\msvcp140.dll
0x00007ff878710000 - 0x00007ff8794ad000 	C:\Users\flori\.jdks\corretto-21.0.5\bin\server\jvm.dll
0x00007ff8f40b0000 - 0x00007ff8f4162000 	C:\Windows\System32\ADVAPI32.dll
0x00007ff8f2a90000 - 0x00007ff8f2b37000 	C:\Windows\System32\sechost.dll
0x00007ff8f21d0000 - 0x00007ff8f21f8000 	C:\Windows\System32\bcrypt.dll
0x00007ff8f2b40000 - 0x00007ff8f2c54000 	C:\Windows\System32\RPCRT4.dll
0x00007ff8f3b90000 - 0x00007ff8f3c01000 	C:\Windows\System32\WS2_32.dll
0x00007ff8f0880000 - 0x00007ff8f08cd000 	C:\Windows\SYSTEM32\POWRPROF.dll
0x00007ff8e5860000 - 0x00007ff8e5894000 	C:\Windows\SYSTEM32\WINMM.dll
0x00007ff8e7bc0000 - 0x00007ff8e7bca000 	C:\Windows\SYSTEM32\VERSION.dll
0x00007ff8f0860000 - 0x00007ff8f0873000 	C:\Windows\SYSTEM32\UMPDC.dll
0x00007ff8f0b40000 - 0x00007ff8f0b58000 	C:\Windows\SYSTEM32\kernel.appcore.dll
0x00007ff8eab50000 - 0x00007ff8eab5a000 	C:\Users\flori\.jdks\corretto-21.0.5\bin\jimage.dll
0x00007ff8eedb0000 - 0x00007ff8eefe2000 	C:\Windows\SYSTEM32\DBGHELP.DLL
0x00007ff8f37e0000 - 0x00007ff8f3b6f000 	C:\Windows\System32\combase.dll
0x00007ff8f4170000 - 0x00007ff8f4247000 	C:\Windows\System32\OLEAUT32.dll
0x00007ff8e6770000 - 0x00007ff8e67a2000 	C:\Windows\SYSTEM32\dbgcore.DLL
0x00007ff8f1c70000 - 0x00007ff8f1ceb000 	C:\Windows\System32\bcryptPrimitives.dll
0x00007ff8e2070000 - 0x00007ff8e20ac000 	C:\Users\flori\.jdks\corretto-21.0.5\bin\jdwp.dll
0x00007ff8ea730000 - 0x00007ff8ea73e000 	C:\Users\flori\.jdks\corretto-21.0.5\bin\instrument.dll
0x00007ff8e30d0000 - 0x00007ff8e30ef000 	C:\Users\flori\.jdks\corretto-21.0.5\bin\java.dll
0x00007ff8e2290000 - 0x00007ff8e22a8000 	C:\Users\flori\.jdks\corretto-21.0.5\bin\zip.dll
0x00007ff8f2da0000 - 0x00007ff8f3616000 	C:\Windows\System32\SHELL32.dll
0x00007ff8ef910000 - 0x00007ff8f0213000 	C:\Windows\SYSTEM32\windows.storage.dll
0x00007ff8ef7d0000 - 0x00007ff8ef90f000 	C:\Windows\SYSTEM32\wintypes.dll
0x00007ff8f2770000 - 0x00007ff8f2869000 	C:\Windows\System32\SHCORE.dll
0x00007ff8f2710000 - 0x00007ff8f276e000 	C:\Windows\System32\shlwapi.dll
0x00007ff8f1940000 - 0x00007ff8f196b000 	C:\Windows\SYSTEM32\profapi.dll
0x00007ff8e0060000 - 0x00007ff8e0137000 	C:\Users\flori\.jdks\corretto-21.0.5\bin\jsvml.dll
0x00007ff8e6b20000 - 0x00007ff8e6b30000 	C:\Users\flori\.jdks\corretto-21.0.5\bin\net.dll
0x00007ff8eb870000 - 0x00007ff8eb9a6000 	C:\Windows\SYSTEM32\WINHTTP.dll
0x00007ff8f0fc0000 - 0x00007ff8f1029000 	C:\Windows\system32\mswsock.dll
0x00007ff8e1cd0000 - 0x00007ff8e1ce6000 	C:\Users\flori\.jdks\corretto-21.0.5\bin\nio.dll
0x00007ff8e30c0000 - 0x00007ff8e30cb000 	C:\Users\flori\.jdks\corretto-21.0.5\bin\dt_socket.dll
0x00007ff8f0530000 - 0x00007ff8f055d000 	C:\Windows\SYSTEM32\IPHLPAPI.DLL
0x0000025c88f00000 - 0x0000025c88f03000 	C:\Users\flori\.openjfx\cache\21+31\amd64\api-ms-win-core-console-l1-1-0.dll
0x0000025c88f10000 - 0x0000025c88f13000 	C:\Users\flori\.openjfx\cache\21+31\amd64\api-ms-win-core-console-l1-2-0.dll
0x0000025c88f20000 - 0x0000025c88f23000 	C:\Users\flori\.openjfx\cache\21+31\amd64\api-ms-win-core-datetime-l1-1-0.dll
0x0000025c88f30000 - 0x0000025c88f33000 	C:\Users\flori\.openjfx\cache\21+31\amd64\api-ms-win-core-debug-l1-1-0.dll
0x0000025c88f40000 - 0x0000025c88f43000 	C:\Users\flori\.openjfx\cache\21+31\amd64\api-ms-win-core-errorhandling-l1-1-0.dll
0x0000025c88f50000 - 0x0000025c88f54000 	C:\Users\flori\.openjfx\cache\21+31\amd64\api-ms-win-core-file-l1-1-0.dll
0x0000025c88f60000 - 0x0000025c88f63000 	C:\Users\flori\.openjfx\cache\21+31\amd64\api-ms-win-core-file-l1-2-0.dll
0x0000025c88f70000 - 0x0000025c88f73000 	C:\Users\flori\.openjfx\cache\21+31\amd64\api-ms-win-core-file-l2-1-0.dll
0x0000025c88f80000 - 0x0000025c88f83000 	C:\Users\flori\.openjfx\cache\21+31\amd64\api-ms-win-core-handle-l1-1-0.dll
0x0000025c88f90000 - 0x0000025c88f93000 	C:\Users\flori\.openjfx\cache\21+31\amd64\api-ms-win-core-heap-l1-1-0.dll
0x0000025c88fa0000 - 0x0000025c88fa3000 	C:\Users\flori\.openjfx\cache\21+31\amd64\api-ms-win-core-interlocked-l1-1-0.dll
0x0000025c88fb0000 - 0x0000025c88fb3000 	C:\Users\flori\.openjfx\cache\21+31\amd64\api-ms-win-core-libraryloader-l1-1-0.dll
0x0000025c88fc0000 - 0x0000025c88fc3000 	C:\Users\flori\.openjfx\cache\21+31\amd64\api-ms-win-core-localization-l1-2-0.dll
0x0000025c88fd0000 - 0x0000025c88fd3000 	C:\Users\flori\.openjfx\cache\21+31\amd64\api-ms-win-core-memory-l1-1-0.dll
0x0000025c88fe0000 - 0x0000025c88fe3000 	C:\Users\flori\.openjfx\cache\21+31\amd64\api-ms-win-core-namedpipe-l1-1-0.dll
0x0000025c88ff0000 - 0x0000025c88ff3000 	C:\Users\flori\.openjfx\cache\21+31\amd64\api-ms-win-core-processenvironment-l1-1-0.dll
0x0000025cd09a0000 - 0x0000025cd09a3000 	C:\Users\flori\.openjfx\cache\21+31\amd64\api-ms-win-core-processthreads-l1-1-0.dll
0x0000025cd09b0000 - 0x0000025cd09b3000 	C:\Users\flori\.openjfx\cache\21+31\amd64\api-ms-win-core-processthreads-l1-1-1.dll
0x0000025cd09c0000 - 0x0000025cd09c3000 	C:\Users\flori\.openjfx\cache\21+31\amd64\api-ms-win-core-profile-l1-1-0.dll
0x0000025cd09d0000 - 0x0000025cd09d3000 	C:\Users\flori\.openjfx\cache\21+31\amd64\api-ms-win-core-rtlsupport-l1-1-0.dll
0x0000025cd09e0000 - 0x0000025cd09e3000 	C:\Users\flori\.openjfx\cache\21+31\amd64\api-ms-win-core-string-l1-1-0.dll
0x0000025cd09f0000 - 0x0000025cd09f3000 	C:\Users\flori\.openjfx\cache\21+31\amd64\api-ms-win-core-synch-l1-1-0.dll
0x0000025cd0a00000 - 0x0000025cd0a03000 	C:\Users\flori\.openjfx\cache\21+31\amd64\api-ms-win-core-synch-l1-2-0.dll
0x0000025c88d20000 - 0x0000025c88d23000 	C:\Users\flori\.openjfx\cache\21+31\amd64\api-ms-win-core-sysinfo-l1-1-0.dll
0x0000025c88d30000 - 0x0000025c88d33000 	C:\Users\flori\.openjfx\cache\21+31\amd64\api-ms-win-core-timezone-l1-1-0.dll
0x0000025c88d40000 - 0x0000025c88d43000 	C:\Users\flori\.openjfx\cache\21+31\amd64\api-ms-win-core-util-l1-1-0.dll
0x0000025c88d50000 - 0x0000025c88d53000 	C:\Users\flori\.openjfx\cache\21+31\amd64\api-ms-win-crt-conio-l1-1-0.dll
0x0000025c88d60000 - 0x0000025c88d64000 	C:\Users\flori\.openjfx\cache\21+31\amd64\api-ms-win-crt-convert-l1-1-0.dll
0x0000025c88d70000 - 0x0000025c88d73000 	C:\Users\flori\.openjfx\cache\21+31\amd64\api-ms-win-crt-environment-l1-1-0.dll
0x0000025c88d80000 - 0x0000025c88d83000 	C:\Users\flori\.openjfx\cache\21+31\amd64\api-ms-win-crt-filesystem-l1-1-0.dll
0x0000025c88d90000 - 0x0000025c88d93000 	C:\Users\flori\.openjfx\cache\21+31\amd64\api-ms-win-crt-heap-l1-1-0.dll
0x0000025c88da0000 - 0x0000025c88da3000 	C:\Users\flori\.openjfx\cache\21+31\amd64\api-ms-win-crt-locale-l1-1-0.dll
0x0000025c88db0000 - 0x0000025c88db5000 	C:\Users\flori\.openjfx\cache\21+31\amd64\api-ms-win-crt-math-l1-1-0.dll
0x0000025c88dc0000 - 0x0000025c88dc5000 	C:\Users\flori\.openjfx\cache\21+31\amd64\api-ms-win-crt-multibyte-l1-1-0.dll
0x0000025c88dd0000 - 0x0000025c88de0000 	C:\Users\flori\.openjfx\cache\21+31\amd64\api-ms-win-crt-private-l1-1-0.dll
0x0000025c88de0000 - 0x0000025c88de3000 	C:\Users\flori\.openjfx\cache\21+31\amd64\api-ms-win-crt-process-l1-1-0.dll
0x0000025c88df0000 - 0x0000025c88df4000 	C:\Users\flori\.openjfx\cache\21+31\amd64\api-ms-win-crt-runtime-l1-1-0.dll
0x0000025c88e00000 - 0x0000025c88e04000 	C:\Users\flori\.openjfx\cache\21+31\amd64\api-ms-win-crt-stdio-l1-1-0.dll
0x0000025c88e10000 - 0x0000025c88e14000 	C:\Users\flori\.openjfx\cache\21+31\amd64\api-ms-win-crt-string-l1-1-0.dll
0x0000025c88e20000 - 0x0000025c88e23000 	C:\Users\flori\.openjfx\cache\21+31\amd64\api-ms-win-crt-time-l1-1-0.dll
0x0000025c88e30000 - 0x0000025c88e33000 	C:\Users\flori\.openjfx\cache\21+31\amd64\api-ms-win-crt-utility-l1-1-0.dll
0x00007ff8dff60000 - 0x00007ff8e005c000 	C:\Users\flori\.openjfx\cache\21+31\amd64\ucrtbase.dll
0x00007ff8e1c90000 - 0x00007ff8e1cab000 	C:\Users\flori\.openjfx\cache\21+31\amd64\vcruntime140.dll
0x00007ff8e1c80000 - 0x00007ff8e1c8c000 	C:\Users\flori\.openjfx\cache\21+31\amd64\vcruntime140_1.dll
0x00007ff8dfed0000 - 0x00007ff8dff5e000 	C:\Users\flori\.openjfx\cache\21+31\amd64\msvcp140.dll
0x00007ff8f3620000 - 0x00007ff8f37c5000 	C:\Windows\System32\ole32.dll
0x00007ff8e1c70000 - 0x00007ff8e1c79000 	C:\Users\flori\.openjfx\cache\21+31\amd64\msvcp140_1.dll
0x00007ff8e06d0000 - 0x00007ff8e06ff000 	C:\Users\flori\.openjfx\cache\21+31\amd64\msvcp140_2.dll
0x00007ff8e0690000 - 0x00007ff8e06bf000 	C:\Users\flori\.openjfx\cache\21+31\amd64\prism_d3d.dll
0x00007ff8ad790000 - 0x00007ff8ad938000 	C:\Windows\system32\d3d9.dll
0x00007ff8ebfd0000 - 0x00007ff8ebffb000 	C:\Windows\SYSTEM32\dwmapi.dll
0x00007ff8ef010000 - 0x00007ff8ef047000 	C:\Windows\SYSTEM32\dxcore.dll
0x00007ff8ebd50000 - 0x00007ff8ebe01000 	C:\Windows\system32\uxtheme.dll
0x00007ff8b3290000 - 0x00007ff8b3340000 	C:\Windows\SYSTEM32\d3d9on12.dll
0x00007ff8ebed0000 - 0x00007ff8ebfc7000 	C:\Windows\SYSTEM32\dxgi.dll
0x00007ff8bc590000 - 0x00007ff8bc5b6000 	C:\Windows\SYSTEM32\d3d12.dll
0x00007ff8f1700000 - 0x00007ff8f174e000 	C:\Windows\SYSTEM32\cfgmgr32.dll
0x00007ff8ac6f0000 - 0x00007ff8ac8f2000 	C:\Windows\SYSTEM32\D3D12Core.dll
0x00007ff8bc160000 - 0x00007ff8bc187000 	C:\Windows\System32\DriverStore\FileRepository\iigd_dch.inf_amd64_5b1252b3763da959\igd12umd64.dll
0x00007ff8a8d30000 - 0x00007ff8a99e9000 	C:\Windows\System32\DriverStore\FileRepository\iigd_dch.inf_amd64_5b1252b3763da959\igd12um64xel.dll
0x00007ff8f22c0000 - 0x00007ff8f2426000 	C:\Windows\System32\CRYPT32.dll
0x00007ff8af8c0000 - 0x00007ff8af904000 	C:\Windows\SYSTEM32\ControlLib.dll
0x00007ff8f4250000 - 0x00007ff8f46c4000 	C:\Windows\System32\SETUPAPI.dll
0x00007ff8f16d0000 - 0x00007ff8f16fc000 	C:\Windows\SYSTEM32\DEVOBJ.dll
0x00007ff8e3af0000 - 0x00007ff8e3b78000 	C:\Windows\System32\DriverStore\FileRepository\iigd_dch.inf_amd64_5b1252b3763da959\IntelControlLib.dll
0x00007ff8f1b60000 - 0x00007ff8f1bcc000 	C:\Windows\System32\WINTRUST.dll
0x00007ff8f16b0000 - 0x00007ff8f16c2000 	C:\Windows\SYSTEM32\MSASN1.dll
0x00007ff8e7b50000 - 0x00007ff8e7b99000 	C:\Windows\SYSTEM32\directxdatabasehelper.dll
0x00007ff8e27b0000 - 0x00007ff8e2bc7000 	C:\Windows\System32\DriverStore\FileRepository\iigd_dch.inf_amd64_5b1252b3763da959\igdgmm64.dll
0x00007ff8daa50000 - 0x00007ff8de74c000 	C:\Windows\System32\DriverStore\FileRepository\iigd_dch.inf_amd64_5b1252b3763da959\igc64.dll
0x00007ff8b75e0000 - 0x00007ff8b760f000 	C:\Windows\SYSTEM32\D3DSCache.dll
0x00007ff8f10b0000 - 0x00007ff8f10d8000 	C:\Windows\SYSTEM32\USERENV.dll
0x00007ff8a6e60000 - 0x00007ff8a8205000 	C:\Windows\System32\DriverStore\FileRepository\iigd_dch.inf_amd64_5b1252b3763da959\igd12dxva64.dll
0x00007ff8a3ba0000 - 0x00007ff8a58c0000 	C:\Windows\System32\DriverStore\FileRepository\iigd_dch.inf_amd64_5b1252b3763da959\media_bin_64.dll
0x00007ff8b7440000 - 0x00007ff8b7467000 	C:\Windows\System32\DriverStore\FileRepository\iigd_dch.inf_amd64_5b1252b3763da959\igdinfo64.dll
0x00007ff8e3840000 - 0x00007ff8e3ae4000 	C:\Windows\SYSTEM32\twinapi.appcore.dll
0x00007ff8dfe80000 - 0x00007ff8dfec2000 	C:\Users\flori\.openjfx\cache\21+31\amd64\glass.dll

dbghelp: loaded successfully - version: 4.0.5 - missing functions: none
symbol engine: initialized successfully - sym options: 0x614 - pdb path: .;C:\Users\flori\.jdks\corretto-21.0.5\bin;C:\Windows\SYSTEM32;C:\Windows\WinSxS\amd64_microsoft.windows.common-controls_6595b64144ccf1df_6.0.22621.4391_none_2715d37f73803e96;C:\Users\flori\.jdks\corretto-21.0.5\bin\server;C:\Users\flori\.openjfx\cache\21+31\amd64;C:\Windows\System32\DriverStore\FileRepository\iigd_dch.inf_amd64_5b1252b3763da959;C:\Program Files\Common Files\Microsoft Shared\Ink

VM Arguments:
jvm_args: -agentlib:jdwp=transport=dt_socket,address=127.0.0.1:65186,suspend=y,server=n -javaagent:C:\Users\flori\AppData\Local\JetBrains\IntelliJIdea2024.2\captureAgent\debugger-agent.jar -Dkotlinx.coroutines.debug.enable.creation.stack.trace=false -Ddebugger.agent.enable.coroutines=true -Dfile.encoding=UTF-8 -Dsun.stdout.encoding=UTF-8 -Dsun.stderr.encoding=UTF-8 --module-path=C:\Users\flori\.m2\repository\org\openjfx\javafx-base\21\javafx-base-21-win.jar;C:\Users\flori\.m2\repository\org\openjfx\javafx-fxml\21\javafx-fxml-21-win.jar;C:\Users\flori\.m2\repository\org\openjfx\javafx-controls\21\javafx-controls-21-win.jar;C:\Users\flori\.m2\repository\org\openjfx\javafx-graphics\21\javafx-graphics-21-win.jar;C:\Users\flori\Documents\Travail IUT\S5\Projet tutoré\Projet_Tutore_RA-IL2_BOURDON_BORTOLOTTI_ROTH_DUCHENE\Chemin_interface\target\classes -Djdk.module.main=com.example.chemin_interface 
java_command: com.example.chemin_interface/com.example.chemin_interface.mains.MainLaby
java_class_path (initial): C:\Users\flori\.m2\repository\org\openjfx\javafx-controls\21\javafx-controls-21.jar;C:\Users\flori\.m2\repository\org\openjfx\javafx-graphics\21\javafx-graphics-21.jar;C:\Users\flori\.m2\repository\org\openjfx\javafx-base\21\javafx-base-21.jar;C:\Users\flori\.m2\repository\org\openjfx\javafx-fxml\21\javafx-fxml-21.jar;C:\Program Files\JetBrains\IntelliJ IDEA 2024.2.1\lib\idea_rt.jar
Launcher Type: SUN_STANDARD

[Global flags]
     intx CICompilerCount                          = 12                                        {product} {ergonomic}
     uint ConcGCThreads                            = 3                                         {product} {ergonomic}
     uint G1ConcRefinementThreads                  = 13                                        {product} {ergonomic}
   size_t G1HeapRegionSize                         = 2097152                                   {product} {ergonomic}
    uintx GCDrainStackTargetSize                   = 64                                        {product} {ergonomic}
   size_t InitialHeapSize                          = 264241152                                 {product} {ergonomic}
   size_t MarkStackSize                            = 4194304                                   {product} {ergonomic}
   size_t MaxHeapSize                              = 4217372672                                {product} {ergonomic}
   size_t MaxNewSize                               = 2529165312                                {product} {ergonomic}
   size_t MinHeapDeltaBytes                        = 2097152                                   {product} {ergonomic}
   size_t MinHeapSize                              = 8388608                                   {product} {ergonomic}
    uintx NonNMethodCodeHeapSize                   = 7602480                                {pd product} {ergonomic}
    uintx NonProfiledCodeHeapSize                  = 122027880                              {pd product} {ergonomic}
    uintx ProfiledCodeHeapSize                     = 122027880                              {pd product} {ergonomic}
    uintx ReservedCodeCacheSize                    = 251658240                              {pd product} {ergonomic}
     bool SegmentedCodeCache                       = true                                      {product} {ergonomic}
   size_t SoftMaxHeapSize                          = 4217372672                             {manageable} {ergonomic}
     bool UseCompressedOops                        = true                           {product lp64_product} {ergonomic}
     bool UseG1GC                                  = true                                      {product} {ergonomic}
     bool UseLargePagesIndividualAllocation        = false                                  {pd product} {ergonomic}

Logging:
Log output configuration:
 #0: stdout all=off uptime,level,tags foldmultilines=false
 #1: stderr all=off uptime,level,tags foldmultilines=false

Environment Variables:
PATH=C:\Program Files\Common Files\Oracle\Java\javapath;C:\Windows\system32;C:\Windows;C:\Windows\System32\Wbem;C:\Windows\System32\WindowsPowerShell\v1.0\;C:\Windows\System32\OpenSSH\;C:\Program Files (x86)\NVIDIA Corporation\PhysX\Common;C:\Program Files\NVIDIA Corporation\NVIDIA NvDLISR;C:\Program Files\Git\cmd;C:\Program Files\MongoDB\Server\5.0\bin;C:\Users\flori\AppData\Local\Microsoft\WindowsApps;C:\Users\flori\AppData\Local\JetBrains\Toolbox\scripts;C:\Program Files\swipl\bin
USERNAME=flori
OS=Windows_NT
PROCESSOR_IDENTIFIER=Intel64 Family 6 Model 186 Stepping 2, GenuineIntel
TMP=C:\Users\flori\AppData\Local\Temp
TEMP=C:\Users\flori\AppData\Local\Temp




Periodic native trim disabled

---------------  S Y S T E M  ---------------

OS:
 Windows 11 , 64 bit Build 22621 (10.0.22621.4391)
OS uptime: 6 days 22:40 hours
Hyper-V role detected

CPU: total 16 (initial active 16) (8 cores per cpu, 2 threads per core) family 6 model 186 stepping 2 microcode 0x410e, cx8, cmov, fxsr, ht, mmx, 3dnowpref, sse, sse2, sse3, ssse3, sse4.1, sse4.2, popcnt, lzcnt, tsc, tscinvbit, avx, avx2, aes, erms, clmul, bmi1, bmi2, adx, sha, fma, vzeroupper, clflush, clflushopt, clwb, hv, serialize, rdtscp, rdpid, fsrm, f16c, cet_ibt, cet_ss
Processor Information for all 16 processors :
  Max Mhz: 2400, Current Mhz: 2400, Mhz Limit: 2400

Memory: 4k page, system-wide physical 16087M (4618M free)
TotalPageFile size 22231M (AvailPageFile size 7540M)
current process WorkingSet (physical memory assigned to process): 301M, peak: 337M
current process commit charge ("private bytes"): 560M, peak: 595M

vm_info: OpenJDK 64-Bit Server VM (21.0.5+11-LTS) for windows-amd64 JRE (21.0.5+11-LTS), built on 2024-10-11T20:58:34Z by "Administrator" with MS VC++ 16.10 / 16.11 (VS2019)

END.
