#
# A fatal error has been detected by the Java Runtime Environment:
#
#  EXCEPTION_ACCESS_VIOLATION (0xc0000005) at pc=0x00007ff8dfea6587, pid=11336, tid=4812
#
# JRE version: OpenJDK Runtime Environment Corretto-21.0.5.11.1 (21.0.5+11) (build 21.0.5+11-LTS)
# Java VM: OpenJDK 64-Bit Server VM Corretto-21.0.5.11.1 (21.0.5+11-LTS, mixed mode, sharing, tiered, compressed oops, compressed class ptrs, g1 gc, windows-amd64)
# Problematic frame:
# C  [glass.dll+0x26587]
#
# No core dump will be written. Minidumps are not enabled by default on client versions of Windows
#
# If you would like to submit a bug report, please visit:
#   https://github.com/corretto/corretto-21/issues/
#

---------------  S U M M A R Y ------------

Command Line: -agentlib:jdwp=transport=dt_socket,address=127.0.0.1:65054,suspend=y,server=n -javaagent:C:\Users\flori\AppData\Local\JetBrains\IntelliJIdea2024.2\captureAgent\debugger-agent.jar -Dkotlinx.coroutines.debug.enable.creation.stack.trace=false -Ddebugger.agent.enable.coroutines=true -Dfile.encoding=UTF-8 -Dsun.stdout.encoding=UTF-8 -Dsun.stderr.encoding=UTF-8 --module-path=C:\Users\flori\.m2\repository\org\openjfx\javafx-base\21\javafx-base-21-win.jar;C:\Users\flori\.m2\repository\org\openjfx\javafx-fxml\21\javafx-fxml-21-win.jar;C:\Users\flori\.m2\repository\org\openjfx\javafx-controls\21\javafx-controls-21-win.jar;C:\Users\flori\.m2\repository\org\openjfx\javafx-graphics\21\javafx-graphics-21-win.jar;C:\Users\flori\Documents\Travail IUT\S5\Projet tutoré\Projet_Tutore_RA-IL2_BOURDON_BORTOLOTTI_ROTH_DUCHENE\Chemin_interface\target\classes -Djdk.module.main=com.example.chemin_interface com.example.chemin_interface/com.example.chemin_interface.mains.MainLaby

Host: 13th Gen Intel(R) Core(TM) i7-13620H, 16 cores, 15G,  Windows 11 , 64 bit Build 22621 (10.0.22621.4391)
Time: Tue Dec 17 10:47:43 2024 Paris, Madrid elapsed time: 40.974670 seconds (0d 0h 0m 40s)

---------------  T H R E A D  ---------------

Current thread (0x000002057ed3bce0):  VMThread "VM Thread"          [id=4812, stack(0x000000bf78100000,0x000000bf78200000) (1024K)]

Stack: [0x000000bf78100000,0x000000bf78200000],  sp=0x000000bf781febf0,  free space=1018k
Native frames: (J=compiled Java code, j=interpreted, Vv=VM code, C=native code)
C  [glass.dll+0x26587]


siginfo: EXCEPTION_ACCESS_VIOLATION (0xc0000005), reading address 0x0000000000000000


Registers:
RAX=0x0000000000000000, RBX=0x000002057ed4867a, RCX=0x000002057ed3bce0, RDX=0x000000bf781febf0
RSP=0x000000bf781febf0, RBP=0x0000020545800888, RSI=0x000000bf781fecf8, RDI=0x0000020545800860
R8 =0x0000000000010002, R9 =0x0000020545800860, R10=0x85f13e9656da4870, R11=0x000000bf781feb80
R12=0x00007ff8dfea3ed0, R13=0x00007ff8793f41c0, R14=0x00005bed3e78afb6, R15=0x0000020545800860
RIP=0x00007ff8dfea6587, EFLAGS=0x0000000000010206


Register to memory mapping:

RAX=0x0 is null
RBX=0x000002057ed4867a is a global jni handle
RCX=0x000002057ed3bce0 points into unknown readable memory: 0x00007ff8791f34e0 | e0 34 1f 79 f8 7f 00 00
RDX=0x000000bf781febf0 points into unknown readable memory: 0x0000000000000000 | 00 00 00 00 00 00 00 00
RSP=0x000000bf781febf0 points into unknown readable memory: 0x0000000000000000 | 00 00 00 00 00 00 00 00
RBP=0x0000020545800888 points into unknown readable memory: 0x00005bed3e78afb6 | b6 af 78 3e ed 5b 00 00
RSI=0x000000bf781fecf8 points into unknown readable memory: 0x000000bf781fece0 | e0 ec 1f 78 bf 00 00 00
RDI=0x0000020545800860 points into unknown readable memory: 0x7a005bf2c04f5538 | 38 55 4f c0 f2 5b 00 7a
R8 =0x0000000000010002 is an unknown value
R9 =0x0000020545800860 points into unknown readable memory: 0x7a005bf2c04f5538 | 38 55 4f c0 f2 5b 00 7a
R10=0x85f13e9656da4870 is an unknown value
R11=0x000000bf781feb80 points into unknown readable memory: 0x0000020545800860 | 60 08 80 45 05 02 00 00
R12=0x00007ff8dfea3ed0 glass.dll
R13=0x00007ff8793f41c0 jvm.dll
R14=0x00005bed3e78afb6 is an unknown value
R15=0x0000020545800860 points into unknown readable memory: 0x7a005bf2c04f5538 | 38 55 4f c0 f2 5b 00 7a

Top of Stack: (sp=0x000000bf781febf0)
0x000000bf781febf0:   0000000000000000 000000bf781fecf8
0x000000bf781fec00:   00007ff8793f41c0 00007ff8dfea3ed0
0x000000bf781fec10:   0000020545800868 00007ff8f1d43a93
0x000000bf781fec20:   0000020545800860 0000020500000000
0x000000bf781fec30:   0000020545800888 000000bf781fecf8
0x000000bf781fec40:   fffffffffffffffe 0000000000000000
0x000000bf781fec50:   0000000000000001 00007ff8dfe80000
0x000000bf781fec60:   000000bf781fece8 00007ff8f1d1042e
0x000000bf781fec70:   0000000000000000 000000bf781fecf8
0x000000bf781fec80:   000000bf781fefe0 0000000000000001
0x000000bf781fec90:   0000000000000001 00007ff8f1d0dddd
0x000000bf781feca0:   0000000000000000 00007ff8dfea36c9
0x000000bf781fecb0:   00007ff8ebcf5ef0 000000bf781fece8
0x000000bf781fecc0:   fffffffffffffffe 000000bf781fecb0
0x000000bf781fecd0:   0000000000000000 00007ff8dfea3d5d
0x000000bf781fece0:   00007ff8dfeba008 00007ff800000002
0x000000bf781fecf0:   0000000000000002 000000bf781fece0
0x000000bf781fed00:   0000000000000000 00007ff8f4738af3
0x000000bf781fed10:   0000000000000000 00007ff8dfea3e82
0x000000bf781fed20:   0000000000000001 0000000000000000
0x000000bf781fed30:   0000000000000001 00007ff8ea230000
0x000000bf781fed40:   000000007ffe0384 00007ff8f1232223
0x000000bf781fed50:   00007ff800000001 000000bf781fefe0
0x000000bf781fed60:   00007ff8dfe80000 000000007ffe0384
0x000000bf781fed70:   0000000000000000 00007ff8f4738b8f
0x000000bf781fed80:   00007ff8dfe80000 0000000000000000
0x000000bf781fed90:   0000000000000001 000000007ffe0385
0x000000bf781feda0:   0000000000000000 00007ff8f47617d9
0x000000bf781fedb0:   00000d4e3c961e00 0000000000000014
0x000000bf781fedc0:   00007ff8dfea3ed0 0000000000000000
0x000000bf781fedd0:   0000000000000000 000000bf774e3000
0x000000bf781fede0:   0000020548809950 00007ff8f4761596 

Instructions: (pc=0x00007ff8dfea6587)
0x00007ff8dfea6487:   8b 4d 58 e8 8d cf ff ff 48 8b 4d 60 e8 84 cf ff
0x00007ff8dfea6497:   ff 48 8b 95 80 00 00 00 48 8b 8d 18 01 00 00 e8
0x00007ff8dfea64a7:   76 c4 ff ff 33 d2 33 c9 e8 cc e1 ff ff 90 48 89
0x00007ff8dfea64b7:   54 24 10 55 48 83 ec 20 48 8b ea 48 b8 00 00 00
0x00007ff8dfea64c7:   00 00 00 00 00 48 83 c4 20 5d c3 cc 40 55 48 8b
0x00007ff8dfea64d7:   ea 48 8b 01 33 c9 81 38 05 00 00 c0 0f 94 c1 8b
0x00007ff8dfea64e7:   c1 5d c3 cc 40 55 48 83 ec 20 48 8b ea 8a 4d 40
0x00007ff8dfea64f7:   48 83 c4 20 5d e9 73 d3 ff ff cc 40 55 48 83 ec
0x00007ff8dfea6507:   20 48 8b ea 8a 4d 20 e8 61 d3 ff ff 90 48 83 c4
0x00007ff8dfea6517:   20 5d c3 cc 40 55 48 83 ec 20 48 8b ea 48 83 c4
0x00007ff8dfea6527:   20 5d e9 c2 d1 ff ff cc 40 55 48 83 ec 30 48 8b
0x00007ff8dfea6537:   ea 48 8b 01 8b 10 48 89 4c 24 28 89 54 24 20 4c
0x00007ff8dfea6547:   8d 0d 63 d6 ff ff 4c 8b 45 70 8b 55 68 48 8b 4d
0x00007ff8dfea6557:   60 e8 03 d1 ff ff 90 48 83 c4 30 5d c3 cc cc cc
0x00007ff8dfea6567:   cc cc cc cc cc cc cc cc cc 40 53 48 83 ec 20 48
0x00007ff8dfea6577:   8b 1d 8b 34 01 00 48 85 db 74 16 e8 89 8f ff ff
0x00007ff8dfea6587:   4c 8b 00 48 8b d3 48 8b c8 41 ff 90 b0 00 00 00
0x00007ff8dfea6597:   90 48 83 c4 20 5b c3 cc cc 40 53 48 83 ec 20 48
0x00007ff8dfea65a7:   8b 1d fb 35 01 00 48 85 db 74 57 b8 ff ff ff ff
0x00007ff8dfea65b7:   f0 0f c1 43 10 83 f8 01 75 3d 48 85 db 74 38 48
0x00007ff8dfea65c7:   8b 0b 48 85 c9 74 0d ff 15 d4 0c 00 00 48 c7 03
0x00007ff8dfea65d7:   00 00 00 00 48 8b 4b 08 48 85 c9 74 0d e8 33 ce
0x00007ff8dfea65e7:   ff ff 48 c7 43 08 00 00 00 00 ba 18 00 00 00 48
0x00007ff8dfea65f7:   8b cb e8 1e ce ff ff 48 c7 05 9f 35 01 00 00 00
0x00007ff8dfea6607:   00 00 48 83 c4 20 5b c3 cc 40 53 48 83 ec 20 48
0x00007ff8dfea6617:   8b 1d 6b 35 01 00 48 85 db 74 57 b8 ff ff ff ff
0x00007ff8dfea6627:   f0 0f c1 43 10 83 f8 01 75 3d 48 85 db 74 38 48
0x00007ff8dfea6637:   8b 0b 48 85 c9 74 0d ff 15 64 0c 00 00 48 c7 03
0x00007ff8dfea6647:   00 00 00 00 48 8b 4b 08 48 85 c9 74 0d e8 c3 cd
0x00007ff8dfea6657:   ff ff 48 c7 43 08 00 00 00 00 ba 18 00 00 00 48
0x00007ff8dfea6667:   8b cb e8 ae cd ff ff 48 c7 05 0f 35 01 00 00 00
0x00007ff8dfea6677:   00 00 48 83 c4 20 5b c3 cc 40 53 48 83 ec 20 48 


Stack slot to memory mapping:

stack at sp + 0 slots: 0x0 is null
stack at sp + 1 slots: 0x000000bf781fecf8 points into unknown readable memory: 0x000000bf781fece0 | e0 ec 1f 78 bf 00 00 00
stack at sp + 2 slots: 0x00007ff8793f41c0 jvm.dll
stack at sp + 3 slots: 0x00007ff8dfea3ed0 glass.dll
stack at sp + 4 slots: 0x0000020545800868 points into unknown readable memory: 0x00005bed3e78afb6 | b6 af 78 3e ed 5b 00 00
stack at sp + 5 slots: 0x00007ff8f1d43a93 ucrtbase.dll
stack at sp + 6 slots: 0x0000020545800860 points into unknown readable memory: 0x7a005bf2c04f5538 | 38 55 4f c0 f2 5b 00 7a
stack at sp + 7 slots: 0x0000020500000000 is pointing into metadata

VM_Operation (0x000000bf78afed80): Exit, mode: safepoint, requested by thread 0x0000020548bc7540


---------------  P R O C E S S  ---------------

Threads class SMR info:
_java_thread_list=0x000002057f41dd40, length=19, elements={
0x000002055cd73510, 0x000002057ed55600, 0x000002057ed56250, 0x000002057ed5ad00,
0x000002057ed5f3a0, 0x000002057ed61e00, 0x000002057ed64f40, 0x000002057ed741c0,
0x000002057f06e2b0, 0x00000205451c4c30, 0x0000020545ad21d0, 0x0000020545ae4e40,
0x00000205450bddf0, 0x00000205488133b0, 0x00000205458b6870, 0x0000020548ac2000,
0x0000020548c87800, 0x0000020549491010, 0x0000020548bc7540
}

Java Threads: ( => current thread )
  0x000002055cd73510 JavaThread "main"                              [_thread_blocked, id=10612, stack(0x000000bf77a00000,0x000000bf77b00000) (1024K)]
  0x000002057ed55600 JavaThread "Reference Handler"          daemon [_thread_blocked, id=11832, stack(0x000000bf78200000,0x000000bf78300000) (1024K)]
  0x000002057ed56250 JavaThread "Finalizer"                  daemon [_thread_blocked, id=20620, stack(0x000000bf78300000,0x000000bf78400000) (1024K)]
  0x000002057ed5ad00 JavaThread "Attach Listener"            daemon [_thread_blocked, id=20396, stack(0x000000bf78500000,0x000000bf78600000) (1024K)]
  0x000002057ed5f3a0 JavaThread "Service Thread"             daemon [_thread_blocked, id=12544, stack(0x000000bf78600000,0x000000bf78700000) (1024K)]
  0x000002057ed61e00 JavaThread "Monitor Deflation Thread"   daemon [_thread_blocked, id=9772, stack(0x000000bf78700000,0x000000bf78800000) (1024K)]
  0x000002057ed64f40 JavaThread "C2 CompilerThread0"         daemon [_thread_blocked, id=20412, stack(0x000000bf78800000,0x000000bf78900000) (1024K)]
  0x000002057ed741c0 JavaThread "C1 CompilerThread0"         daemon [_thread_blocked, id=10504, stack(0x000000bf78900000,0x000000bf78a00000) (1024K)]
  0x000002057f06e2b0 JavaThread "Common-Cleaner"             daemon [_thread_blocked, id=16472, stack(0x000000bf78c00000,0x000000bf78d00000) (1024K)]
  0x00000205451c4c30 JavaThread "JDWP Event Helper Thread"   daemon [_thread_blocked, id=12824, stack(0x000000bf79200000,0x000000bf79300000) (1024K)]
  0x0000020545ad21d0 JavaThread "Notification Thread"        daemon [_thread_blocked, id=16240, stack(0x000000bf79400000,0x000000bf79500000) (1024K)]
  0x0000020545ae4e40 JavaThread "JavaFX-Launcher"                   [_thread_blocked, id=14608, stack(0x000000bf79500000,0x000000bf79600000) (1024K)]
  0x00000205450bddf0 JavaThread "QuantumRenderer-0"          daemon [_thread_blocked, id=18132, stack(0x000000bf79000000,0x000000bf79100000) (1024K)]
  0x00000205488133b0 JavaThread "InvokeLaterDispatcher"      daemon [_thread_blocked, id=18820, stack(0x000000bf78e00000,0x000000bf78f00000) (1024K)]
  0x00000205458b6870 JavaThread "JavaFX Application Thread"         [_thread_blocked, id=19812, stack(0x000000bf78f00000,0x000000bf79000000) (1024K)]
  0x0000020548ac2000 JavaThread "Thread-2"                   daemon [_thread_in_native, id=18228, stack(0x000000bf7a500000,0x000000bf7a600000) (1024K)]
  0x0000020548c87800 JavaThread "Prism Font Disposer"        daemon [_thread_blocked, id=18624, stack(0x000000bf7ab00000,0x000000bf7ac00000) (1024K)]
  0x0000020549491010 JavaThread "Cleaner-0"                  daemon [_thread_blocked, id=20512, stack(0x000000bf7ae00000,0x000000bf7af00000) (1024K)]
  0x0000020548bc7540 JavaThread "SIGINT handler"             daemon [_thread_blocked, id=15440, stack(0x000000bf78a00000,0x000000bf78b00000) (1024K)]
Total: 19

Other Threads:
=>0x000002057ed3bce0 VMThread "VM Thread"                           [id=4812, stack(0x000000bf78100000,0x000000bf78200000) (1024K)]
  0x000002055f006fb0 WorkerThread "GC Thread#0"                     [id=20668, stack(0x000000bf77b00000,0x000000bf77c00000) (1024K)]
  0x000002054883dfa0 WorkerThread "GC Thread#1"                     [id=8796, stack(0x000000bf79a00000,0x000000bf79b00000) (1024K)]
  0x000002054883e340 WorkerThread "GC Thread#2"                     [id=11012, stack(0x000000bf79b00000,0x000000bf79c00000) (1024K)]
  0x000002054880e450 WorkerThread "GC Thread#3"                     [id=9664, stack(0x000000bf79c00000,0x000000bf79d00000) (1024K)]
  0x000002054880e7f0 WorkerThread "GC Thread#4"                     [id=13864, stack(0x000000bf79d00000,0x000000bf79e00000) (1024K)]
  0x00000205458bd710 WorkerThread "GC Thread#5"                     [id=2456, stack(0x000000bf79e00000,0x000000bf79f00000) (1024K)]
  0x00000205488b1f70 WorkerThread "GC Thread#6"                     [id=8124, stack(0x000000bf79f00000,0x000000bf7a000000) (1024K)]
  0x00000205488b2310 WorkerThread "GC Thread#7"                     [id=13652, stack(0x000000bf7a000000,0x000000bf7a100000) (1024K)]
  0x00000205488c26f0 WorkerThread "GC Thread#8"                     [id=21852, stack(0x000000bf7a100000,0x000000bf7a200000) (1024K)]
  0x00000205488c4110 WorkerThread "GC Thread#9"                     [id=8060, stack(0x000000bf7a200000,0x000000bf7a300000) (1024K)]
  0x00000205488c3d70 WorkerThread "GC Thread#10"                    [id=3428, stack(0x000000bf7a300000,0x000000bf7a400000) (1024K)]
  0x00000205488c3630 WorkerThread "GC Thread#11"                    [id=11684, stack(0x000000bf7ac00000,0x000000bf7ad00000) (1024K)]
  0x0000020548f752a0 WorkerThread "GC Thread#12"                    [id=24096, stack(0x000000bf7ad00000,0x000000bf7ae00000) (1024K)]
  0x000002055f0184a0 ConcurrentGCThread "G1 Main Marker"            terminated
  0x000002055f01a750 WorkerThread "G1 Conc#0"                       [id=15596, stack(0x000000bf77d00000,0x000000bf77e00000) (1024K)]
  0x000002057ebfc4b0 ConcurrentGCThread "G1 Refine#0"               terminated
  0x000002057ebfdce0 ConcurrentGCThread "G1 Service"                terminated
Total: 18

Threads with active compile tasks:
C1 CompilerThread0  41040 2439       3       java.lang.invoke.InvokerBytecodeGenerator::emitStoreInsn (21 bytes)
Total: 1

VM state: at safepoint (shutting down)

VM Mutex/Monitor currently owned by a thread:  ([mutex/lock_event])
[0x00007ff8793cc320] Threads_lock - owner thread: 0x000002057ed3bce0
[0x00007ff8793cc420] Heap_lock - owner thread: 0x0000020548bc7540

Heap address: 0x0000000704a00000, size: 4022 MB, Compressed Oops mode: Zero based, Oop shift amount: 3

CDS archive(s) mapped at: [0x0000020500000000-0x0000020500c80000-0x0000020500c80000), size 13107200, SharedBaseAddress: 0x0000020500000000, ArchiveRelocationMode: 1.
Compressed class space mapped at: 0x0000020501000000-0x0000020541000000, reserved size: 1073741824
Narrow klass base: 0x0000020500000000, Narrow klass shift: 0, Narrow klass range: 0x100000000

GC Precious Log:
 CardTable entry size: 512
 Card Set container configuration: InlinePtr #cards 4 size 8 Array Of Cards #cards 16 size 48 Howl #buckets 8 coarsen threshold 3686 Howl Bitmap #cards 512 size 80 coarsen threshold 460 Card regions per heap region 1 cards per card region 4096
 CPUs: 16 total, 16 available
 Memory: 16087M
 Large Page Support: Disabled
 NUMA Support: Disabled
 Compressed Oops: Enabled (Zero based)
 Heap Region Size: 2M
 Heap Min Capacity: 8M
 Heap Initial Capacity: 252M
 Heap Max Capacity: 4022M
 Pre-touch: Disabled
 Parallel Workers: 13
 Concurrent Workers: 3
 Concurrent Refinement Workers: 13
 Periodic GC: Disabled

Heap:
 garbage-first heap   total 258048K, used 24278K [0x0000000704a00000, 0x0000000800000000)
  region size 2048K, 12 young (24576K), 3 survivors (6144K)
 Metaspace       used 16106K, committed 16448K, reserved 1114112K
  class space    used 2467K, committed 2624K, reserved 1048576K

Heap Regions: E=young(eden), S=young(survivor), O=old, HS=humongous(starts), HC=humongous(continues), CS=collection set, F=free, TAMS=top-at-mark-start, PB=parsable bottom
|   0|0x0000000704a00000, 0x0000000704c00000, 0x0000000704c00000|100%|HS|  |TAMS 0x0000000704a00000| PB 0x0000000704a00000| Complete 
|   1|0x0000000704c00000, 0x0000000704c00000, 0x0000000704e00000|  0%| F|  |TAMS 0x0000000704c00000| PB 0x0000000704c00000| Untracked 
|   2|0x0000000704e00000, 0x0000000704e00000, 0x0000000705000000|  0%| F|  |TAMS 0x0000000704e00000| PB 0x0000000704e00000| Untracked 
|   3|0x0000000705000000, 0x0000000705000000, 0x0000000705200000|  0%| F|  |TAMS 0x0000000705000000| PB 0x0000000705000000| Untracked 
|   4|0x0000000705200000, 0x0000000705200000, 0x0000000705400000|  0%| F|  |TAMS 0x0000000705200000| PB 0x0000000705200000| Untracked 
|   5|0x0000000705400000, 0x0000000705400000, 0x0000000705600000|  0%| F|  |TAMS 0x0000000705400000| PB 0x0000000705400000| Untracked 
|   6|0x0000000705600000, 0x0000000705600000, 0x0000000705800000|  0%| F|  |TAMS 0x0000000705600000| PB 0x0000000705600000| Untracked 
|   7|0x0000000705800000, 0x0000000705800000, 0x0000000705a00000|  0%| F|  |TAMS 0x0000000705800000| PB 0x0000000705800000| Untracked 
|   8|0x0000000705a00000, 0x0000000705a00000, 0x0000000705c00000|  0%| F|  |TAMS 0x0000000705a00000| PB 0x0000000705a00000| Untracked 
|   9|0x0000000705c00000, 0x0000000705c00000, 0x0000000705e00000|  0%| F|  |TAMS 0x0000000705c00000| PB 0x0000000705c00000| Untracked 
|  10|0x0000000705e00000, 0x0000000705e00000, 0x0000000706000000|  0%| F|  |TAMS 0x0000000705e00000| PB 0x0000000705e00000| Untracked 
|  11|0x0000000706000000, 0x0000000706000000, 0x0000000706200000|  0%| F|  |TAMS 0x0000000706000000| PB 0x0000000706000000| Untracked 
|  12|0x0000000706200000, 0x0000000706200000, 0x0000000706400000|  0%| F|  |TAMS 0x0000000706200000| PB 0x0000000706200000| Untracked 
|  13|0x0000000706400000, 0x0000000706400000, 0x0000000706600000|  0%| F|  |TAMS 0x0000000706400000| PB 0x0000000706400000| Untracked 
|  14|0x0000000706600000, 0x0000000706600000, 0x0000000706800000|  0%| F|  |TAMS 0x0000000706600000| PB 0x0000000706600000| Untracked 
|  15|0x0000000706800000, 0x0000000706800000, 0x0000000706a00000|  0%| F|  |TAMS 0x0000000706800000| PB 0x0000000706800000| Untracked 
|  16|0x0000000706a00000, 0x0000000706a00000, 0x0000000706c00000|  0%| F|  |TAMS 0x0000000706a00000| PB 0x0000000706a00000| Untracked 
|  17|0x0000000706c00000, 0x0000000706c00000, 0x0000000706e00000|  0%| F|  |TAMS 0x0000000706c00000| PB 0x0000000706c00000| Untracked 
|  18|0x0000000706e00000, 0x0000000706e00000, 0x0000000707000000|  0%| F|  |TAMS 0x0000000706e00000| PB 0x0000000706e00000| Untracked 
|  19|0x0000000707000000, 0x0000000707000000, 0x0000000707200000|  0%| F|  |TAMS 0x0000000707000000| PB 0x0000000707000000| Untracked 
|  20|0x0000000707200000, 0x0000000707200000, 0x0000000707400000|  0%| F|  |TAMS 0x0000000707200000| PB 0x0000000707200000| Untracked 
|  21|0x0000000707400000, 0x0000000707400000, 0x0000000707600000|  0%| F|  |TAMS 0x0000000707400000| PB 0x0000000707400000| Untracked 
|  22|0x0000000707600000, 0x0000000707600000, 0x0000000707800000|  0%| F|  |TAMS 0x0000000707600000| PB 0x0000000707600000| Untracked 
|  23|0x0000000707800000, 0x0000000707800000, 0x0000000707a00000|  0%| F|  |TAMS 0x0000000707800000| PB 0x0000000707800000| Untracked 
|  24|0x0000000707a00000, 0x0000000707a00000, 0x0000000707c00000|  0%| F|  |TAMS 0x0000000707a00000| PB 0x0000000707a00000| Untracked 
|  25|0x0000000707c00000, 0x0000000707c00000, 0x0000000707e00000|  0%| F|  |TAMS 0x0000000707c00000| PB 0x0000000707c00000| Untracked 
|  26|0x0000000707e00000, 0x0000000707e00000, 0x0000000708000000|  0%| F|  |TAMS 0x0000000707e00000| PB 0x0000000707e00000| Untracked 
|  27|0x0000000708000000, 0x0000000708000000, 0x0000000708200000|  0%| F|  |TAMS 0x0000000708000000| PB 0x0000000708000000| Untracked 
|  28|0x0000000708200000, 0x0000000708200000, 0x0000000708400000|  0%| F|  |TAMS 0x0000000708200000| PB 0x0000000708200000| Untracked 
|  29|0x0000000708400000, 0x0000000708400000, 0x0000000708600000|  0%| F|  |TAMS 0x0000000708400000| PB 0x0000000708400000| Untracked 
|  30|0x0000000708600000, 0x0000000708600000, 0x0000000708800000|  0%| F|  |TAMS 0x0000000708600000| PB 0x0000000708600000| Untracked 
|  31|0x0000000708800000, 0x0000000708800000, 0x0000000708a00000|  0%| F|  |TAMS 0x0000000708800000| PB 0x0000000708800000| Untracked 
|  32|0x0000000708a00000, 0x0000000708a00000, 0x0000000708c00000|  0%| F|  |TAMS 0x0000000708a00000| PB 0x0000000708a00000| Untracked 
|  33|0x0000000708c00000, 0x0000000708c00000, 0x0000000708e00000|  0%| F|  |TAMS 0x0000000708c00000| PB 0x0000000708c00000| Untracked 
|  34|0x0000000708e00000, 0x0000000708e00000, 0x0000000709000000|  0%| F|  |TAMS 0x0000000708e00000| PB 0x0000000708e00000| Untracked 
|  35|0x0000000709000000, 0x0000000709000000, 0x0000000709200000|  0%| F|  |TAMS 0x0000000709000000| PB 0x0000000709000000| Untracked 
|  36|0x0000000709200000, 0x0000000709200000, 0x0000000709400000|  0%| F|  |TAMS 0x0000000709200000| PB 0x0000000709200000| Untracked 
|  37|0x0000000709400000, 0x0000000709400000, 0x0000000709600000|  0%| F|  |TAMS 0x0000000709400000| PB 0x0000000709400000| Untracked 
|  38|0x0000000709600000, 0x0000000709600000, 0x0000000709800000|  0%| F|  |TAMS 0x0000000709600000| PB 0x0000000709600000| Untracked 
|  39|0x0000000709800000, 0x0000000709800000, 0x0000000709a00000|  0%| F|  |TAMS 0x0000000709800000| PB 0x0000000709800000| Untracked 
|  40|0x0000000709a00000, 0x0000000709a00000, 0x0000000709c00000|  0%| F|  |TAMS 0x0000000709a00000| PB 0x0000000709a00000| Untracked 
|  41|0x0000000709c00000, 0x0000000709c00000, 0x0000000709e00000|  0%| F|  |TAMS 0x0000000709c00000| PB 0x0000000709c00000| Untracked 
|  42|0x0000000709e00000, 0x0000000709e00000, 0x000000070a000000|  0%| F|  |TAMS 0x0000000709e00000| PB 0x0000000709e00000| Untracked 
|  43|0x000000070a000000, 0x000000070a000000, 0x000000070a200000|  0%| F|  |TAMS 0x000000070a000000| PB 0x000000070a000000| Untracked 
|  44|0x000000070a200000, 0x000000070a200000, 0x000000070a400000|  0%| F|  |TAMS 0x000000070a200000| PB 0x000000070a200000| Untracked 
|  45|0x000000070a400000, 0x000000070a400000, 0x000000070a600000|  0%| F|  |TAMS 0x000000070a400000| PB 0x000000070a400000| Untracked 
|  46|0x000000070a600000, 0x000000070a600000, 0x000000070a800000|  0%| F|  |TAMS 0x000000070a600000| PB 0x000000070a600000| Untracked 
|  47|0x000000070a800000, 0x000000070a800000, 0x000000070aa00000|  0%| F|  |TAMS 0x000000070a800000| PB 0x000000070a800000| Untracked 
|  48|0x000000070aa00000, 0x000000070aa00000, 0x000000070ac00000|  0%| F|  |TAMS 0x000000070aa00000| PB 0x000000070aa00000| Untracked 
|  49|0x000000070ac00000, 0x000000070ac00000, 0x000000070ae00000|  0%| F|  |TAMS 0x000000070ac00000| PB 0x000000070ac00000| Untracked 
|  50|0x000000070ae00000, 0x000000070ae00000, 0x000000070b000000|  0%| F|  |TAMS 0x000000070ae00000| PB 0x000000070ae00000| Untracked 
|  51|0x000000070b000000, 0x000000070b000000, 0x000000070b200000|  0%| F|  |TAMS 0x000000070b000000| PB 0x000000070b000000| Untracked 
|  52|0x000000070b200000, 0x000000070b200000, 0x000000070b400000|  0%| F|  |TAMS 0x000000070b200000| PB 0x000000070b200000| Untracked 
|  53|0x000000070b400000, 0x000000070b400000, 0x000000070b600000|  0%| F|  |TAMS 0x000000070b400000| PB 0x000000070b400000| Untracked 
|  54|0x000000070b600000, 0x000000070b600000, 0x000000070b800000|  0%| F|  |TAMS 0x000000070b600000| PB 0x000000070b600000| Untracked 
|  55|0x000000070b800000, 0x000000070b800000, 0x000000070ba00000|  0%| F|  |TAMS 0x000000070b800000| PB 0x000000070b800000| Untracked 
|  56|0x000000070ba00000, 0x000000070ba00000, 0x000000070bc00000|  0%| F|  |TAMS 0x000000070ba00000| PB 0x000000070ba00000| Untracked 
|  57|0x000000070bc00000, 0x000000070bc00000, 0x000000070be00000|  0%| F|  |TAMS 0x000000070bc00000| PB 0x000000070bc00000| Untracked 
|  58|0x000000070be00000, 0x000000070be00000, 0x000000070c000000|  0%| F|  |TAMS 0x000000070be00000| PB 0x000000070be00000| Untracked 
|  59|0x000000070c000000, 0x000000070c000000, 0x000000070c200000|  0%| F|  |TAMS 0x000000070c000000| PB 0x000000070c000000| Untracked 
|  60|0x000000070c200000, 0x000000070c200000, 0x000000070c400000|  0%| F|  |TAMS 0x000000070c200000| PB 0x000000070c200000| Untracked 
|  61|0x000000070c400000, 0x000000070c400000, 0x000000070c600000|  0%| F|  |TAMS 0x000000070c400000| PB 0x000000070c400000| Untracked 
|  62|0x000000070c600000, 0x000000070c600000, 0x000000070c800000|  0%| F|  |TAMS 0x000000070c600000| PB 0x000000070c600000| Untracked 
|  63|0x000000070c800000, 0x000000070c800000, 0x000000070ca00000|  0%| F|  |TAMS 0x000000070c800000| PB 0x000000070c800000| Untracked 
|  64|0x000000070ca00000, 0x000000070ca00000, 0x000000070cc00000|  0%| F|  |TAMS 0x000000070ca00000| PB 0x000000070ca00000| Untracked 
|  65|0x000000070cc00000, 0x000000070cc00000, 0x000000070ce00000|  0%| F|  |TAMS 0x000000070cc00000| PB 0x000000070cc00000| Untracked 
|  66|0x000000070ce00000, 0x000000070ce00000, 0x000000070d000000|  0%| F|  |TAMS 0x000000070ce00000| PB 0x000000070ce00000| Untracked 
|  67|0x000000070d000000, 0x000000070d000000, 0x000000070d200000|  0%| F|  |TAMS 0x000000070d000000| PB 0x000000070d000000| Untracked 
|  68|0x000000070d200000, 0x000000070d200000, 0x000000070d400000|  0%| F|  |TAMS 0x000000070d200000| PB 0x000000070d200000| Untracked 
|  69|0x000000070d400000, 0x000000070d400000, 0x000000070d600000|  0%| F|  |TAMS 0x000000070d400000| PB 0x000000070d400000| Untracked 
|  70|0x000000070d600000, 0x000000070d600000, 0x000000070d800000|  0%| F|  |TAMS 0x000000070d600000| PB 0x000000070d600000| Untracked 
|  71|0x000000070d800000, 0x000000070d800000, 0x000000070da00000|  0%| F|  |TAMS 0x000000070d800000| PB 0x000000070d800000| Untracked 
|  72|0x000000070da00000, 0x000000070da00000, 0x000000070dc00000|  0%| F|  |TAMS 0x000000070da00000| PB 0x000000070da00000| Untracked 
|  73|0x000000070dc00000, 0x000000070dc00000, 0x000000070de00000|  0%| F|  |TAMS 0x000000070dc00000| PB 0x000000070dc00000| Untracked 
|  74|0x000000070de00000, 0x000000070de00000, 0x000000070e000000|  0%| F|  |TAMS 0x000000070de00000| PB 0x000000070de00000| Untracked 
|  75|0x000000070e000000, 0x000000070e000000, 0x000000070e200000|  0%| F|  |TAMS 0x000000070e000000| PB 0x000000070e000000| Untracked 
|  76|0x000000070e200000, 0x000000070e200000, 0x000000070e400000|  0%| F|  |TAMS 0x000000070e200000| PB 0x000000070e200000| Untracked 
|  77|0x000000070e400000, 0x000000070e400000, 0x000000070e600000|  0%| F|  |TAMS 0x000000070e400000| PB 0x000000070e400000| Untracked 
|  78|0x000000070e600000, 0x000000070e600000, 0x000000070e800000|  0%| F|  |TAMS 0x000000070e600000| PB 0x000000070e600000| Untracked 
|  79|0x000000070e800000, 0x000000070e800000, 0x000000070ea00000|  0%| F|  |TAMS 0x000000070e800000| PB 0x000000070e800000| Untracked 
|  80|0x000000070ea00000, 0x000000070ea00000, 0x000000070ec00000|  0%| F|  |TAMS 0x000000070ea00000| PB 0x000000070ea00000| Untracked 
|  81|0x000000070ec00000, 0x000000070ec00000, 0x000000070ee00000|  0%| F|  |TAMS 0x000000070ec00000| PB 0x000000070ec00000| Untracked 
|  82|0x000000070ee00000, 0x000000070ee00000, 0x000000070f000000|  0%| F|  |TAMS 0x000000070ee00000| PB 0x000000070ee00000| Untracked 
|  83|0x000000070f000000, 0x000000070f000000, 0x000000070f200000|  0%| F|  |TAMS 0x000000070f000000| PB 0x000000070f000000| Untracked 
|  84|0x000000070f200000, 0x000000070f200000, 0x000000070f400000|  0%| F|  |TAMS 0x000000070f200000| PB 0x000000070f200000| Untracked 
|  85|0x000000070f400000, 0x000000070f400000, 0x000000070f600000|  0%| F|  |TAMS 0x000000070f400000| PB 0x000000070f400000| Untracked 
|  86|0x000000070f600000, 0x000000070f600000, 0x000000070f800000|  0%| F|  |TAMS 0x000000070f600000| PB 0x000000070f600000| Untracked 
|  87|0x000000070f800000, 0x000000070f800000, 0x000000070fa00000|  0%| F|  |TAMS 0x000000070f800000| PB 0x000000070f800000| Untracked 
|  88|0x000000070fa00000, 0x000000070fa00000, 0x000000070fc00000|  0%| F|  |TAMS 0x000000070fa00000| PB 0x000000070fa00000| Untracked 
|  89|0x000000070fc00000, 0x000000070fc00000, 0x000000070fe00000|  0%| F|  |TAMS 0x000000070fc00000| PB 0x000000070fc00000| Untracked 
|  90|0x000000070fe00000, 0x000000070fe00000, 0x0000000710000000|  0%| F|  |TAMS 0x000000070fe00000| PB 0x000000070fe00000| Untracked 
|  91|0x0000000710000000, 0x0000000710000000, 0x0000000710200000|  0%| F|  |TAMS 0x0000000710000000| PB 0x0000000710000000| Untracked 
|  92|0x0000000710200000, 0x0000000710200000, 0x0000000710400000|  0%| F|  |TAMS 0x0000000710200000| PB 0x0000000710200000| Untracked 
|  93|0x0000000710400000, 0x0000000710400000, 0x0000000710600000|  0%| F|  |TAMS 0x0000000710400000| PB 0x0000000710400000| Untracked 
|  94|0x0000000710600000, 0x0000000710600000, 0x0000000710800000|  0%| F|  |TAMS 0x0000000710600000| PB 0x0000000710600000| Untracked 
|  95|0x0000000710800000, 0x0000000710800000, 0x0000000710a00000|  0%| F|  |TAMS 0x0000000710800000| PB 0x0000000710800000| Untracked 
|  96|0x0000000710a00000, 0x0000000710a00000, 0x0000000710c00000|  0%| F|  |TAMS 0x0000000710a00000| PB 0x0000000710a00000| Untracked 
|  97|0x0000000710c00000, 0x0000000710db5a00, 0x0000000710e00000| 85%| S|CS|TAMS 0x0000000710c00000| PB 0x0000000710c00000| Complete 
|  98|0x0000000710e00000, 0x0000000711000000, 0x0000000711000000|100%| S|CS|TAMS 0x0000000710e00000| PB 0x0000000710e00000| Complete 
|  99|0x0000000711000000, 0x0000000711200000, 0x0000000711200000|100%| S|CS|TAMS 0x0000000711000000| PB 0x0000000711000000| Complete 
| 100|0x0000000711200000, 0x0000000711200000, 0x0000000711400000|  0%| F|  |TAMS 0x0000000711200000| PB 0x0000000711200000| Untracked 
| 101|0x0000000711400000, 0x0000000711400000, 0x0000000711600000|  0%| F|  |TAMS 0x0000000711400000| PB 0x0000000711400000| Untracked 
| 102|0x0000000711600000, 0x0000000711600000, 0x0000000711800000|  0%| F|  |TAMS 0x0000000711600000| PB 0x0000000711600000| Untracked 
| 103|0x0000000711800000, 0x0000000711800000, 0x0000000711a00000|  0%| F|  |TAMS 0x0000000711800000| PB 0x0000000711800000| Untracked 
| 104|0x0000000711a00000, 0x0000000711a00000, 0x0000000711c00000|  0%| F|  |TAMS 0x0000000711a00000| PB 0x0000000711a00000| Untracked 
| 105|0x0000000711c00000, 0x0000000711c00000, 0x0000000711e00000|  0%| F|  |TAMS 0x0000000711c00000| PB 0x0000000711c00000| Untracked 
| 106|0x0000000711e00000, 0x0000000711e00000, 0x0000000712000000|  0%| F|  |TAMS 0x0000000711e00000| PB 0x0000000711e00000| Untracked 
| 107|0x0000000712000000, 0x0000000712000000, 0x0000000712200000|  0%| F|  |TAMS 0x0000000712000000| PB 0x0000000712000000| Untracked 
| 108|0x0000000712200000, 0x0000000712200000, 0x0000000712400000|  0%| F|  |TAMS 0x0000000712200000| PB 0x0000000712200000| Untracked 
| 109|0x0000000712400000, 0x0000000712400000, 0x0000000712600000|  0%| F|  |TAMS 0x0000000712400000| PB 0x0000000712400000| Untracked 
| 110|0x0000000712600000, 0x0000000712600000, 0x0000000712800000|  0%| F|  |TAMS 0x0000000712600000| PB 0x0000000712600000| Untracked 
| 111|0x0000000712800000, 0x0000000712800000, 0x0000000712a00000|  0%| F|  |TAMS 0x0000000712800000| PB 0x0000000712800000| Untracked 
| 112|0x0000000712a00000, 0x0000000712a00000, 0x0000000712c00000|  0%| F|  |TAMS 0x0000000712a00000| PB 0x0000000712a00000| Untracked 
| 113|0x0000000712c00000, 0x0000000712c00000, 0x0000000712e00000|  0%| F|  |TAMS 0x0000000712c00000| PB 0x0000000712c00000| Untracked 
| 114|0x0000000712e00000, 0x0000000712e00000, 0x0000000713000000|  0%| F|  |TAMS 0x0000000712e00000| PB 0x0000000712e00000| Untracked 
| 115|0x0000000713000000, 0x0000000713000000, 0x0000000713200000|  0%| F|  |TAMS 0x0000000713000000| PB 0x0000000713000000| Untracked 
| 116|0x0000000713200000, 0x0000000713200000, 0x0000000713400000|  0%| F|  |TAMS 0x0000000713200000| PB 0x0000000713200000| Untracked 
| 117|0x0000000713400000, 0x00000007135147f8, 0x0000000713600000| 54%| E|  |TAMS 0x0000000713400000| PB 0x0000000713400000| Complete 
| 118|0x0000000713600000, 0x0000000713800000, 0x0000000713800000|100%| E|CS|TAMS 0x0000000713600000| PB 0x0000000713600000| Complete 
| 119|0x0000000713800000, 0x0000000713a00000, 0x0000000713a00000|100%| E|CS|TAMS 0x0000000713800000| PB 0x0000000713800000| Complete 
| 120|0x0000000713a00000, 0x0000000713c00000, 0x0000000713c00000|100%| E|CS|TAMS 0x0000000713a00000| PB 0x0000000713a00000| Complete 
| 121|0x0000000713c00000, 0x0000000713e00000, 0x0000000713e00000|100%| E|CS|TAMS 0x0000000713c00000| PB 0x0000000713c00000| Complete 
| 122|0x0000000713e00000, 0x0000000714000000, 0x0000000714000000|100%| E|CS|TAMS 0x0000000713e00000| PB 0x0000000713e00000| Complete 
| 123|0x0000000714000000, 0x0000000714200000, 0x0000000714200000|100%| E|CS|TAMS 0x0000000714000000| PB 0x0000000714000000| Complete 
| 124|0x0000000714200000, 0x0000000714400000, 0x0000000714400000|100%| E|CS|TAMS 0x0000000714200000| PB 0x0000000714200000| Complete 
| 125|0x0000000714400000, 0x0000000714600000, 0x0000000714600000|100%| E|CS|TAMS 0x0000000714400000| PB 0x0000000714400000| Complete 

Card table byte_map: [0x00000205776e0000,0x0000020577ec0000] _byte_map_base: 0x0000020573ebb000

Marking Bits: (CMBitMap*) 0x000002055f007ec0
 Bits: [0x0000020577ec0000, 0x000002057bd98000)

Polling page: 0x000002055cf80000

Metaspace:

Usage:
  Non-class:     13.32 MB used.
      Class:      2.41 MB used.
       Both:     15.73 MB used.

Virtual space:
  Non-class space:       64.00 MB reserved,      13.50 MB ( 21%) committed,  1 nodes.
      Class space:        1.00 GB reserved,       2.56 MB ( <1%) committed,  1 nodes.
             Both:        1.06 GB reserved,      16.06 MB (  1%) committed. 

Chunk freelists:
   Non-Class:  2.54 MB
       Class:  13.50 MB
        Both:  16.04 MB

MaxMetaspaceSize: unlimited
CompressedClassSpaceSize: 1.00 GB
Initial GC threshold: 21.00 MB
Current GC threshold: 21.00 MB
CDS: on
 - commit_granule_bytes: 65536.
 - commit_granule_words: 8192.
 - virtual_space_node_default_size: 8388608.
 - enlarge_chunks_in_place: 1.
 - use_allocation_guard: 0.


Internal statistics:

num_allocs_failed_limit: 0.
num_arena_births: 222.
num_arena_deaths: 0.
num_vsnodes_births: 2.
num_vsnodes_deaths: 0.
num_space_committed: 257.
num_space_uncommitted: 0.
num_chunks_returned_to_freelist: 0.
num_chunks_taken_from_freelist: 737.
num_chunk_merges: 0.
num_chunk_splits: 519.
num_chunks_enlarged: 405.
num_inconsistent_stats: 0.

CodeHeap 'non-profiled nmethods': size=119168Kb used=1037Kb max_used=1037Kb free=118130Kb
 bounds [0x000002056f220000, 0x000002056f490000, 0x0000020576680000]
CodeHeap 'profiled nmethods': size=119104Kb used=4464Kb max_used=4464Kb free=114639Kb
 bounds [0x0000020567680000, 0x0000020567ae0000, 0x000002056ead0000]
CodeHeap 'non-nmethods': size=7488Kb used=1874Kb max_used=3597Kb free=5613Kb
 bounds [0x000002056ead0000, 0x000002056ee60000, 0x000002056f220000]
 total_blobs=3262 nmethods=2438 adapters=728
 compilation: enabled
              stopped_count=0, restarted_count=0
 full_count=0

Compilation events (20 events):
Event: 40.630 Thread 0x000002057ed741c0 nmethod 2429 0x0000020567ad9890 code [0x0000020567ad9a40, 0x0000020567ad9be8]
Event: 40.630 Thread 0x000002057ed741c0 2426       3       java.util.ArrayList::toArray (12 bytes)
Event: 40.630 Thread 0x000002057ed741c0 nmethod 2426 0x0000020567ad9d10 code [0x0000020567ad9ec0, 0x0000020567ada0b0]
Event: 40.631 Thread 0x000002057ed741c0 2431       1       sun.nio.fs.WindowsFileSystem::provider (5 bytes)
Event: 40.631 Thread 0x000002057ed741c0 nmethod 2431 0x000002056f321e90 code [0x000002056f322020, 0x000002056f3220f0]
Event: 40.633 Thread 0x000002057ed64f40 2432       4       java.util.concurrent.ConcurrentHashMap::get (162 bytes)
Event: 40.635 Thread 0x000002057ed64f40 nmethod 2432 0x000002056f322190 code [0x000002056f322340, 0x000002056f322758]
Event: 40.635 Thread 0x000002057ed64f40 2433       4       java.lang.StringBuilder::length (5 bytes)
Event: 40.635 Thread 0x000002057ed741c0 2434       3       java.lang.invoke.BoundMethodHandle::bindArgumentL (11 bytes)
Event: 40.635 Thread 0x000002057ed64f40 nmethod 2433 0x000002056f322a10 code [0x000002056f322ba0, 0x000002056f322c28]
Event: 40.635 Thread 0x000002057ed741c0 nmethod 2434 0x0000020567ada190 code [0x0000020567ada380, 0x0000020567ada880]
Event: 40.635 Thread 0x000002057ed741c0 2435       3       java.lang.invoke.LambdaFormEditor::bindArgumentL (59 bytes)
Event: 40.635 Thread 0x000002057ed741c0 nmethod 2435 0x0000020567adaa90 code [0x0000020567adac60, 0x0000020567adaf20]
Event: 40.641 Thread 0x000002057ed741c0 2436       3       java.lang.invoke.DirectMethodHandle$Holder::newInvokeSpecial (20 bytes)
Event: 40.642 Thread 0x000002057ed741c0 nmethod 2436 0x0000020567adb090 code [0x0000020567adb280, 0x0000020567adb958]
Event: 40.642 Thread 0x000002057ed741c0 2437       1       java.util.logging.LogManager$LoggerContext::getOwner (5 bytes)
Event: 40.642 Thread 0x000002057ed741c0 nmethod 2437 0x000002056f322d10 code [0x000002056f322ea0, 0x000002056f322f70]
Event: 40.643 Thread 0x000002057ed741c0 2438       3       java.lang.invoke.LambdaForm::useCount (61 bytes)
Event: 40.643 Thread 0x000002057ed741c0 nmethod 2438 0x0000020567adbb10 code [0x0000020567adbce0, 0x0000020567adc028]
Event: 40.643 Thread 0x000002057ed741c0 2439       3       java.lang.invoke.InvokerBytecodeGenerator::emitStoreInsn (21 bytes)

GC Heap History (4 events):
Event: 0.536 GC heap before
{Heap before GC invocations=0 (full 0):
 garbage-first heap   total 258048K, used 20480K [0x0000000704a00000, 0x0000000800000000)
  region size 2048K, 11 young (22528K), 0 survivors (0K)
 Metaspace       used 4036K, committed 4160K, reserved 1114112K
  class space    used 393K, committed 448K, reserved 1048576K
}
Event: 0.538 GC heap after
{Heap after GC invocations=1 (full 0):
 garbage-first heap   total 258048K, used 2186K [0x0000000704a00000, 0x0000000800000000)
  region size 2048K, 2 young (4096K), 2 survivors (4096K)
 Metaspace       used 4036K, committed 4160K, reserved 1114112K
  class space    used 393K, committed 448K, reserved 1048576K
}
Event: 0.995 GC heap before
{Heap before GC invocations=1 (full 0):
 garbage-first heap   total 258048K, used 49290K [0x0000000704a00000, 0x0000000800000000)
  region size 2048K, 26 young (53248K), 2 survivors (4096K)
 Metaspace       used 13240K, committed 13504K, reserved 1114112K
  class space    used 2051K, committed 2176K, reserved 1048576K
}
Event: 0.999 GC heap after
{Heap after GC invocations=2 (full 0):
 garbage-first heap   total 258048K, used 5846K [0x0000000704a00000, 0x0000000800000000)
  region size 2048K, 3 young (6144K), 3 survivors (6144K)
 Metaspace       used 13240K, committed 13504K, reserved 1114112K
  class space    used 2051K, committed 2176K, reserved 1048576K
}

Dll operation events (20 events):
Event: 0.363 Loaded shared library C:\Users\flori\.openjfx\cache\21+31\amd64\api-ms-win-crt-math-l1-1-0.dll
Event: 0.365 Loaded shared library C:\Users\flori\.openjfx\cache\21+31\amd64\api-ms-win-crt-multibyte-l1-1-0.dll
Event: 0.367 Loaded shared library C:\Users\flori\.openjfx\cache\21+31\amd64\api-ms-win-crt-private-l1-1-0.dll
Event: 0.368 Loaded shared library C:\Users\flori\.openjfx\cache\21+31\amd64\api-ms-win-crt-process-l1-1-0.dll
Event: 0.370 Loaded shared library C:\Users\flori\.openjfx\cache\21+31\amd64\api-ms-win-crt-runtime-l1-1-0.dll
Event: 0.372 Loaded shared library C:\Users\flori\.openjfx\cache\21+31\amd64\api-ms-win-crt-stdio-l1-1-0.dll
Event: 0.374 Loaded shared library C:\Users\flori\.openjfx\cache\21+31\amd64\api-ms-win-crt-string-l1-1-0.dll
Event: 0.375 Loaded shared library C:\Users\flori\.openjfx\cache\21+31\amd64\api-ms-win-crt-time-l1-1-0.dll
Event: 0.377 Loaded shared library C:\Users\flori\.openjfx\cache\21+31\amd64\api-ms-win-crt-utility-l1-1-0.dll
Event: 0.386 Loaded shared library C:\Users\flori\.openjfx\cache\21+31\amd64\ucrtbase.dll
Event: 0.389 Loaded shared library C:\Users\flori\.openjfx\cache\21+31\amd64\vcruntime140.dll
Event: 0.391 Loaded shared library C:\Users\flori\.openjfx\cache\21+31\amd64\vcruntime140_1.dll
Event: 0.396 Loaded shared library C:\Users\flori\.openjfx\cache\21+31\amd64\msvcp140.dll
Event: 0.398 Loaded shared library C:\Users\flori\.openjfx\cache\21+31\amd64\msvcp140_1.dll
Event: 0.401 Loaded shared library C:\Users\flori\.openjfx\cache\21+31\amd64\msvcp140_2.dll
Event: 0.430 Loaded shared library C:\Users\flori\.openjfx\cache\21+31\amd64\prism_d3d.dll
Event: 0.527 Loaded shared library C:\Users\flori\.openjfx\cache\21+31\amd64\glass.dll
Event: 0.666 Loaded shared library C:\Users\flori\.openjfx\cache\21+31\amd64\javafx_font.dll
Event: 0.742 Loaded shared library C:\Users\flori\.jdks\corretto-21.0.5\bin\jimage.dll
Event: 40.634 Loaded shared library C:\Users\flori\.jdks\corretto-21.0.5\bin\awt.dll

Deoptimization events (20 events):
Event: 1.674 Thread 0x0000020548ac2000 Uncommon trap: trap_request=0xffffffde fr.pc=0x000002056f2a91f4 relative=0x0000000000000f74
Event: 1.674 Thread 0x0000020548ac2000 Uncommon trap: reason=class_check action=maybe_recompile pc=0x000002056f2a91f4 method=java.util.concurrent.ConcurrentHashMap.putVal(Ljava/lang/Object;Ljava/lang/Object;Z)Ljava/lang/Object; @ 242 c2
Event: 1.674 Thread 0x0000020548ac2000 DEOPT PACKING pc=0x000002056f2a91f4 sp=0x000000bf7a5fec60
Event: 1.674 Thread 0x0000020548ac2000 DEOPT UNPACKING pc=0x000002056eb246a2 sp=0x000000bf7a5febf0 mode 2
Event: 1.675 Thread 0x00000205458b6870 Uncommon trap: trap_request=0xffffffc6 fr.pc=0x000002056f27dd7c relative=0x000000000000049c
Event: 1.675 Thread 0x00000205458b6870 Uncommon trap: reason=bimorphic_or_optimized_type_check action=maybe_recompile pc=0x000002056f27dd7c method=java.util.concurrent.ConcurrentHashMap.get(Ljava/lang/Object;)Ljava/lang/Object; @ 149 c2
Event: 1.675 Thread 0x00000205458b6870 DEOPT PACKING pc=0x000002056f27dd7c sp=0x000000bf78ffd7c0
Event: 1.675 Thread 0x00000205458b6870 DEOPT UNPACKING pc=0x000002056eb246a2 sp=0x000000bf78ffd760 mode 2
Event: 1.677 Thread 0x00000205450bddf0 Uncommon trap: trap_request=0xffffffde fr.pc=0x000002056f2a91f4 relative=0x0000000000000f74
Event: 1.677 Thread 0x00000205450bddf0 Uncommon trap: reason=class_check action=maybe_recompile pc=0x000002056f2a91f4 method=java.util.concurrent.ConcurrentHashMap.putVal(Ljava/lang/Object;Ljava/lang/Object;Z)Ljava/lang/Object; @ 242 c2
Event: 1.677 Thread 0x00000205450bddf0 DEOPT PACKING pc=0x000002056f2a91f4 sp=0x000000bf790feb30
Event: 1.677 Thread 0x00000205450bddf0 DEOPT UNPACKING pc=0x000002056eb246a2 sp=0x000000bf790feac0 mode 2
Event: 1.838 Thread 0x00000205458b6870 Uncommon trap: trap_request=0xffffffc6 fr.pc=0x000002056f27dd7c relative=0x000000000000049c
Event: 1.838 Thread 0x00000205458b6870 Uncommon trap: reason=bimorphic_or_optimized_type_check action=maybe_recompile pc=0x000002056f27dd7c method=java.util.concurrent.ConcurrentHashMap.get(Ljava/lang/Object;)Ljava/lang/Object; @ 149 c2
Event: 1.838 Thread 0x00000205458b6870 DEOPT PACKING pc=0x000002056f27dd7c sp=0x000000bf78ffd7c0
Event: 1.838 Thread 0x00000205458b6870 DEOPT UNPACKING pc=0x000002056eb246a2 sp=0x000000bf78ffd760 mode 2
Event: 1.838 Thread 0x00000205450bddf0 DEOPT PACKING pc=0x0000020567a4fe3c sp=0x000000bf790fd920
Event: 1.838 Thread 0x00000205450bddf0 DEOPT UNPACKING pc=0x000002056eb24e42 sp=0x000000bf790fcd98 mode 0
Event: 40.643 Thread 0x0000020548bc6eb0 DEOPT PACKING pc=0x00000205679041dc sp=0x000000bf78bff1d0
Event: 40.643 Thread 0x0000020548bc6eb0 DEOPT UNPACKING pc=0x000002056eb24e42 sp=0x000000bf78bfe630 mode 1

Classes loaded (20 events):
Event: 40.642 Loading class sun/java2d/pipe/GlyphListLoopPipe done
Event: 40.642 Loading class sun/java2d/pipe/AATextRenderer done
Event: 40.642 Loading class sun/font/FontUtilities
Event: 40.642 Loading class sun/font/FontUtilities done
Event: 40.642 Loading class sun/font/FontUtilities$1
Event: 40.642 Loading class sun/font/FontUtilities$1 done
Event: 40.642 Loading class sun/awt/OSInfo
Event: 40.642 Loading class sun/awt/OSInfo done
Event: 40.642 Loading class sun/awt/OSInfo$WindowsVersion
Event: 40.642 Loading class sun/awt/OSInfo$WindowsVersion done
Event: 40.642 Loading class jdk/internal/util/OperatingSystem
Event: 40.642 Loading class jdk/internal/util/OperatingSystem done
Event: 40.642 Loading class sun/awt/OSInfo$1
Event: 40.642 Loading class sun/awt/OSInfo$1 done
Event: 40.642 Loading class sun/awt/OSInfo$OSType
Event: 40.642 Loading class sun/awt/OSInfo$OSType done
Event: 40.642 Loading class com/sun/javafx/tk/quantum/QuantumRenderer
Event: 40.642 Loading class com/sun/javafx/tk/quantum/QuantumRenderer done
Event: 40.643 Loading class com/sun/javafx/tk/quantum/QuantumToolkit
Event: 40.643 Loading class com/sun/javafx/tk/quantum/QuantumToolkit done

Classes unloaded (0 events):
No events

Classes redefined (0 events):
No events

Internal exceptions (20 events):
Event: 0.768 Thread 0x00000205458b6870 Implicit null exception at 0x000002056f2914bf to 0x000002056f291804
Event: 0.769 Thread 0x00000205458b6870 Implicit null exception at 0x000002056f243bbd to 0x000002056f243c45
Event: 0.837 Thread 0x00000205458b6870 Exception <a 'java/lang/IncompatibleClassChangeError'{0x00000007121e00a0}: Found class java.lang.Object, but interface was expected> (0x00000007121e00a0) 
thrown [s\src\hotspot\share\interpreter\linkResolver.cpp, line 840]
Event: 0.883 Thread 0x00000205458b6870 Exception <a 'java/lang/ClassNotFoundException'{0x0000000711d7dfe8}: com/sun/javafx/scene/control/skin/resources/controls> (0x0000000711d7dfe8) 
thrown [s\src\hotspot\share\prims\jni.cpp, line 539]
Event: 0.884 Thread 0x00000205458b6870 Exception <a 'java/lang/ClassNotFoundException'{0x0000000711d8c1f8}: com/sun/javafx/scene/control/skin/resources/controls_fr> (0x0000000711d8c1f8) 
thrown [s\src\hotspot\share\prims\jni.cpp, line 539]
Event: 0.884 Thread 0x00000205458b6870 Exception <a 'java/lang/ClassNotFoundException'{0x0000000711d99d08}: com/sun/javafx/scene/control/skin/resources/controls_fr_FR> (0x0000000711d99d08) 
thrown [s\src\hotspot\share\prims\jni.cpp, line 539]
Event: 0.909 Thread 0x00000205458b6870 Exception <a 'java/lang/NoSuchMethodError'{0x0000000711b986a8}: 'int java.lang.invoke.DirectMethodHandle$Holder.invokeSpecial(java.lang.Object, java.lang.Object, int)'> (0x0000000711b986a8) 
thrown [s\src\hotspot\share\interpreter\linkResolver.cpp, line 773]
Event: 0.951 Thread 0x00000205458b6870 Exception <a 'java/lang/NoSuchMethodError'{0x00000007119faf00}: 'int java.lang.invoke.DirectMethodHandle$Holder.invokeSpecial(java.lang.Object, java.lang.Object, java.lang.Object, int)'> (0x00000007119faf00) 
thrown [s\src\hotspot\share\interpreter\linkResolver.cpp, line 773]
Event: 0.952 Thread 0x00000205458b6870 Exception <a 'java/lang/NoSuchMethodError'{0x000000071160fed8}: 'java.lang.Object java.lang.invoke.DirectMethodHandle$Holder.invokeStatic(java.lang.Object, java.lang.Object, java.lang.Object, java.lang.Object, int)'> (0x000000071160fed8) 
thrown [s\src\hotspot\share\interpreter\linkResolver.cpp, line 773]
Event: 0.953 Thread 0x00000205458b6870 Exception <a 'java/lang/NoSuchMethodError'{0x00000007116184d0}: 'int java.lang.invoke.DirectMethodHandle$Holder.invokeSpecial(java.lang.Object, java.lang.Object, java.lang.Object)'> (0x00000007116184d0) 
thrown [s\src\hotspot\share\interpreter\linkResolver.cpp, line 773]
Event: 1.031 Thread 0x00000205458b6870 Exception <a 'java/lang/NoSuchMethodError'{0x000000071439fce0}: 'java.lang.Object java.lang.invoke.DirectMethodHandle$Holder.newInvokeSpecial(java.lang.Object, java.lang.Object, int)'> (0x000000071439fce0) 
thrown [s\src\hotspot\share\interpreter\linkResolver.cpp, line 773]
Event: 1.068 Thread 0x00000205450bddf0 Exception <a 'java/lang/NoSuchMethodError'{0x000000071419f520}: 'int java.lang.invoke.DirectMethodHandle$Holder.invokeStaticInit(java.lang.Object, java.lang.Object)'> (0x000000071419f520) 
thrown [s\src\hotspot\share\interpreter\linkResolver.cpp, line 773]
Event: 1.835 Thread 0x00000205458b6870 Exception <a 'java/lang/NoSuchMethodError'{0x0000000713ecd0f8}: 'long java.lang.invoke.DirectMethodHandle$Holder.invokeStatic(java.lang.Object, java.lang.Object, java.lang.Object)'> (0x0000000713ecd0f8) 
thrown [s\src\hotspot\share\interpreter\linkResolver.cpp, line 773]
Event: 1.835 Thread 0x00000205458b6870 Exception <a 'java/lang/NoSuchMethodError'{0x0000000713ed0788}: 'long java.lang.invoke.DirectMethodHandle$Holder.invokeStaticInit(java.lang.Object, java.lang.Object, java.lang.Object)'> (0x0000000713ed0788) 
thrown [s\src\hotspot\share\interpreter\linkResolver.cpp, line 773]
Event: 1.835 Thread 0x00000205458b6870 Exception <a 'java/lang/NoSuchMethodError'{0x0000000713945170}: 'java.lang.Object java.lang.invoke.DirectMethodHandle$Holder.newInvokeSpecial(java.lang.Object, java.lang.Object, long)'> (0x0000000713945170) 
thrown [s\src\hotspot\share\interpreter\linkResolver.cpp, line 773]
Event: 1.836 Thread 0x00000205458b6870 Exception <a 'java/lang/NoSuchMethodError'{0x0000000713948a88}: 'java.lang.Object java.lang.invoke.Invokers$Holder.linkToTargetMethod(java.lang.Object, long, java.lang.Object)'> (0x0000000713948a88) 
thrown [s\src\hotspot\share\interpreter\linkResolver.cpp, line 773]
Event: 2.127 Thread 0x00000205458b6870 Exception <a 'java/lang/NoSuchMethodError'{0x0000000713997b50}: 'java.lang.Object java.lang.invoke.DirectMethodHandle$Holder.invokeSpecial(java.lang.Object, java.lang.Object, double, double)'> (0x0000000713997b50) 
thrown [s\src\hotspot\share\interpreter\linkResolver.cpp, line 773]
Event: 40.632 Thread 0x00000205458b6870 Exception <a 'java/lang/ClassNotFoundException'{0x00000007136c3298}: sun/awt/resources/spi/awtProvider> (0x00000007136c3298) 
thrown [s\src\hotspot\share\classfile\systemDictionary.cpp, line 312]
Event: 40.635 Thread 0x00000205458b6870 Exception <a 'java/io/FileNotFoundException'{0x00000007136ce5f0}> (0x00000007136ce5f0) 
thrown [s\src\hotspot\share\prims\jni.cpp, line 520]
Event: 40.635 Thread 0x00000205458b6870 Exception <a 'java/io/FileNotFoundException'{0x00000007136cfe60}> (0x00000007136cfe60) 
thrown [s\src\hotspot\share\prims\jni.cpp, line 520]

ZGC Phase Switch (0 events):
No events

VM Operations (20 events):
Event: 24.477 Executing VM operation: get/set locals done
Event: 24.477 Executing VM operation: get/set locals
Event: 24.477 Executing VM operation: get/set locals done
Event: 24.477 Executing VM operation: get/set locals
Event: 24.477 Executing VM operation: get/set locals done
Event: 24.477 Executing VM operation: get/set locals
Event: 24.477 Executing VM operation: get/set locals done
Event: 24.477 Executing VM operation: get/set locals
Event: 24.477 Executing VM operation: get/set locals done
Event: 24.477 Executing VM operation: get/set locals
Event: 24.477 Executing VM operation: get/set locals done
Event: 40.626 Executing VM operation: ChangeBreakpoints
Event: 40.626 Executing VM operation: ChangeBreakpoints done
Event: 40.627 Executing VM operation: ChangeBreakpoints
Event: 40.627 Executing VM operation: ChangeBreakpoints done
Event: 40.627 Executing VM operation: ChangeBreakpoints
Event: 40.627 Executing VM operation: ChangeBreakpoints done
Event: 40.627 Executing VM operation: ChangeBreakpoints
Event: 40.627 Executing VM operation: ChangeBreakpoints done
Event: 40.643 Executing VM operation: Exit

Memory protections (0 events):
No events

Nmethod flushes (0 events):
No events

Events (20 events):
Event: 0.536 Thread 0x0000020545ae4e40 Thread added: 0x00000205458b6870
Event: 0.602 Thread 0x0000020548ac2000 Thread added: 0x0000020548ac2000
Event: 0.676 Thread 0x000002057f13e6b0 Thread added: 0x0000020548b46880
Event: 0.676 Thread 0x000002057f13e6b0 Thread added: 0x0000020548b73af0
Event: 0.833 Thread 0x00000205458b6870 Thread added: 0x0000020548c87800
Event: 1.093 Thread 0x00000205450bddf0 Thread added: 0x0000020549491010
Event: 1.262 Thread 0x0000020548b73af0 Thread exited: 0x0000020548b73af0
Event: 1.262 Thread 0x0000020548b46880 Thread exited: 0x0000020548b46880
Event: 6.217 Thread 0x000002057f13e6b0 Thread exited: 0x000002057f13e6b0
Event: 15.013 Thread 0x000002057ef3e6e0 Thread exited: 0x000002057ef3e6e0
Event: 20.011 Thread 0x000002057ef1e030 Thread exited: 0x000002057ef1e030
Event: 40.626 Thread 0x00000205451c52b0 Thread exited: 0x00000205451c52b0
Event: 40.628 Thread 0x0000020545216c60 Thread exited: 0x0000020545216c60
Event: 40.642 Thread 0x000002057ed58170 Thread added: 0x0000020548bc7540
Event: 40.642 Thread 0x0000020548bc7540 Thread added: 0x0000020548bc6eb0
Event: 40.642 Thread 0x0000020548bc7540 Thread added: 0x0000020548bc7bd0
Event: 40.642 Thread 0x0000020548bc7bd0 Thread exited: 0x0000020548bc7bd0
Event: 40.643 Thread 0x0000020548bc6eb0 Thread exited: 0x0000020548bc6eb0
Event: 40.643 Thread 0x0000020548bc7540 Before exit entered
Event: 40.643 Thread 0x000002057ed58170 Thread exited: 0x000002057ed58170


Dynamic libraries:
0x00007ff647670000 - 0x00007ff64767e000 	C:\Users\flori\.jdks\corretto-21.0.5\bin\java.exe
0x00007ff8f4710000 - 0x00007ff8f4927000 	C:\Windows\SYSTEM32\ntdll.dll
0x00007ff8f2cd0000 - 0x00007ff8f2d94000 	C:\Windows\System32\KERNEL32.DLL
0x00007ff8f1e10000 - 0x00007ff8f21c9000 	C:\Windows\System32\KERNELBASE.dll
0x00007ff8f1cf0000 - 0x00007ff8f1e01000 	C:\Windows\System32\ucrtbase.dll
0x00007ff8e3140000 - 0x00007ff8e3158000 	C:\Users\flori\.jdks\corretto-21.0.5\bin\jli.dll
0x00007ff8e30f0000 - 0x00007ff8e310b000 	C:\Users\flori\.jdks\corretto-21.0.5\bin\VCRUNTIME140.dll
0x00007ff8f3f00000 - 0x00007ff8f40ae000 	C:\Windows\System32\USER32.dll
0x00007ff8f1a10000 - 0x00007ff8f1a36000 	C:\Windows\System32\win32u.dll
0x00007ff8e77f0000 - 0x00007ff8e7a82000 	C:\Windows\WinSxS\amd64_microsoft.windows.common-controls_6595b64144ccf1df_6.0.22621.4391_none_2715d37f73803e96\COMCTL32.dll
0x00007ff8f3e30000 - 0x00007ff8f3e59000 	C:\Windows\System32\GDI32.dll
0x00007ff8f2620000 - 0x00007ff8f26c7000 	C:\Windows\System32\msvcrt.dll
0x00007ff8f1a40000 - 0x00007ff8f1b5b000 	C:\Windows\System32\gdi32full.dll
0x00007ff8f1bd0000 - 0x00007ff8f1c6a000 	C:\Windows\System32\msvcp_win.dll
0x00007ff8f26d0000 - 0x00007ff8f2701000 	C:\Windows\System32\IMM32.DLL
0x00007ff8eac20000 - 0x00007ff8eac2c000 	C:\Users\flori\.jdks\corretto-21.0.5\bin\vcruntime140_1.dll
0x00007ff8e16c0000 - 0x00007ff8e174d000 	C:\Users\flori\.jdks\corretto-21.0.5\bin\msvcp140.dll
0x00007ff878710000 - 0x00007ff8794ad000 	C:\Users\flori\.jdks\corretto-21.0.5\bin\server\jvm.dll
0x00007ff8f40b0000 - 0x00007ff8f4162000 	C:\Windows\System32\ADVAPI32.dll
0x00007ff8f2a90000 - 0x00007ff8f2b37000 	C:\Windows\System32\sechost.dll
0x00007ff8f21d0000 - 0x00007ff8f21f8000 	C:\Windows\System32\bcrypt.dll
0x00007ff8f2b40000 - 0x00007ff8f2c54000 	C:\Windows\System32\RPCRT4.dll
0x00007ff8f3b90000 - 0x00007ff8f3c01000 	C:\Windows\System32\WS2_32.dll
0x00007ff8f0880000 - 0x00007ff8f08cd000 	C:\Windows\SYSTEM32\POWRPROF.dll
0x00007ff8e7bc0000 - 0x00007ff8e7bca000 	C:\Windows\SYSTEM32\VERSION.dll
0x00007ff8e5860000 - 0x00007ff8e5894000 	C:\Windows\SYSTEM32\WINMM.dll
0x00007ff8f0860000 - 0x00007ff8f0873000 	C:\Windows\SYSTEM32\UMPDC.dll
0x00007ff8f0b40000 - 0x00007ff8f0b58000 	C:\Windows\SYSTEM32\kernel.appcore.dll
0x00007ff8eab50000 - 0x00007ff8eab5a000 	C:\Users\flori\.jdks\corretto-21.0.5\bin\jimage.dll
0x00007ff8eedb0000 - 0x00007ff8eefe2000 	C:\Windows\SYSTEM32\DBGHELP.DLL
0x00007ff8f37e0000 - 0x00007ff8f3b6f000 	C:\Windows\System32\combase.dll
0x00007ff8f4170000 - 0x00007ff8f4247000 	C:\Windows\System32\OLEAUT32.dll
0x00007ff8e6770000 - 0x00007ff8e67a2000 	C:\Windows\SYSTEM32\dbgcore.DLL
0x00007ff8f1c70000 - 0x00007ff8f1ceb000 	C:\Windows\System32\bcryptPrimitives.dll
0x00007ff8e1cb0000 - 0x00007ff8e1cec000 	C:\Users\flori\.jdks\corretto-21.0.5\bin\jdwp.dll
0x00007ff8e2280000 - 0x00007ff8e228e000 	C:\Users\flori\.jdks\corretto-21.0.5\bin\instrument.dll
0x00007ff8e30d0000 - 0x00007ff8e30ef000 	C:\Users\flori\.jdks\corretto-21.0.5\bin\java.dll
0x00007ff8e2090000 - 0x00007ff8e20a8000 	C:\Users\flori\.jdks\corretto-21.0.5\bin\zip.dll
0x00007ff8f2da0000 - 0x00007ff8f3616000 	C:\Windows\System32\SHELL32.dll
0x00007ff8ef910000 - 0x00007ff8f0213000 	C:\Windows\SYSTEM32\windows.storage.dll
0x00007ff8ef7d0000 - 0x00007ff8ef90f000 	C:\Windows\SYSTEM32\wintypes.dll
0x00007ff8f2770000 - 0x00007ff8f2869000 	C:\Windows\System32\SHCORE.dll
0x00007ff8f2710000 - 0x00007ff8f276e000 	C:\Windows\System32\shlwapi.dll
0x00007ff8f1940000 - 0x00007ff8f196b000 	C:\Windows\SYSTEM32\profapi.dll
0x00007ff8e0060000 - 0x00007ff8e0137000 	C:\Users\flori\.jdks\corretto-21.0.5\bin\jsvml.dll
0x00007ff8ea730000 - 0x00007ff8ea740000 	C:\Users\flori\.jdks\corretto-21.0.5\bin\net.dll
0x00007ff8eb870000 - 0x00007ff8eb9a6000 	C:\Windows\SYSTEM32\WINHTTP.dll
0x00007ff8f0fc0000 - 0x00007ff8f1029000 	C:\Windows\system32\mswsock.dll
0x00007ff8e2290000 - 0x00007ff8e22a6000 	C:\Users\flori\.jdks\corretto-21.0.5\bin\nio.dll
0x00007ff8e2020000 - 0x00007ff8e202b000 	C:\Users\flori\.jdks\corretto-21.0.5\bin\dt_socket.dll
0x00007ff8f0530000 - 0x00007ff8f055d000 	C:\Windows\SYSTEM32\IPHLPAPI.DLL
0x000002057fae0000 - 0x000002057fae3000 	C:\Users\flori\.openjfx\cache\21+31\amd64\api-ms-win-core-console-l1-1-0.dll
0x000002057faf0000 - 0x000002057faf3000 	C:\Users\flori\.openjfx\cache\21+31\amd64\api-ms-win-core-console-l1-2-0.dll
0x000002057fb00000 - 0x000002057fb03000 	C:\Users\flori\.openjfx\cache\21+31\amd64\api-ms-win-core-datetime-l1-1-0.dll
0x000002057fb10000 - 0x000002057fb13000 	C:\Users\flori\.openjfx\cache\21+31\amd64\api-ms-win-core-debug-l1-1-0.dll
0x000002057fb20000 - 0x000002057fb23000 	C:\Users\flori\.openjfx\cache\21+31\amd64\api-ms-win-core-errorhandling-l1-1-0.dll
0x000002057fb30000 - 0x000002057fb34000 	C:\Users\flori\.openjfx\cache\21+31\amd64\api-ms-win-core-file-l1-1-0.dll
0x000002057fb40000 - 0x000002057fb43000 	C:\Users\flori\.openjfx\cache\21+31\amd64\api-ms-win-core-file-l1-2-0.dll
0x000002057fb50000 - 0x000002057fb53000 	C:\Users\flori\.openjfx\cache\21+31\amd64\api-ms-win-core-file-l2-1-0.dll
0x000002057fb60000 - 0x000002057fb63000 	C:\Users\flori\.openjfx\cache\21+31\amd64\api-ms-win-core-handle-l1-1-0.dll
0x000002057fb70000 - 0x000002057fb73000 	C:\Users\flori\.openjfx\cache\21+31\amd64\api-ms-win-core-heap-l1-1-0.dll
0x000002057fb80000 - 0x000002057fb83000 	C:\Users\flori\.openjfx\cache\21+31\amd64\api-ms-win-core-interlocked-l1-1-0.dll
0x000002057fb90000 - 0x000002057fb93000 	C:\Users\flori\.openjfx\cache\21+31\amd64\api-ms-win-core-libraryloader-l1-1-0.dll
0x000002057fba0000 - 0x000002057fba3000 	C:\Users\flori\.openjfx\cache\21+31\amd64\api-ms-win-core-localization-l1-2-0.dll
0x000002057fbb0000 - 0x000002057fbb3000 	C:\Users\flori\.openjfx\cache\21+31\amd64\api-ms-win-core-memory-l1-1-0.dll
0x000002057fbc0000 - 0x000002057fbc3000 	C:\Users\flori\.openjfx\cache\21+31\amd64\api-ms-win-core-namedpipe-l1-1-0.dll
0x000002057fbd0000 - 0x000002057fbd3000 	C:\Users\flori\.openjfx\cache\21+31\amd64\api-ms-win-core-processenvironment-l1-1-0.dll
0x000002057fbe0000 - 0x000002057fbe3000 	C:\Users\flori\.openjfx\cache\21+31\amd64\api-ms-win-core-processthreads-l1-1-0.dll
0x000002057fbf0000 - 0x000002057fbf3000 	C:\Users\flori\.openjfx\cache\21+31\amd64\api-ms-win-core-processthreads-l1-1-1.dll
0x000002057fc00000 - 0x000002057fc03000 	C:\Users\flori\.openjfx\cache\21+31\amd64\api-ms-win-core-profile-l1-1-0.dll
0x000002057fc10000 - 0x000002057fc13000 	C:\Users\flori\.openjfx\cache\21+31\amd64\api-ms-win-core-rtlsupport-l1-1-0.dll
0x000002057fc20000 - 0x000002057fc23000 	C:\Users\flori\.openjfx\cache\21+31\amd64\api-ms-win-core-string-l1-1-0.dll
0x000002057fc30000 - 0x000002057fc33000 	C:\Users\flori\.openjfx\cache\21+31\amd64\api-ms-win-core-synch-l1-1-0.dll
0x000002057fc40000 - 0x000002057fc43000 	C:\Users\flori\.openjfx\cache\21+31\amd64\api-ms-win-core-synch-l1-2-0.dll
0x000002057fc50000 - 0x000002057fc53000 	C:\Users\flori\.openjfx\cache\21+31\amd64\api-ms-win-core-sysinfo-l1-1-0.dll
0x000002057fc60000 - 0x000002057fc63000 	C:\Users\flori\.openjfx\cache\21+31\amd64\api-ms-win-core-timezone-l1-1-0.dll
0x000002057fc70000 - 0x000002057fc73000 	C:\Users\flori\.openjfx\cache\21+31\amd64\api-ms-win-core-util-l1-1-0.dll
0x000002057fc80000 - 0x000002057fc83000 	C:\Users\flori\.openjfx\cache\21+31\amd64\api-ms-win-crt-conio-l1-1-0.dll
0x000002057fc90000 - 0x000002057fc94000 	C:\Users\flori\.openjfx\cache\21+31\amd64\api-ms-win-crt-convert-l1-1-0.dll
0x000002057fca0000 - 0x000002057fca3000 	C:\Users\flori\.openjfx\cache\21+31\amd64\api-ms-win-crt-environment-l1-1-0.dll
0x000002057fcb0000 - 0x000002057fcb3000 	C:\Users\flori\.openjfx\cache\21+31\amd64\api-ms-win-crt-filesystem-l1-1-0.dll
0x000002057fcc0000 - 0x000002057fcc3000 	C:\Users\flori\.openjfx\cache\21+31\amd64\api-ms-win-crt-heap-l1-1-0.dll
0x000002057fcd0000 - 0x000002057fcd3000 	C:\Users\flori\.openjfx\cache\21+31\amd64\api-ms-win-crt-locale-l1-1-0.dll
0x000002057fce0000 - 0x000002057fce5000 	C:\Users\flori\.openjfx\cache\21+31\amd64\api-ms-win-crt-math-l1-1-0.dll
0x000002057fcf0000 - 0x000002057fcf5000 	C:\Users\flori\.openjfx\cache\21+31\amd64\api-ms-win-crt-multibyte-l1-1-0.dll
0x000002057fd00000 - 0x000002057fd10000 	C:\Users\flori\.openjfx\cache\21+31\amd64\api-ms-win-crt-private-l1-1-0.dll
0x000002057fd10000 - 0x000002057fd13000 	C:\Users\flori\.openjfx\cache\21+31\amd64\api-ms-win-crt-process-l1-1-0.dll
0x000002057fd20000 - 0x000002057fd24000 	C:\Users\flori\.openjfx\cache\21+31\amd64\api-ms-win-crt-runtime-l1-1-0.dll
0x000002057fd30000 - 0x000002057fd34000 	C:\Users\flori\.openjfx\cache\21+31\amd64\api-ms-win-crt-stdio-l1-1-0.dll
0x000002057fd40000 - 0x000002057fd44000 	C:\Users\flori\.openjfx\cache\21+31\amd64\api-ms-win-crt-string-l1-1-0.dll
0x000002057fd50000 - 0x000002057fd53000 	C:\Users\flori\.openjfx\cache\21+31\amd64\api-ms-win-crt-time-l1-1-0.dll
0x000002057fd60000 - 0x000002057fd63000 	C:\Users\flori\.openjfx\cache\21+31\amd64\api-ms-win-crt-utility-l1-1-0.dll
0x00007ff8dff60000 - 0x00007ff8e005c000 	C:\Users\flori\.openjfx\cache\21+31\amd64\ucrtbase.dll
0x00007ff8e1c90000 - 0x00007ff8e1cab000 	C:\Users\flori\.openjfx\cache\21+31\amd64\vcruntime140.dll
0x00007ff8e1c80000 - 0x00007ff8e1c8c000 	C:\Users\flori\.openjfx\cache\21+31\amd64\vcruntime140_1.dll
0x00007ff8dfed0000 - 0x00007ff8dff5e000 	C:\Users\flori\.openjfx\cache\21+31\amd64\msvcp140.dll
0x00007ff8f3620000 - 0x00007ff8f37c5000 	C:\Windows\System32\ole32.dll
0x00007ff8e1c70000 - 0x00007ff8e1c79000 	C:\Users\flori\.openjfx\cache\21+31\amd64\msvcp140_1.dll
0x00007ff8e0690000 - 0x00007ff8e06bf000 	C:\Users\flori\.openjfx\cache\21+31\amd64\msvcp140_2.dll
0x00007ff8e0660000 - 0x00007ff8e068f000 	C:\Users\flori\.openjfx\cache\21+31\amd64\prism_d3d.dll
0x00007ff8ad790000 - 0x00007ff8ad938000 	C:\Windows\system32\d3d9.dll
0x00007ff8ebfd0000 - 0x00007ff8ebffb000 	C:\Windows\SYSTEM32\dwmapi.dll
0x00007ff8ef010000 - 0x00007ff8ef047000 	C:\Windows\SYSTEM32\dxcore.dll
0x00007ff8ebd50000 - 0x00007ff8ebe01000 	C:\Windows\system32\uxtheme.dll
0x00007ff8b3290000 - 0x00007ff8b3340000 	C:\Windows\SYSTEM32\d3d9on12.dll
0x00007ff8ebed0000 - 0x00007ff8ebfc7000 	C:\Windows\SYSTEM32\dxgi.dll
0x00007ff8bc590000 - 0x00007ff8bc5b6000 	C:\Windows\SYSTEM32\d3d12.dll
0x00007ff8f1700000 - 0x00007ff8f174e000 	C:\Windows\SYSTEM32\cfgmgr32.dll
0x00007ff8ac6f0000 - 0x00007ff8ac8f2000 	C:\Windows\SYSTEM32\D3D12Core.dll
0x00007ff8bc160000 - 0x00007ff8bc187000 	C:\Windows\System32\DriverStore\FileRepository\iigd_dch.inf_amd64_5b1252b3763da959\igd12umd64.dll
0x00007ff8a8d30000 - 0x00007ff8a99e9000 	C:\Windows\System32\DriverStore\FileRepository\iigd_dch.inf_amd64_5b1252b3763da959\igd12um64xel.dll
0x00007ff8f22c0000 - 0x00007ff8f2426000 	C:\Windows\System32\CRYPT32.dll
0x00007ff8af8c0000 - 0x00007ff8af904000 	C:\Windows\SYSTEM32\ControlLib.dll
0x00007ff8f4250000 - 0x00007ff8f46c4000 	C:\Windows\System32\SETUPAPI.dll
0x00007ff8f16d0000 - 0x00007ff8f16fc000 	C:\Windows\SYSTEM32\DEVOBJ.dll
0x00007ff8e3af0000 - 0x00007ff8e3b78000 	C:\Windows\System32\DriverStore\FileRepository\iigd_dch.inf_amd64_5b1252b3763da959\IntelControlLib.dll
0x00007ff8f1b60000 - 0x00007ff8f1bcc000 	C:\Windows\System32\WINTRUST.dll
0x00007ff8f16b0000 - 0x00007ff8f16c2000 	C:\Windows\SYSTEM32\MSASN1.dll
0x00007ff8e7b50000 - 0x00007ff8e7b99000 	C:\Windows\SYSTEM32\directxdatabasehelper.dll
0x00007ff8e27b0000 - 0x00007ff8e2bc7000 	C:\Windows\System32\DriverStore\FileRepository\iigd_dch.inf_amd64_5b1252b3763da959\igdgmm64.dll
0x00007ff8daa50000 - 0x00007ff8de74c000 	C:\Windows\System32\DriverStore\FileRepository\iigd_dch.inf_amd64_5b1252b3763da959\igc64.dll
0x00007ff8b75e0000 - 0x00007ff8b760f000 	C:\Windows\SYSTEM32\D3DSCache.dll
0x00007ff8f10b0000 - 0x00007ff8f10d8000 	C:\Windows\SYSTEM32\USERENV.dll
0x00007ff8a6e60000 - 0x00007ff8a8205000 	C:\Windows\System32\DriverStore\FileRepository\iigd_dch.inf_amd64_5b1252b3763da959\igd12dxva64.dll
0x00007ff8a3ba0000 - 0x00007ff8a58c0000 	C:\Windows\System32\DriverStore\FileRepository\iigd_dch.inf_amd64_5b1252b3763da959\media_bin_64.dll
0x00007ff8b7440000 - 0x00007ff8b7467000 	C:\Windows\System32\DriverStore\FileRepository\iigd_dch.inf_amd64_5b1252b3763da959\igdinfo64.dll
0x00007ff8e3840000 - 0x00007ff8e3ae4000 	C:\Windows\SYSTEM32\twinapi.appcore.dll
0x00007ff8dfe80000 - 0x00007ff8dfec2000 	C:\Users\flori\.openjfx\cache\21+31\amd64\glass.dll

dbghelp: loaded successfully - version: 4.0.5 - missing functions: none
symbol engine: initialized successfully - sym options: 0x614 - pdb path: .;C:\Users\flori\.jdks\corretto-21.0.5\bin;C:\Windows\SYSTEM32;C:\Windows\WinSxS\amd64_microsoft.windows.common-controls_6595b64144ccf1df_6.0.22621.4391_none_2715d37f73803e96;C:\Users\flori\.jdks\corretto-21.0.5\bin\server;C:\Users\flori\.openjfx\cache\21+31\amd64;C:\Windows\System32\DriverStore\FileRepository\iigd_dch.inf_amd64_5b1252b3763da959;C:\Program Files\Common Files\Microsoft Shared\Ink

VM Arguments:
jvm_args: -agentlib:jdwp=transport=dt_socket,address=127.0.0.1:65054,suspend=y,server=n -javaagent:C:\Users\flori\AppData\Local\JetBrains\IntelliJIdea2024.2\captureAgent\debugger-agent.jar -Dkotlinx.coroutines.debug.enable.creation.stack.trace=false -Ddebugger.agent.enable.coroutines=true -Dfile.encoding=UTF-8 -Dsun.stdout.encoding=UTF-8 -Dsun.stderr.encoding=UTF-8 --module-path=C:\Users\flori\.m2\repository\org\openjfx\javafx-base\21\javafx-base-21-win.jar;C:\Users\flori\.m2\repository\org\openjfx\javafx-fxml\21\javafx-fxml-21-win.jar;C:\Users\flori\.m2\repository\org\openjfx\javafx-controls\21\javafx-controls-21-win.jar;C:\Users\flori\.m2\repository\org\openjfx\javafx-graphics\21\javafx-graphics-21-win.jar;C:\Users\flori\Documents\Travail IUT\S5\Projet tutoré\Projet_Tutore_RA-IL2_BOURDON_BORTOLOTTI_ROTH_DUCHENE\Chemin_interface\target\classes -Djdk.module.main=com.example.chemin_interface 
java_command: com.example.chemin_interface/com.example.chemin_interface.mains.MainLaby
java_class_path (initial): C:\Users\flori\.m2\repository\org\openjfx\javafx-controls\21\javafx-controls-21.jar;C:\Users\flori\.m2\repository\org\openjfx\javafx-graphics\21\javafx-graphics-21.jar;C:\Users\flori\.m2\repository\org\openjfx\javafx-base\21\javafx-base-21.jar;C:\Users\flori\.m2\repository\org\openjfx\javafx-fxml\21\javafx-fxml-21.jar;C:\Program Files\JetBrains\IntelliJ IDEA 2024.2.1\lib\idea_rt.jar
Launcher Type: SUN_STANDARD

[Global flags]
     intx CICompilerCount                          = 12                                        {product} {ergonomic}
     uint ConcGCThreads                            = 3                                         {product} {ergonomic}
     uint G1ConcRefinementThreads                  = 13                                        {product} {ergonomic}
   size_t G1HeapRegionSize                         = 2097152                                   {product} {ergonomic}
    uintx GCDrainStackTargetSize                   = 64                                        {product} {ergonomic}
   size_t InitialHeapSize                          = 264241152                                 {product} {ergonomic}
   size_t MarkStackSize                            = 4194304                                   {product} {ergonomic}
   size_t MaxHeapSize                              = 4217372672                                {product} {ergonomic}
   size_t MaxNewSize                               = 2529165312                                {product} {ergonomic}
   size_t MinHeapDeltaBytes                        = 2097152                                   {product} {ergonomic}
   size_t MinHeapSize                              = 8388608                                   {product} {ergonomic}
    uintx NonNMethodCodeHeapSize                   = 7602480                                {pd product} {ergonomic}
    uintx NonProfiledCodeHeapSize                  = 122027880                              {pd product} {ergonomic}
    uintx ProfiledCodeHeapSize                     = 122027880                              {pd product} {ergonomic}
    uintx ReservedCodeCacheSize                    = 251658240                              {pd product} {ergonomic}
     bool SegmentedCodeCache                       = true                                      {product} {ergonomic}
   size_t SoftMaxHeapSize                          = 4217372672                             {manageable} {ergonomic}
     bool UseCompressedOops                        = true                           {product lp64_product} {ergonomic}
     bool UseG1GC                                  = true                                      {product} {ergonomic}
     bool UseLargePagesIndividualAllocation        = false                                  {pd product} {ergonomic}

Logging:
Log output configuration:
 #0: stdout all=off uptime,level,tags foldmultilines=false
 #1: stderr all=off uptime,level,tags foldmultilines=false

Environment Variables:
PATH=C:\Program Files\Common Files\Oracle\Java\javapath;C:\Windows\system32;C:\Windows;C:\Windows\System32\Wbem;C:\Windows\System32\WindowsPowerShell\v1.0\;C:\Windows\System32\OpenSSH\;C:\Program Files (x86)\NVIDIA Corporation\PhysX\Common;C:\Program Files\NVIDIA Corporation\NVIDIA NvDLISR;C:\Program Files\Git\cmd;C:\Program Files\MongoDB\Server\5.0\bin;C:\Users\flori\AppData\Local\Microsoft\WindowsApps;C:\Users\flori\AppData\Local\JetBrains\Toolbox\scripts;C:\Program Files\swipl\bin
USERNAME=flori
OS=Windows_NT
PROCESSOR_IDENTIFIER=Intel64 Family 6 Model 186 Stepping 2, GenuineIntel
TMP=C:\Users\flori\AppData\Local\Temp
TEMP=C:\Users\flori\AppData\Local\Temp




Periodic native trim disabled

---------------  S Y S T E M  ---------------

OS:
 Windows 11 , 64 bit Build 22621 (10.0.22621.4391)
OS uptime: 6 days 22:21 hours
Hyper-V role detected

CPU: total 16 (initial active 16) (8 cores per cpu, 2 threads per core) family 6 model 186 stepping 2 microcode 0x410e, cx8, cmov, fxsr, ht, mmx, 3dnowpref, sse, sse2, sse3, ssse3, sse4.1, sse4.2, popcnt, lzcnt, tsc, tscinvbit, avx, avx2, aes, erms, clmul, bmi1, bmi2, adx, sha, fma, vzeroupper, clflush, clflushopt, clwb, hv, serialize, rdtscp, rdpid, fsrm, f16c, cet_ibt, cet_ss
Processor Information for all 16 processors :
  Max Mhz: 2400, Current Mhz: 2400, Mhz Limit: 2400

Memory: 4k page, system-wide physical 16087M (4721M free)
TotalPageFile size 22231M (AvailPageFile size 7614M)
current process WorkingSet (physical memory assigned to process): 237M, peak: 272M
current process commit charge ("private bytes"): 495M, peak: 532M

vm_info: OpenJDK 64-Bit Server VM (21.0.5+11-LTS) for windows-amd64 JRE (21.0.5+11-LTS), built on 2024-10-11T20:58:34Z by "Administrator" with MS VC++ 16.10 / 16.11 (VS2019)

END.
