#
# A fatal error has been detected by the Java Runtime Environment:
#
#  EXCEPTION_ACCESS_VIOLATION (0xc0000005) at pc=0x00007ff8e00e6587, pid=14892, tid=11220
#
# JRE version: OpenJDK Runtime Environment Corretto-21.0.5.11.1 (21.0.5+11) (build 21.0.5+11-LTS)
# Java VM: OpenJDK 64-Bit Server VM Corretto-21.0.5.11.1 (21.0.5+11-LTS, mixed mode, sharing, tiered, compressed oops, compressed class ptrs, g1 gc, windows-amd64)
# Problematic frame:
# C  [glass.dll+0x26587]
#
# No core dump will be written. Minidumps are not enabled by default on client versions of Windows
#
# If you would like to submit a bug report, please visit:
#   https://github.com/corretto/corretto-21/issues/
#

---------------  S U M M A R Y ------------

Command Line: -agentlib:jdwp=transport=dt_socket,address=127.0.0.1:64971,suspend=y,server=n -javaagent:C:\Users\flori\AppData\Local\JetBrains\IntelliJIdea2024.2\captureAgent\debugger-agent.jar -Dkotlinx.coroutines.debug.enable.creation.stack.trace=false -Ddebugger.agent.enable.coroutines=true -Dfile.encoding=UTF-8 -Dsun.stdout.encoding=UTF-8 -Dsun.stderr.encoding=UTF-8 --module-path=C:\Users\flori\.m2\repository\org\openjfx\javafx-base\21\javafx-base-21-win.jar;C:\Users\flori\.m2\repository\org\openjfx\javafx-fxml\21\javafx-fxml-21-win.jar;C:\Users\flori\.m2\repository\org\openjfx\javafx-controls\21\javafx-controls-21-win.jar;C:\Users\flori\.m2\repository\org\openjfx\javafx-graphics\21\javafx-graphics-21-win.jar;C:\Users\flori\Documents\Travail IUT\S5\Projet tutoré\Projet_Tutore_RA-IL2_BOURDON_BORTOLOTTI_ROTH_DUCHENE\Chemin_interface\target\classes -Djdk.module.main=com.example.chemin_interface com.example.chemin_interface/com.example.chemin_interface.mains.MainLaby

Host: 13th Gen Intel(R) Core(TM) i7-13620H, 16 cores, 15G,  Windows 11 , 64 bit Build 22621 (10.0.22621.4391)
Time: Tue Dec 17 10:36:27 2024 Paris, Madrid elapsed time: 90.459057 seconds (0d 0h 1m 30s)

---------------  T H R E A D  ---------------

Current thread (0x00000274af42e8a0):  VMThread "VM Thread"          [id=11220, stack(0x0000008e06400000,0x0000008e06500000) (1024K)]

Stack: [0x0000008e06400000,0x0000008e06500000],  sp=0x0000008e064ff310,  free space=1020k
Native frames: (J=compiled Java code, j=interpreted, Vv=VM code, C=native code)
C  [glass.dll+0x26587]


siginfo: EXCEPTION_ACCESS_VIOLATION (0xc0000005), reading address 0x0000000000000000


Registers:
RAX=0x0000000000000000, RBX=0x00000274d141a762, RCX=0x00000274af42e8a0, RDX=0x0000008e064ff310
RSP=0x0000008e064ff310, RBP=0x0000027518ace118, RSI=0x0000008e064ff418, RDI=0x0000027518ace0f0
R8 =0x0000000000010002, R9 =0x0000027518ace0f0, R10=0x85f13e9656da4870, R11=0x0000008e064ff2a0
R12=0x00007ff8e00e3ed0, R13=0x00007ff8793f41c0, R14=0x0000c30c97107f2e, R15=0x0000027518ace0f0
RIP=0x00007ff8e00e6587, EFLAGS=0x0000000000010202


Register to memory mapping:

RAX=0x0 is null
RBX=0x00000274d141a762 is a global jni handle
RCX=0x00000274af42e8a0 points into unknown readable memory: 0x00007ff8791f34e0 | e0 34 1f 79 f8 7f 00 00
RDX=0x0000008e064ff310 points into unknown readable memory: 0x0000000000000000 | 00 00 00 00 00 00 00 00
RSP=0x0000008e064ff310 points into unknown readable memory: 0x0000000000000000 | 00 00 00 00 00 00 00 00
RBP=0x0000027518ace118 points into unknown readable memory: 0x0000c30c97107f2e | 2e 7f 10 97 0c c3 00 00
RSI=0x0000008e064ff418 points into unknown readable memory: 0x0000008e064ff400 | 00 f4 4f 06 8e 00 00 00
RDI=0x0000027518ace0f0 points into unknown readable memory: 0x8e7ac30c88ee472d | 2d 47 ee 88 0c c3 7a 8e
R8 =0x0000000000010002 is an unknown value
R9 =0x0000027518ace0f0 points into unknown readable memory: 0x8e7ac30c88ee472d | 2d 47 ee 88 0c c3 7a 8e
R10=0x85f13e9656da4870 is an unknown value
R11=0x0000008e064ff2a0 points into unknown readable memory: 0x0000027518ace0f0 | f0 e0 ac 18 75 02 00 00
R12=0x00007ff8e00e3ed0 glass.dll
R13=0x00007ff8793f41c0 jvm.dll
R14=0x0000c30c97107f2e is an unknown value
R15=0x0000027518ace0f0 points into unknown readable memory: 0x8e7ac30c88ee472d | 2d 47 ee 88 0c c3 7a 8e

Top of Stack: (sp=0x0000008e064ff310)
0x0000008e064ff310:   0000000000000000 0000008e064ff418
0x0000008e064ff320:   00007ff8793f41c0 00007ff8e00e3ed0
0x0000008e064ff330:   0000027518ace0f8 00007ff8f1d43a93
0x0000008e064ff340:   0000027518ace0f0 0000027500000000
0x0000008e064ff350:   0000027518ace118 0000008e064ff418
0x0000008e064ff360:   fffffffffffffffe 0000000000000000
0x0000008e064ff370:   0000000000000001 00007ff8e00c0000
0x0000008e064ff380:   0000008e064ff408 00007ff8f1d1042e
0x0000008e064ff390:   0000000000000000 0000008e064ff418
0x0000008e064ff3a0:   0000008e064ff700 0000000000000001
0x0000008e064ff3b0:   0000000000000001 00007ff8f1d0dddd
0x0000008e064ff3c0:   0000000000000000 00007ff8e00e36c9
0x0000008e064ff3d0:   00007ff8ebcf5ef0 0000008e064ff408
0x0000008e064ff3e0:   fffffffffffffffe 0000008e064ff3d0
0x0000008e064ff3f0:   0000000000000000 00007ff8e00e3d5d
0x0000008e064ff400:   00007ff8e00fa008 00007ff800000002
0x0000008e064ff410:   0000000000000002 0000008e064ff400
0x0000008e064ff420:   0000000000000000 00007ff8f4738af3
0x0000008e064ff430:   0000000000000000 00007ff8e00e3e82
0x0000008e064ff440:   0000000000000001 0000000000000000
0x0000008e064ff450:   0000000000000001 00007ff8ea230000
0x0000008e064ff460:   000000007ffe0384 00007ff8f1232223
0x0000008e064ff470:   00007ff800000001 0000008e064ff700
0x0000008e064ff480:   00007ff8e00c0000 000000007ffe0384
0x0000008e064ff490:   0000000000000000 00007ff8f4738b8f
0x0000008e064ff4a0:   00007ff8e00c0000 0000000000000000
0x0000008e064ff4b0:   0000000000000001 000000007ffe0385
0x0000008e064ff4c0:   0000000000000000 00007ff8f47617d9
0x0000008e064ff4d0:   000060fa8826a900 0000000000000014
0x0000008e064ff4e0:   00007ff8e00e3ed0 0000000000000000
0x0000008e064ff4f0:   0000000000000000 0000008e05844000
0x0000008e064ff500:   0000027518b2f460 00007ff8f4761596 

Instructions: (pc=0x00007ff8e00e6587)
0x00007ff8e00e6487:   8b 4d 58 e8 8d cf ff ff 48 8b 4d 60 e8 84 cf ff
0x00007ff8e00e6497:   ff 48 8b 95 80 00 00 00 48 8b 8d 18 01 00 00 e8
0x00007ff8e00e64a7:   76 c4 ff ff 33 d2 33 c9 e8 cc e1 ff ff 90 48 89
0x00007ff8e00e64b7:   54 24 10 55 48 83 ec 20 48 8b ea 48 b8 00 00 00
0x00007ff8e00e64c7:   00 00 00 00 00 48 83 c4 20 5d c3 cc 40 55 48 8b
0x00007ff8e00e64d7:   ea 48 8b 01 33 c9 81 38 05 00 00 c0 0f 94 c1 8b
0x00007ff8e00e64e7:   c1 5d c3 cc 40 55 48 83 ec 20 48 8b ea 8a 4d 40
0x00007ff8e00e64f7:   48 83 c4 20 5d e9 73 d3 ff ff cc 40 55 48 83 ec
0x00007ff8e00e6507:   20 48 8b ea 8a 4d 20 e8 61 d3 ff ff 90 48 83 c4
0x00007ff8e00e6517:   20 5d c3 cc 40 55 48 83 ec 20 48 8b ea 48 83 c4
0x00007ff8e00e6527:   20 5d e9 c2 d1 ff ff cc 40 55 48 83 ec 30 48 8b
0x00007ff8e00e6537:   ea 48 8b 01 8b 10 48 89 4c 24 28 89 54 24 20 4c
0x00007ff8e00e6547:   8d 0d 63 d6 ff ff 4c 8b 45 70 8b 55 68 48 8b 4d
0x00007ff8e00e6557:   60 e8 03 d1 ff ff 90 48 83 c4 30 5d c3 cc cc cc
0x00007ff8e00e6567:   cc cc cc cc cc cc cc cc cc 40 53 48 83 ec 20 48
0x00007ff8e00e6577:   8b 1d 8b 34 01 00 48 85 db 74 16 e8 89 8f ff ff
0x00007ff8e00e6587:   4c 8b 00 48 8b d3 48 8b c8 41 ff 90 b0 00 00 00
0x00007ff8e00e6597:   90 48 83 c4 20 5b c3 cc cc 40 53 48 83 ec 20 48
0x00007ff8e00e65a7:   8b 1d fb 35 01 00 48 85 db 74 57 b8 ff ff ff ff
0x00007ff8e00e65b7:   f0 0f c1 43 10 83 f8 01 75 3d 48 85 db 74 38 48
0x00007ff8e00e65c7:   8b 0b 48 85 c9 74 0d ff 15 d4 0c 00 00 48 c7 03
0x00007ff8e00e65d7:   00 00 00 00 48 8b 4b 08 48 85 c9 74 0d e8 33 ce
0x00007ff8e00e65e7:   ff ff 48 c7 43 08 00 00 00 00 ba 18 00 00 00 48
0x00007ff8e00e65f7:   8b cb e8 1e ce ff ff 48 c7 05 9f 35 01 00 00 00
0x00007ff8e00e6607:   00 00 48 83 c4 20 5b c3 cc 40 53 48 83 ec 20 48
0x00007ff8e00e6617:   8b 1d 6b 35 01 00 48 85 db 74 57 b8 ff ff ff ff
0x00007ff8e00e6627:   f0 0f c1 43 10 83 f8 01 75 3d 48 85 db 74 38 48
0x00007ff8e00e6637:   8b 0b 48 85 c9 74 0d ff 15 64 0c 00 00 48 c7 03
0x00007ff8e00e6647:   00 00 00 00 48 8b 4b 08 48 85 c9 74 0d e8 c3 cd
0x00007ff8e00e6657:   ff ff 48 c7 43 08 00 00 00 00 ba 18 00 00 00 48
0x00007ff8e00e6667:   8b cb e8 ae cd ff ff 48 c7 05 0f 35 01 00 00 00
0x00007ff8e00e6677:   00 00 48 83 c4 20 5b c3 cc 40 53 48 83 ec 20 48 


Stack slot to memory mapping:

stack at sp + 0 slots: 0x0 is null
stack at sp + 1 slots: 0x0000008e064ff418 points into unknown readable memory: 0x0000008e064ff400 | 00 f4 4f 06 8e 00 00 00
stack at sp + 2 slots: 0x00007ff8793f41c0 jvm.dll
stack at sp + 3 slots: 0x00007ff8e00e3ed0 glass.dll
stack at sp + 4 slots: 0x0000027518ace0f8 points into unknown readable memory: 0x0000c30c97107f2e | 2e 7f 10 97 0c c3 00 00
stack at sp + 5 slots: 0x00007ff8f1d43a93 ucrtbase.dll
stack at sp + 6 slots: 0x0000027518ace0f0 points into unknown readable memory: 0x8e7ac30c88ee472d | 2d 47 ee 88 0c c3 7a 8e
stack at sp + 7 slots: 0x0000027500000000 is an unknown value

VM_Operation (0x0000008e05bff070): Exit, mode: safepoint, requested by thread 0x0000027518f38250


---------------  P R O C E S S  ---------------

Threads class SMR info:
_java_thread_list=0x0000027518f1b8b0, length=21, elements={
0x00000274af455a30, 0x00000274d1422bf0, 0x00000274d1425b10, 0x00000274d1429ca0,
0x00000274d142acb0, 0x00000274d142d710, 0x00000274d142e290, 0x00000274d1437020,
0x00000274d1437be0, 0x00000274d16cf7b0, 0x0000027517c49740, 0x00000275179a3b80,
0x0000027517412f60, 0x00000275176ba250, 0x0000027518b31c50, 0x0000027518ab49f0,
0x0000027518d1da00, 0x0000027519348c20, 0x0000027518f38f70, 0x0000027519334550,
0x0000027518f38250
}

Java Threads: ( => current thread )
  0x00000274af455a30 JavaThread "main"                              [_thread_blocked, id=11952, stack(0x0000008e05d00000,0x0000008e05e00000) (1024K)]
  0x00000274d1422bf0 JavaThread "Reference Handler"          daemon [_thread_blocked, id=23844, stack(0x0000008e06500000,0x0000008e06600000) (1024K)]
  0x00000274d1425b10 JavaThread "Finalizer"                  daemon [_thread_blocked, id=9704, stack(0x0000008e06600000,0x0000008e06700000) (1024K)]
  0x00000274d1429ca0 JavaThread "Signal Dispatcher"          daemon [_thread_blocked, id=15340, stack(0x0000008e06700000,0x0000008e06800000) (1024K)]
  0x00000274d142acb0 JavaThread "Attach Listener"            daemon [_thread_blocked, id=20876, stack(0x0000008e06800000,0x0000008e06900000) (1024K)]
  0x00000274d142d710 JavaThread "Service Thread"             daemon [_thread_blocked, id=10776, stack(0x0000008e06900000,0x0000008e06a00000) (1024K)]
  0x00000274d142e290 JavaThread "Monitor Deflation Thread"   daemon [_thread_blocked, id=23312, stack(0x0000008e06a00000,0x0000008e06b00000) (1024K)]
  0x00000274d1437020 JavaThread "C2 CompilerThread0"         daemon [_thread_blocked, id=11124, stack(0x0000008e06b00000,0x0000008e06c00000) (1024K)]
  0x00000274d1437be0 JavaThread "C1 CompilerThread0"         daemon [_thread_blocked, id=21844, stack(0x0000008e06c00000,0x0000008e06d00000) (1024K)]
  0x00000274d16cf7b0 JavaThread "Common-Cleaner"             daemon [_thread_blocked, id=18236, stack(0x0000008e07000000,0x0000008e07100000) (1024K)]
  0x0000027517c49740 JavaThread "JDWP Event Helper Thread"   daemon [_thread_blocked, id=3280, stack(0x0000008e07500000,0x0000008e07600000) (1024K)]
  0x00000275179a3b80 JavaThread "Notification Thread"        daemon [_thread_blocked, id=22576, stack(0x0000008e07700000,0x0000008e07800000) (1024K)]
  0x0000027517412f60 JavaThread "JavaFX-Launcher"                   [_thread_blocked, id=2732, stack(0x0000008e07800000,0x0000008e07900000) (1024K)]
  0x00000275176ba250 JavaThread "QuantumRenderer-0"          daemon [_thread_blocked, id=21696, stack(0x0000008e07900000,0x0000008e07a00000) (1024K)]
  0x0000027518b31c50 JavaThread "InvokeLaterDispatcher"      daemon [_thread_blocked, id=6104, stack(0x0000008e08700000,0x0000008e08800000) (1024K)]
  0x0000027518ab49f0 JavaThread "JavaFX Application Thread"         [_thread_blocked, id=18516, stack(0x0000008e08800000,0x0000008e08900000) (1024K)]
  0x0000027518d1da00 JavaThread "Thread-2"                   daemon [_thread_in_native, id=19428, stack(0x0000008e08a00000,0x0000008e08b00000) (1024K)]
  0x0000027519348c20 JavaThread "Prism Font Disposer"        daemon [_thread_blocked, id=2380, stack(0x0000008e08e00000,0x0000008e08f00000) (1024K)]
  0x0000027518f38f70 JavaThread "Cleaner-0"                  daemon [_thread_blocked, id=23404, stack(0x0000008e09200000,0x0000008e09300000) (1024K)]
  0x0000027519334550 JavaThread "C1 CompilerThread1"         daemon [_thread_blocked, id=23528, stack(0x0000008e05a00000,0x0000008e05b00000) (1024K)]
  0x0000027518f38250 JavaThread "SIGINT handler"             daemon [_thread_blocked, id=21444, stack(0x0000008e05b00000,0x0000008e05c00000) (1024K)]
Total: 21

Other Threads:
=>0x00000274af42e8a0 VMThread "VM Thread"                           [id=11220, stack(0x0000008e06400000,0x0000008e06500000) (1024K)]
  0x00000274af42e500 WorkerThread "GC Thread#0"                     [id=3644, stack(0x0000008e05e00000,0x0000008e05f00000) (1024K)]
  0x0000027517964230 WorkerThread "GC Thread#1"                     [id=10236, stack(0x0000008e07e00000,0x0000008e07f00000) (1024K)]
  0x0000027517962c70 WorkerThread "GC Thread#2"                     [id=17924, stack(0x0000008e07f00000,0x0000008e08000000) (1024K)]
  0x0000027517963e90 WorkerThread "GC Thread#3"                     [id=1296, stack(0x0000008e08000000,0x0000008e08100000) (1024K)]
  0x0000027517963010 WorkerThread "GC Thread#4"                     [id=23176, stack(0x0000008e08100000,0x0000008e08200000) (1024K)]
  0x00000275179645d0 WorkerThread "GC Thread#5"                     [id=14644, stack(0x0000008e08200000,0x0000008e08300000) (1024K)]
  0x00000275179633b0 WorkerThread "GC Thread#6"                     [id=5524, stack(0x0000008e08300000,0x0000008e08400000) (1024K)]
  0x0000027517963af0 WorkerThread "GC Thread#7"                     [id=14108, stack(0x0000008e08400000,0x0000008e08500000) (1024K)]
  0x0000027518af4d70 WorkerThread "GC Thread#8"                     [id=15708, stack(0x0000008e08500000,0x0000008e08600000) (1024K)]
  0x0000027518af1370 WorkerThread "GC Thread#9"                     [id=2644, stack(0x0000008e08600000,0x0000008e08700000) (1024K)]
  0x0000027518af49d0 WorkerThread "GC Thread#10"                    [id=24192, stack(0x0000008e08f00000,0x0000008e09000000) (1024K)]
  0x0000027518af3b50 WorkerThread "GC Thread#11"                    [id=15452, stack(0x0000008e09000000,0x0000008e09100000) (1024K)]
  0x0000027518af3ef0 WorkerThread "GC Thread#12"                    [id=9684, stack(0x0000008e09100000,0x0000008e09200000) (1024K)]
  0x00000274b16ea920 ConcurrentGCThread "G1 Main Marker"            terminated
  0x00000274af42f380 WorkerThread "G1 Conc#0"                       [id=16116, stack(0x0000008e06000000,0x0000008e06100000) (1024K)]
  0x00000274d12d3110 ConcurrentGCThread "G1 Refine#0"               terminated
  0x00000274d12d3a90 ConcurrentGCThread "G1 Service"                terminated
Total: 18

Threads with active compile tasks:
C1 CompilerThread1  90529 2468       3       jdk.internal.org.objectweb.asm.Type::getArgumentTypes (154 bytes)
Total: 1

VM state: at safepoint (shutting down)

VM Mutex/Monitor currently owned by a thread:  ([mutex/lock_event])
[0x00007ff8793cc320] Threads_lock - owner thread: 0x00000274af42e8a0
[0x00007ff8793cc420] Heap_lock - owner thread: 0x0000027518f38250

Heap address: 0x0000000704a00000, size: 4022 MB, Compressed Oops mode: Zero based, Oop shift amount: 3

CDS archive(s) mapped at: [0x00000274d2000000-0x00000274d2c80000-0x00000274d2c80000), size 13107200, SharedBaseAddress: 0x00000274d2000000, ArchiveRelocationMode: 1.
Compressed class space mapped at: 0x00000274d3000000-0x0000027513000000, reserved size: 1073741824
Narrow klass base: 0x00000274d2000000, Narrow klass shift: 0, Narrow klass range: 0x100000000

GC Precious Log:
 CardTable entry size: 512
 Card Set container configuration: InlinePtr #cards 4 size 8 Array Of Cards #cards 16 size 48 Howl #buckets 8 coarsen threshold 3686 Howl Bitmap #cards 512 size 80 coarsen threshold 460 Card regions per heap region 1 cards per card region 4096
 CPUs: 16 total, 16 available
 Memory: 16087M
 Large Page Support: Disabled
 NUMA Support: Disabled
 Compressed Oops: Enabled (Zero based)
 Heap Region Size: 2M
 Heap Min Capacity: 8M
 Heap Initial Capacity: 252M
 Heap Max Capacity: 4022M
 Pre-touch: Disabled
 Parallel Workers: 13
 Concurrent Workers: 3
 Concurrent Refinement Workers: 13
 Periodic GC: Disabled

Heap:
 garbage-first heap   total 258048K, used 24143K [0x0000000704a00000, 0x0000000800000000)
  region size 2048K, 12 young (24576K), 3 survivors (6144K)
 Metaspace       used 16150K, committed 16448K, reserved 1114112K
  class space    used 2479K, committed 2624K, reserved 1048576K

Heap Regions: E=young(eden), S=young(survivor), O=old, HS=humongous(starts), HC=humongous(continues), CS=collection set, F=free, TAMS=top-at-mark-start, PB=parsable bottom
|   0|0x0000000704a00000, 0x0000000704c00000, 0x0000000704c00000|100%|HS|  |TAMS 0x0000000704a00000| PB 0x0000000704a00000| Complete 
|   1|0x0000000704c00000, 0x0000000704c00000, 0x0000000704e00000|  0%| F|  |TAMS 0x0000000704c00000| PB 0x0000000704c00000| Untracked 
|   2|0x0000000704e00000, 0x0000000704e00000, 0x0000000705000000|  0%| F|  |TAMS 0x0000000704e00000| PB 0x0000000704e00000| Untracked 
|   3|0x0000000705000000, 0x0000000705000000, 0x0000000705200000|  0%| F|  |TAMS 0x0000000705000000| PB 0x0000000705000000| Untracked 
|   4|0x0000000705200000, 0x0000000705200000, 0x0000000705400000|  0%| F|  |TAMS 0x0000000705200000| PB 0x0000000705200000| Untracked 
|   5|0x0000000705400000, 0x0000000705400000, 0x0000000705600000|  0%| F|  |TAMS 0x0000000705400000| PB 0x0000000705400000| Untracked 
|   6|0x0000000705600000, 0x0000000705600000, 0x0000000705800000|  0%| F|  |TAMS 0x0000000705600000| PB 0x0000000705600000| Untracked 
|   7|0x0000000705800000, 0x0000000705800000, 0x0000000705a00000|  0%| F|  |TAMS 0x0000000705800000| PB 0x0000000705800000| Untracked 
|   8|0x0000000705a00000, 0x0000000705a00000, 0x0000000705c00000|  0%| F|  |TAMS 0x0000000705a00000| PB 0x0000000705a00000| Untracked 
|   9|0x0000000705c00000, 0x0000000705c00000, 0x0000000705e00000|  0%| F|  |TAMS 0x0000000705c00000| PB 0x0000000705c00000| Untracked 
|  10|0x0000000705e00000, 0x0000000705e00000, 0x0000000706000000|  0%| F|  |TAMS 0x0000000705e00000| PB 0x0000000705e00000| Untracked 
|  11|0x0000000706000000, 0x0000000706000000, 0x0000000706200000|  0%| F|  |TAMS 0x0000000706000000| PB 0x0000000706000000| Untracked 
|  12|0x0000000706200000, 0x0000000706200000, 0x0000000706400000|  0%| F|  |TAMS 0x0000000706200000| PB 0x0000000706200000| Untracked 
|  13|0x0000000706400000, 0x0000000706400000, 0x0000000706600000|  0%| F|  |TAMS 0x0000000706400000| PB 0x0000000706400000| Untracked 
|  14|0x0000000706600000, 0x0000000706600000, 0x0000000706800000|  0%| F|  |TAMS 0x0000000706600000| PB 0x0000000706600000| Untracked 
|  15|0x0000000706800000, 0x0000000706800000, 0x0000000706a00000|  0%| F|  |TAMS 0x0000000706800000| PB 0x0000000706800000| Untracked 
|  16|0x0000000706a00000, 0x0000000706a00000, 0x0000000706c00000|  0%| F|  |TAMS 0x0000000706a00000| PB 0x0000000706a00000| Untracked 
|  17|0x0000000706c00000, 0x0000000706c00000, 0x0000000706e00000|  0%| F|  |TAMS 0x0000000706c00000| PB 0x0000000706c00000| Untracked 
|  18|0x0000000706e00000, 0x0000000706e00000, 0x0000000707000000|  0%| F|  |TAMS 0x0000000706e00000| PB 0x0000000706e00000| Untracked 
|  19|0x0000000707000000, 0x0000000707000000, 0x0000000707200000|  0%| F|  |TAMS 0x0000000707000000| PB 0x0000000707000000| Untracked 
|  20|0x0000000707200000, 0x0000000707200000, 0x0000000707400000|  0%| F|  |TAMS 0x0000000707200000| PB 0x0000000707200000| Untracked 
|  21|0x0000000707400000, 0x0000000707400000, 0x0000000707600000|  0%| F|  |TAMS 0x0000000707400000| PB 0x0000000707400000| Untracked 
|  22|0x0000000707600000, 0x0000000707600000, 0x0000000707800000|  0%| F|  |TAMS 0x0000000707600000| PB 0x0000000707600000| Untracked 
|  23|0x0000000707800000, 0x0000000707800000, 0x0000000707a00000|  0%| F|  |TAMS 0x0000000707800000| PB 0x0000000707800000| Untracked 
|  24|0x0000000707a00000, 0x0000000707a00000, 0x0000000707c00000|  0%| F|  |TAMS 0x0000000707a00000| PB 0x0000000707a00000| Untracked 
|  25|0x0000000707c00000, 0x0000000707c00000, 0x0000000707e00000|  0%| F|  |TAMS 0x0000000707c00000| PB 0x0000000707c00000| Untracked 
|  26|0x0000000707e00000, 0x0000000707e00000, 0x0000000708000000|  0%| F|  |TAMS 0x0000000707e00000| PB 0x0000000707e00000| Untracked 
|  27|0x0000000708000000, 0x0000000708000000, 0x0000000708200000|  0%| F|  |TAMS 0x0000000708000000| PB 0x0000000708000000| Untracked 
|  28|0x0000000708200000, 0x0000000708200000, 0x0000000708400000|  0%| F|  |TAMS 0x0000000708200000| PB 0x0000000708200000| Untracked 
|  29|0x0000000708400000, 0x0000000708400000, 0x0000000708600000|  0%| F|  |TAMS 0x0000000708400000| PB 0x0000000708400000| Untracked 
|  30|0x0000000708600000, 0x0000000708600000, 0x0000000708800000|  0%| F|  |TAMS 0x0000000708600000| PB 0x0000000708600000| Untracked 
|  31|0x0000000708800000, 0x0000000708800000, 0x0000000708a00000|  0%| F|  |TAMS 0x0000000708800000| PB 0x0000000708800000| Untracked 
|  32|0x0000000708a00000, 0x0000000708a00000, 0x0000000708c00000|  0%| F|  |TAMS 0x0000000708a00000| PB 0x0000000708a00000| Untracked 
|  33|0x0000000708c00000, 0x0000000708c00000, 0x0000000708e00000|  0%| F|  |TAMS 0x0000000708c00000| PB 0x0000000708c00000| Untracked 
|  34|0x0000000708e00000, 0x0000000708e00000, 0x0000000709000000|  0%| F|  |TAMS 0x0000000708e00000| PB 0x0000000708e00000| Untracked 
|  35|0x0000000709000000, 0x0000000709000000, 0x0000000709200000|  0%| F|  |TAMS 0x0000000709000000| PB 0x0000000709000000| Untracked 
|  36|0x0000000709200000, 0x0000000709200000, 0x0000000709400000|  0%| F|  |TAMS 0x0000000709200000| PB 0x0000000709200000| Untracked 
|  37|0x0000000709400000, 0x0000000709400000, 0x0000000709600000|  0%| F|  |TAMS 0x0000000709400000| PB 0x0000000709400000| Untracked 
|  38|0x0000000709600000, 0x0000000709600000, 0x0000000709800000|  0%| F|  |TAMS 0x0000000709600000| PB 0x0000000709600000| Untracked 
|  39|0x0000000709800000, 0x0000000709800000, 0x0000000709a00000|  0%| F|  |TAMS 0x0000000709800000| PB 0x0000000709800000| Untracked 
|  40|0x0000000709a00000, 0x0000000709a00000, 0x0000000709c00000|  0%| F|  |TAMS 0x0000000709a00000| PB 0x0000000709a00000| Untracked 
|  41|0x0000000709c00000, 0x0000000709c00000, 0x0000000709e00000|  0%| F|  |TAMS 0x0000000709c00000| PB 0x0000000709c00000| Untracked 
|  42|0x0000000709e00000, 0x0000000709e00000, 0x000000070a000000|  0%| F|  |TAMS 0x0000000709e00000| PB 0x0000000709e00000| Untracked 
|  43|0x000000070a000000, 0x000000070a000000, 0x000000070a200000|  0%| F|  |TAMS 0x000000070a000000| PB 0x000000070a000000| Untracked 
|  44|0x000000070a200000, 0x000000070a200000, 0x000000070a400000|  0%| F|  |TAMS 0x000000070a200000| PB 0x000000070a200000| Untracked 
|  45|0x000000070a400000, 0x000000070a400000, 0x000000070a600000|  0%| F|  |TAMS 0x000000070a400000| PB 0x000000070a400000| Untracked 
|  46|0x000000070a600000, 0x000000070a600000, 0x000000070a800000|  0%| F|  |TAMS 0x000000070a600000| PB 0x000000070a600000| Untracked 
|  47|0x000000070a800000, 0x000000070a800000, 0x000000070aa00000|  0%| F|  |TAMS 0x000000070a800000| PB 0x000000070a800000| Untracked 
|  48|0x000000070aa00000, 0x000000070aa00000, 0x000000070ac00000|  0%| F|  |TAMS 0x000000070aa00000| PB 0x000000070aa00000| Untracked 
|  49|0x000000070ac00000, 0x000000070ac00000, 0x000000070ae00000|  0%| F|  |TAMS 0x000000070ac00000| PB 0x000000070ac00000| Untracked 
|  50|0x000000070ae00000, 0x000000070ae00000, 0x000000070b000000|  0%| F|  |TAMS 0x000000070ae00000| PB 0x000000070ae00000| Untracked 
|  51|0x000000070b000000, 0x000000070b000000, 0x000000070b200000|  0%| F|  |TAMS 0x000000070b000000| PB 0x000000070b000000| Untracked 
|  52|0x000000070b200000, 0x000000070b200000, 0x000000070b400000|  0%| F|  |TAMS 0x000000070b200000| PB 0x000000070b200000| Untracked 
|  53|0x000000070b400000, 0x000000070b400000, 0x000000070b600000|  0%| F|  |TAMS 0x000000070b400000| PB 0x000000070b400000| Untracked 
|  54|0x000000070b600000, 0x000000070b600000, 0x000000070b800000|  0%| F|  |TAMS 0x000000070b600000| PB 0x000000070b600000| Untracked 
|  55|0x000000070b800000, 0x000000070b800000, 0x000000070ba00000|  0%| F|  |TAMS 0x000000070b800000| PB 0x000000070b800000| Untracked 
|  56|0x000000070ba00000, 0x000000070ba00000, 0x000000070bc00000|  0%| F|  |TAMS 0x000000070ba00000| PB 0x000000070ba00000| Untracked 
|  57|0x000000070bc00000, 0x000000070bc00000, 0x000000070be00000|  0%| F|  |TAMS 0x000000070bc00000| PB 0x000000070bc00000| Untracked 
|  58|0x000000070be00000, 0x000000070be00000, 0x000000070c000000|  0%| F|  |TAMS 0x000000070be00000| PB 0x000000070be00000| Untracked 
|  59|0x000000070c000000, 0x000000070c000000, 0x000000070c200000|  0%| F|  |TAMS 0x000000070c000000| PB 0x000000070c000000| Untracked 
|  60|0x000000070c200000, 0x000000070c200000, 0x000000070c400000|  0%| F|  |TAMS 0x000000070c200000| PB 0x000000070c200000| Untracked 
|  61|0x000000070c400000, 0x000000070c400000, 0x000000070c600000|  0%| F|  |TAMS 0x000000070c400000| PB 0x000000070c400000| Untracked 
|  62|0x000000070c600000, 0x000000070c600000, 0x000000070c800000|  0%| F|  |TAMS 0x000000070c600000| PB 0x000000070c600000| Untracked 
|  63|0x000000070c800000, 0x000000070c800000, 0x000000070ca00000|  0%| F|  |TAMS 0x000000070c800000| PB 0x000000070c800000| Untracked 
|  64|0x000000070ca00000, 0x000000070ca00000, 0x000000070cc00000|  0%| F|  |TAMS 0x000000070ca00000| PB 0x000000070ca00000| Untracked 
|  65|0x000000070cc00000, 0x000000070cc00000, 0x000000070ce00000|  0%| F|  |TAMS 0x000000070cc00000| PB 0x000000070cc00000| Untracked 
|  66|0x000000070ce00000, 0x000000070ce00000, 0x000000070d000000|  0%| F|  |TAMS 0x000000070ce00000| PB 0x000000070ce00000| Untracked 
|  67|0x000000070d000000, 0x000000070d000000, 0x000000070d200000|  0%| F|  |TAMS 0x000000070d000000| PB 0x000000070d000000| Untracked 
|  68|0x000000070d200000, 0x000000070d200000, 0x000000070d400000|  0%| F|  |TAMS 0x000000070d200000| PB 0x000000070d200000| Untracked 
|  69|0x000000070d400000, 0x000000070d400000, 0x000000070d600000|  0%| F|  |TAMS 0x000000070d400000| PB 0x000000070d400000| Untracked 
|  70|0x000000070d600000, 0x000000070d600000, 0x000000070d800000|  0%| F|  |TAMS 0x000000070d600000| PB 0x000000070d600000| Untracked 
|  71|0x000000070d800000, 0x000000070d800000, 0x000000070da00000|  0%| F|  |TAMS 0x000000070d800000| PB 0x000000070d800000| Untracked 
|  72|0x000000070da00000, 0x000000070da00000, 0x000000070dc00000|  0%| F|  |TAMS 0x000000070da00000| PB 0x000000070da00000| Untracked 
|  73|0x000000070dc00000, 0x000000070dc00000, 0x000000070de00000|  0%| F|  |TAMS 0x000000070dc00000| PB 0x000000070dc00000| Untracked 
|  74|0x000000070de00000, 0x000000070de00000, 0x000000070e000000|  0%| F|  |TAMS 0x000000070de00000| PB 0x000000070de00000| Untracked 
|  75|0x000000070e000000, 0x000000070e000000, 0x000000070e200000|  0%| F|  |TAMS 0x000000070e000000| PB 0x000000070e000000| Untracked 
|  76|0x000000070e200000, 0x000000070e200000, 0x000000070e400000|  0%| F|  |TAMS 0x000000070e200000| PB 0x000000070e200000| Untracked 
|  77|0x000000070e400000, 0x000000070e400000, 0x000000070e600000|  0%| F|  |TAMS 0x000000070e400000| PB 0x000000070e400000| Untracked 
|  78|0x000000070e600000, 0x000000070e600000, 0x000000070e800000|  0%| F|  |TAMS 0x000000070e600000| PB 0x000000070e600000| Untracked 
|  79|0x000000070e800000, 0x000000070e800000, 0x000000070ea00000|  0%| F|  |TAMS 0x000000070e800000| PB 0x000000070e800000| Untracked 
|  80|0x000000070ea00000, 0x000000070ea00000, 0x000000070ec00000|  0%| F|  |TAMS 0x000000070ea00000| PB 0x000000070ea00000| Untracked 
|  81|0x000000070ec00000, 0x000000070ec00000, 0x000000070ee00000|  0%| F|  |TAMS 0x000000070ec00000| PB 0x000000070ec00000| Untracked 
|  82|0x000000070ee00000, 0x000000070ee00000, 0x000000070f000000|  0%| F|  |TAMS 0x000000070ee00000| PB 0x000000070ee00000| Untracked 
|  83|0x000000070f000000, 0x000000070f000000, 0x000000070f200000|  0%| F|  |TAMS 0x000000070f000000| PB 0x000000070f000000| Untracked 
|  84|0x000000070f200000, 0x000000070f200000, 0x000000070f400000|  0%| F|  |TAMS 0x000000070f200000| PB 0x000000070f200000| Untracked 
|  85|0x000000070f400000, 0x000000070f400000, 0x000000070f600000|  0%| F|  |TAMS 0x000000070f400000| PB 0x000000070f400000| Untracked 
|  86|0x000000070f600000, 0x000000070f600000, 0x000000070f800000|  0%| F|  |TAMS 0x000000070f600000| PB 0x000000070f600000| Untracked 
|  87|0x000000070f800000, 0x000000070f800000, 0x000000070fa00000|  0%| F|  |TAMS 0x000000070f800000| PB 0x000000070f800000| Untracked 
|  88|0x000000070fa00000, 0x000000070fa00000, 0x000000070fc00000|  0%| F|  |TAMS 0x000000070fa00000| PB 0x000000070fa00000| Untracked 
|  89|0x000000070fc00000, 0x000000070fc00000, 0x000000070fe00000|  0%| F|  |TAMS 0x000000070fc00000| PB 0x000000070fc00000| Untracked 
|  90|0x000000070fe00000, 0x000000070fe00000, 0x0000000710000000|  0%| F|  |TAMS 0x000000070fe00000| PB 0x000000070fe00000| Untracked 
|  91|0x0000000710000000, 0x0000000710000000, 0x0000000710200000|  0%| F|  |TAMS 0x0000000710000000| PB 0x0000000710000000| Untracked 
|  92|0x0000000710200000, 0x0000000710200000, 0x0000000710400000|  0%| F|  |TAMS 0x0000000710200000| PB 0x0000000710200000| Untracked 
|  93|0x0000000710400000, 0x0000000710400000, 0x0000000710600000|  0%| F|  |TAMS 0x0000000710400000| PB 0x0000000710400000| Untracked 
|  94|0x0000000710600000, 0x0000000710600000, 0x0000000710800000|  0%| F|  |TAMS 0x0000000710600000| PB 0x0000000710600000| Untracked 
|  95|0x0000000710800000, 0x0000000710800000, 0x0000000710a00000|  0%| F|  |TAMS 0x0000000710800000| PB 0x0000000710800000| Untracked 
|  96|0x0000000710a00000, 0x0000000710a00000, 0x0000000710c00000|  0%| F|  |TAMS 0x0000000710a00000| PB 0x0000000710a00000| Untracked 
|  97|0x0000000710c00000, 0x0000000710d93c00, 0x0000000710e00000| 78%| S|CS|TAMS 0x0000000710c00000| PB 0x0000000710c00000| Complete 
|  98|0x0000000710e00000, 0x0000000711000000, 0x0000000711000000|100%| S|CS|TAMS 0x0000000710e00000| PB 0x0000000710e00000| Complete 
|  99|0x0000000711000000, 0x0000000711200000, 0x0000000711200000|100%| S|CS|TAMS 0x0000000711000000| PB 0x0000000711000000| Complete 
| 100|0x0000000711200000, 0x0000000711200000, 0x0000000711400000|  0%| F|  |TAMS 0x0000000711200000| PB 0x0000000711200000| Untracked 
| 101|0x0000000711400000, 0x0000000711400000, 0x0000000711600000|  0%| F|  |TAMS 0x0000000711400000| PB 0x0000000711400000| Untracked 
| 102|0x0000000711600000, 0x0000000711600000, 0x0000000711800000|  0%| F|  |TAMS 0x0000000711600000| PB 0x0000000711600000| Untracked 
| 103|0x0000000711800000, 0x0000000711800000, 0x0000000711a00000|  0%| F|  |TAMS 0x0000000711800000| PB 0x0000000711800000| Untracked 
| 104|0x0000000711a00000, 0x0000000711a00000, 0x0000000711c00000|  0%| F|  |TAMS 0x0000000711a00000| PB 0x0000000711a00000| Untracked 
| 105|0x0000000711c00000, 0x0000000711c00000, 0x0000000711e00000|  0%| F|  |TAMS 0x0000000711c00000| PB 0x0000000711c00000| Untracked 
| 106|0x0000000711e00000, 0x0000000711e00000, 0x0000000712000000|  0%| F|  |TAMS 0x0000000711e00000| PB 0x0000000711e00000| Untracked 
| 107|0x0000000712000000, 0x0000000712000000, 0x0000000712200000|  0%| F|  |TAMS 0x0000000712000000| PB 0x0000000712000000| Untracked 
| 108|0x0000000712200000, 0x0000000712200000, 0x0000000712400000|  0%| F|  |TAMS 0x0000000712200000| PB 0x0000000712200000| Untracked 
| 109|0x0000000712400000, 0x0000000712400000, 0x0000000712600000|  0%| F|  |TAMS 0x0000000712400000| PB 0x0000000712400000| Untracked 
| 110|0x0000000712600000, 0x0000000712600000, 0x0000000712800000|  0%| F|  |TAMS 0x0000000712600000| PB 0x0000000712600000| Untracked 
| 111|0x0000000712800000, 0x0000000712800000, 0x0000000712a00000|  0%| F|  |TAMS 0x0000000712800000| PB 0x0000000712800000| Untracked 
| 112|0x0000000712a00000, 0x0000000712a00000, 0x0000000712c00000|  0%| F|  |TAMS 0x0000000712a00000| PB 0x0000000712a00000| Untracked 
| 113|0x0000000712c00000, 0x0000000712c00000, 0x0000000712e00000|  0%| F|  |TAMS 0x0000000712c00000| PB 0x0000000712c00000| Untracked 
| 114|0x0000000712e00000, 0x0000000712e00000, 0x0000000713000000|  0%| F|  |TAMS 0x0000000712e00000| PB 0x0000000712e00000| Untracked 
| 115|0x0000000713000000, 0x0000000713000000, 0x0000000713200000|  0%| F|  |TAMS 0x0000000713000000| PB 0x0000000713000000| Untracked 
| 116|0x0000000713200000, 0x0000000713200000, 0x0000000713400000|  0%| F|  |TAMS 0x0000000713200000| PB 0x0000000713200000| Untracked 
| 117|0x0000000713400000, 0x00000007135147f8, 0x0000000713600000| 54%| E|  |TAMS 0x0000000713400000| PB 0x0000000713400000| Complete 
| 118|0x0000000713600000, 0x0000000713800000, 0x0000000713800000|100%| E|CS|TAMS 0x0000000713600000| PB 0x0000000713600000| Complete 
| 119|0x0000000713800000, 0x0000000713a00000, 0x0000000713a00000|100%| E|CS|TAMS 0x0000000713800000| PB 0x0000000713800000| Complete 
| 120|0x0000000713a00000, 0x0000000713c00000, 0x0000000713c00000|100%| E|CS|TAMS 0x0000000713a00000| PB 0x0000000713a00000| Complete 
| 121|0x0000000713c00000, 0x0000000713e00000, 0x0000000713e00000|100%| E|CS|TAMS 0x0000000713c00000| PB 0x0000000713c00000| Complete 
| 122|0x0000000713e00000, 0x0000000714000000, 0x0000000714000000|100%| E|CS|TAMS 0x0000000713e00000| PB 0x0000000713e00000| Complete 
| 123|0x0000000714000000, 0x0000000714200000, 0x0000000714200000|100%| E|CS|TAMS 0x0000000714000000| PB 0x0000000714000000| Complete 
| 124|0x0000000714200000, 0x0000000714400000, 0x0000000714400000|100%| E|CS|TAMS 0x0000000714200000| PB 0x0000000714200000| Complete 
| 125|0x0000000714400000, 0x0000000714600000, 0x0000000714600000|100%| E|CS|TAMS 0x0000000714400000| PB 0x0000000714400000| Complete 

Card table byte_map: [0x00000274c9dc0000,0x00000274ca5a0000] _byte_map_base: 0x00000274c659b000

Marking Bits: (CMBitMap*) 0x00000274b16da4f0
 Bits: [0x00000274ca5a0000, 0x00000274ce478000)

Polling page: 0x00000274af620000

Metaspace:

Usage:
  Non-class:     13.35 MB used.
      Class:      2.42 MB used.
       Both:     15.77 MB used.

Virtual space:
  Non-class space:       64.00 MB reserved,      13.50 MB ( 21%) committed,  1 nodes.
      Class space:        1.00 GB reserved,       2.56 MB ( <1%) committed,  1 nodes.
             Both:        1.06 GB reserved,      16.06 MB (  1%) committed. 

Chunk freelists:
   Non-Class:  2.53 MB
       Class:  13.47 MB
        Both:  16.00 MB

MaxMetaspaceSize: unlimited
CompressedClassSpaceSize: 1.00 GB
Initial GC threshold: 21.00 MB
Current GC threshold: 21.00 MB
CDS: on
 - commit_granule_bytes: 65536.
 - commit_granule_words: 8192.
 - virtual_space_node_default_size: 8388608.
 - enlarge_chunks_in_place: 1.
 - use_allocation_guard: 0.


Internal statistics:

num_allocs_failed_limit: 0.
num_arena_births: 250.
num_arena_deaths: 0.
num_vsnodes_births: 2.
num_vsnodes_deaths: 0.
num_space_committed: 257.
num_space_uncommitted: 0.
num_chunks_returned_to_freelist: 0.
num_chunks_taken_from_freelist: 772.
num_chunk_merges: 0.
num_chunk_splits: 541.
num_chunks_enlarged: 413.
num_inconsistent_stats: 0.

CodeHeap 'non-profiled nmethods': size=119168Kb used=1161Kb max_used=1161Kb free=118006Kb
 bounds [0x00000274c18f0000, 0x00000274c1b60000, 0x00000274c8d50000]
CodeHeap 'profiled nmethods': size=119104Kb used=4473Kb max_used=4473Kb free=114630Kb
 bounds [0x00000274b9d50000, 0x00000274ba1b0000, 0x00000274c11a0000]
CodeHeap 'non-nmethods': size=7488Kb used=2444Kb max_used=3600Kb free=5043Kb
 bounds [0x00000274c11a0000, 0x00000274c1530000, 0x00000274c18f0000]
 total_blobs=3300 nmethods=2472 adapters=731
 compilation: enabled
              stopped_count=0, restarted_count=0
 full_count=0

Compilation events (20 events):
Event: 90.100 Thread 0x00000274d1437be0 nmethod 2456 0x00000274ba1a9310 code [0x00000274ba1a9500, 0x00000274ba1a99a0]
Event: 90.101 Thread 0x00000274d1437be0 2457       3       java.lang.StringCoding::implEncodeAsciiArray (47 bytes)
Event: 90.101 Thread 0x00000274d1437be0 nmethod 2457 0x00000274ba1a9b90 code [0x00000274ba1a9d40, 0x00000274ba1a9f88]
Event: 90.102 Thread 0x00000274d1437be0 2458       1       sun.nio.fs.WindowsFileSystem::provider (5 bytes)
Event: 90.102 Thread 0x00000274d1437be0 nmethod 2458 0x00000274c1a10390 code [0x00000274c1a10520, 0x00000274c1a105f0]
Event: 90.110 Thread 0x0000027519334550 2459       3       java.lang.invoke.BoundMethodHandle::bindArgumentL (11 bytes)
Event: 90.110 Thread 0x00000274d1437be0 2460       3       java.lang.invoke.LambdaFormEditor::bindArgumentL (59 bytes)
Event: 90.111 Thread 0x00000274d1437be0 nmethod 2460 0x00000274ba1aa110 code [0x00000274ba1aa2e0, 0x00000274ba1aa5a0]
Event: 90.111 Thread 0x0000027519334550 nmethod 2459 0x00000274ba1aa710 code [0x00000274ba1aa900, 0x00000274ba1aae00]
Event: 90.112 Thread 0x0000027519334550 2461       3       java.lang.invoke.DirectMethodHandle$Holder::newInvokeSpecial (20 bytes)
Event: 90.112 Thread 0x0000027519334550 nmethod 2461 0x00000274ba1ab010 code [0x00000274ba1ab200, 0x00000274ba1ab8d8]
Event: 90.113 Thread 0x0000027519334550 2462       3       java.lang.invoke.InvokerBytecodeGenerator::emitStoreInsn (21 bytes)
Event: 90.113 Thread 0x0000027519334550 nmethod 2462 0x00000274ba1aba90 code [0x00000274ba1abc60, 0x00000274ba1abed8]
Event: 90.113 Thread 0x0000027519334550 2463       3       jdk.internal.org.objectweb.asm.MethodWriter::computeAllFrames (510 bytes)
Event: 90.113 Thread 0x00000274d1437020 2464       4       jdk.internal.org.objectweb.asm.MethodWriter::visitEnd (1 bytes)
Event: 90.113 Thread 0x00000274d1437020 nmethod 2464 0x00000274c1a10690 code [0x00000274c1a10820, 0x00000274c1a108a8]
Event: 90.113 Thread 0x00000274d1437be0 2467       1       java.util.logging.LogManager$LoggerContext::getOwner (5 bytes)
Event: 90.113 Thread 0x00000274d1437be0 nmethod 2467 0x00000274c1a10f90 code [0x00000274c1a11120, 0x00000274c1a111f0]
Event: 90.114 Thread 0x0000027519334550 nmethod 2463 0x00000274ba1ac010 code [0x00000274ba1ac380, 0x00000274ba1ad820]
Event: 90.114 Thread 0x0000027519334550 2468       3       jdk.internal.org.objectweb.asm.Type::getArgumentTypes (154 bytes)

GC Heap History (4 events):
Event: 0.396 GC heap before
{Heap before GC invocations=0 (full 0):
 garbage-first heap   total 258048K, used 20480K [0x0000000704a00000, 0x0000000800000000)
  region size 2048K, 11 young (22528K), 0 survivors (0K)
 Metaspace       used 3657K, committed 3840K, reserved 1114112K
  class space    used 361K, committed 448K, reserved 1048576K
}
Event: 0.399 GC heap after
{Heap after GC invocations=1 (full 0):
 garbage-first heap   total 258048K, used 2255K [0x0000000704a00000, 0x0000000800000000)
  region size 2048K, 2 young (4096K), 2 survivors (4096K)
 Metaspace       used 3657K, committed 3840K, reserved 1114112K
  class space    used 361K, committed 448K, reserved 1048576K
}
Event: 0.924 GC heap before
{Heap before GC invocations=1 (full 0):
 garbage-first heap   total 258048K, used 49359K [0x0000000704a00000, 0x0000000800000000)
  region size 2048K, 26 young (53248K), 2 survivors (4096K)
 Metaspace       used 13240K, committed 13504K, reserved 1114112K
  class space    used 2051K, committed 2176K, reserved 1048576K
}
Event: 0.927 GC heap after
{Heap after GC invocations=2 (full 0):
 garbage-first heap   total 258048K, used 5711K [0x0000000704a00000, 0x0000000800000000)
  region size 2048K, 3 young (6144K), 3 survivors (6144K)
 Metaspace       used 13240K, committed 13504K, reserved 1114112K
  class space    used 2051K, committed 2176K, reserved 1048576K
}

Dll operation events (20 events):
Event: 0.273 Loaded shared library C:\Users\flori\.openjfx\cache\21+31\amd64\api-ms-win-crt-math-l1-1-0.dll
Event: 0.275 Loaded shared library C:\Users\flori\.openjfx\cache\21+31\amd64\api-ms-win-crt-multibyte-l1-1-0.dll
Event: 0.277 Loaded shared library C:\Users\flori\.openjfx\cache\21+31\amd64\api-ms-win-crt-private-l1-1-0.dll
Event: 0.278 Loaded shared library C:\Users\flori\.openjfx\cache\21+31\amd64\api-ms-win-crt-process-l1-1-0.dll
Event: 0.280 Loaded shared library C:\Users\flori\.openjfx\cache\21+31\amd64\api-ms-win-crt-runtime-l1-1-0.dll
Event: 0.281 Loaded shared library C:\Users\flori\.openjfx\cache\21+31\amd64\api-ms-win-crt-stdio-l1-1-0.dll
Event: 0.282 Loaded shared library C:\Users\flori\.openjfx\cache\21+31\amd64\api-ms-win-crt-string-l1-1-0.dll
Event: 0.284 Loaded shared library C:\Users\flori\.openjfx\cache\21+31\amd64\api-ms-win-crt-time-l1-1-0.dll
Event: 0.285 Loaded shared library C:\Users\flori\.openjfx\cache\21+31\amd64\api-ms-win-crt-utility-l1-1-0.dll
Event: 0.294 Loaded shared library C:\Users\flori\.openjfx\cache\21+31\amd64\ucrtbase.dll
Event: 0.296 Loaded shared library C:\Users\flori\.openjfx\cache\21+31\amd64\vcruntime140.dll
Event: 0.298 Loaded shared library C:\Users\flori\.openjfx\cache\21+31\amd64\vcruntime140_1.dll
Event: 0.303 Loaded shared library C:\Users\flori\.openjfx\cache\21+31\amd64\msvcp140.dll
Event: 0.305 Loaded shared library C:\Users\flori\.openjfx\cache\21+31\amd64\msvcp140_1.dll
Event: 0.307 Loaded shared library C:\Users\flori\.openjfx\cache\21+31\amd64\msvcp140_2.dll
Event: 0.336 Loaded shared library C:\Users\flori\.openjfx\cache\21+31\amd64\prism_d3d.dll
Event: 0.405 Loaded shared library C:\Users\flori\.openjfx\cache\21+31\amd64\glass.dll
Event: 0.527 Loaded shared library C:\Users\flori\.openjfx\cache\21+31\amd64\javafx_font.dll
Event: 0.636 Loaded shared library C:\Users\flori\.jdks\corretto-21.0.5\bin\jimage.dll
Event: 90.105 Loaded shared library C:\Users\flori\.jdks\corretto-21.0.5\bin\awt.dll

Deoptimization events (20 events):
Event: 2.668 Thread 0x0000027518ab49f0 DEOPT PACKING pc=0x00000274c19600b8 sp=0x0000008e088fd400
Event: 2.668 Thread 0x0000027518ab49f0 DEOPT UNPACKING pc=0x00000274c11f46a2 sp=0x0000008e088fd3a0 mode 2
Event: 2.673 Thread 0x00000275176ba250 Uncommon trap: trap_request=0xffffffde fr.pc=0x00000274c1982974 relative=0x0000000000000f74
Event: 2.673 Thread 0x00000275176ba250 Uncommon trap: reason=class_check action=maybe_recompile pc=0x00000274c1982974 method=java.util.concurrent.ConcurrentHashMap.putVal(Ljava/lang/Object;Ljava/lang/Object;Z)Ljava/lang/Object; @ 242 c2
Event: 2.673 Thread 0x00000275176ba250 DEOPT PACKING pc=0x00000274c1982974 sp=0x0000008e079ff030
Event: 2.673 Thread 0x00000275176ba250 DEOPT UNPACKING pc=0x00000274c11f46a2 sp=0x0000008e079fefc0 mode 2
Event: 2.747 Thread 0x0000027518ab49f0 Uncommon trap: trap_request=0xffffffc6 fr.pc=0x00000274c1945154 relative=0x0000000000006294
Event: 2.747 Thread 0x0000027518ab49f0 Uncommon trap: reason=bimorphic_or_optimized_type_check action=maybe_recompile pc=0x00000274c1945154 method=java.util.stream.ReferencePipeline$3$1.accept(Ljava/lang/Object;)V @ 12 c2
Event: 2.747 Thread 0x0000027518ab49f0 DEOPT PACKING pc=0x00000274c1945154 sp=0x0000008e088fc020
Event: 2.747 Thread 0x0000027518ab49f0 DEOPT UNPACKING pc=0x00000274c11f46a2 sp=0x0000008e088fc0a0 mode 2
Event: 2.752 Thread 0x0000027518ab49f0 Uncommon trap: trap_request=0xffffffc6 fr.pc=0x00000274c19600b8 relative=0x00000000000004d8
Event: 2.752 Thread 0x0000027518ab49f0 Uncommon trap: reason=bimorphic_or_optimized_type_check action=maybe_recompile pc=0x00000274c19600b8 method=java.util.concurrent.ConcurrentHashMap.get(Ljava/lang/Object;)Ljava/lang/Object; @ 149 c2
Event: 2.752 Thread 0x0000027518ab49f0 DEOPT PACKING pc=0x00000274c19600b8 sp=0x0000008e088fd400
Event: 2.752 Thread 0x0000027518ab49f0 DEOPT UNPACKING pc=0x00000274c11f46a2 sp=0x0000008e088fd3a0 mode 2
Event: 2.839 Thread 0x00000275176ba250 Uncommon trap: trap_request=0xffffffc6 fr.pc=0x00000274c19600b8 relative=0x00000000000004d8
Event: 2.839 Thread 0x00000275176ba250 Uncommon trap: reason=bimorphic_or_optimized_type_check action=maybe_recompile pc=0x00000274c19600b8 method=java.util.concurrent.ConcurrentHashMap.get(Ljava/lang/Object;)Ljava/lang/Object; @ 149 c2
Event: 2.839 Thread 0x00000275176ba250 DEOPT PACKING pc=0x00000274c19600b8 sp=0x0000008e079ff310
Event: 2.839 Thread 0x00000275176ba250 DEOPT UNPACKING pc=0x00000274c11f46a2 sp=0x0000008e079ff2b0 mode 2
Event: 90.115 Thread 0x0000027518f37bc0 DEOPT PACKING pc=0x00000274b9fd3b5c sp=0x0000008e05cff3d0
Event: 90.115 Thread 0x0000027518f37bc0 DEOPT UNPACKING pc=0x00000274c11f4e42 sp=0x0000008e05cfe830 mode 1

Classes loaded (20 events):
Event: 90.112 Loading class jdk/internal/util/OperatingSystem
Event: 90.112 Loading class jdk/internal/util/OperatingSystem done
Event: 90.112 Loading class sun/awt/OSInfo$1
Event: 90.112 Loading class sun/awt/OSInfo$1 done
Event: 90.112 Loading class sun/awt/OSInfo$OSType
Event: 90.113 Loading class sun/awt/OSInfo$OSType done
Event: 90.113 Loading class jdk/internal/misc/Signal$1
Event: 90.113 Loading class jdk/internal/misc/Signal$1 done
Event: 90.114 Loading class com/sun/javafx/tk/quantum/QuantumRenderer
Event: 90.114 Loading class com/sun/javafx/tk/quantum/QuantumRenderer done
Event: 90.114 Loading class com/sun/javafx/tk/quantum/QuantumToolkit
Event: 90.114 Loading class com/sun/javafx/tk/quantum/QuantumToolkit done
Event: 90.115 Loading class sun/java2d/pipe/SolidTextRenderer
Event: 90.115 Loading class sun/java2d/pipe/SolidTextRenderer done
Event: 90.115 Loading class sun/java2d/pipe/LCDTextRenderer
Event: 90.115 Loading class sun/java2d/pipe/LCDTextRenderer done
Event: 90.115 Loading class sun/java2d/pipe/AlphaColorPipe
Event: 90.115 Loading class sun/java2d/pipe/CompositePipe
Event: 90.115 Loading class sun/java2d/pipe/CompositePipe done
Event: 90.115 Loading class sun/java2d/pipe/AlphaColorPipe done

Classes unloaded (0 events):
No events

Classes redefined (0 events):
No events

Internal exceptions (20 events):
Event: 0.830 Thread 0x0000027518ab49f0 Exception <a 'java/lang/ClassNotFoundException'{0x0000000711da0bf8}: com/sun/javafx/scene/control/skin/resources/controls> (0x0000000711da0bf8) 
thrown [s\src\hotspot\share\prims\jni.cpp, line 539]
Event: 0.831 Thread 0x0000027518ab49f0 Exception <a 'java/lang/ClassNotFoundException'{0x0000000711daee08}: com/sun/javafx/scene/control/skin/resources/controls_fr> (0x0000000711daee08) 
thrown [s\src\hotspot\share\prims\jni.cpp, line 539]
Event: 0.831 Thread 0x0000027518ab49f0 Exception <a 'java/lang/ClassNotFoundException'{0x0000000711dbcb58}: com/sun/javafx/scene/control/skin/resources/controls_fr_FR> (0x0000000711dbcb58) 
thrown [s\src\hotspot\share\prims\jni.cpp, line 539]
Event: 0.851 Thread 0x0000027518ab49f0 Exception <a 'java/lang/NoSuchMethodError'{0x0000000711bbb808}: 'int java.lang.invoke.DirectMethodHandle$Holder.invokeSpecial(java.lang.Object, java.lang.Object, int)'> (0x0000000711bbb808) 
thrown [s\src\hotspot\share\interpreter\linkResolver.cpp, line 773]
Event: 0.884 Thread 0x0000027518ab49f0 Exception <a 'java/lang/NoSuchMethodError'{0x000000071161c660}: 'int java.lang.invoke.DirectMethodHandle$Holder.invokeSpecial(java.lang.Object, java.lang.Object, java.lang.Object, int)'> (0x000000071161c660) 
thrown [s\src\hotspot\share\interpreter\linkResolver.cpp, line 773]
Event: 0.885 Thread 0x0000027518ab49f0 Exception <a 'java/lang/NoSuchMethodError'{0x00000007116312c0}: 'java.lang.Object java.lang.invoke.DirectMethodHandle$Holder.invokeStatic(java.lang.Object, java.lang.Object, java.lang.Object, java.lang.Object, int)'> (0x00000007116312c0) 
thrown [s\src\hotspot\share\interpreter\linkResolver.cpp, line 773]
Event: 0.886 Thread 0x0000027518ab49f0 Exception <a 'java/lang/NoSuchMethodError'{0x00000007116398b8}: 'int java.lang.invoke.DirectMethodHandle$Holder.invokeSpecial(java.lang.Object, java.lang.Object, java.lang.Object)'> (0x00000007116398b8) 
thrown [s\src\hotspot\share\interpreter\linkResolver.cpp, line 773]
Event: 0.957 Thread 0x0000027518ab49f0 Exception <a 'java/lang/NoSuchMethodError'{0x000000071400e128}: 'java.lang.Object java.lang.invoke.DirectMethodHandle$Holder.newInvokeSpecial(java.lang.Object, java.lang.Object, int)'> (0x000000071400e128) 
thrown [s\src\hotspot\share\interpreter\linkResolver.cpp, line 773]
Event: 0.993 Thread 0x00000275176ba250 Exception <a 'java/lang/NoSuchMethodError'{0x00000007141c03f8}: 'int java.lang.invoke.DirectMethodHandle$Holder.invokeStaticInit(java.lang.Object, java.lang.Object)'> (0x00000007141c03f8) 
thrown [s\src\hotspot\share\interpreter\linkResolver.cpp, line 773]
Event: 2.748 Thread 0x0000027518ab49f0 Exception <a 'java/lang/NoSuchMethodError'{0x00000007139548e0}: 'long java.lang.invoke.DirectMethodHandle$Holder.invokeStatic(java.lang.Object, java.lang.Object, java.lang.Object)'> (0x00000007139548e0) 
thrown [s\src\hotspot\share\interpreter\linkResolver.cpp, line 773]
Event: 2.749 Thread 0x0000027518ab49f0 Exception <a 'java/lang/NoSuchMethodError'{0x0000000713957f70}: 'long java.lang.invoke.DirectMethodHandle$Holder.invokeStaticInit(java.lang.Object, java.lang.Object, java.lang.Object)'> (0x0000000713957f70) 
thrown [s\src\hotspot\share\interpreter\linkResolver.cpp, line 773]
Event: 2.749 Thread 0x0000027518ab49f0 Exception <a 'java/lang/NoSuchMethodError'{0x000000071396cac0}: 'java.lang.Object java.lang.invoke.DirectMethodHandle$Holder.newInvokeSpecial(java.lang.Object, java.lang.Object, long)'> (0x000000071396cac0) 
thrown [s\src\hotspot\share\interpreter\linkResolver.cpp, line 773]
Event: 2.750 Thread 0x0000027518ab49f0 Exception <a 'java/lang/NoSuchMethodError'{0x00000007139703d8}: 'java.lang.Object java.lang.invoke.Invokers$Holder.linkToTargetMethod(java.lang.Object, long, java.lang.Object)'> (0x00000007139703d8) 
thrown [s\src\hotspot\share\interpreter\linkResolver.cpp, line 773]
Event: 2.758 Thread 0x0000027518ab49f0 Exception <a 'java/lang/NoSuchMethodError'{0x000000071398ae50}: 'java.lang.Object java.lang.invoke.DirectMethodHandle$Holder.newInvokeSpecial(java.lang.Object, java.lang.Object, int, int, int, int, int, java.lang.Object)'> (0x000000071398ae50) 
thrown [s\src\hotspot\share\interpreter\linkResolver.cpp, line 773]
Event: 2.760 Thread 0x0000027518ab49f0 Exception <a 'java/lang/NoSuchMethodError'{0x000000071399ce70}: 'java.lang.Object java.lang.invoke.DirectMethodHandle$Holder.newInvokeSpecial(java.lang.Object, java.lang.Object, java.lang.Object, int, int, int, int, int)'> (0x000000071399ce70) 
thrown [s\src\hotspot\share\interpreter\linkResolver.cpp, line 773]
Event: 2.760 Thread 0x0000027518ab49f0 Exception <a 'java/lang/NoSuchMethodError'{0x00000007139a4700}: 'java.lang.Object java.lang.invoke.Invokers$Holder.linkToTargetMethod(java.lang.Object, java.lang.Object, int, int, int, int, int, java.lang.Object)'> (0x00000007139a4700) 
thrown [s\src\hotspot\share\interpreter\linkResolver.cpp, line 773]
Event: 90.094 Thread 0x0000027518ab49f0 Exception <a 'java/lang/NoSuchMethodError'{0x00000007136958c8}: 'java.lang.Object java.lang.invoke.DirectMethodHandle$Holder.invokeSpecial(java.lang.Object, java.lang.Object, double, double)'> (0x00000007136958c8) 
thrown [s\src\hotspot\share\interpreter\linkResolver.cpp, line 773]
Event: 90.103 Thread 0x0000027518ab49f0 Exception <a 'java/lang/ClassNotFoundException'{0x0000000713713038}: sun/awt/resources/spi/awtProvider> (0x0000000713713038) 
thrown [s\src\hotspot\share\classfile\systemDictionary.cpp, line 312]
Event: 90.106 Thread 0x0000027518ab49f0 Exception <a 'java/io/FileNotFoundException'{0x000000071371e390}> (0x000000071371e390) 
thrown [s\src\hotspot\share\prims\jni.cpp, line 520]
Event: 90.106 Thread 0x0000027518ab49f0 Exception <a 'java/io/FileNotFoundException'{0x000000071371fc00}> (0x000000071371fc00) 
thrown [s\src\hotspot\share\prims\jni.cpp, line 520]

ZGC Phase Switch (0 events):
No events

VM Operations (20 events):
Event: 55.194 Executing VM operation: get/set locals done
Event: 60.147 Executing VM operation: HandshakeAllThreads (HandshakeForDeflation)
Event: 60.147 Executing VM operation: HandshakeAllThreads (HandshakeForDeflation) done
Event: 60.147 Executing VM operation: RendezvousGCThreads
Event: 60.147 Executing VM operation: RendezvousGCThreads done
Event: 72.483 Executing VM operation: get/set locals
Event: 72.483 Executing VM operation: get/set locals done
Event: 87.225 Executing VM operation: ChangeBreakpoints
Event: 87.226 Executing VM operation: ChangeBreakpoints done
Event: 90.089 Executing VM operation: ChangeBreakpoints
Event: 90.089 Executing VM operation: ChangeBreakpoints done
Event: 90.089 Executing VM operation: ChangeBreakpoints
Event: 90.089 Executing VM operation: ChangeBreakpoints done
Event: 90.089 Executing VM operation: ChangeBreakpoints
Event: 90.089 Executing VM operation: ChangeBreakpoints done
Event: 90.089 Executing VM operation: ChangeBreakpoints
Event: 90.089 Executing VM operation: ChangeBreakpoints done
Event: 90.090 Executing VM operation: ChangeBreakpoints
Event: 90.090 Executing VM operation: ChangeBreakpoints done
Event: 90.115 Executing VM operation: Exit

Memory protections (0 events):
No events

Nmethod flushes (0 events):
No events

Events (20 events):
Event: 0.410 Thread 0x0000027517412f60 Thread added: 0x0000027518b31c50
Event: 0.412 Thread 0x0000027517412f60 Thread added: 0x0000027518ab49f0
Event: 0.475 Thread 0x0000027518d1da00 Thread added: 0x0000027518d1da00
Event: 0.782 Thread 0x0000027518ab49f0 Thread added: 0x0000027519348c20
Event: 1.014 Thread 0x00000275176ba250 Thread added: 0x0000027518f38f70
Event: 2.231 Thread 0x00000274d190ddc0 Thread exited: 0x00000274d190ddc0
Event: 2.231 Thread 0x00000274d145d820 Thread exited: 0x00000274d145d820
Event: 2.231 Thread 0x00000274d18cd270 Thread exited: 0x00000274d18cd270
Event: 2.231 Thread 0x00000274d17a5560 Thread exited: 0x00000274d17a5560
Event: 11.041 Thread 0x00000274d1616320 Thread exited: 0x00000274d1616320
Event: 12.161 Thread 0x00000274d15eb4e0 Thread exited: 0x00000274d15eb4e0
Event: 90.084 Thread 0x0000027517c4a1c0 Thread exited: 0x0000027517c4a1c0
Event: 90.092 Thread 0x00000275179a8c40 Thread exited: 0x00000275179a8c40
Event: 90.098 Thread 0x00000274d1437020 Thread added: 0x0000027519334550
Event: 90.113 Thread 0x00000274d1429ca0 Thread added: 0x0000027518f38250
Event: 90.114 Thread 0x0000027518f38250 Thread added: 0x0000027518f37bc0
Event: 90.114 Thread 0x0000027518f38250 Thread added: 0x0000027518f35af0
Event: 90.114 Thread 0x0000027518f35af0 Thread exited: 0x0000027518f35af0
Event: 90.115 Thread 0x0000027518f37bc0 Thread exited: 0x0000027518f37bc0
Event: 90.115 Thread 0x0000027518f38250 Before exit entered


Dynamic libraries:
0x00007ff647670000 - 0x00007ff64767e000 	C:\Users\flori\.jdks\corretto-21.0.5\bin\java.exe
0x00007ff8f4710000 - 0x00007ff8f4927000 	C:\Windows\SYSTEM32\ntdll.dll
0x00007ff8f2cd0000 - 0x00007ff8f2d94000 	C:\Windows\System32\KERNEL32.DLL
0x00007ff8f1e10000 - 0x00007ff8f21c9000 	C:\Windows\System32\KERNELBASE.dll
0x00007ff8f1cf0000 - 0x00007ff8f1e01000 	C:\Windows\System32\ucrtbase.dll
0x00007ff8e30f0000 - 0x00007ff8e3108000 	C:\Users\flori\.jdks\corretto-21.0.5\bin\jli.dll
0x00007ff8e3140000 - 0x00007ff8e315b000 	C:\Users\flori\.jdks\corretto-21.0.5\bin\VCRUNTIME140.dll
0x00007ff8f3f00000 - 0x00007ff8f40ae000 	C:\Windows\System32\USER32.dll
0x00007ff8f1a10000 - 0x00007ff8f1a36000 	C:\Windows\System32\win32u.dll
0x00007ff8f3e30000 - 0x00007ff8f3e59000 	C:\Windows\System32\GDI32.dll
0x00007ff8f1a40000 - 0x00007ff8f1b5b000 	C:\Windows\System32\gdi32full.dll
0x00007ff8e77f0000 - 0x00007ff8e7a82000 	C:\Windows\WinSxS\amd64_microsoft.windows.common-controls_6595b64144ccf1df_6.0.22621.4391_none_2715d37f73803e96\COMCTL32.dll
0x00007ff8f1bd0000 - 0x00007ff8f1c6a000 	C:\Windows\System32\msvcp_win.dll
0x00007ff8f2620000 - 0x00007ff8f26c7000 	C:\Windows\System32\msvcrt.dll
0x00007ff8f26d0000 - 0x00007ff8f2701000 	C:\Windows\System32\IMM32.DLL
0x00007ff8eac20000 - 0x00007ff8eac2c000 	C:\Users\flori\.jdks\corretto-21.0.5\bin\vcruntime140_1.dll
0x00007ff8e16c0000 - 0x00007ff8e174d000 	C:\Users\flori\.jdks\corretto-21.0.5\bin\msvcp140.dll
0x00007ff878710000 - 0x00007ff8794ad000 	C:\Users\flori\.jdks\corretto-21.0.5\bin\server\jvm.dll
0x00007ff8f40b0000 - 0x00007ff8f4162000 	C:\Windows\System32\ADVAPI32.dll
0x00007ff8f2a90000 - 0x00007ff8f2b37000 	C:\Windows\System32\sechost.dll
0x00007ff8f21d0000 - 0x00007ff8f21f8000 	C:\Windows\System32\bcrypt.dll
0x00007ff8f2b40000 - 0x00007ff8f2c54000 	C:\Windows\System32\RPCRT4.dll
0x00007ff8f3b90000 - 0x00007ff8f3c01000 	C:\Windows\System32\WS2_32.dll
0x00007ff8f0880000 - 0x00007ff8f08cd000 	C:\Windows\SYSTEM32\POWRPROF.dll
0x00007ff8e5860000 - 0x00007ff8e5894000 	C:\Windows\SYSTEM32\WINMM.dll
0x00007ff8e7bc0000 - 0x00007ff8e7bca000 	C:\Windows\SYSTEM32\VERSION.dll
0x00007ff8f0860000 - 0x00007ff8f0873000 	C:\Windows\SYSTEM32\UMPDC.dll
0x00007ff8f0b40000 - 0x00007ff8f0b58000 	C:\Windows\SYSTEM32\kernel.appcore.dll
0x00007ff8eab50000 - 0x00007ff8eab5a000 	C:\Users\flori\.jdks\corretto-21.0.5\bin\jimage.dll
0x00007ff8eedb0000 - 0x00007ff8eefe2000 	C:\Windows\SYSTEM32\DBGHELP.DLL
0x00007ff8f37e0000 - 0x00007ff8f3b6f000 	C:\Windows\System32\combase.dll
0x00007ff8f4170000 - 0x00007ff8f4247000 	C:\Windows\System32\OLEAUT32.dll
0x00007ff8e6770000 - 0x00007ff8e67a2000 	C:\Windows\SYSTEM32\dbgcore.DLL
0x00007ff8f1c70000 - 0x00007ff8f1ceb000 	C:\Windows\System32\bcryptPrimitives.dll
0x00007ff8e1cb0000 - 0x00007ff8e1cec000 	C:\Users\flori\.jdks\corretto-21.0.5\bin\jdwp.dll
0x00007ff8e6b20000 - 0x00007ff8e6b2e000 	C:\Users\flori\.jdks\corretto-21.0.5\bin\instrument.dll
0x00007ff8e30d0000 - 0x00007ff8e30ef000 	C:\Users\flori\.jdks\corretto-21.0.5\bin\java.dll
0x00007ff8e2290000 - 0x00007ff8e22a8000 	C:\Users\flori\.jdks\corretto-21.0.5\bin\zip.dll
0x00007ff8f2da0000 - 0x00007ff8f3616000 	C:\Windows\System32\SHELL32.dll
0x00007ff8ef910000 - 0x00007ff8f0213000 	C:\Windows\SYSTEM32\windows.storage.dll
0x00007ff8ef7d0000 - 0x00007ff8ef90f000 	C:\Windows\SYSTEM32\wintypes.dll
0x00007ff8f2770000 - 0x00007ff8f2869000 	C:\Windows\System32\SHCORE.dll
0x00007ff8f2710000 - 0x00007ff8f276e000 	C:\Windows\System32\shlwapi.dll
0x00007ff8f1940000 - 0x00007ff8f196b000 	C:\Windows\SYSTEM32\profapi.dll
0x00007ff8dffc0000 - 0x00007ff8e0097000 	C:\Users\flori\.jdks\corretto-21.0.5\bin\jsvml.dll
0x00007ff8e30c0000 - 0x00007ff8e30d0000 	C:\Users\flori\.jdks\corretto-21.0.5\bin\net.dll
0x00007ff8eb870000 - 0x00007ff8eb9a6000 	C:\Windows\SYSTEM32\WINHTTP.dll
0x00007ff8f0fc0000 - 0x00007ff8f1029000 	C:\Windows\system32\mswsock.dll
0x00007ff8e2090000 - 0x00007ff8e20a6000 	C:\Users\flori\.jdks\corretto-21.0.5\bin\nio.dll
0x00007ff8e2280000 - 0x00007ff8e228b000 	C:\Users\flori\.jdks\corretto-21.0.5\bin\dt_socket.dll
0x00007ff8f0530000 - 0x00007ff8f055d000 	C:\Windows\SYSTEM32\IPHLPAPI.DLL
0x00000274af660000 - 0x00000274af663000 	C:\Users\flori\.openjfx\cache\21+31\amd64\api-ms-win-core-console-l1-1-0.dll
0x00000274af670000 - 0x00000274af673000 	C:\Users\flori\.openjfx\cache\21+31\amd64\api-ms-win-core-console-l1-2-0.dll
0x00000274d1d60000 - 0x00000274d1d63000 	C:\Users\flori\.openjfx\cache\21+31\amd64\api-ms-win-core-datetime-l1-1-0.dll
0x00000274d1d70000 - 0x00000274d1d73000 	C:\Users\flori\.openjfx\cache\21+31\amd64\api-ms-win-core-debug-l1-1-0.dll
0x00000274d1d80000 - 0x00000274d1d83000 	C:\Users\flori\.openjfx\cache\21+31\amd64\api-ms-win-core-errorhandling-l1-1-0.dll
0x00000274d1d90000 - 0x00000274d1d94000 	C:\Users\flori\.openjfx\cache\21+31\amd64\api-ms-win-core-file-l1-1-0.dll
0x00000274d1da0000 - 0x00000274d1da3000 	C:\Users\flori\.openjfx\cache\21+31\amd64\api-ms-win-core-file-l1-2-0.dll
0x00000274d1db0000 - 0x00000274d1db3000 	C:\Users\flori\.openjfx\cache\21+31\amd64\api-ms-win-core-file-l2-1-0.dll
0x00000274d1dc0000 - 0x00000274d1dc3000 	C:\Users\flori\.openjfx\cache\21+31\amd64\api-ms-win-core-handle-l1-1-0.dll
0x00000274d1dd0000 - 0x00000274d1dd3000 	C:\Users\flori\.openjfx\cache\21+31\amd64\api-ms-win-core-heap-l1-1-0.dll
0x00000274d1de0000 - 0x00000274d1de3000 	C:\Users\flori\.openjfx\cache\21+31\amd64\api-ms-win-core-interlocked-l1-1-0.dll
0x00000274d1df0000 - 0x00000274d1df3000 	C:\Users\flori\.openjfx\cache\21+31\amd64\api-ms-win-core-libraryloader-l1-1-0.dll
0x00000274d1e00000 - 0x00000274d1e03000 	C:\Users\flori\.openjfx\cache\21+31\amd64\api-ms-win-core-localization-l1-2-0.dll
0x00000274d1e10000 - 0x00000274d1e13000 	C:\Users\flori\.openjfx\cache\21+31\amd64\api-ms-win-core-memory-l1-1-0.dll
0x00000274d19a0000 - 0x00000274d19a3000 	C:\Users\flori\.openjfx\cache\21+31\amd64\api-ms-win-core-namedpipe-l1-1-0.dll
0x00000274d19b0000 - 0x00000274d19b3000 	C:\Users\flori\.openjfx\cache\21+31\amd64\api-ms-win-core-processenvironment-l1-1-0.dll
0x00000274d19c0000 - 0x00000274d19c3000 	C:\Users\flori\.openjfx\cache\21+31\amd64\api-ms-win-core-processthreads-l1-1-0.dll
0x00000274d19d0000 - 0x00000274d19d3000 	C:\Users\flori\.openjfx\cache\21+31\amd64\api-ms-win-core-processthreads-l1-1-1.dll
0x00000274d19e0000 - 0x00000274d19e3000 	C:\Users\flori\.openjfx\cache\21+31\amd64\api-ms-win-core-profile-l1-1-0.dll
0x00000274d19f0000 - 0x00000274d19f3000 	C:\Users\flori\.openjfx\cache\21+31\amd64\api-ms-win-core-rtlsupport-l1-1-0.dll
0x00000274d1a00000 - 0x00000274d1a03000 	C:\Users\flori\.openjfx\cache\21+31\amd64\api-ms-win-core-string-l1-1-0.dll
0x00000274d1a10000 - 0x00000274d1a13000 	C:\Users\flori\.openjfx\cache\21+31\amd64\api-ms-win-core-synch-l1-1-0.dll
0x00000274d1a20000 - 0x00000274d1a23000 	C:\Users\flori\.openjfx\cache\21+31\amd64\api-ms-win-core-synch-l1-2-0.dll
0x00000274d1a30000 - 0x00000274d1a33000 	C:\Users\flori\.openjfx\cache\21+31\amd64\api-ms-win-core-sysinfo-l1-1-0.dll
0x00000274d1a40000 - 0x00000274d1a43000 	C:\Users\flori\.openjfx\cache\21+31\amd64\api-ms-win-core-timezone-l1-1-0.dll
0x00000274d1a50000 - 0x00000274d1a53000 	C:\Users\flori\.openjfx\cache\21+31\amd64\api-ms-win-core-util-l1-1-0.dll
0x00000274d1a60000 - 0x00000274d1a63000 	C:\Users\flori\.openjfx\cache\21+31\amd64\api-ms-win-crt-conio-l1-1-0.dll
0x00000274d1a70000 - 0x00000274d1a74000 	C:\Users\flori\.openjfx\cache\21+31\amd64\api-ms-win-crt-convert-l1-1-0.dll
0x00000274d1a80000 - 0x00000274d1a83000 	C:\Users\flori\.openjfx\cache\21+31\amd64\api-ms-win-crt-environment-l1-1-0.dll
0x00000274d1a90000 - 0x00000274d1a93000 	C:\Users\flori\.openjfx\cache\21+31\amd64\api-ms-win-crt-filesystem-l1-1-0.dll
0x00000274d1aa0000 - 0x00000274d1aa3000 	C:\Users\flori\.openjfx\cache\21+31\amd64\api-ms-win-crt-heap-l1-1-0.dll
0x00000274d1ab0000 - 0x00000274d1ab3000 	C:\Users\flori\.openjfx\cache\21+31\amd64\api-ms-win-crt-locale-l1-1-0.dll
0x00000274d1ac0000 - 0x00000274d1ac5000 	C:\Users\flori\.openjfx\cache\21+31\amd64\api-ms-win-crt-math-l1-1-0.dll
0x00000274d1ad0000 - 0x00000274d1ad5000 	C:\Users\flori\.openjfx\cache\21+31\amd64\api-ms-win-crt-multibyte-l1-1-0.dll
0x00000274d1ae0000 - 0x00000274d1af0000 	C:\Users\flori\.openjfx\cache\21+31\amd64\api-ms-win-crt-private-l1-1-0.dll
0x00000274d1af0000 - 0x00000274d1af3000 	C:\Users\flori\.openjfx\cache\21+31\amd64\api-ms-win-crt-process-l1-1-0.dll
0x00000274d1b00000 - 0x00000274d1b04000 	C:\Users\flori\.openjfx\cache\21+31\amd64\api-ms-win-crt-runtime-l1-1-0.dll
0x00000274d1b10000 - 0x00000274d1b14000 	C:\Users\flori\.openjfx\cache\21+31\amd64\api-ms-win-crt-stdio-l1-1-0.dll
0x00000274d1b20000 - 0x00000274d1b24000 	C:\Users\flori\.openjfx\cache\21+31\amd64\api-ms-win-crt-string-l1-1-0.dll
0x00000274d1b30000 - 0x00000274d1b33000 	C:\Users\flori\.openjfx\cache\21+31\amd64\api-ms-win-crt-time-l1-1-0.dll
0x00000274d1b40000 - 0x00000274d1b43000 	C:\Users\flori\.openjfx\cache\21+31\amd64\api-ms-win-crt-utility-l1-1-0.dll
0x00007ff8dfd80000 - 0x00007ff8dfe7c000 	C:\Users\flori\.openjfx\cache\21+31\amd64\ucrtbase.dll
0x00007ff8e1650000 - 0x00007ff8e166b000 	C:\Users\flori\.openjfx\cache\21+31\amd64\vcruntime140.dll
0x00007ff8e1c70000 - 0x00007ff8e1c7c000 	C:\Users\flori\.openjfx\cache\21+31\amd64\vcruntime140_1.dll
0x00007ff8d0b00000 - 0x00007ff8d0b8e000 	C:\Users\flori\.openjfx\cache\21+31\amd64\msvcp140.dll
0x00007ff8f3620000 - 0x00007ff8f37c5000 	C:\Windows\System32\ole32.dll
0x00007ff8e06b0000 - 0x00007ff8e06b9000 	C:\Users\flori\.openjfx\cache\21+31\amd64\msvcp140_1.dll
0x00007ff8e0680000 - 0x00007ff8e06af000 	C:\Users\flori\.openjfx\cache\21+31\amd64\msvcp140_2.dll
0x00007ff8e0110000 - 0x00007ff8e013f000 	C:\Users\flori\.openjfx\cache\21+31\amd64\prism_d3d.dll
0x00007ff8ad790000 - 0x00007ff8ad938000 	C:\Windows\system32\d3d9.dll
0x00007ff8ebfd0000 - 0x00007ff8ebffb000 	C:\Windows\SYSTEM32\dwmapi.dll
0x00007ff8ef010000 - 0x00007ff8ef047000 	C:\Windows\SYSTEM32\dxcore.dll
0x00007ff8ebd50000 - 0x00007ff8ebe01000 	C:\Windows\system32\uxtheme.dll
0x00007ff8b3290000 - 0x00007ff8b3340000 	C:\Windows\SYSTEM32\d3d9on12.dll
0x00007ff8ebed0000 - 0x00007ff8ebfc7000 	C:\Windows\SYSTEM32\dxgi.dll
0x00007ff8bc590000 - 0x00007ff8bc5b6000 	C:\Windows\SYSTEM32\d3d12.dll
0x00007ff8f1700000 - 0x00007ff8f174e000 	C:\Windows\SYSTEM32\cfgmgr32.dll
0x00007ff8ac6f0000 - 0x00007ff8ac8f2000 	C:\Windows\SYSTEM32\D3D12Core.dll
0x00007ff8bc160000 - 0x00007ff8bc187000 	C:\Windows\System32\DriverStore\FileRepository\iigd_dch.inf_amd64_5b1252b3763da959\igd12umd64.dll
0x00007ff8a8d30000 - 0x00007ff8a99e9000 	C:\Windows\System32\DriverStore\FileRepository\iigd_dch.inf_amd64_5b1252b3763da959\igd12um64xel.dll
0x00007ff8f22c0000 - 0x00007ff8f2426000 	C:\Windows\System32\CRYPT32.dll
0x00007ff8af8c0000 - 0x00007ff8af904000 	C:\Windows\SYSTEM32\ControlLib.dll
0x00007ff8f4250000 - 0x00007ff8f46c4000 	C:\Windows\System32\SETUPAPI.dll
0x00007ff8f16d0000 - 0x00007ff8f16fc000 	C:\Windows\SYSTEM32\DEVOBJ.dll
0x00007ff8e3af0000 - 0x00007ff8e3b78000 	C:\Windows\System32\DriverStore\FileRepository\iigd_dch.inf_amd64_5b1252b3763da959\IntelControlLib.dll
0x00007ff8f1b60000 - 0x00007ff8f1bcc000 	C:\Windows\System32\WINTRUST.dll
0x00007ff8f16b0000 - 0x00007ff8f16c2000 	C:\Windows\SYSTEM32\MSASN1.dll
0x00007ff8e7b50000 - 0x00007ff8e7b99000 	C:\Windows\SYSTEM32\directxdatabasehelper.dll
0x00007ff8e27b0000 - 0x00007ff8e2bc7000 	C:\Windows\System32\DriverStore\FileRepository\iigd_dch.inf_amd64_5b1252b3763da959\igdgmm64.dll
0x00007ff8daa50000 - 0x00007ff8de74c000 	C:\Windows\System32\DriverStore\FileRepository\iigd_dch.inf_amd64_5b1252b3763da959\igc64.dll
0x00007ff8b75e0000 - 0x00007ff8b760f000 	C:\Windows\SYSTEM32\D3DSCache.dll
0x00007ff8f10b0000 - 0x00007ff8f10d8000 	C:\Windows\SYSTEM32\USERENV.dll
0x00007ff8a6e60000 - 0x00007ff8a8205000 	C:\Windows\System32\DriverStore\FileRepository\iigd_dch.inf_amd64_5b1252b3763da959\igd12dxva64.dll
0x00007ff8a3ba0000 - 0x00007ff8a58c0000 	C:\Windows\System32\DriverStore\FileRepository\iigd_dch.inf_amd64_5b1252b3763da959\media_bin_64.dll
0x00007ff8b7440000 - 0x00007ff8b7467000 	C:\Windows\System32\DriverStore\FileRepository\iigd_dch.inf_amd64_5b1252b3763da959\igdinfo64.dll
0x00007ff8e3840000 - 0x00007ff8e3ae4000 	C:\Windows\SYSTEM32\twinapi.appcore.dll
0x00007ff8e00c0000 - 0x00007ff8e0102000 	C:\Users\flori\.openjfx\cache\21+31\amd64\glass.dll

dbghelp: loaded successfully - version: 4.0.5 - missing functions: none
symbol engine: initialized successfully - sym options: 0x614 - pdb path: .;C:\Users\flori\.jdks\corretto-21.0.5\bin;C:\Windows\SYSTEM32;C:\Windows\WinSxS\amd64_microsoft.windows.common-controls_6595b64144ccf1df_6.0.22621.4391_none_2715d37f73803e96;C:\Users\flori\.jdks\corretto-21.0.5\bin\server;C:\Users\flori\.openjfx\cache\21+31\amd64;C:\Windows\System32\DriverStore\FileRepository\iigd_dch.inf_amd64_5b1252b3763da959;C:\Program Files\Common Files\Microsoft Shared\Ink

VM Arguments:
jvm_args: -agentlib:jdwp=transport=dt_socket,address=127.0.0.1:64971,suspend=y,server=n -javaagent:C:\Users\flori\AppData\Local\JetBrains\IntelliJIdea2024.2\captureAgent\debugger-agent.jar -Dkotlinx.coroutines.debug.enable.creation.stack.trace=false -Ddebugger.agent.enable.coroutines=true -Dfile.encoding=UTF-8 -Dsun.stdout.encoding=UTF-8 -Dsun.stderr.encoding=UTF-8 --module-path=C:\Users\flori\.m2\repository\org\openjfx\javafx-base\21\javafx-base-21-win.jar;C:\Users\flori\.m2\repository\org\openjfx\javafx-fxml\21\javafx-fxml-21-win.jar;C:\Users\flori\.m2\repository\org\openjfx\javafx-controls\21\javafx-controls-21-win.jar;C:\Users\flori\.m2\repository\org\openjfx\javafx-graphics\21\javafx-graphics-21-win.jar;C:\Users\flori\Documents\Travail IUT\S5\Projet tutoré\Projet_Tutore_RA-IL2_BOURDON_BORTOLOTTI_ROTH_DUCHENE\Chemin_interface\target\classes -Djdk.module.main=com.example.chemin_interface 
java_command: com.example.chemin_interface/com.example.chemin_interface.mains.MainLaby
java_class_path (initial): C:\Users\flori\.m2\repository\org\openjfx\javafx-controls\21\javafx-controls-21.jar;C:\Users\flori\.m2\repository\org\openjfx\javafx-graphics\21\javafx-graphics-21.jar;C:\Users\flori\.m2\repository\org\openjfx\javafx-base\21\javafx-base-21.jar;C:\Users\flori\.m2\repository\org\openjfx\javafx-fxml\21\javafx-fxml-21.jar;C:\Program Files\JetBrains\IntelliJ IDEA 2024.2.1\lib\idea_rt.jar
Launcher Type: SUN_STANDARD

[Global flags]
     intx CICompilerCount                          = 12                                        {product} {ergonomic}
     uint ConcGCThreads                            = 3                                         {product} {ergonomic}
     uint G1ConcRefinementThreads                  = 13                                        {product} {ergonomic}
   size_t G1HeapRegionSize                         = 2097152                                   {product} {ergonomic}
    uintx GCDrainStackTargetSize                   = 64                                        {product} {ergonomic}
   size_t InitialHeapSize                          = 264241152                                 {product} {ergonomic}
   size_t MarkStackSize                            = 4194304                                   {product} {ergonomic}
   size_t MaxHeapSize                              = 4217372672                                {product} {ergonomic}
   size_t MaxNewSize                               = 2529165312                                {product} {ergonomic}
   size_t MinHeapDeltaBytes                        = 2097152                                   {product} {ergonomic}
   size_t MinHeapSize                              = 8388608                                   {product} {ergonomic}
    uintx NonNMethodCodeHeapSize                   = 7602480                                {pd product} {ergonomic}
    uintx NonProfiledCodeHeapSize                  = 122027880                              {pd product} {ergonomic}
    uintx ProfiledCodeHeapSize                     = 122027880                              {pd product} {ergonomic}
    uintx ReservedCodeCacheSize                    = 251658240                              {pd product} {ergonomic}
     bool SegmentedCodeCache                       = true                                      {product} {ergonomic}
   size_t SoftMaxHeapSize                          = 4217372672                             {manageable} {ergonomic}
     bool UseCompressedOops                        = true                           {product lp64_product} {ergonomic}
     bool UseG1GC                                  = true                                      {product} {ergonomic}
     bool UseLargePagesIndividualAllocation        = false                                  {pd product} {ergonomic}

Logging:
Log output configuration:
 #0: stdout all=off uptime,level,tags foldmultilines=false
 #1: stderr all=off uptime,level,tags foldmultilines=false

Environment Variables:
PATH=C:\Program Files\Common Files\Oracle\Java\javapath;C:\Windows\system32;C:\Windows;C:\Windows\System32\Wbem;C:\Windows\System32\WindowsPowerShell\v1.0\;C:\Windows\System32\OpenSSH\;C:\Program Files (x86)\NVIDIA Corporation\PhysX\Common;C:\Program Files\NVIDIA Corporation\NVIDIA NvDLISR;C:\Program Files\Git\cmd;C:\Program Files\MongoDB\Server\5.0\bin;C:\Users\flori\AppData\Local\Microsoft\WindowsApps;C:\Users\flori\AppData\Local\JetBrains\Toolbox\scripts;C:\Program Files\swipl\bin
USERNAME=flori
OS=Windows_NT
PROCESSOR_IDENTIFIER=Intel64 Family 6 Model 186 Stepping 2, GenuineIntel
TMP=C:\Users\flori\AppData\Local\Temp
TEMP=C:\Users\flori\AppData\Local\Temp




Periodic native trim disabled

---------------  S Y S T E M  ---------------

OS:
 Windows 11 , 64 bit Build 22621 (10.0.22621.4391)
OS uptime: 6 days 22:10 hours
Hyper-V role detected

CPU: total 16 (initial active 16) (8 cores per cpu, 2 threads per core) family 6 model 186 stepping 2 microcode 0x410e, cx8, cmov, fxsr, ht, mmx, 3dnowpref, sse, sse2, sse3, ssse3, sse4.1, sse4.2, popcnt, lzcnt, tsc, tscinvbit, avx, avx2, aes, erms, clmul, bmi1, bmi2, adx, sha, fma, vzeroupper, clflush, clflushopt, clwb, hv, serialize, rdtscp, rdpid, fsrm, f16c, cet_ibt, cet_ss
Processor Information for all 16 processors :
  Max Mhz: 2400, Current Mhz: 2400, Mhz Limit: 2400

Memory: 4k page, system-wide physical 16087M (4667M free)
TotalPageFile size 22231M (AvailPageFile size 7721M)
current process WorkingSet (physical memory assigned to process): 237M, peak: 272M
current process commit charge ("private bytes"): 496M, peak: 532M

vm_info: OpenJDK 64-Bit Server VM (21.0.5+11-LTS) for windows-amd64 JRE (21.0.5+11-LTS), built on 2024-10-11T20:58:34Z by "Administrator" with MS VC++ 16.10 / 16.11 (VS2019)

END.
