#
# A fatal error has been detected by the Java Runtime Environment:
#
#  EXCEPTION_ACCESS_VIOLATION (0xc0000005) at pc=0x00007ff8dfea6587, pid=24012, tid=12348
#
# JRE version: OpenJDK Runtime Environment Corretto-21.0.5.11.1 (21.0.5+11) (build 21.0.5+11-LTS)
# Java VM: OpenJDK 64-Bit Server VM Corretto-21.0.5.11.1 (21.0.5+11-LTS, mixed mode, sharing, tiered, compressed oops, compressed class ptrs, g1 gc, windows-amd64)
# Problematic frame:
# C  [glass.dll+0x26587]
#
# No core dump will be written. Minidumps are not enabled by default on client versions of Windows
#
# If you would like to submit a bug report, please visit:
#   https://github.com/corretto/corretto-21/issues/
#

---------------  S U M M A R Y ------------

Command Line: -agentlib:jdwp=transport=dt_socket,address=127.0.0.1:65062,suspend=y,server=n -javaagent:C:\Users\flori\AppData\Local\JetBrains\IntelliJIdea2024.2\captureAgent\debugger-agent.jar -Dkotlinx.coroutines.debug.enable.creation.stack.trace=false -Ddebugger.agent.enable.coroutines=true -Dfile.encoding=UTF-8 -Dsun.stdout.encoding=UTF-8 -Dsun.stderr.encoding=UTF-8 --module-path=C:\Users\flori\.m2\repository\org\openjfx\javafx-base\21\javafx-base-21-win.jar;C:\Users\flori\.m2\repository\org\openjfx\javafx-fxml\21\javafx-fxml-21-win.jar;C:\Users\flori\.m2\repository\org\openjfx\javafx-controls\21\javafx-controls-21-win.jar;C:\Users\flori\.m2\repository\org\openjfx\javafx-graphics\21\javafx-graphics-21-win.jar;C:\Users\flori\Documents\Travail IUT\S5\Projet tutoré\Projet_Tutore_RA-IL2_BOURDON_BORTOLOTTI_ROTH_DUCHENE\Chemin_interface\target\classes -Djdk.module.main=com.example.chemin_interface com.example.chemin_interface/com.example.chemin_interface.mains.MainLaby

Host: 13th Gen Intel(R) Core(TM) i7-13620H, 16 cores, 15G,  Windows 11 , 64 bit Build 22621 (10.0.22621.4391)
Time: Tue Dec 17 10:49:59 2024 Paris, Madrid elapsed time: 133.206254 seconds (0d 0h 2m 13s)

---------------  T H R E A D  ---------------

Current thread (0x000001f2b3b6c030):  VMThread "VM Thread"          [id=12348, stack(0x0000000a70a00000,0x0000000a70b00000) (1024K)]

Stack: [0x0000000a70a00000,0x0000000a70b00000],  sp=0x0000000a70aff1d0,  free space=1020k
Native frames: (J=compiled Java code, j=interpreted, Vv=VM code, C=native code)
C  [glass.dll+0x26587]


siginfo: EXCEPTION_ACCESS_VIOLATION (0xc0000005), reading address 0x0000000000000000


Registers:
RAX=0x0000000000000000, RBX=0x000001f2b3b76ee2, RCX=0x000001f2b3b6c030, RDX=0x0000000a70aff1d0
RSP=0x0000000a70aff1d0, RBP=0x000001f2fb20be68, RSI=0x0000000a70aff2d8, RDI=0x000001f2fb20be40
R8 =0x0000000000010002, R9 =0x000001f2fb20be40, R10=0x85f13e9656da4870, R11=0x0000000a70aff160
R12=0x00007ff8dfea3ed0, R13=0x00007ff8793f41c0, R14=0x00009f3249cf1fce, R15=0x000001f2fb20be40
RIP=0x00007ff8dfea6587, EFLAGS=0x0000000000010202


Register to memory mapping:

RAX=0x0 is null
RBX=0x000001f2b3b76ee2 is a global jni handle
RCX=0x000001f2b3b6c030 points into unknown readable memory: 0x00007ff8791f34e0 | e0 34 1f 79 f8 7f 00 00
RDX=0x0000000a70aff1d0 points into unknown readable memory: 0x0000000000000000 | 00 00 00 00 00 00 00 00
RSP=0x0000000a70aff1d0 points into unknown readable memory: 0x0000000000000000 | 00 00 00 00 00 00 00 00
RBP=0x000001f2fb20be68 points into unknown readable memory: 0x00009f3249cf1fce | ce 1f cf 49 32 9f 00 00
RSI=0x0000000a70aff2d8 points into unknown readable memory: 0x0000000a70aff2c0 | c0 f2 af 70 0a 00 00 00
RDI=0x000001f2fb20be40 points into unknown readable memory: 0x1ffea8c8c7b51fce | ce 1f b5 c7 c8 a8 fe 1f
R8 =0x0000000000010002 is an unknown value
R9 =0x000001f2fb20be40 points into unknown readable memory: 0x1ffea8c8c7b51fce | ce 1f b5 c7 c8 a8 fe 1f
R10=0x85f13e9656da4870 is an unknown value
R11=0x0000000a70aff160 points into unknown readable memory: 0x000001f2fb20be40 | 40 be 20 fb f2 01 00 00
R12=0x00007ff8dfea3ed0 glass.dll
R13=0x00007ff8793f41c0 jvm.dll
R14=0x00009f3249cf1fce is an unknown value
R15=0x000001f2fb20be40 points into unknown readable memory: 0x1ffea8c8c7b51fce | ce 1f b5 c7 c8 a8 fe 1f

Top of Stack: (sp=0x0000000a70aff1d0)
0x0000000a70aff1d0:   0000000000000000 0000000a70aff2d8
0x0000000a70aff1e0:   00007ff8793f41c0 00007ff8dfea3ed0
0x0000000a70aff1f0:   000001f2fb20be48 00007ff8f1d43a93
0x0000000a70aff200:   000001f2fb20be40 000001f200000000
0x0000000a70aff210:   000001f2fb20be68 0000000a70aff2d8
0x0000000a70aff220:   fffffffffffffffe 0000000000000000
0x0000000a70aff230:   0000000000000001 00007ff8dfe80000
0x0000000a70aff240:   0000000a70aff2c8 00007ff8f1d1042e
0x0000000a70aff250:   0000000000000000 0000000a70aff2d8
0x0000000a70aff260:   0000000a70aff5c0 0000000000000001
0x0000000a70aff270:   0000000000000001 00007ff8f1d0dddd
0x0000000a70aff280:   0000000000000000 00007ff8dfea36c9
0x0000000a70aff290:   00007ff8ebcf5ef0 0000000a70aff2c8
0x0000000a70aff2a0:   fffffffffffffffe 0000000a70aff290
0x0000000a70aff2b0:   0000000000000000 00007ff8dfea3d5d
0x0000000a70aff2c0:   00007ff8dfeba008 00007ff800000002
0x0000000a70aff2d0:   0000000000000002 0000000a70aff2c0
0x0000000a70aff2e0:   0000000000000000 00007ff8f4738af3
0x0000000a70aff2f0:   0000000000000000 00007ff8dfea3e82
0x0000000a70aff300:   0000000000000001 0000000000000000
0x0000000a70aff310:   0000000000000001 00007ff8ea230000
0x0000000a70aff320:   000000007ffe0384 00007ff8f1232223
0x0000000a70aff330:   00007ff800000001 0000000a70aff5c0
0x0000000a70aff340:   00007ff8dfe80000 000000007ffe0384
0x0000000a70aff350:   0000000000000000 00007ff8f4738b8f
0x0000000a70aff360:   00007ff8dfe80000 0000000000000000
0x0000000a70aff370:   0000000000000001 000000007ffe0385
0x0000000a70aff380:   0000000000000000 00007ff8f47617d9
0x0000000a70aff390:   0000e090f4d22e00 0000000000000014
0x0000000a70aff3a0:   00007ff8dfea3ed0 0000000000000000
0x0000000a70aff3b0:   0000000000000000 0000000a6ff04000
0x0000000a70aff3c0:   000001f2fb1a91b0 00007ff8f4761596 

Instructions: (pc=0x00007ff8dfea6587)
0x00007ff8dfea6487:   8b 4d 58 e8 8d cf ff ff 48 8b 4d 60 e8 84 cf ff
0x00007ff8dfea6497:   ff 48 8b 95 80 00 00 00 48 8b 8d 18 01 00 00 e8
0x00007ff8dfea64a7:   76 c4 ff ff 33 d2 33 c9 e8 cc e1 ff ff 90 48 89
0x00007ff8dfea64b7:   54 24 10 55 48 83 ec 20 48 8b ea 48 b8 00 00 00
0x00007ff8dfea64c7:   00 00 00 00 00 48 83 c4 20 5d c3 cc 40 55 48 8b
0x00007ff8dfea64d7:   ea 48 8b 01 33 c9 81 38 05 00 00 c0 0f 94 c1 8b
0x00007ff8dfea64e7:   c1 5d c3 cc 40 55 48 83 ec 20 48 8b ea 8a 4d 40
0x00007ff8dfea64f7:   48 83 c4 20 5d e9 73 d3 ff ff cc 40 55 48 83 ec
0x00007ff8dfea6507:   20 48 8b ea 8a 4d 20 e8 61 d3 ff ff 90 48 83 c4
0x00007ff8dfea6517:   20 5d c3 cc 40 55 48 83 ec 20 48 8b ea 48 83 c4
0x00007ff8dfea6527:   20 5d e9 c2 d1 ff ff cc 40 55 48 83 ec 30 48 8b
0x00007ff8dfea6537:   ea 48 8b 01 8b 10 48 89 4c 24 28 89 54 24 20 4c
0x00007ff8dfea6547:   8d 0d 63 d6 ff ff 4c 8b 45 70 8b 55 68 48 8b 4d
0x00007ff8dfea6557:   60 e8 03 d1 ff ff 90 48 83 c4 30 5d c3 cc cc cc
0x00007ff8dfea6567:   cc cc cc cc cc cc cc cc cc 40 53 48 83 ec 20 48
0x00007ff8dfea6577:   8b 1d 8b 34 01 00 48 85 db 74 16 e8 89 8f ff ff
0x00007ff8dfea6587:   4c 8b 00 48 8b d3 48 8b c8 41 ff 90 b0 00 00 00
0x00007ff8dfea6597:   90 48 83 c4 20 5b c3 cc cc 40 53 48 83 ec 20 48
0x00007ff8dfea65a7:   8b 1d fb 35 01 00 48 85 db 74 57 b8 ff ff ff ff
0x00007ff8dfea65b7:   f0 0f c1 43 10 83 f8 01 75 3d 48 85 db 74 38 48
0x00007ff8dfea65c7:   8b 0b 48 85 c9 74 0d ff 15 d4 0c 00 00 48 c7 03
0x00007ff8dfea65d7:   00 00 00 00 48 8b 4b 08 48 85 c9 74 0d e8 33 ce
0x00007ff8dfea65e7:   ff ff 48 c7 43 08 00 00 00 00 ba 18 00 00 00 48
0x00007ff8dfea65f7:   8b cb e8 1e ce ff ff 48 c7 05 9f 35 01 00 00 00
0x00007ff8dfea6607:   00 00 48 83 c4 20 5b c3 cc 40 53 48 83 ec 20 48
0x00007ff8dfea6617:   8b 1d 6b 35 01 00 48 85 db 74 57 b8 ff ff ff ff
0x00007ff8dfea6627:   f0 0f c1 43 10 83 f8 01 75 3d 48 85 db 74 38 48
0x00007ff8dfea6637:   8b 0b 48 85 c9 74 0d ff 15 64 0c 00 00 48 c7 03
0x00007ff8dfea6647:   00 00 00 00 48 8b 4b 08 48 85 c9 74 0d e8 c3 cd
0x00007ff8dfea6657:   ff ff 48 c7 43 08 00 00 00 00 ba 18 00 00 00 48
0x00007ff8dfea6667:   8b cb e8 ae cd ff ff 48 c7 05 0f 35 01 00 00 00
0x00007ff8dfea6677:   00 00 48 83 c4 20 5b c3 cc 40 53 48 83 ec 20 48 


Stack slot to memory mapping:

stack at sp + 0 slots: 0x0 is null
stack at sp + 1 slots: 0x0000000a70aff2d8 points into unknown readable memory: 0x0000000a70aff2c0 | c0 f2 af 70 0a 00 00 00
stack at sp + 2 slots: 0x00007ff8793f41c0 jvm.dll
stack at sp + 3 slots: 0x00007ff8dfea3ed0 glass.dll
stack at sp + 4 slots: 0x000001f2fb20be48 points into unknown readable memory: 0x00009f3249cf1fce | ce 1f cf 49 32 9f 00 00
stack at sp + 5 slots: 0x00007ff8f1d43a93 ucrtbase.dll
stack at sp + 6 slots: 0x000001f2fb20be40 points into unknown readable memory: 0x1ffea8c8c7b51fce | ce 1f b5 c7 c8 a8 fe 1f
stack at sp + 7 slots: 0x000001f200000000 is an unknown value

VM_Operation (0x0000000a701ff000): Exit, mode: safepoint, requested by thread 0x000001f2fc6018c0


---------------  P R O C E S S  ---------------

Threads class SMR info:
_java_thread_list=0x000001f2fc591f40, length=21, elements={
0x000001f2926149c0, 0x000001f2b3b87370, 0x000001f2b3b88430, 0x000001f2b3b8dc70,
0x000001f2b3b8e6c0, 0x000001f2b3b90120, 0x000001f2b48d0960, 0x000001f2b48d1810,
0x000001f2b3b95da0, 0x000001f2b4a28210, 0x000001f2fad0aae0, 0x000001f2fac2d820,
0x000001f2fa9008d0, 0x000001f2fb785980, 0x000001f2fb257560, 0x000001f2fbf67e70,
0x000001f2fc0f8f50, 0x000001f2fc26db20, 0x000001f2fc601f50, 0x000001f2fc596030,
0x000001f2fc6018c0
}

Java Threads: ( => current thread )
  0x000001f2926149c0 JavaThread "main"                              [_thread_blocked, id=2108, stack(0x0000000a70300000,0x0000000a70400000) (1024K)]
  0x000001f2b3b87370 JavaThread "Reference Handler"          daemon [_thread_blocked, id=15688, stack(0x0000000a70b00000,0x0000000a70c00000) (1024K)]
  0x000001f2b3b88430 JavaThread "Finalizer"                  daemon [_thread_blocked, id=8868, stack(0x0000000a70c00000,0x0000000a70d00000) (1024K)]
  0x000001f2b3b8dc70 JavaThread "Signal Dispatcher"          daemon [_thread_blocked, id=19936, stack(0x0000000a70d00000,0x0000000a70e00000) (1024K)]
  0x000001f2b3b8e6c0 JavaThread "Attach Listener"            daemon [_thread_blocked, id=18064, stack(0x0000000a70e00000,0x0000000a70f00000) (1024K)]
  0x000001f2b3b90120 JavaThread "Service Thread"             daemon [_thread_blocked, id=23988, stack(0x0000000a70f00000,0x0000000a71000000) (1024K)]
  0x000001f2b48d0960 JavaThread "Monitor Deflation Thread"   daemon [_thread_blocked, id=4580, stack(0x0000000a71000000,0x0000000a71100000) (1024K)]
  0x000001f2b48d1810 JavaThread "C2 CompilerThread0"         daemon [_thread_blocked, id=5016, stack(0x0000000a71100000,0x0000000a71200000) (1024K)]
  0x000001f2b3b95da0 JavaThread "C1 CompilerThread0"         daemon [_thread_blocked, id=4396, stack(0x0000000a71200000,0x0000000a71300000) (1024K)]
  0x000001f2b4a28210 JavaThread "Common-Cleaner"             daemon [_thread_blocked, id=21256, stack(0x0000000a71400000,0x0000000a71500000) (1024K)]
  0x000001f2fad0aae0 JavaThread "JDWP Event Helper Thread"   daemon [_thread_blocked, id=10112, stack(0x0000000a71c00000,0x0000000a71d00000) (1024K)]
  0x000001f2fac2d820 JavaThread "Notification Thread"        daemon [_thread_blocked, id=1084, stack(0x0000000a71e00000,0x0000000a71f00000) (1024K)]
  0x000001f2fa9008d0 JavaThread "JavaFX-Launcher"                   [_thread_blocked, id=23356, stack(0x0000000a71f00000,0x0000000a72000000) (1024K)]
  0x000001f2fb785980 JavaThread "QuantumRenderer-0"          daemon [_thread_blocked, id=9408, stack(0x0000000a72000000,0x0000000a72100000) (1024K)]
  0x000001f2fb257560 JavaThread "InvokeLaterDispatcher"      daemon [_thread_blocked, id=23040, stack(0x0000000a72e00000,0x0000000a72f00000) (1024K)]
  0x000001f2fbf67e70 JavaThread "JavaFX Application Thread"         [_thread_blocked, id=4364, stack(0x0000000a72f00000,0x0000000a73000000) (1024K)]
  0x000001f2fc0f8f50 JavaThread "Thread-2"                   daemon [_thread_in_native, id=10424, stack(0x0000000a73100000,0x0000000a73200000) (1024K)]
  0x000001f2fc26db20 JavaThread "Prism Font Disposer"        daemon [_thread_blocked, id=11608, stack(0x0000000a73400000,0x0000000a73500000) (1024K)]
  0x000001f2fc601f50 JavaThread "Cleaner-0"                  daemon [_thread_blocked, id=20536, stack(0x0000000a73800000,0x0000000a73900000) (1024K)]
  0x000001f2fc596030 JavaThread "C1 CompilerThread1"         daemon [_thread_blocked, id=23704, stack(0x0000000a70000000,0x0000000a70100000) (1024K)]
  0x000001f2fc6018c0 JavaThread "SIGINT handler"             daemon [_thread_blocked, id=22296, stack(0x0000000a70100000,0x0000000a70200000) (1024K)]
Total: 21

Other Threads:
=>0x000001f2b3b6c030 VMThread "VM Thread"                           [id=12348, stack(0x0000000a70a00000,0x0000000a70b00000) (1024K)]
  0x000001f294916e00 WorkerThread "GC Thread#0"                     [id=14292, stack(0x0000000a70400000,0x0000000a70500000) (1024K)]
  0x000001f2fb122fb0 WorkerThread "GC Thread#1"                     [id=11960, stack(0x0000000a72500000,0x0000000a72600000) (1024K)]
  0x000001f2fb123350 WorkerThread "GC Thread#2"                     [id=24280, stack(0x0000000a72600000,0x0000000a72700000) (1024K)]
  0x000001f2fb11bbc0 WorkerThread "GC Thread#3"                     [id=12032, stack(0x0000000a72700000,0x0000000a72800000) (1024K)]
  0x000001f2fb11bf60 WorkerThread "GC Thread#4"                     [id=4196, stack(0x0000000a72800000,0x0000000a72900000) (1024K)]
  0x000001f2fb11c710 WorkerThread "GC Thread#5"                     [id=12100, stack(0x0000000a72900000,0x0000000a72a00000) (1024K)]
  0x000001f2fb210c60 WorkerThread "GC Thread#6"                     [id=23020, stack(0x0000000a72a00000,0x0000000a72b00000) (1024K)]
  0x000001f2fb211f40 WorkerThread "GC Thread#7"                     [id=24368, stack(0x0000000a72b00000,0x0000000a72c00000) (1024K)]
  0x000001f2fb211800 WorkerThread "GC Thread#8"                     [id=8416, stack(0x0000000a72c00000,0x0000000a72d00000) (1024K)]
  0x000001f2fb212dc0 WorkerThread "GC Thread#9"                     [id=15764, stack(0x0000000a72d00000,0x0000000a72e00000) (1024K)]
  0x000001f2fc35c450 WorkerThread "GC Thread#10"                    [id=23368, stack(0x0000000a73500000,0x0000000a73600000) (1024K)]
  0x000001f2fc35a010 WorkerThread "GC Thread#11"                    [id=12724, stack(0x0000000a73600000,0x0000000a73700000) (1024K)]
  0x000001f2fc35b230 WorkerThread "GC Thread#12"                    [id=8816, stack(0x0000000a73700000,0x0000000a73800000) (1024K)]
  0x000001f294927930 ConcurrentGCThread "G1 Main Marker"            terminated
  0x000001f294928430 WorkerThread "G1 Conc#0"                       [id=22088, stack(0x0000000a70600000,0x0000000a70700000) (1024K)]
  0x000001f29496ea40 ConcurrentGCThread "G1 Refine#0"               terminated
  0x000001f2b3a2c630 ConcurrentGCThread "G1 Service"                terminated
Total: 18

Threads with active compile tasks:
Total: 0

VM state: at safepoint (shutting down)

VM Mutex/Monitor currently owned by a thread:  ([mutex/lock_event])
[0x00007ff8793cc320] Threads_lock - owner thread: 0x000001f2b3b6c030
[0x00007ff8793cc420] Heap_lock - owner thread: 0x000001f2fc6018c0

Heap address: 0x0000000704a00000, size: 4022 MB, Compressed Oops mode: Zero based, Oop shift amount: 3

CDS archive(s) mapped at: [0x000001f2b5000000-0x000001f2b5c80000-0x000001f2b5c80000), size 13107200, SharedBaseAddress: 0x000001f2b5000000, ArchiveRelocationMode: 1.
Compressed class space mapped at: 0x000001f2b6000000-0x000001f2f6000000, reserved size: 1073741824
Narrow klass base: 0x000001f2b5000000, Narrow klass shift: 0, Narrow klass range: 0x100000000

GC Precious Log:
 CardTable entry size: 512
 Card Set container configuration: InlinePtr #cards 4 size 8 Array Of Cards #cards 16 size 48 Howl #buckets 8 coarsen threshold 3686 Howl Bitmap #cards 512 size 80 coarsen threshold 460 Card regions per heap region 1 cards per card region 4096
 CPUs: 16 total, 16 available
 Memory: 16087M
 Large Page Support: Disabled
 NUMA Support: Disabled
 Compressed Oops: Enabled (Zero based)
 Heap Region Size: 2M
 Heap Min Capacity: 8M
 Heap Initial Capacity: 252M
 Heap Max Capacity: 4022M
 Pre-touch: Disabled
 Parallel Workers: 13
 Concurrent Workers: 3
 Concurrent Refinement Workers: 13
 Periodic GC: Disabled

Heap:
 garbage-first heap   total 258048K, used 27923K [0x0000000704a00000, 0x0000000800000000)
  region size 2048K, 15 young (30720K), 3 survivors (6144K)
 Metaspace       used 16210K, committed 16512K, reserved 1114112K
  class space    used 2483K, committed 2624K, reserved 1048576K

Heap Regions: E=young(eden), S=young(survivor), O=old, HS=humongous(starts), HC=humongous(continues), CS=collection set, F=free, TAMS=top-at-mark-start, PB=parsable bottom
|   0|0x0000000704a00000, 0x0000000704c00000, 0x0000000704c00000|100%|HS|  |TAMS 0x0000000704a00000| PB 0x0000000704a00000| Complete 
|   1|0x0000000704c00000, 0x0000000704c00000, 0x0000000704e00000|  0%| F|  |TAMS 0x0000000704c00000| PB 0x0000000704c00000| Untracked 
|   2|0x0000000704e00000, 0x0000000704e00000, 0x0000000705000000|  0%| F|  |TAMS 0x0000000704e00000| PB 0x0000000704e00000| Untracked 
|   3|0x0000000705000000, 0x0000000705000000, 0x0000000705200000|  0%| F|  |TAMS 0x0000000705000000| PB 0x0000000705000000| Untracked 
|   4|0x0000000705200000, 0x0000000705200000, 0x0000000705400000|  0%| F|  |TAMS 0x0000000705200000| PB 0x0000000705200000| Untracked 
|   5|0x0000000705400000, 0x0000000705400000, 0x0000000705600000|  0%| F|  |TAMS 0x0000000705400000| PB 0x0000000705400000| Untracked 
|   6|0x0000000705600000, 0x0000000705600000, 0x0000000705800000|  0%| F|  |TAMS 0x0000000705600000| PB 0x0000000705600000| Untracked 
|   7|0x0000000705800000, 0x0000000705800000, 0x0000000705a00000|  0%| F|  |TAMS 0x0000000705800000| PB 0x0000000705800000| Untracked 
|   8|0x0000000705a00000, 0x0000000705a00000, 0x0000000705c00000|  0%| F|  |TAMS 0x0000000705a00000| PB 0x0000000705a00000| Untracked 
|   9|0x0000000705c00000, 0x0000000705c00000, 0x0000000705e00000|  0%| F|  |TAMS 0x0000000705c00000| PB 0x0000000705c00000| Untracked 
|  10|0x0000000705e00000, 0x0000000705e00000, 0x0000000706000000|  0%| F|  |TAMS 0x0000000705e00000| PB 0x0000000705e00000| Untracked 
|  11|0x0000000706000000, 0x0000000706000000, 0x0000000706200000|  0%| F|  |TAMS 0x0000000706000000| PB 0x0000000706000000| Untracked 
|  12|0x0000000706200000, 0x0000000706200000, 0x0000000706400000|  0%| F|  |TAMS 0x0000000706200000| PB 0x0000000706200000| Untracked 
|  13|0x0000000706400000, 0x0000000706400000, 0x0000000706600000|  0%| F|  |TAMS 0x0000000706400000| PB 0x0000000706400000| Untracked 
|  14|0x0000000706600000, 0x0000000706600000, 0x0000000706800000|  0%| F|  |TAMS 0x0000000706600000| PB 0x0000000706600000| Untracked 
|  15|0x0000000706800000, 0x0000000706800000, 0x0000000706a00000|  0%| F|  |TAMS 0x0000000706800000| PB 0x0000000706800000| Untracked 
|  16|0x0000000706a00000, 0x0000000706a00000, 0x0000000706c00000|  0%| F|  |TAMS 0x0000000706a00000| PB 0x0000000706a00000| Untracked 
|  17|0x0000000706c00000, 0x0000000706c00000, 0x0000000706e00000|  0%| F|  |TAMS 0x0000000706c00000| PB 0x0000000706c00000| Untracked 
|  18|0x0000000706e00000, 0x0000000706e00000, 0x0000000707000000|  0%| F|  |TAMS 0x0000000706e00000| PB 0x0000000706e00000| Untracked 
|  19|0x0000000707000000, 0x0000000707000000, 0x0000000707200000|  0%| F|  |TAMS 0x0000000707000000| PB 0x0000000707000000| Untracked 
|  20|0x0000000707200000, 0x0000000707200000, 0x0000000707400000|  0%| F|  |TAMS 0x0000000707200000| PB 0x0000000707200000| Untracked 
|  21|0x0000000707400000, 0x0000000707400000, 0x0000000707600000|  0%| F|  |TAMS 0x0000000707400000| PB 0x0000000707400000| Untracked 
|  22|0x0000000707600000, 0x0000000707600000, 0x0000000707800000|  0%| F|  |TAMS 0x0000000707600000| PB 0x0000000707600000| Untracked 
|  23|0x0000000707800000, 0x0000000707800000, 0x0000000707a00000|  0%| F|  |TAMS 0x0000000707800000| PB 0x0000000707800000| Untracked 
|  24|0x0000000707a00000, 0x0000000707a00000, 0x0000000707c00000|  0%| F|  |TAMS 0x0000000707a00000| PB 0x0000000707a00000| Untracked 
|  25|0x0000000707c00000, 0x0000000707c00000, 0x0000000707e00000|  0%| F|  |TAMS 0x0000000707c00000| PB 0x0000000707c00000| Untracked 
|  26|0x0000000707e00000, 0x0000000707e00000, 0x0000000708000000|  0%| F|  |TAMS 0x0000000707e00000| PB 0x0000000707e00000| Untracked 
|  27|0x0000000708000000, 0x0000000708000000, 0x0000000708200000|  0%| F|  |TAMS 0x0000000708000000| PB 0x0000000708000000| Untracked 
|  28|0x0000000708200000, 0x0000000708200000, 0x0000000708400000|  0%| F|  |TAMS 0x0000000708200000| PB 0x0000000708200000| Untracked 
|  29|0x0000000708400000, 0x0000000708400000, 0x0000000708600000|  0%| F|  |TAMS 0x0000000708400000| PB 0x0000000708400000| Untracked 
|  30|0x0000000708600000, 0x0000000708600000, 0x0000000708800000|  0%| F|  |TAMS 0x0000000708600000| PB 0x0000000708600000| Untracked 
|  31|0x0000000708800000, 0x0000000708800000, 0x0000000708a00000|  0%| F|  |TAMS 0x0000000708800000| PB 0x0000000708800000| Untracked 
|  32|0x0000000708a00000, 0x0000000708a00000, 0x0000000708c00000|  0%| F|  |TAMS 0x0000000708a00000| PB 0x0000000708a00000| Untracked 
|  33|0x0000000708c00000, 0x0000000708c00000, 0x0000000708e00000|  0%| F|  |TAMS 0x0000000708c00000| PB 0x0000000708c00000| Untracked 
|  34|0x0000000708e00000, 0x0000000708e00000, 0x0000000709000000|  0%| F|  |TAMS 0x0000000708e00000| PB 0x0000000708e00000| Untracked 
|  35|0x0000000709000000, 0x0000000709000000, 0x0000000709200000|  0%| F|  |TAMS 0x0000000709000000| PB 0x0000000709000000| Untracked 
|  36|0x0000000709200000, 0x0000000709200000, 0x0000000709400000|  0%| F|  |TAMS 0x0000000709200000| PB 0x0000000709200000| Untracked 
|  37|0x0000000709400000, 0x0000000709400000, 0x0000000709600000|  0%| F|  |TAMS 0x0000000709400000| PB 0x0000000709400000| Untracked 
|  38|0x0000000709600000, 0x0000000709600000, 0x0000000709800000|  0%| F|  |TAMS 0x0000000709600000| PB 0x0000000709600000| Untracked 
|  39|0x0000000709800000, 0x0000000709800000, 0x0000000709a00000|  0%| F|  |TAMS 0x0000000709800000| PB 0x0000000709800000| Untracked 
|  40|0x0000000709a00000, 0x0000000709a00000, 0x0000000709c00000|  0%| F|  |TAMS 0x0000000709a00000| PB 0x0000000709a00000| Untracked 
|  41|0x0000000709c00000, 0x0000000709c00000, 0x0000000709e00000|  0%| F|  |TAMS 0x0000000709c00000| PB 0x0000000709c00000| Untracked 
|  42|0x0000000709e00000, 0x0000000709e00000, 0x000000070a000000|  0%| F|  |TAMS 0x0000000709e00000| PB 0x0000000709e00000| Untracked 
|  43|0x000000070a000000, 0x000000070a000000, 0x000000070a200000|  0%| F|  |TAMS 0x000000070a000000| PB 0x000000070a000000| Untracked 
|  44|0x000000070a200000, 0x000000070a200000, 0x000000070a400000|  0%| F|  |TAMS 0x000000070a200000| PB 0x000000070a200000| Untracked 
|  45|0x000000070a400000, 0x000000070a400000, 0x000000070a600000|  0%| F|  |TAMS 0x000000070a400000| PB 0x000000070a400000| Untracked 
|  46|0x000000070a600000, 0x000000070a600000, 0x000000070a800000|  0%| F|  |TAMS 0x000000070a600000| PB 0x000000070a600000| Untracked 
|  47|0x000000070a800000, 0x000000070a800000, 0x000000070aa00000|  0%| F|  |TAMS 0x000000070a800000| PB 0x000000070a800000| Untracked 
|  48|0x000000070aa00000, 0x000000070aa00000, 0x000000070ac00000|  0%| F|  |TAMS 0x000000070aa00000| PB 0x000000070aa00000| Untracked 
|  49|0x000000070ac00000, 0x000000070ac00000, 0x000000070ae00000|  0%| F|  |TAMS 0x000000070ac00000| PB 0x000000070ac00000| Untracked 
|  50|0x000000070ae00000, 0x000000070ae00000, 0x000000070b000000|  0%| F|  |TAMS 0x000000070ae00000| PB 0x000000070ae00000| Untracked 
|  51|0x000000070b000000, 0x000000070b000000, 0x000000070b200000|  0%| F|  |TAMS 0x000000070b000000| PB 0x000000070b000000| Untracked 
|  52|0x000000070b200000, 0x000000070b200000, 0x000000070b400000|  0%| F|  |TAMS 0x000000070b200000| PB 0x000000070b200000| Untracked 
|  53|0x000000070b400000, 0x000000070b400000, 0x000000070b600000|  0%| F|  |TAMS 0x000000070b400000| PB 0x000000070b400000| Untracked 
|  54|0x000000070b600000, 0x000000070b600000, 0x000000070b800000|  0%| F|  |TAMS 0x000000070b600000| PB 0x000000070b600000| Untracked 
|  55|0x000000070b800000, 0x000000070b800000, 0x000000070ba00000|  0%| F|  |TAMS 0x000000070b800000| PB 0x000000070b800000| Untracked 
|  56|0x000000070ba00000, 0x000000070ba00000, 0x000000070bc00000|  0%| F|  |TAMS 0x000000070ba00000| PB 0x000000070ba00000| Untracked 
|  57|0x000000070bc00000, 0x000000070bc00000, 0x000000070be00000|  0%| F|  |TAMS 0x000000070bc00000| PB 0x000000070bc00000| Untracked 
|  58|0x000000070be00000, 0x000000070be00000, 0x000000070c000000|  0%| F|  |TAMS 0x000000070be00000| PB 0x000000070be00000| Untracked 
|  59|0x000000070c000000, 0x000000070c000000, 0x000000070c200000|  0%| F|  |TAMS 0x000000070c000000| PB 0x000000070c000000| Untracked 
|  60|0x000000070c200000, 0x000000070c200000, 0x000000070c400000|  0%| F|  |TAMS 0x000000070c200000| PB 0x000000070c200000| Untracked 
|  61|0x000000070c400000, 0x000000070c400000, 0x000000070c600000|  0%| F|  |TAMS 0x000000070c400000| PB 0x000000070c400000| Untracked 
|  62|0x000000070c600000, 0x000000070c600000, 0x000000070c800000|  0%| F|  |TAMS 0x000000070c600000| PB 0x000000070c600000| Untracked 
|  63|0x000000070c800000, 0x000000070c800000, 0x000000070ca00000|  0%| F|  |TAMS 0x000000070c800000| PB 0x000000070c800000| Untracked 
|  64|0x000000070ca00000, 0x000000070ca00000, 0x000000070cc00000|  0%| F|  |TAMS 0x000000070ca00000| PB 0x000000070ca00000| Untracked 
|  65|0x000000070cc00000, 0x000000070cc00000, 0x000000070ce00000|  0%| F|  |TAMS 0x000000070cc00000| PB 0x000000070cc00000| Untracked 
|  66|0x000000070ce00000, 0x000000070ce00000, 0x000000070d000000|  0%| F|  |TAMS 0x000000070ce00000| PB 0x000000070ce00000| Untracked 
|  67|0x000000070d000000, 0x000000070d000000, 0x000000070d200000|  0%| F|  |TAMS 0x000000070d000000| PB 0x000000070d000000| Untracked 
|  68|0x000000070d200000, 0x000000070d200000, 0x000000070d400000|  0%| F|  |TAMS 0x000000070d200000| PB 0x000000070d200000| Untracked 
|  69|0x000000070d400000, 0x000000070d400000, 0x000000070d600000|  0%| F|  |TAMS 0x000000070d400000| PB 0x000000070d400000| Untracked 
|  70|0x000000070d600000, 0x000000070d600000, 0x000000070d800000|  0%| F|  |TAMS 0x000000070d600000| PB 0x000000070d600000| Untracked 
|  71|0x000000070d800000, 0x000000070d800000, 0x000000070da00000|  0%| F|  |TAMS 0x000000070d800000| PB 0x000000070d800000| Untracked 
|  72|0x000000070da00000, 0x000000070da00000, 0x000000070dc00000|  0%| F|  |TAMS 0x000000070da00000| PB 0x000000070da00000| Untracked 
|  73|0x000000070dc00000, 0x000000070dc00000, 0x000000070de00000|  0%| F|  |TAMS 0x000000070dc00000| PB 0x000000070dc00000| Untracked 
|  74|0x000000070de00000, 0x000000070de00000, 0x000000070e000000|  0%| F|  |TAMS 0x000000070de00000| PB 0x000000070de00000| Untracked 
|  75|0x000000070e000000, 0x000000070e000000, 0x000000070e200000|  0%| F|  |TAMS 0x000000070e000000| PB 0x000000070e000000| Untracked 
|  76|0x000000070e200000, 0x000000070e200000, 0x000000070e400000|  0%| F|  |TAMS 0x000000070e200000| PB 0x000000070e200000| Untracked 
|  77|0x000000070e400000, 0x000000070e400000, 0x000000070e600000|  0%| F|  |TAMS 0x000000070e400000| PB 0x000000070e400000| Untracked 
|  78|0x000000070e600000, 0x000000070e600000, 0x000000070e800000|  0%| F|  |TAMS 0x000000070e600000| PB 0x000000070e600000| Untracked 
|  79|0x000000070e800000, 0x000000070e800000, 0x000000070ea00000|  0%| F|  |TAMS 0x000000070e800000| PB 0x000000070e800000| Untracked 
|  80|0x000000070ea00000, 0x000000070ea00000, 0x000000070ec00000|  0%| F|  |TAMS 0x000000070ea00000| PB 0x000000070ea00000| Untracked 
|  81|0x000000070ec00000, 0x000000070ec00000, 0x000000070ee00000|  0%| F|  |TAMS 0x000000070ec00000| PB 0x000000070ec00000| Untracked 
|  82|0x000000070ee00000, 0x000000070ee00000, 0x000000070f000000|  0%| F|  |TAMS 0x000000070ee00000| PB 0x000000070ee00000| Untracked 
|  83|0x000000070f000000, 0x000000070f000000, 0x000000070f200000|  0%| F|  |TAMS 0x000000070f000000| PB 0x000000070f000000| Untracked 
|  84|0x000000070f200000, 0x000000070f200000, 0x000000070f400000|  0%| F|  |TAMS 0x000000070f200000| PB 0x000000070f200000| Untracked 
|  85|0x000000070f400000, 0x000000070f400000, 0x000000070f600000|  0%| F|  |TAMS 0x000000070f400000| PB 0x000000070f400000| Untracked 
|  86|0x000000070f600000, 0x000000070f600000, 0x000000070f800000|  0%| F|  |TAMS 0x000000070f600000| PB 0x000000070f600000| Untracked 
|  87|0x000000070f800000, 0x000000070f800000, 0x000000070fa00000|  0%| F|  |TAMS 0x000000070f800000| PB 0x000000070f800000| Untracked 
|  88|0x000000070fa00000, 0x000000070fa00000, 0x000000070fc00000|  0%| F|  |TAMS 0x000000070fa00000| PB 0x000000070fa00000| Untracked 
|  89|0x000000070fc00000, 0x000000070fc00000, 0x000000070fe00000|  0%| F|  |TAMS 0x000000070fc00000| PB 0x000000070fc00000| Untracked 
|  90|0x000000070fe00000, 0x000000070fe00000, 0x0000000710000000|  0%| F|  |TAMS 0x000000070fe00000| PB 0x000000070fe00000| Untracked 
|  91|0x0000000710000000, 0x0000000710000000, 0x0000000710200000|  0%| F|  |TAMS 0x0000000710000000| PB 0x0000000710000000| Untracked 
|  92|0x0000000710200000, 0x0000000710200000, 0x0000000710400000|  0%| F|  |TAMS 0x0000000710200000| PB 0x0000000710200000| Untracked 
|  93|0x0000000710400000, 0x0000000710400000, 0x0000000710600000|  0%| F|  |TAMS 0x0000000710400000| PB 0x0000000710400000| Untracked 
|  94|0x0000000710600000, 0x0000000710600000, 0x0000000710800000|  0%| F|  |TAMS 0x0000000710600000| PB 0x0000000710600000| Untracked 
|  95|0x0000000710800000, 0x0000000710800000, 0x0000000710a00000|  0%| F|  |TAMS 0x0000000710800000| PB 0x0000000710800000| Untracked 
|  96|0x0000000710a00000, 0x0000000710a00000, 0x0000000710c00000|  0%| F|  |TAMS 0x0000000710a00000| PB 0x0000000710a00000| Untracked 
|  97|0x0000000710c00000, 0x0000000710c00000, 0x0000000710e00000|  0%| F|  |TAMS 0x0000000710c00000| PB 0x0000000710c00000| Untracked 
|  98|0x0000000710e00000, 0x0000000710e00000, 0x0000000711000000|  0%| F|  |TAMS 0x0000000710e00000| PB 0x0000000710e00000| Untracked 
|  99|0x0000000711000000, 0x0000000711000000, 0x0000000711200000|  0%| F|  |TAMS 0x0000000711000000| PB 0x0000000711000000| Untracked 
| 100|0x0000000711200000, 0x0000000711344f30, 0x0000000711400000| 63%| S|CS|TAMS 0x0000000711200000| PB 0x0000000711200000| Complete 
| 101|0x0000000711400000, 0x0000000711600000, 0x0000000711600000|100%| S|CS|TAMS 0x0000000711400000| PB 0x0000000711400000| Complete 
| 102|0x0000000711600000, 0x0000000711800000, 0x0000000711800000|100%| S|CS|TAMS 0x0000000711600000| PB 0x0000000711600000| Complete 
| 103|0x0000000711800000, 0x0000000711800000, 0x0000000711a00000|  0%| F|  |TAMS 0x0000000711800000| PB 0x0000000711800000| Untracked 
| 104|0x0000000711a00000, 0x0000000711a00000, 0x0000000711c00000|  0%| F|  |TAMS 0x0000000711a00000| PB 0x0000000711a00000| Untracked 
| 105|0x0000000711c00000, 0x0000000711c00000, 0x0000000711e00000|  0%| F|  |TAMS 0x0000000711c00000| PB 0x0000000711c00000| Untracked 
| 106|0x0000000711e00000, 0x0000000711e00000, 0x0000000712000000|  0%| F|  |TAMS 0x0000000711e00000| PB 0x0000000711e00000| Untracked 
| 107|0x0000000712000000, 0x0000000712000000, 0x0000000712200000|  0%| F|  |TAMS 0x0000000712000000| PB 0x0000000712000000| Untracked 
| 108|0x0000000712200000, 0x0000000712200000, 0x0000000712400000|  0%| F|  |TAMS 0x0000000712200000| PB 0x0000000712200000| Untracked 
| 109|0x0000000712400000, 0x0000000712400000, 0x0000000712600000|  0%| F|  |TAMS 0x0000000712400000| PB 0x0000000712400000| Untracked 
| 110|0x0000000712600000, 0x0000000712600000, 0x0000000712800000|  0%| F|  |TAMS 0x0000000712600000| PB 0x0000000712600000| Untracked 
| 111|0x0000000712800000, 0x0000000712800000, 0x0000000712a00000|  0%| F|  |TAMS 0x0000000712800000| PB 0x0000000712800000| Untracked 
| 112|0x0000000712a00000, 0x0000000712a00000, 0x0000000712c00000|  0%| F|  |TAMS 0x0000000712a00000| PB 0x0000000712a00000| Untracked 
| 113|0x0000000712c00000, 0x0000000712c00000, 0x0000000712e00000|  0%| F|  |TAMS 0x0000000712c00000| PB 0x0000000712c00000| Untracked 
| 114|0x0000000712e00000, 0x0000000712f147f8, 0x0000000713000000| 54%| E|  |TAMS 0x0000000712e00000| PB 0x0000000712e00000| Complete 
| 115|0x0000000713000000, 0x0000000713200000, 0x0000000713200000|100%| E|CS|TAMS 0x0000000713000000| PB 0x0000000713000000| Complete 
| 116|0x0000000713200000, 0x0000000713400000, 0x0000000713400000|100%| E|CS|TAMS 0x0000000713200000| PB 0x0000000713200000| Complete 
| 117|0x0000000713400000, 0x0000000713600000, 0x0000000713600000|100%| E|  |TAMS 0x0000000713400000| PB 0x0000000713400000| Complete 
| 118|0x0000000713600000, 0x0000000713800000, 0x0000000713800000|100%| E|CS|TAMS 0x0000000713600000| PB 0x0000000713600000| Complete 
| 119|0x0000000713800000, 0x0000000713a00000, 0x0000000713a00000|100%| E|CS|TAMS 0x0000000713800000| PB 0x0000000713800000| Complete 
| 120|0x0000000713a00000, 0x0000000713c00000, 0x0000000713c00000|100%| E|CS|TAMS 0x0000000713a00000| PB 0x0000000713a00000| Complete 
| 121|0x0000000713c00000, 0x0000000713e00000, 0x0000000713e00000|100%| E|CS|TAMS 0x0000000713c00000| PB 0x0000000713c00000| Complete 
| 122|0x0000000713e00000, 0x0000000714000000, 0x0000000714000000|100%| E|CS|TAMS 0x0000000713e00000| PB 0x0000000713e00000| Complete 
| 123|0x0000000714000000, 0x0000000714200000, 0x0000000714200000|100%| E|CS|TAMS 0x0000000714000000| PB 0x0000000714000000| Complete 
| 124|0x0000000714200000, 0x0000000714400000, 0x0000000714400000|100%| E|CS|TAMS 0x0000000714200000| PB 0x0000000714200000| Complete 
| 125|0x0000000714400000, 0x0000000714600000, 0x0000000714600000|100%| E|CS|TAMS 0x0000000714400000| PB 0x0000000714400000| Complete 

Card table byte_map: [0x000001f2ad000000,0x000001f2ad7e0000] _byte_map_base: 0x000001f2a97db000

Marking Bits: (CMBitMap*) 0x000001f294917500
 Bits: [0x000001f2ad7e0000, 0x000001f2b16b8000)

Polling page: 0x000001f292840000

Metaspace:

Usage:
  Non-class:     13.41 MB used.
      Class:      2.43 MB used.
       Both:     15.83 MB used.

Virtual space:
  Non-class space:       64.00 MB reserved,      13.56 MB ( 21%) committed,  1 nodes.
      Class space:        1.00 GB reserved,       2.56 MB ( <1%) committed,  1 nodes.
             Both:        1.06 GB reserved,      16.12 MB (  1%) committed. 

Chunk freelists:
   Non-Class:  2.04 MB
       Class:  13.49 MB
        Both:  15.53 MB

MaxMetaspaceSize: unlimited
CompressedClassSpaceSize: 1.00 GB
Initial GC threshold: 21.00 MB
Current GC threshold: 21.00 MB
CDS: on
 - commit_granule_bytes: 65536.
 - commit_granule_words: 8192.
 - virtual_space_node_default_size: 8388608.
 - enlarge_chunks_in_place: 1.
 - use_allocation_guard: 0.


Internal statistics:

num_allocs_failed_limit: 0.
num_arena_births: 234.
num_arena_deaths: 0.
num_vsnodes_births: 2.
num_vsnodes_deaths: 0.
num_space_committed: 258.
num_space_uncommitted: 0.
num_chunks_returned_to_freelist: 0.
num_chunks_taken_from_freelist: 758.
num_chunk_merges: 0.
num_chunk_splits: 530.
num_chunks_enlarged: 404.
num_inconsistent_stats: 0.

CodeHeap 'non-profiled nmethods': size=119168Kb used=1062Kb max_used=1062Kb free=118105Kb
 bounds [0x000001f2a4b30000, 0x000001f2a4da0000, 0x000001f2abf90000]
CodeHeap 'profiled nmethods': size=119104Kb used=4426Kb max_used=4426Kb free=114677Kb
 bounds [0x000001f29cf90000, 0x000001f29d3f0000, 0x000001f2a43e0000]
CodeHeap 'non-nmethods': size=7488Kb used=2450Kb max_used=3594Kb free=5037Kb
 bounds [0x000001f2a43e0000, 0x000001f2a4770000, 0x000001f2a4b30000]
 total_blobs=3265 nmethods=2434 adapters=733
 compilation: enabled
              stopped_count=0, restarted_count=0
 full_count=0

Compilation events (20 events):
Event: 132.855 Thread 0x000001f2fc596030 nmethod 2408 0x000001f29d3dd590 code [0x000001f29d3dd740, 0x000001f29d3dd880]
Event: 132.855 Thread 0x000001f2b3b95da0 nmethod 2421 0x000001f29d3dd990 code [0x000001f29d3ddb80, 0x000001f29d3dde70]
Event: 132.855 Thread 0x000001f2b3b95da0 2422       1       sun.nio.fs.WindowsFileSystem::provider (5 bytes)
Event: 132.855 Thread 0x000001f2b3b95da0 nmethod 2422 0x000001f2a4c37d90 code [0x000001f2a4c37f20, 0x000001f2a4c37ff0]
Event: 132.858 Thread 0x000001f2b48d1810 2423       4       java.lang.ref.Reference::<init> (25 bytes)
Event: 132.859 Thread 0x000001f2b48d1810 nmethod 2423 0x000001f2a4c38090 code [0x000001f2a4c38220, 0x000001f2a4c38498]
Event: 132.861 Thread 0x000001f2b3b95da0 2424       3       java.lang.invoke.BoundMethodHandle::bindArgumentL (11 bytes)
Event: 132.861 Thread 0x000001f2fc596030 2425       3       java.lang.invoke.LambdaFormEditor::bindArgumentL (59 bytes)
Event: 132.861 Thread 0x000001f2fc596030 nmethod 2425 0x000001f29d3de010 code [0x000001f29d3de1e0, 0x000001f29d3de4a0]
Event: 132.861 Thread 0x000001f2b3b95da0 nmethod 2424 0x000001f29d3de610 code [0x000001f29d3de800, 0x000001f29d3ded00]
Event: 132.869 Thread 0x000001f2fc596030 2426       3       java.lang.invoke.DirectMethodHandle$Holder::newInvokeSpecial (20 bytes)
Event: 132.869 Thread 0x000001f2fc596030 nmethod 2426 0x000001f29d3def10 code [0x000001f29d3df100, 0x000001f29d3df7d8]
Event: 132.870 Thread 0x000001f2fc596030 2429       3       java.lang.invoke.LambdaForm::useCount (61 bytes)
Event: 132.870 Thread 0x000001f2b3b95da0 2430       3       java.lang.invoke.InvokerBytecodeGenerator::emitStoreInsn (21 bytes)
Event: 132.871 Thread 0x000001f2b3b95da0 nmethod 2430 0x000001f29d3df990 code [0x000001f29d3dfb60, 0x000001f29d3dfdd8]
Event: 132.871 Thread 0x000001f2fc596030 nmethod 2429 0x000001f29d3dff10 code [0x000001f29d3e00e0, 0x000001f29d3e0428]
Event: 132.871 Thread 0x000001f2b3b95da0 2433       3       jdk.internal.org.objectweb.asm.MethodWriter::computeAllFrames (510 bytes)
Event: 132.872 Thread 0x000001f2fc596030 2436       1       java.util.logging.LogManager$LoggerContext::getOwner (5 bytes)
Event: 132.872 Thread 0x000001f2fc596030 nmethod 2436 0x000001f2a4c39710 code [0x000001f2a4c398a0, 0x000001f2a4c39970]
Event: 132.872 Thread 0x000001f2b3b95da0 nmethod 2433 0x000001f29d3e0610 code [0x000001f29d3e0980, 0x000001f29d3e1e20]

GC Heap History (4 events):
Event: 0.370 GC heap before
{Heap before GC invocations=0 (full 0):
 garbage-first heap   total 258048K, used 20480K [0x0000000704a00000, 0x0000000800000000)
  region size 2048K, 11 young (22528K), 0 survivors (0K)
 Metaspace       used 3666K, committed 3840K, reserved 1114112K
  class space    used 361K, committed 448K, reserved 1048576K
}
Event: 0.372 GC heap after
{Heap after GC invocations=1 (full 0):
 garbage-first heap   total 258048K, used 2255K [0x0000000704a00000, 0x0000000800000000)
  region size 2048K, 2 young (4096K), 2 survivors (4096K)
 Metaspace       used 3666K, committed 3840K, reserved 1114112K
  class space    used 361K, committed 448K, reserved 1048576K
}
Event: 0.803 GC heap before
{Heap before GC invocations=1 (full 0):
 garbage-first heap   total 258048K, used 45263K [0x0000000704a00000, 0x0000000800000000)
  region size 2048K, 23 young (47104K), 2 survivors (4096K)
 Metaspace       used 12116K, committed 12352K, reserved 1114112K
  class space    used 1795K, committed 1920K, reserved 1048576K
}
Event: 0.807 GC heap after
{Heap after GC invocations=2 (full 0):
 garbage-first heap   total 258048K, used 5395K [0x0000000704a00000, 0x0000000800000000)
  region size 2048K, 3 young (6144K), 3 survivors (6144K)
 Metaspace       used 12116K, committed 12352K, reserved 1114112K
  class space    used 1795K, committed 1920K, reserved 1048576K
}

Dll operation events (20 events):
Event: 0.241 Loaded shared library C:\Users\flori\.openjfx\cache\21+31\amd64\api-ms-win-crt-math-l1-1-0.dll
Event: 0.242 Loaded shared library C:\Users\flori\.openjfx\cache\21+31\amd64\api-ms-win-crt-multibyte-l1-1-0.dll
Event: 0.244 Loaded shared library C:\Users\flori\.openjfx\cache\21+31\amd64\api-ms-win-crt-private-l1-1-0.dll
Event: 0.245 Loaded shared library C:\Users\flori\.openjfx\cache\21+31\amd64\api-ms-win-crt-process-l1-1-0.dll
Event: 0.247 Loaded shared library C:\Users\flori\.openjfx\cache\21+31\amd64\api-ms-win-crt-runtime-l1-1-0.dll
Event: 0.250 Loaded shared library C:\Users\flori\.openjfx\cache\21+31\amd64\api-ms-win-crt-stdio-l1-1-0.dll
Event: 0.251 Loaded shared library C:\Users\flori\.openjfx\cache\21+31\amd64\api-ms-win-crt-string-l1-1-0.dll
Event: 0.252 Loaded shared library C:\Users\flori\.openjfx\cache\21+31\amd64\api-ms-win-crt-time-l1-1-0.dll
Event: 0.254 Loaded shared library C:\Users\flori\.openjfx\cache\21+31\amd64\api-ms-win-crt-utility-l1-1-0.dll
Event: 0.262 Loaded shared library C:\Users\flori\.openjfx\cache\21+31\amd64\ucrtbase.dll
Event: 0.265 Loaded shared library C:\Users\flori\.openjfx\cache\21+31\amd64\vcruntime140.dll
Event: 0.266 Loaded shared library C:\Users\flori\.openjfx\cache\21+31\amd64\vcruntime140_1.dll
Event: 0.272 Loaded shared library C:\Users\flori\.openjfx\cache\21+31\amd64\msvcp140.dll
Event: 0.273 Loaded shared library C:\Users\flori\.openjfx\cache\21+31\amd64\msvcp140_1.dll
Event: 0.276 Loaded shared library C:\Users\flori\.openjfx\cache\21+31\amd64\msvcp140_2.dll
Event: 0.307 Loaded shared library C:\Users\flori\.openjfx\cache\21+31\amd64\prism_d3d.dll
Event: 0.379 Loaded shared library C:\Users\flori\.openjfx\cache\21+31\amd64\glass.dll
Event: 0.505 Loaded shared library C:\Users\flori\.openjfx\cache\21+31\amd64\javafx_font.dll
Event: 0.588 Loaded shared library C:\Users\flori\.jdks\corretto-21.0.5\bin\jimage.dll
Event: 132.859 Loaded shared library C:\Users\flori\.jdks\corretto-21.0.5\bin\awt.dll

Deoptimization events (20 events):
Event: 0.953 Thread 0x000001f2fb785980 DEOPT PACKING pc=0x000001f2a4b91394 sp=0x0000000a720fd5f0
Event: 0.953 Thread 0x000001f2fb785980 DEOPT UNPACKING pc=0x000001f2a44346a2 sp=0x0000000a720fd5e8 mode 2
Event: 1.008 Thread 0x000001f2fb785980 Uncommon trap: trap_request=0xffffffde fr.pc=0x000001f2a4bba474 relative=0x0000000000000f74
Event: 1.008 Thread 0x000001f2fb785980 Uncommon trap: reason=class_check action=maybe_recompile pc=0x000001f2a4bba474 method=java.util.concurrent.ConcurrentHashMap.putVal(Ljava/lang/Object;Ljava/lang/Object;Z)Ljava/lang/Object; @ 242 c2
Event: 1.008 Thread 0x000001f2fb785980 DEOPT PACKING pc=0x000001f2a4bba474 sp=0x0000000a720feb70
Event: 1.008 Thread 0x000001f2fb785980 DEOPT UNPACKING pc=0x000001f2a44346a2 sp=0x0000000a720feb00 mode 2
Event: 2.274 Thread 0x000001f2fc0f8f50 Uncommon trap: trap_request=0xffffffde fr.pc=0x000001f2a4bba474 relative=0x0000000000000f74
Event: 2.274 Thread 0x000001f2fc0f8f50 Uncommon trap: reason=class_check action=maybe_recompile pc=0x000001f2a4bba474 method=java.util.concurrent.ConcurrentHashMap.putVal(Ljava/lang/Object;Ljava/lang/Object;Z)Ljava/lang/Object; @ 242 c2
Event: 2.274 Thread 0x000001f2fc0f8f50 DEOPT PACKING pc=0x000001f2a4bba474 sp=0x0000000a731feba0
Event: 2.274 Thread 0x000001f2fc0f8f50 DEOPT UNPACKING pc=0x000001f2a44346a2 sp=0x0000000a731feb30 mode 2
Event: 2.278 Thread 0x000001f2fb785980 Uncommon trap: trap_request=0xffffffde fr.pc=0x000001f2a4bba474 relative=0x0000000000000f74
Event: 2.278 Thread 0x000001f2fb785980 Uncommon trap: reason=class_check action=maybe_recompile pc=0x000001f2a4bba474 method=java.util.concurrent.ConcurrentHashMap.putVal(Ljava/lang/Object;Ljava/lang/Object;Z)Ljava/lang/Object; @ 242 c2
Event: 2.278 Thread 0x000001f2fb785980 DEOPT PACKING pc=0x000001f2a4bba474 sp=0x0000000a720feb70
Event: 2.278 Thread 0x000001f2fb785980 DEOPT UNPACKING pc=0x000001f2a44346a2 sp=0x0000000a720feb00 mode 2
Event: 2.407 Thread 0x000001f2fb785980 DEOPT PACKING pc=0x000001f29d35e0bc sp=0x0000000a720fd960
Event: 2.407 Thread 0x000001f2fb785980 DEOPT UNPACKING pc=0x000001f2a4434e42 sp=0x0000000a720fcdd8 mode 0
Event: 2.407 Thread 0x000001f2fb785980 DEOPT PACKING pc=0x000001f29d35e0bc sp=0x0000000a720fd960
Event: 2.407 Thread 0x000001f2fb785980 DEOPT UNPACKING pc=0x000001f2a4434e42 sp=0x0000000a720fcdd8 mode 0
Event: 132.872 Thread 0x000001f2fc6025e0 DEOPT PACKING pc=0x000001f29d2132dc sp=0x0000000a713ff500
Event: 132.872 Thread 0x000001f2fc6025e0 DEOPT UNPACKING pc=0x000001f2a4434e42 sp=0x0000000a713fe960 mode 1

Classes loaded (20 events):
Event: 132.872 Loading class sun/java2d/pipe/SpanClipRenderer
Event: 132.872 Loading class sun/java2d/pipe/SpanClipRenderer done
Event: 132.872 Loading class sun/java2d/pipe/Region
Event: 132.872 Loading class sun/java2d/pipe/Region done
Event: 132.872 Loading class sun/java2d/pipe/RegionIterator
Event: 132.872 Loading class sun/java2d/pipe/RegionIterator done
Event: 132.872 Loading class com/sun/javafx/tk/quantum/QuantumRenderer
Event: 132.872 Loading class com/sun/javafx/tk/quantum/QuantumRenderer done
Event: 132.872 Loading class com/sun/javafx/tk/quantum/QuantumToolkit
Event: 132.872 Loading class com/sun/javafx/tk/quantum/QuantumToolkit done
Event: 132.872 Loading class sun/java2d/pipe/AAShapePipe
Event: 132.872 Loading class sun/java2d/pipe/AAShapePipe done
Event: 132.872 Loading class sun/java2d/pipe/AAShapePipe$1
Event: 132.872 Loading class sun/java2d/pipe/AAShapePipe$1 done
Event: 132.872 Loading class sun/java2d/pipe/AlphaPaintPipe
Event: 132.872 Loading class sun/java2d/pipe/AlphaPaintPipe done
Event: 132.872 Loading class sun/java2d/pipe/SpanShapeRenderer$Composite
Event: 132.873 Loading class sun/java2d/pipe/SpanShapeRenderer
Event: 132.873 Loading class sun/java2d/pipe/SpanShapeRenderer done
Event: 132.873 Loading class sun/java2d/pipe/SpanShapeRenderer$Composite done

Classes unloaded (0 events):
No events

Classes redefined (0 events):
No events

Internal exceptions (20 events):
Event: 0.623 Thread 0x000001f2fbf67e70 Implicit null exception at 0x000001f2a4ba343f to 0x000001f2a4ba377c
Event: 0.623 Thread 0x000001f2fbf67e70 Implicit null exception at 0x000001f2a4b4cfbd to 0x000001f2a4b4d045
Event: 0.693 Thread 0x000001f2fbf67e70 Exception <a 'java/lang/IncompatibleClassChangeError'{0x0000000711e01a30}: Found class java.lang.Object, but interface was expected> (0x0000000711e01a30) 
thrown [s\src\hotspot\share\interpreter\linkResolver.cpp, line 840]
Event: 0.740 Thread 0x000001f2fbf67e70 Exception <a 'java/lang/ClassNotFoundException'{0x0000000711d8bc18}: com/sun/javafx/scene/control/skin/resources/controls> (0x0000000711d8bc18) 
thrown [s\src\hotspot\share\prims\jni.cpp, line 539]
Event: 0.741 Thread 0x000001f2fbf67e70 Exception <a 'java/lang/ClassNotFoundException'{0x0000000711d99e28}: com/sun/javafx/scene/control/skin/resources/controls_fr> (0x0000000711d99e28) 
thrown [s\src\hotspot\share\prims\jni.cpp, line 539]
Event: 0.741 Thread 0x000001f2fbf67e70 Exception <a 'java/lang/ClassNotFoundException'{0x0000000711da7938}: com/sun/javafx/scene/control/skin/resources/controls_fr_FR> (0x0000000711da7938) 
thrown [s\src\hotspot\share\prims\jni.cpp, line 539]
Event: 0.763 Thread 0x000001f2fbf67e70 Exception <a 'java/lang/NoSuchMethodError'{0x0000000711ba65a0}: 'int java.lang.invoke.DirectMethodHandle$Holder.invokeSpecial(java.lang.Object, java.lang.Object, int)'> (0x0000000711ba65a0) 
thrown [s\src\hotspot\share\interpreter\linkResolver.cpp, line 773]
Event: 0.808 Thread 0x000001f2fbf67e70 Exception <a 'java/lang/NoSuchMethodError'{0x0000000714408530}: 'int java.lang.invoke.DirectMethodHandle$Holder.invokeSpecial(java.lang.Object, java.lang.Object, java.lang.Object, int)'> (0x0000000714408530) 
thrown [s\src\hotspot\share\interpreter\linkResolver.cpp, line 773]
Event: 0.809 Thread 0x000001f2fbf67e70 Exception <a 'java/lang/NoSuchMethodError'{0x000000071441cf40}: 'java.lang.Object java.lang.invoke.DirectMethodHandle$Holder.invokeStatic(java.lang.Object, java.lang.Object, java.lang.Object, java.lang.Object, int)'> (0x000000071441cf40) 
thrown [s\src\hotspot\share\interpreter\linkResolver.cpp, line 773]
Event: 0.810 Thread 0x000001f2fbf67e70 Exception <a 'java/lang/NoSuchMethodError'{0x00000007144ce728}: 'int java.lang.invoke.DirectMethodHandle$Holder.invokeSpecial(java.lang.Object, java.lang.Object, java.lang.Object)'> (0x00000007144ce728) 
thrown [s\src\hotspot\share\interpreter\linkResolver.cpp, line 773]
Event: 0.897 Thread 0x000001f2fbf67e70 Exception <a 'java/lang/NoSuchMethodError'{0x0000000713a30a10}: 'java.lang.Object java.lang.invoke.DirectMethodHandle$Holder.newInvokeSpecial(java.lang.Object, java.lang.Object, int)'> (0x0000000713a30a10) 
thrown [s\src\hotspot\share\interpreter\linkResolver.cpp, line 773]
Event: 0.936 Thread 0x000001f2fb785980 Exception <a 'java/lang/NoSuchMethodError'{0x0000000713825668}: 'int java.lang.invoke.DirectMethodHandle$Holder.invokeStaticInit(java.lang.Object, java.lang.Object)'> (0x0000000713825668) 
thrown [s\src\hotspot\share\interpreter\linkResolver.cpp, line 773]
Event: 2.404 Thread 0x000001f2fbf67e70 Exception <a 'java/lang/NoSuchMethodError'{0x0000000713351f40}: 'long java.lang.invoke.DirectMethodHandle$Holder.invokeStatic(java.lang.Object, java.lang.Object, java.lang.Object)'> (0x0000000713351f40) 
thrown [s\src\hotspot\share\interpreter\linkResolver.cpp, line 773]
Event: 2.404 Thread 0x000001f2fbf67e70 Exception <a 'java/lang/NoSuchMethodError'{0x00000007133555d0}: 'long java.lang.invoke.DirectMethodHandle$Holder.invokeStaticInit(java.lang.Object, java.lang.Object, java.lang.Object)'> (0x00000007133555d0) 
thrown [s\src\hotspot\share\interpreter\linkResolver.cpp, line 773]
Event: 2.404 Thread 0x000001f2fbf67e70 Exception <a 'java/lang/NoSuchMethodError'{0x000000071336a120}: 'java.lang.Object java.lang.invoke.DirectMethodHandle$Holder.newInvokeSpecial(java.lang.Object, java.lang.Object, long)'> (0x000000071336a120) 
thrown [s\src\hotspot\share\interpreter\linkResolver.cpp, line 773]
Event: 2.405 Thread 0x000001f2fbf67e70 Exception <a 'java/lang/NoSuchMethodError'{0x000000071336da38}: 'java.lang.Object java.lang.invoke.Invokers$Holder.linkToTargetMethod(java.lang.Object, long, java.lang.Object)'> (0x000000071336da38) 
thrown [s\src\hotspot\share\interpreter\linkResolver.cpp, line 773]
Event: 2.486 Thread 0x000001f2fbf67e70 Exception <a 'java/lang/NoSuchMethodError'{0x00000007133dbb78}: 'java.lang.Object java.lang.invoke.DirectMethodHandle$Holder.invokeSpecial(java.lang.Object, java.lang.Object, double, double)'> (0x00000007133dbb78) 
thrown [s\src\hotspot\share\interpreter\linkResolver.cpp, line 773]
Event: 132.857 Thread 0x000001f2fbf67e70 Exception <a 'java/lang/ClassNotFoundException'{0x0000000713068370}: sun/awt/resources/spi/awtProvider> (0x0000000713068370) 
thrown [s\src\hotspot\share\classfile\systemDictionary.cpp, line 312]
Event: 132.860 Thread 0x000001f2fbf67e70 Exception <a 'java/io/FileNotFoundException'{0x00000007130d9f80}> (0x00000007130d9f80) 
thrown [s\src\hotspot\share\prims\jni.cpp, line 520]
Event: 132.860 Thread 0x000001f2fbf67e70 Exception <a 'java/io/FileNotFoundException'{0x00000007130db7f0}> (0x00000007130db7f0) 
thrown [s\src\hotspot\share\prims\jni.cpp, line 520]

ZGC Phase Switch (0 events):
No events

VM Operations (20 events):
Event: 91.590 Executing VM operation: get/set locals done
Event: 91.590 Executing VM operation: get/set locals
Event: 91.590 Executing VM operation: get/set locals done
Event: 91.590 Executing VM operation: get/set locals
Event: 91.590 Executing VM operation: get/set locals done
Event: 91.590 Executing VM operation: get/set locals
Event: 91.590 Executing VM operation: get/set locals done
Event: 91.590 Executing VM operation: get/set locals
Event: 91.590 Executing VM operation: get/set locals done
Event: 91.590 Executing VM operation: get/set locals
Event: 91.590 Executing VM operation: get/set locals done
Event: 132.848 Executing VM operation: ChangeBreakpoints
Event: 132.848 Executing VM operation: ChangeBreakpoints done
Event: 132.848 Executing VM operation: ChangeBreakpoints
Event: 132.849 Executing VM operation: ChangeBreakpoints done
Event: 132.849 Executing VM operation: ChangeBreakpoints
Event: 132.849 Executing VM operation: ChangeBreakpoints done
Event: 132.851 Executing VM operation: ChangeBreakpoints
Event: 132.851 Executing VM operation: ChangeBreakpoints done
Event: 132.873 Executing VM operation: Exit

Memory protections (0 events):
No events

Nmethod flushes (0 events):
No events

Events (20 events):
Event: 0.387 Thread 0x000001f2fa9008d0 Thread added: 0x000001f2fbf67e70
Event: 0.450 Thread 0x000001f2fc0f8f50 Thread added: 0x000001f2fc0f8f50
Event: 0.497 Thread 0x000001f2b4916360 Thread exited: 0x000001f2b4916360
Event: 0.689 Thread 0x000001f2fbf67e70 Thread added: 0x000001f2fc26db20
Event: 0.964 Thread 0x000001f2fb785980 Thread added: 0x000001f2fc601f50
Event: 1.774 Thread 0x000001f2b4914ef0 Thread exited: 0x000001f2b4914ef0
Event: 1.774 Thread 0x000001f2b4918570 Thread exited: 0x000001f2b4918570
Event: 1.774 Thread 0x000001f2b4915c90 Thread exited: 0x000001f2b4915c90
Event: 1.774 Thread 0x000001f2b4917ea0 Thread exited: 0x000001f2b4917ea0
Event: 12.324 Thread 0x000001f2b49155c0 Thread exited: 0x000001f2b49155c0
Event: 12.324 Thread 0x000001f2b49177d0 Thread exited: 0x000001f2b49177d0
Event: 132.851 Thread 0x000001f2fad0b570 Thread exited: 0x000001f2fad0b570
Event: 132.854 Thread 0x000001f2b3b95da0 Thread added: 0x000001f2fc596030
Event: 132.854 Thread 0x000001f2fac5ff50 Thread exited: 0x000001f2fac5ff50
Event: 132.872 Thread 0x000001f2b3b8dc70 Thread added: 0x000001f2fc6018c0
Event: 132.872 Thread 0x000001f2fc6018c0 Thread added: 0x000001f2fc603300
Event: 132.872 Thread 0x000001f2fc6018c0 Thread added: 0x000001f2fc6025e0
Event: 132.872 Thread 0x000001f2fc603300 Thread exited: 0x000001f2fc603300
Event: 132.872 Thread 0x000001f2fc6025e0 Thread exited: 0x000001f2fc6025e0
Event: 132.872 Thread 0x000001f2fc6018c0 Before exit entered


Dynamic libraries:
0x00007ff647670000 - 0x00007ff64767e000 	C:\Users\flori\.jdks\corretto-21.0.5\bin\java.exe
0x00007ff8f4710000 - 0x00007ff8f4927000 	C:\Windows\SYSTEM32\ntdll.dll
0x00007ff8f2cd0000 - 0x00007ff8f2d94000 	C:\Windows\System32\KERNEL32.DLL
0x00007ff8f1e10000 - 0x00007ff8f21c9000 	C:\Windows\System32\KERNELBASE.dll
0x00007ff8f1cf0000 - 0x00007ff8f1e01000 	C:\Windows\System32\ucrtbase.dll
0x00007ff8e30f0000 - 0x00007ff8e310b000 	C:\Users\flori\.jdks\corretto-21.0.5\bin\VCRUNTIME140.dll
0x00007ff8e3140000 - 0x00007ff8e3158000 	C:\Users\flori\.jdks\corretto-21.0.5\bin\jli.dll
0x00007ff8f3f00000 - 0x00007ff8f40ae000 	C:\Windows\System32\USER32.dll
0x00007ff8f1a10000 - 0x00007ff8f1a36000 	C:\Windows\System32\win32u.dll
0x00007ff8e77f0000 - 0x00007ff8e7a82000 	C:\Windows\WinSxS\amd64_microsoft.windows.common-controls_6595b64144ccf1df_6.0.22621.4391_none_2715d37f73803e96\COMCTL32.dll
0x00007ff8f3e30000 - 0x00007ff8f3e59000 	C:\Windows\System32\GDI32.dll
0x00007ff8f2620000 - 0x00007ff8f26c7000 	C:\Windows\System32\msvcrt.dll
0x00007ff8f1a40000 - 0x00007ff8f1b5b000 	C:\Windows\System32\gdi32full.dll
0x00007ff8f1bd0000 - 0x00007ff8f1c6a000 	C:\Windows\System32\msvcp_win.dll
0x00007ff8f26d0000 - 0x00007ff8f2701000 	C:\Windows\System32\IMM32.DLL
0x00007ff8eac20000 - 0x00007ff8eac2c000 	C:\Users\flori\.jdks\corretto-21.0.5\bin\vcruntime140_1.dll
0x00007ff8e16c0000 - 0x00007ff8e174d000 	C:\Users\flori\.jdks\corretto-21.0.5\bin\msvcp140.dll
0x00007ff878710000 - 0x00007ff8794ad000 	C:\Users\flori\.jdks\corretto-21.0.5\bin\server\jvm.dll
0x00007ff8f40b0000 - 0x00007ff8f4162000 	C:\Windows\System32\ADVAPI32.dll
0x00007ff8f2a90000 - 0x00007ff8f2b37000 	C:\Windows\System32\sechost.dll
0x00007ff8f21d0000 - 0x00007ff8f21f8000 	C:\Windows\System32\bcrypt.dll
0x00007ff8f2b40000 - 0x00007ff8f2c54000 	C:\Windows\System32\RPCRT4.dll
0x00007ff8f3b90000 - 0x00007ff8f3c01000 	C:\Windows\System32\WS2_32.dll
0x00007ff8f0880000 - 0x00007ff8f08cd000 	C:\Windows\SYSTEM32\POWRPROF.dll
0x00007ff8e7bc0000 - 0x00007ff8e7bca000 	C:\Windows\SYSTEM32\VERSION.dll
0x00007ff8e5860000 - 0x00007ff8e5894000 	C:\Windows\SYSTEM32\WINMM.dll
0x00007ff8f0860000 - 0x00007ff8f0873000 	C:\Windows\SYSTEM32\UMPDC.dll
0x00007ff8f0b40000 - 0x00007ff8f0b58000 	C:\Windows\SYSTEM32\kernel.appcore.dll
0x00007ff8eab50000 - 0x00007ff8eab5a000 	C:\Users\flori\.jdks\corretto-21.0.5\bin\jimage.dll
0x00007ff8eedb0000 - 0x00007ff8eefe2000 	C:\Windows\SYSTEM32\DBGHELP.DLL
0x00007ff8f37e0000 - 0x00007ff8f3b6f000 	C:\Windows\System32\combase.dll
0x00007ff8f4170000 - 0x00007ff8f4247000 	C:\Windows\System32\OLEAUT32.dll
0x00007ff8e6770000 - 0x00007ff8e67a2000 	C:\Windows\SYSTEM32\dbgcore.DLL
0x00007ff8f1c70000 - 0x00007ff8f1ceb000 	C:\Windows\System32\bcryptPrimitives.dll
0x00007ff8e2070000 - 0x00007ff8e20ac000 	C:\Users\flori\.jdks\corretto-21.0.5\bin\jdwp.dll
0x00007ff8ea730000 - 0x00007ff8ea73e000 	C:\Users\flori\.jdks\corretto-21.0.5\bin\instrument.dll
0x00007ff8e30d0000 - 0x00007ff8e30ef000 	C:\Users\flori\.jdks\corretto-21.0.5\bin\java.dll
0x00007ff8e2290000 - 0x00007ff8e22a8000 	C:\Users\flori\.jdks\corretto-21.0.5\bin\zip.dll
0x00007ff8f2da0000 - 0x00007ff8f3616000 	C:\Windows\System32\SHELL32.dll
0x00007ff8ef910000 - 0x00007ff8f0213000 	C:\Windows\SYSTEM32\windows.storage.dll
0x00007ff8ef7d0000 - 0x00007ff8ef90f000 	C:\Windows\SYSTEM32\wintypes.dll
0x00007ff8f2770000 - 0x00007ff8f2869000 	C:\Windows\System32\SHCORE.dll
0x00007ff8f2710000 - 0x00007ff8f276e000 	C:\Windows\System32\shlwapi.dll
0x00007ff8f1940000 - 0x00007ff8f196b000 	C:\Windows\SYSTEM32\profapi.dll
0x00007ff8e0060000 - 0x00007ff8e0137000 	C:\Users\flori\.jdks\corretto-21.0.5\bin\jsvml.dll
0x00007ff8e6b20000 - 0x00007ff8e6b30000 	C:\Users\flori\.jdks\corretto-21.0.5\bin\net.dll
0x00007ff8eb870000 - 0x00007ff8eb9a6000 	C:\Windows\SYSTEM32\WINHTTP.dll
0x00007ff8f0fc0000 - 0x00007ff8f1029000 	C:\Windows\system32\mswsock.dll
0x00007ff8e1cd0000 - 0x00007ff8e1ce6000 	C:\Users\flori\.jdks\corretto-21.0.5\bin\nio.dll
0x00007ff8e30c0000 - 0x00007ff8e30cb000 	C:\Users\flori\.jdks\corretto-21.0.5\bin\dt_socket.dll
0x00007ff8f0530000 - 0x00007ff8f055d000 	C:\Windows\SYSTEM32\IPHLPAPI.DLL
0x000001f2947d0000 - 0x000001f2947d3000 	C:\Users\flori\.openjfx\cache\21+31\amd64\api-ms-win-core-console-l1-1-0.dll
0x000001f2947e0000 - 0x000001f2947e3000 	C:\Users\flori\.openjfx\cache\21+31\amd64\api-ms-win-core-console-l1-2-0.dll
0x000001f2947f0000 - 0x000001f2947f3000 	C:\Users\flori\.openjfx\cache\21+31\amd64\api-ms-win-core-datetime-l1-1-0.dll
0x000001f294800000 - 0x000001f294803000 	C:\Users\flori\.openjfx\cache\21+31\amd64\api-ms-win-core-debug-l1-1-0.dll
0x000001f294810000 - 0x000001f294813000 	C:\Users\flori\.openjfx\cache\21+31\amd64\api-ms-win-core-errorhandling-l1-1-0.dll
0x000001f294820000 - 0x000001f294824000 	C:\Users\flori\.openjfx\cache\21+31\amd64\api-ms-win-core-file-l1-1-0.dll
0x000001f294830000 - 0x000001f294833000 	C:\Users\flori\.openjfx\cache\21+31\amd64\api-ms-win-core-file-l1-2-0.dll
0x000001f294840000 - 0x000001f294843000 	C:\Users\flori\.openjfx\cache\21+31\amd64\api-ms-win-core-file-l2-1-0.dll
0x000001f294850000 - 0x000001f294853000 	C:\Users\flori\.openjfx\cache\21+31\amd64\api-ms-win-core-handle-l1-1-0.dll
0x000001f294860000 - 0x000001f294863000 	C:\Users\flori\.openjfx\cache\21+31\amd64\api-ms-win-core-heap-l1-1-0.dll
0x000001f2b4e80000 - 0x000001f2b4e83000 	C:\Users\flori\.openjfx\cache\21+31\amd64\api-ms-win-core-interlocked-l1-1-0.dll
0x000001f2b4e90000 - 0x000001f2b4e93000 	C:\Users\flori\.openjfx\cache\21+31\amd64\api-ms-win-core-libraryloader-l1-1-0.dll
0x000001f2b4ea0000 - 0x000001f2b4ea3000 	C:\Users\flori\.openjfx\cache\21+31\amd64\api-ms-win-core-localization-l1-2-0.dll
0x000001f2b4eb0000 - 0x000001f2b4eb3000 	C:\Users\flori\.openjfx\cache\21+31\amd64\api-ms-win-core-memory-l1-1-0.dll
0x000001f2b4ec0000 - 0x000001f2b4ec3000 	C:\Users\flori\.openjfx\cache\21+31\amd64\api-ms-win-core-namedpipe-l1-1-0.dll
0x000001f2b4ed0000 - 0x000001f2b4ed3000 	C:\Users\flori\.openjfx\cache\21+31\amd64\api-ms-win-core-processenvironment-l1-1-0.dll
0x000001f2b4ee0000 - 0x000001f2b4ee3000 	C:\Users\flori\.openjfx\cache\21+31\amd64\api-ms-win-core-processthreads-l1-1-0.dll
0x000001f2b4ef0000 - 0x000001f2b4ef3000 	C:\Users\flori\.openjfx\cache\21+31\amd64\api-ms-win-core-processthreads-l1-1-1.dll
0x000001f2b4f00000 - 0x000001f2b4f03000 	C:\Users\flori\.openjfx\cache\21+31\amd64\api-ms-win-core-profile-l1-1-0.dll
0x000001f2b4cb0000 - 0x000001f2b4cb3000 	C:\Users\flori\.openjfx\cache\21+31\amd64\api-ms-win-core-rtlsupport-l1-1-0.dll
0x000001f2b4cc0000 - 0x000001f2b4cc3000 	C:\Users\flori\.openjfx\cache\21+31\amd64\api-ms-win-core-string-l1-1-0.dll
0x000001f2b4cd0000 - 0x000001f2b4cd3000 	C:\Users\flori\.openjfx\cache\21+31\amd64\api-ms-win-core-synch-l1-1-0.dll
0x000001f2b4ce0000 - 0x000001f2b4ce3000 	C:\Users\flori\.openjfx\cache\21+31\amd64\api-ms-win-core-synch-l1-2-0.dll
0x000001f2b4cf0000 - 0x000001f2b4cf3000 	C:\Users\flori\.openjfx\cache\21+31\amd64\api-ms-win-core-sysinfo-l1-1-0.dll
0x000001f2b4d00000 - 0x000001f2b4d03000 	C:\Users\flori\.openjfx\cache\21+31\amd64\api-ms-win-core-timezone-l1-1-0.dll
0x000001f2b4d10000 - 0x000001f2b4d13000 	C:\Users\flori\.openjfx\cache\21+31\amd64\api-ms-win-core-util-l1-1-0.dll
0x000001f2b4d20000 - 0x000001f2b4d23000 	C:\Users\flori\.openjfx\cache\21+31\amd64\api-ms-win-crt-conio-l1-1-0.dll
0x000001f2b4d30000 - 0x000001f2b4d34000 	C:\Users\flori\.openjfx\cache\21+31\amd64\api-ms-win-crt-convert-l1-1-0.dll
0x000001f2b4d40000 - 0x000001f2b4d43000 	C:\Users\flori\.openjfx\cache\21+31\amd64\api-ms-win-crt-environment-l1-1-0.dll
0x000001f2b4d50000 - 0x000001f2b4d53000 	C:\Users\flori\.openjfx\cache\21+31\amd64\api-ms-win-crt-filesystem-l1-1-0.dll
0x000001f2b4d60000 - 0x000001f2b4d63000 	C:\Users\flori\.openjfx\cache\21+31\amd64\api-ms-win-crt-heap-l1-1-0.dll
0x000001f2b4d70000 - 0x000001f2b4d73000 	C:\Users\flori\.openjfx\cache\21+31\amd64\api-ms-win-crt-locale-l1-1-0.dll
0x000001f2b4d80000 - 0x000001f2b4d85000 	C:\Users\flori\.openjfx\cache\21+31\amd64\api-ms-win-crt-math-l1-1-0.dll
0x000001f2b4d90000 - 0x000001f2b4d95000 	C:\Users\flori\.openjfx\cache\21+31\amd64\api-ms-win-crt-multibyte-l1-1-0.dll
0x000001f2b4da0000 - 0x000001f2b4db0000 	C:\Users\flori\.openjfx\cache\21+31\amd64\api-ms-win-crt-private-l1-1-0.dll
0x000001f2b4db0000 - 0x000001f2b4db3000 	C:\Users\flori\.openjfx\cache\21+31\amd64\api-ms-win-crt-process-l1-1-0.dll
0x000001f2b4dc0000 - 0x000001f2b4dc4000 	C:\Users\flori\.openjfx\cache\21+31\amd64\api-ms-win-crt-runtime-l1-1-0.dll
0x000001f2b4dd0000 - 0x000001f2b4dd4000 	C:\Users\flori\.openjfx\cache\21+31\amd64\api-ms-win-crt-stdio-l1-1-0.dll
0x000001f2b4de0000 - 0x000001f2b4de4000 	C:\Users\flori\.openjfx\cache\21+31\amd64\api-ms-win-crt-string-l1-1-0.dll
0x000001f2b4df0000 - 0x000001f2b4df3000 	C:\Users\flori\.openjfx\cache\21+31\amd64\api-ms-win-crt-time-l1-1-0.dll
0x000001f2b4e00000 - 0x000001f2b4e03000 	C:\Users\flori\.openjfx\cache\21+31\amd64\api-ms-win-crt-utility-l1-1-0.dll
0x00007ff8dff60000 - 0x00007ff8e005c000 	C:\Users\flori\.openjfx\cache\21+31\amd64\ucrtbase.dll
0x00007ff8e1c90000 - 0x00007ff8e1cab000 	C:\Users\flori\.openjfx\cache\21+31\amd64\vcruntime140.dll
0x00007ff8e1c80000 - 0x00007ff8e1c8c000 	C:\Users\flori\.openjfx\cache\21+31\amd64\vcruntime140_1.dll
0x00007ff8dfed0000 - 0x00007ff8dff5e000 	C:\Users\flori\.openjfx\cache\21+31\amd64\msvcp140.dll
0x00007ff8f3620000 - 0x00007ff8f37c5000 	C:\Windows\System32\ole32.dll
0x00007ff8e1c70000 - 0x00007ff8e1c79000 	C:\Users\flori\.openjfx\cache\21+31\amd64\msvcp140_1.dll
0x00007ff8e0690000 - 0x00007ff8e06bf000 	C:\Users\flori\.openjfx\cache\21+31\amd64\msvcp140_2.dll
0x00007ff8e0660000 - 0x00007ff8e068f000 	C:\Users\flori\.openjfx\cache\21+31\amd64\prism_d3d.dll
0x00007ff8ad790000 - 0x00007ff8ad938000 	C:\Windows\system32\d3d9.dll
0x00007ff8ebfd0000 - 0x00007ff8ebffb000 	C:\Windows\SYSTEM32\dwmapi.dll
0x00007ff8ef010000 - 0x00007ff8ef047000 	C:\Windows\SYSTEM32\dxcore.dll
0x00007ff8ebd50000 - 0x00007ff8ebe01000 	C:\Windows\system32\uxtheme.dll
0x00007ff8b3290000 - 0x00007ff8b3340000 	C:\Windows\SYSTEM32\d3d9on12.dll
0x00007ff8bc590000 - 0x00007ff8bc5b6000 	C:\Windows\SYSTEM32\d3d12.dll
0x00007ff8ebed0000 - 0x00007ff8ebfc7000 	C:\Windows\SYSTEM32\dxgi.dll
0x00007ff8f1700000 - 0x00007ff8f174e000 	C:\Windows\SYSTEM32\cfgmgr32.dll
0x00007ff8ac6f0000 - 0x00007ff8ac8f2000 	C:\Windows\SYSTEM32\D3D12Core.dll
0x00007ff8bc160000 - 0x00007ff8bc187000 	C:\Windows\System32\DriverStore\FileRepository\iigd_dch.inf_amd64_5b1252b3763da959\igd12umd64.dll
0x00007ff8a8d30000 - 0x00007ff8a99e9000 	C:\Windows\System32\DriverStore\FileRepository\iigd_dch.inf_amd64_5b1252b3763da959\igd12um64xel.dll
0x00007ff8f22c0000 - 0x00007ff8f2426000 	C:\Windows\System32\CRYPT32.dll
0x00007ff8af8c0000 - 0x00007ff8af904000 	C:\Windows\SYSTEM32\ControlLib.dll
0x00007ff8f4250000 - 0x00007ff8f46c4000 	C:\Windows\System32\SETUPAPI.dll
0x00007ff8f16d0000 - 0x00007ff8f16fc000 	C:\Windows\SYSTEM32\DEVOBJ.dll
0x00007ff8e3af0000 - 0x00007ff8e3b78000 	C:\Windows\System32\DriverStore\FileRepository\iigd_dch.inf_amd64_5b1252b3763da959\IntelControlLib.dll
0x00007ff8f1b60000 - 0x00007ff8f1bcc000 	C:\Windows\System32\WINTRUST.dll
0x00007ff8f16b0000 - 0x00007ff8f16c2000 	C:\Windows\SYSTEM32\MSASN1.dll
0x00007ff8e7b50000 - 0x00007ff8e7b99000 	C:\Windows\SYSTEM32\directxdatabasehelper.dll
0x00007ff8e27b0000 - 0x00007ff8e2bc7000 	C:\Windows\System32\DriverStore\FileRepository\iigd_dch.inf_amd64_5b1252b3763da959\igdgmm64.dll
0x00007ff8daa50000 - 0x00007ff8de74c000 	C:\Windows\System32\DriverStore\FileRepository\iigd_dch.inf_amd64_5b1252b3763da959\igc64.dll
0x00007ff8b75e0000 - 0x00007ff8b760f000 	C:\Windows\SYSTEM32\D3DSCache.dll
0x00007ff8f10b0000 - 0x00007ff8f10d8000 	C:\Windows\SYSTEM32\USERENV.dll
0x00007ff8a6e60000 - 0x00007ff8a8205000 	C:\Windows\System32\DriverStore\FileRepository\iigd_dch.inf_amd64_5b1252b3763da959\igd12dxva64.dll
0x00007ff8a3ba0000 - 0x00007ff8a58c0000 	C:\Windows\System32\DriverStore\FileRepository\iigd_dch.inf_amd64_5b1252b3763da959\media_bin_64.dll
0x00007ff8b7440000 - 0x00007ff8b7467000 	C:\Windows\System32\DriverStore\FileRepository\iigd_dch.inf_amd64_5b1252b3763da959\igdinfo64.dll
0x00007ff8e3840000 - 0x00007ff8e3ae4000 	C:\Windows\SYSTEM32\twinapi.appcore.dll
0x00007ff8dfe80000 - 0x00007ff8dfec2000 	C:\Users\flori\.openjfx\cache\21+31\amd64\glass.dll

dbghelp: loaded successfully - version: 4.0.5 - missing functions: none
symbol engine: initialized successfully - sym options: 0x614 - pdb path: .;C:\Users\flori\.jdks\corretto-21.0.5\bin;C:\Windows\SYSTEM32;C:\Windows\WinSxS\amd64_microsoft.windows.common-controls_6595b64144ccf1df_6.0.22621.4391_none_2715d37f73803e96;C:\Users\flori\.jdks\corretto-21.0.5\bin\server;C:\Users\flori\.openjfx\cache\21+31\amd64;C:\Windows\System32\DriverStore\FileRepository\iigd_dch.inf_amd64_5b1252b3763da959;C:\Program Files\Common Files\Microsoft Shared\Ink

VM Arguments:
jvm_args: -agentlib:jdwp=transport=dt_socket,address=127.0.0.1:65062,suspend=y,server=n -javaagent:C:\Users\flori\AppData\Local\JetBrains\IntelliJIdea2024.2\captureAgent\debugger-agent.jar -Dkotlinx.coroutines.debug.enable.creation.stack.trace=false -Ddebugger.agent.enable.coroutines=true -Dfile.encoding=UTF-8 -Dsun.stdout.encoding=UTF-8 -Dsun.stderr.encoding=UTF-8 --module-path=C:\Users\flori\.m2\repository\org\openjfx\javafx-base\21\javafx-base-21-win.jar;C:\Users\flori\.m2\repository\org\openjfx\javafx-fxml\21\javafx-fxml-21-win.jar;C:\Users\flori\.m2\repository\org\openjfx\javafx-controls\21\javafx-controls-21-win.jar;C:\Users\flori\.m2\repository\org\openjfx\javafx-graphics\21\javafx-graphics-21-win.jar;C:\Users\flori\Documents\Travail IUT\S5\Projet tutoré\Projet_Tutore_RA-IL2_BOURDON_BORTOLOTTI_ROTH_DUCHENE\Chemin_interface\target\classes -Djdk.module.main=com.example.chemin_interface 
java_command: com.example.chemin_interface/com.example.chemin_interface.mains.MainLaby
java_class_path (initial): C:\Users\flori\.m2\repository\org\openjfx\javafx-controls\21\javafx-controls-21.jar;C:\Users\flori\.m2\repository\org\openjfx\javafx-graphics\21\javafx-graphics-21.jar;C:\Users\flori\.m2\repository\org\openjfx\javafx-base\21\javafx-base-21.jar;C:\Users\flori\.m2\repository\org\openjfx\javafx-fxml\21\javafx-fxml-21.jar;C:\Program Files\JetBrains\IntelliJ IDEA 2024.2.1\lib\idea_rt.jar
Launcher Type: SUN_STANDARD

[Global flags]
     intx CICompilerCount                          = 12                                        {product} {ergonomic}
     uint ConcGCThreads                            = 3                                         {product} {ergonomic}
     uint G1ConcRefinementThreads                  = 13                                        {product} {ergonomic}
   size_t G1HeapRegionSize                         = 2097152                                   {product} {ergonomic}
    uintx GCDrainStackTargetSize                   = 64                                        {product} {ergonomic}
   size_t InitialHeapSize                          = 264241152                                 {product} {ergonomic}
   size_t MarkStackSize                            = 4194304                                   {product} {ergonomic}
   size_t MaxHeapSize                              = 4217372672                                {product} {ergonomic}
   size_t MaxNewSize                               = 2529165312                                {product} {ergonomic}
   size_t MinHeapDeltaBytes                        = 2097152                                   {product} {ergonomic}
   size_t MinHeapSize                              = 8388608                                   {product} {ergonomic}
    uintx NonNMethodCodeHeapSize                   = 7602480                                {pd product} {ergonomic}
    uintx NonProfiledCodeHeapSize                  = 122027880                              {pd product} {ergonomic}
    uintx ProfiledCodeHeapSize                     = 122027880                              {pd product} {ergonomic}
    uintx ReservedCodeCacheSize                    = 251658240                              {pd product} {ergonomic}
     bool SegmentedCodeCache                       = true                                      {product} {ergonomic}
   size_t SoftMaxHeapSize                          = 4217372672                             {manageable} {ergonomic}
     bool UseCompressedOops                        = true                           {product lp64_product} {ergonomic}
     bool UseG1GC                                  = true                                      {product} {ergonomic}
     bool UseLargePagesIndividualAllocation        = false                                  {pd product} {ergonomic}

Logging:
Log output configuration:
 #0: stdout all=off uptime,level,tags foldmultilines=false
 #1: stderr all=off uptime,level,tags foldmultilines=false

Environment Variables:
PATH=C:\Program Files\Common Files\Oracle\Java\javapath;C:\Windows\system32;C:\Windows;C:\Windows\System32\Wbem;C:\Windows\System32\WindowsPowerShell\v1.0\;C:\Windows\System32\OpenSSH\;C:\Program Files (x86)\NVIDIA Corporation\PhysX\Common;C:\Program Files\NVIDIA Corporation\NVIDIA NvDLISR;C:\Program Files\Git\cmd;C:\Program Files\MongoDB\Server\5.0\bin;C:\Users\flori\AppData\Local\Microsoft\WindowsApps;C:\Users\flori\AppData\Local\JetBrains\Toolbox\scripts;C:\Program Files\swipl\bin
USERNAME=flori
OS=Windows_NT
PROCESSOR_IDENTIFIER=Intel64 Family 6 Model 186 Stepping 2, GenuineIntel
TMP=C:\Users\flori\AppData\Local\Temp
TEMP=C:\Users\flori\AppData\Local\Temp




Periodic native trim disabled

---------------  S Y S T E M  ---------------

OS:
 Windows 11 , 64 bit Build 22621 (10.0.22621.4391)
OS uptime: 6 days 22:23 hours
Hyper-V role detected

CPU: total 16 (initial active 16) (8 cores per cpu, 2 threads per core) family 6 model 186 stepping 2 microcode 0x410e, cx8, cmov, fxsr, ht, mmx, 3dnowpref, sse, sse2, sse3, ssse3, sse4.1, sse4.2, popcnt, lzcnt, tsc, tscinvbit, avx, avx2, aes, erms, clmul, bmi1, bmi2, adx, sha, fma, vzeroupper, clflush, clflushopt, clwb, hv, serialize, rdtscp, rdpid, fsrm, f16c, cet_ibt, cet_ss
Processor Information for all 16 processors :
  Max Mhz: 2400, Current Mhz: 2400, Mhz Limit: 2400

Memory: 4k page, system-wide physical 16087M (4659M free)
TotalPageFile size 22231M (AvailPageFile size 7555M)
current process WorkingSet (physical memory assigned to process): 230M, peak: 267M
current process commit charge ("private bytes"): 495M, peak: 532M

vm_info: OpenJDK 64-Bit Server VM (21.0.5+11-LTS) for windows-amd64 JRE (21.0.5+11-LTS), built on 2024-10-11T20:58:34Z by "Administrator" with MS VC++ 16.10 / 16.11 (VS2019)

END.
