#
# A fatal error has been detected by the Java Runtime Environment:
#
#  EXCEPTION_ACCESS_VIOLATION (0xc0000005) at pc=0x00007ff8dfea6587, pid=18392, tid=14676
#
# JRE version: OpenJDK Runtime Environment Corretto-21.0.5.11.1 (21.0.5+11) (build 21.0.5+11-LTS)
# Java VM: OpenJDK 64-Bit Server VM Corretto-21.0.5.11.1 (21.0.5+11-LTS, mixed mode, sharing, tiered, compressed oops, compressed class ptrs, g1 gc, windows-amd64)
# Problematic frame:
# C  [glass.dll+0x26587]
#
# No core dump will be written. Minidumps are not enabled by default on client versions of Windows
#
# If you would like to submit a bug report, please visit:
#   https://github.com/corretto/corretto-21/issues/
#

---------------  S U M M A R Y ------------

Command Line: -agentlib:jdwp=transport=dt_socket,address=127.0.0.1:65236,suspend=y,server=n -javaagent:C:\Users\flori\AppData\Local\JetBrains\IntelliJIdea2024.2\captureAgent\debugger-agent.jar -Dkotlinx.coroutines.debug.enable.creation.stack.trace=false -Ddebugger.agent.enable.coroutines=true -Dfile.encoding=UTF-8 -Dsun.stdout.encoding=UTF-8 -Dsun.stderr.encoding=UTF-8 --module-path=C:\Users\flori\.m2\repository\org\openjfx\javafx-base\21\javafx-base-21-win.jar;C:\Users\flori\.m2\repository\org\openjfx\javafx-fxml\21\javafx-fxml-21-win.jar;C:\Users\flori\.m2\repository\org\openjfx\javafx-controls\21\javafx-controls-21-win.jar;C:\Users\flori\.m2\repository\org\openjfx\javafx-graphics\21\javafx-graphics-21-win.jar;C:\Users\flori\Documents\Travail IUT\S5\Projet tutoré\Projet_Tutore_RA-IL2_BOURDON_BORTOLOTTI_ROTH_DUCHENE\Chemin_interface\target\classes -Djdk.module.main=com.example.chemin_interface com.example.chemin_interface/com.example.chemin_interface.mains.MainLaby

Host: 13th Gen Intel(R) Core(TM) i7-13620H, 16 cores, 15G,  Windows 11 , 64 bit Build 22621 (10.0.22621.4391)
Time: Tue Dec 17 11:13:02 2024 Paris, Madrid elapsed time: 65.150935 seconds (0d 0h 1m 5s)

---------------  T H R E A D  ---------------

Current thread (0x00000207ca8ea5e0):  VMThread "VM Thread"          [id=14676, stack(0x000000d4c0200000,0x000000d4c0300000) (1024K)]

Stack: [0x000000d4c0200000,0x000000d4c0300000],  sp=0x000000d4c02fecd0,  free space=1019k
Native frames: (J=compiled Java code, j=interpreted, Vv=VM code, C=native code)
C  [glass.dll+0x26587]


siginfo: EXCEPTION_ACCESS_VIOLATION (0xc0000005), reading address 0x0000000000000000


Registers:
RAX=0x0000000000000000, RBX=0x00000208109a30ba, RCX=0x00000207ca8ea5e0, RDX=0x000000d4c02fecd0
RSP=0x000000d4c02fecd0, RBP=0x0000020811f98c48, RSI=0x000000d4c02fedd8, RDI=0x0000020811f98c20
R8 =0x0000000000010002, R9 =0x0000020811f98c20, R10=0x85f13e9656da4870, R11=0x000000d4c02fec60
R12=0x00007ff8dfea3ed0, R13=0x00007ff8793f41c0, R14=0x0000bcd133af9ee5, R15=0x0000020811f98c20
RIP=0x00007ff8dfea6587, EFLAGS=0x0000000000010202


Register to memory mapping:

RAX=0x0 is null
RBX=0x00000208109a30ba is a global jni handle
RCX=0x00000207ca8ea5e0 points into unknown readable memory: 0x00007ff8791f34e0 | e0 34 1f 79 f8 7f 00 00
RDX=0x000000d4c02fecd0 points into unknown readable memory: 0x0000000000000000 | 00 00 00 00 00 00 00 00
RSP=0x000000d4c02fecd0 points into unknown readable memory: 0x0000000000000000 | 00 00 00 00 00 00 00 00
RBP=0x0000020811f98c48 points into unknown readable memory: 0x0000bcd133af9ee5 | e5 9e af 33 d1 bc 00 00
RSI=0x000000d4c02fedd8 points into unknown readable memory: 0x000000d4c02fedc0 | c0 ed 2f c0 d4 00 00 00
RDI=0x0000020811f98c20 points into unknown readable memory: 0xfd4781d133a061fe | fe 61 a0 33 d1 81 47 fd
R8 =0x0000000000010002 is an unknown value
R9 =0x0000020811f98c20 points into unknown readable memory: 0xfd4781d133a061fe | fe 61 a0 33 d1 81 47 fd
R10=0x85f13e9656da4870 is an unknown value
R11=0x000000d4c02fec60 points into unknown readable memory: 0x0000020811f98c20 | 20 8c f9 11 08 02 00 00
R12=0x00007ff8dfea3ed0 glass.dll
R13=0x00007ff8793f41c0 jvm.dll
R14=0x0000bcd133af9ee5 is an unknown value
R15=0x0000020811f98c20 points into unknown readable memory: 0xfd4781d133a061fe | fe 61 a0 33 d1 81 47 fd

Top of Stack: (sp=0x000000d4c02fecd0)
0x000000d4c02fecd0:   0000000000000000 000000d4c02fedd8
0x000000d4c02fece0:   00007ff8793f41c0 00007ff8dfea3ed0
0x000000d4c02fecf0:   0000020811f98c28 00007ff8f1d43a93
0x000000d4c02fed00:   0000020811f98c20 0000020800000000
0x000000d4c02fed10:   0000020811f98c48 000000d4c02fedd8
0x000000d4c02fed20:   fffffffffffffffe 0000000000000000
0x000000d4c02fed30:   0000000000000001 00007ff8dfe80000
0x000000d4c02fed40:   000000d4c02fedc8 00007ff8f1d1042e
0x000000d4c02fed50:   0000000000000000 000000d4c02fedd8
0x000000d4c02fed60:   000000d4c02ff0c0 0000000000000001
0x000000d4c02fed70:   0000000000000001 00007ff8f1d0dddd
0x000000d4c02fed80:   0000000000000000 00007ff8dfea36c9
0x000000d4c02fed90:   00007ff8ebcf5ef0 000000d4c02fedc8
0x000000d4c02feda0:   fffffffffffffffe 000000d4c02fed90
0x000000d4c02fedb0:   0000000000000000 00007ff8dfea3d5d
0x000000d4c02fedc0:   00007ff8dfeba008 00007ff800000002
0x000000d4c02fedd0:   0000000000000002 000000d4c02fedc0
0x000000d4c02fede0:   0000000000000000 00007ff8f4738af3
0x000000d4c02fedf0:   0000000000000000 00007ff8dfea3e82
0x000000d4c02fee00:   0000000000000001 0000000000000000
0x000000d4c02fee10:   0000000000000001 00007ff8ea230000
0x000000d4c02fee20:   000000007ffe0384 00007ff8f1232223
0x000000d4c02fee30:   00007ff800000001 000000d4c02ff0c0
0x000000d4c02fee40:   00007ff8dfe80000 000000007ffe0384
0x000000d4c02fee50:   0000000000000000 00007ff8f4738b8f
0x000000d4c02fee60:   00007ff8dfe80000 0000000000000000
0x000000d4c02fee70:   0000000000000001 000000007ffe0385
0x000000d4c02fee80:   0000000000000000 00007ff8f47617d9
0x000000d4c02fee90:   0000b3c58a94fc00 0000000000000014
0x000000d4c02feea0:   00007ff8dfea3ed0 0000000000000000
0x000000d4c02feeb0:   0000000000000000 000000d4bf602000
0x000000d4c02feec0:   0000020812020090 00007ff8f4761596 

Instructions: (pc=0x00007ff8dfea6587)
0x00007ff8dfea6487:   8b 4d 58 e8 8d cf ff ff 48 8b 4d 60 e8 84 cf ff
0x00007ff8dfea6497:   ff 48 8b 95 80 00 00 00 48 8b 8d 18 01 00 00 e8
0x00007ff8dfea64a7:   76 c4 ff ff 33 d2 33 c9 e8 cc e1 ff ff 90 48 89
0x00007ff8dfea64b7:   54 24 10 55 48 83 ec 20 48 8b ea 48 b8 00 00 00
0x00007ff8dfea64c7:   00 00 00 00 00 48 83 c4 20 5d c3 cc 40 55 48 8b
0x00007ff8dfea64d7:   ea 48 8b 01 33 c9 81 38 05 00 00 c0 0f 94 c1 8b
0x00007ff8dfea64e7:   c1 5d c3 cc 40 55 48 83 ec 20 48 8b ea 8a 4d 40
0x00007ff8dfea64f7:   48 83 c4 20 5d e9 73 d3 ff ff cc 40 55 48 83 ec
0x00007ff8dfea6507:   20 48 8b ea 8a 4d 20 e8 61 d3 ff ff 90 48 83 c4
0x00007ff8dfea6517:   20 5d c3 cc 40 55 48 83 ec 20 48 8b ea 48 83 c4
0x00007ff8dfea6527:   20 5d e9 c2 d1 ff ff cc 40 55 48 83 ec 30 48 8b
0x00007ff8dfea6537:   ea 48 8b 01 8b 10 48 89 4c 24 28 89 54 24 20 4c
0x00007ff8dfea6547:   8d 0d 63 d6 ff ff 4c 8b 45 70 8b 55 68 48 8b 4d
0x00007ff8dfea6557:   60 e8 03 d1 ff ff 90 48 83 c4 30 5d c3 cc cc cc
0x00007ff8dfea6567:   cc cc cc cc cc cc cc cc cc 40 53 48 83 ec 20 48
0x00007ff8dfea6577:   8b 1d 8b 34 01 00 48 85 db 74 16 e8 89 8f ff ff
0x00007ff8dfea6587:   4c 8b 00 48 8b d3 48 8b c8 41 ff 90 b0 00 00 00
0x00007ff8dfea6597:   90 48 83 c4 20 5b c3 cc cc 40 53 48 83 ec 20 48
0x00007ff8dfea65a7:   8b 1d fb 35 01 00 48 85 db 74 57 b8 ff ff ff ff
0x00007ff8dfea65b7:   f0 0f c1 43 10 83 f8 01 75 3d 48 85 db 74 38 48
0x00007ff8dfea65c7:   8b 0b 48 85 c9 74 0d ff 15 d4 0c 00 00 48 c7 03
0x00007ff8dfea65d7:   00 00 00 00 48 8b 4b 08 48 85 c9 74 0d e8 33 ce
0x00007ff8dfea65e7:   ff ff 48 c7 43 08 00 00 00 00 ba 18 00 00 00 48
0x00007ff8dfea65f7:   8b cb e8 1e ce ff ff 48 c7 05 9f 35 01 00 00 00
0x00007ff8dfea6607:   00 00 48 83 c4 20 5b c3 cc 40 53 48 83 ec 20 48
0x00007ff8dfea6617:   8b 1d 6b 35 01 00 48 85 db 74 57 b8 ff ff ff ff
0x00007ff8dfea6627:   f0 0f c1 43 10 83 f8 01 75 3d 48 85 db 74 38 48
0x00007ff8dfea6637:   8b 0b 48 85 c9 74 0d ff 15 64 0c 00 00 48 c7 03
0x00007ff8dfea6647:   00 00 00 00 48 8b 4b 08 48 85 c9 74 0d e8 c3 cd
0x00007ff8dfea6657:   ff ff 48 c7 43 08 00 00 00 00 ba 18 00 00 00 48
0x00007ff8dfea6667:   8b cb e8 ae cd ff ff 48 c7 05 0f 35 01 00 00 00
0x00007ff8dfea6677:   00 00 48 83 c4 20 5b c3 cc 40 53 48 83 ec 20 48 


Stack slot to memory mapping:

stack at sp + 0 slots: 0x0 is null
stack at sp + 1 slots: 0x000000d4c02fedd8 points into unknown readable memory: 0x000000d4c02fedc0 | c0 ed 2f c0 d4 00 00 00
stack at sp + 2 slots: 0x00007ff8793f41c0 jvm.dll
stack at sp + 3 slots: 0x00007ff8dfea3ed0 glass.dll
stack at sp + 4 slots: 0x0000020811f98c28 points into unknown readable memory: 0x0000bcd133af9ee5 | e5 9e af 33 d1 bc 00 00
stack at sp + 5 slots: 0x00007ff8f1d43a93 ucrtbase.dll
stack at sp + 6 slots: 0x0000020811f98c20 points into unknown readable memory: 0xfd4781d133a061fe | fe 61 a0 33 d1 81 47 fd
stack at sp + 7 slots: 0x0000020800000000 is an unknown value

VM_Operation (0x000000d4bf8fed80): Exit, mode: safepoint, requested by thread 0x000002081047aca0


---------------  P R O C E S S  ---------------

Threads class SMR info:
_java_thread_list=0x0000020812732540, length=19, elements={
0x00000207a8872d00, 0x00000207ca907020, 0x00000207ca907f30, 0x00000207ca90c9b0,
0x00000207ca90d6e0, 0x00000207ca90e540, 0x00000207ca917af0, 0x00000207ca919b50,
0x00000207cabc2d80, 0x0000020810a71dd0, 0x00000208109b3750, 0x00000208101b9520,
0x0000020810f9a420, 0x0000020811ffa100, 0x000002081209fb80, 0x000002081222f210,
0x00000208123cecc0, 0x000002081269f570, 0x000002081047aca0
}

Java Threads: ( => current thread )
  0x00000207a8872d00 JavaThread "main"                              [_thread_blocked, id=7552, stack(0x000000d4bfb00000,0x000000d4bfc00000) (1024K)]
  0x00000207ca907020 JavaThread "Reference Handler"          daemon [_thread_blocked, id=17084, stack(0x000000d4c0300000,0x000000d4c0400000) (1024K)]
  0x00000207ca907f30 JavaThread "Finalizer"                  daemon [_thread_blocked, id=5992, stack(0x000000d4c0400000,0x000000d4c0500000) (1024K)]
  0x00000207ca90c9b0 JavaThread "Attach Listener"            daemon [_thread_blocked, id=20432, stack(0x000000d4c0600000,0x000000d4c0700000) (1024K)]
  0x00000207ca90d6e0 JavaThread "Service Thread"             daemon [_thread_blocked, id=4748, stack(0x000000d4c0700000,0x000000d4c0800000) (1024K)]
  0x00000207ca90e540 JavaThread "Monitor Deflation Thread"   daemon [_thread_blocked, id=16660, stack(0x000000d4c0800000,0x000000d4c0900000) (1024K)]
  0x00000207ca917af0 JavaThread "C2 CompilerThread0"         daemon [_thread_blocked, id=16356, stack(0x000000d4c0900000,0x000000d4c0a00000) (1024K)]
  0x00000207ca919b50 JavaThread "C1 CompilerThread0"         daemon [_thread_blocked, id=1496, stack(0x000000d4c0a00000,0x000000d4c0b00000) (1024K)]
  0x00000207cabc2d80 JavaThread "Common-Cleaner"             daemon [_thread_blocked, id=20124, stack(0x000000d4c0e00000,0x000000d4c0f00000) (1024K)]
  0x0000020810a71dd0 JavaThread "JDWP Event Helper Thread"   daemon [_thread_blocked, id=24520, stack(0x000000d4c1300000,0x000000d4c1400000) (1024K)]
  0x00000208109b3750 JavaThread "Notification Thread"        daemon [_thread_blocked, id=21944, stack(0x000000d4c1500000,0x000000d4c1600000) (1024K)]
  0x00000208101b9520 JavaThread "JavaFX-Launcher"                   [_thread_blocked, id=3540, stack(0x000000d4c1600000,0x000000d4c1700000) (1024K)]
  0x0000020810f9a420 JavaThread "QuantumRenderer-0"          daemon [_thread_blocked, id=8108, stack(0x000000d4c1700000,0x000000d4c1800000) (1024K)]
  0x0000020811ffa100 JavaThread "InvokeLaterDispatcher"      daemon [_thread_blocked, id=18980, stack(0x000000d4c2400000,0x000000d4c2500000) (1024K)]
  0x000002081209fb80 JavaThread "JavaFX Application Thread"         [_thread_blocked, id=8220, stack(0x000000d4c2500000,0x000000d4c2600000) (1024K)]
  0x000002081222f210 JavaThread "Thread-2"                   daemon [_thread_in_native, id=15564, stack(0x000000d4c2700000,0x000000d4c2800000) (1024K)]
  0x00000208123cecc0 JavaThread "Prism Font Disposer"        daemon [_thread_blocked, id=12088, stack(0x000000d4c2c00000,0x000000d4c2d00000) (1024K)]
  0x000002081269f570 JavaThread "Cleaner-0"                  daemon [_thread_blocked, id=256, stack(0x000000d4c3000000,0x000000d4c3100000) (1024K)]
  0x000002081047aca0 JavaThread "SIGINT handler"             daemon [_thread_blocked, id=19296, stack(0x000000d4bf800000,0x000000d4bf900000) (1024K)]
Total: 19

Other Threads:
=>0x00000207ca8ea5e0 VMThread "VM Thread"                           [id=14676, stack(0x000000d4c0200000,0x000000d4c0300000) (1024K)]
  0x00000207a8bc6760 WorkerThread "GC Thread#0"                     [id=1940, stack(0x000000d4bfc00000,0x000000d4bfd00000) (1024K)]
  0x0000020810f99c40 WorkerThread "GC Thread#1"                     [id=5396, stack(0x000000d4c1100000,0x000000d4c1200000) (1024K)]
  0x0000020810bdf7d0 WorkerThread "GC Thread#2"                     [id=23040, stack(0x000000d4c1c00000,0x000000d4c1d00000) (1024K)]
  0x0000020811fb5df0 WorkerThread "GC Thread#3"                     [id=21148, stack(0x000000d4c1d00000,0x000000d4c1e00000) (1024K)]
  0x0000020811fc65e0 WorkerThread "GC Thread#4"                     [id=15520, stack(0x000000d4c1e00000,0x000000d4c1f00000) (1024K)]
  0x0000020810be2210 WorkerThread "GC Thread#5"                     [id=20844, stack(0x000000d4c1f00000,0x000000d4c2000000) (1024K)]
  0x000002081202c6d0 WorkerThread "GC Thread#6"                     [id=7864, stack(0x000000d4c2000000,0x000000d4c2100000) (1024K)]
  0x000002081202ce10 WorkerThread "GC Thread#7"                     [id=3952, stack(0x000000d4c2100000,0x000000d4c2200000) (1024K)]
  0x000002081202d550 WorkerThread "GC Thread#8"                     [id=10504, stack(0x000000d4c2200000,0x000000d4c2300000) (1024K)]
  0x000002081202d1b0 WorkerThread "GC Thread#9"                     [id=6396, stack(0x000000d4c2300000,0x000000d4c2400000) (1024K)]
  0x00000208127836f0 WorkerThread "GC Thread#10"                    [id=17140, stack(0x000000d4c2d00000,0x000000d4c2e00000) (1024K)]
  0x0000020812785050 WorkerThread "GC Thread#11"                    [id=23628, stack(0x000000d4c2e00000,0x000000d4c2f00000) (1024K)]
  0x00000208127853f0 WorkerThread "GC Thread#12"                    [id=19468, stack(0x000000d4c2f00000,0x000000d4c3000000) (1024K)]
  0x00000207a8bd7290 ConcurrentGCThread "G1 Main Marker"            terminated
  0x00000207a8bd7f40 WorkerThread "G1 Conc#0"                       [id=23776, stack(0x000000d4bfe00000,0x000000d4bff00000) (1024K)]
  0x00000207ca7acf70 ConcurrentGCThread "G1 Refine#0"               terminated
  0x00000207ca7ad8f0 ConcurrentGCThread "G1 Service"                terminated
Total: 18

Threads with active compile tasks:
Total: 0

VM state: at safepoint (shutting down)

VM Mutex/Monitor currently owned by a thread:  ([mutex/lock_event])
[0x00007ff8793cc320] Threads_lock - owner thread: 0x00000207ca8ea5e0
[0x00007ff8793cc420] Heap_lock - owner thread: 0x000002081047aca0

Heap address: 0x0000000704a00000, size: 4022 MB, Compressed Oops mode: Zero based, Oop shift amount: 3

CDS archive(s) mapped at: [0x00000207cb000000-0x00000207cbc80000-0x00000207cbc80000), size 13107200, SharedBaseAddress: 0x00000207cb000000, ArchiveRelocationMode: 1.
Compressed class space mapped at: 0x00000207cc000000-0x000002080c000000, reserved size: 1073741824
Narrow klass base: 0x00000207cb000000, Narrow klass shift: 0, Narrow klass range: 0x100000000

GC Precious Log:
 CardTable entry size: 512
 Card Set container configuration: InlinePtr #cards 4 size 8 Array Of Cards #cards 16 size 48 Howl #buckets 8 coarsen threshold 3686 Howl Bitmap #cards 512 size 80 coarsen threshold 460 Card regions per heap region 1 cards per card region 4096
 CPUs: 16 total, 16 available
 Memory: 16087M
 Large Page Support: Disabled
 NUMA Support: Disabled
 Compressed Oops: Enabled (Zero based)
 Heap Region Size: 2M
 Heap Min Capacity: 8M
 Heap Initial Capacity: 252M
 Heap Max Capacity: 4022M
 Pre-touch: Disabled
 Parallel Workers: 13
 Concurrent Workers: 3
 Concurrent Refinement Workers: 13
 Periodic GC: Disabled

Heap:
 garbage-first heap   total 258048K, used 24074K [0x0000000704a00000, 0x0000000800000000)
  region size 2048K, 12 young (24576K), 3 survivors (6144K)
 Metaspace       used 16548K, committed 16832K, reserved 1114112K
  class space    used 2499K, committed 2624K, reserved 1048576K

Heap Regions: E=young(eden), S=young(survivor), O=old, HS=humongous(starts), HC=humongous(continues), CS=collection set, F=free, TAMS=top-at-mark-start, PB=parsable bottom
|   0|0x0000000704a00000, 0x0000000704c00000, 0x0000000704c00000|100%|HS|  |TAMS 0x0000000704a00000| PB 0x0000000704a00000| Complete 
|   1|0x0000000704c00000, 0x0000000704c00000, 0x0000000704e00000|  0%| F|  |TAMS 0x0000000704c00000| PB 0x0000000704c00000| Untracked 
|   2|0x0000000704e00000, 0x0000000704e00000, 0x0000000705000000|  0%| F|  |TAMS 0x0000000704e00000| PB 0x0000000704e00000| Untracked 
|   3|0x0000000705000000, 0x0000000705000000, 0x0000000705200000|  0%| F|  |TAMS 0x0000000705000000| PB 0x0000000705000000| Untracked 
|   4|0x0000000705200000, 0x0000000705200000, 0x0000000705400000|  0%| F|  |TAMS 0x0000000705200000| PB 0x0000000705200000| Untracked 
|   5|0x0000000705400000, 0x0000000705400000, 0x0000000705600000|  0%| F|  |TAMS 0x0000000705400000| PB 0x0000000705400000| Untracked 
|   6|0x0000000705600000, 0x0000000705600000, 0x0000000705800000|  0%| F|  |TAMS 0x0000000705600000| PB 0x0000000705600000| Untracked 
|   7|0x0000000705800000, 0x0000000705800000, 0x0000000705a00000|  0%| F|  |TAMS 0x0000000705800000| PB 0x0000000705800000| Untracked 
|   8|0x0000000705a00000, 0x0000000705a00000, 0x0000000705c00000|  0%| F|  |TAMS 0x0000000705a00000| PB 0x0000000705a00000| Untracked 
|   9|0x0000000705c00000, 0x0000000705c00000, 0x0000000705e00000|  0%| F|  |TAMS 0x0000000705c00000| PB 0x0000000705c00000| Untracked 
|  10|0x0000000705e00000, 0x0000000705e00000, 0x0000000706000000|  0%| F|  |TAMS 0x0000000705e00000| PB 0x0000000705e00000| Untracked 
|  11|0x0000000706000000, 0x0000000706000000, 0x0000000706200000|  0%| F|  |TAMS 0x0000000706000000| PB 0x0000000706000000| Untracked 
|  12|0x0000000706200000, 0x0000000706200000, 0x0000000706400000|  0%| F|  |TAMS 0x0000000706200000| PB 0x0000000706200000| Untracked 
|  13|0x0000000706400000, 0x0000000706400000, 0x0000000706600000|  0%| F|  |TAMS 0x0000000706400000| PB 0x0000000706400000| Untracked 
|  14|0x0000000706600000, 0x0000000706600000, 0x0000000706800000|  0%| F|  |TAMS 0x0000000706600000| PB 0x0000000706600000| Untracked 
|  15|0x0000000706800000, 0x0000000706800000, 0x0000000706a00000|  0%| F|  |TAMS 0x0000000706800000| PB 0x0000000706800000| Untracked 
|  16|0x0000000706a00000, 0x0000000706a00000, 0x0000000706c00000|  0%| F|  |TAMS 0x0000000706a00000| PB 0x0000000706a00000| Untracked 
|  17|0x0000000706c00000, 0x0000000706c00000, 0x0000000706e00000|  0%| F|  |TAMS 0x0000000706c00000| PB 0x0000000706c00000| Untracked 
|  18|0x0000000706e00000, 0x0000000706e00000, 0x0000000707000000|  0%| F|  |TAMS 0x0000000706e00000| PB 0x0000000706e00000| Untracked 
|  19|0x0000000707000000, 0x0000000707000000, 0x0000000707200000|  0%| F|  |TAMS 0x0000000707000000| PB 0x0000000707000000| Untracked 
|  20|0x0000000707200000, 0x0000000707200000, 0x0000000707400000|  0%| F|  |TAMS 0x0000000707200000| PB 0x0000000707200000| Untracked 
|  21|0x0000000707400000, 0x0000000707400000, 0x0000000707600000|  0%| F|  |TAMS 0x0000000707400000| PB 0x0000000707400000| Untracked 
|  22|0x0000000707600000, 0x0000000707600000, 0x0000000707800000|  0%| F|  |TAMS 0x0000000707600000| PB 0x0000000707600000| Untracked 
|  23|0x0000000707800000, 0x0000000707800000, 0x0000000707a00000|  0%| F|  |TAMS 0x0000000707800000| PB 0x0000000707800000| Untracked 
|  24|0x0000000707a00000, 0x0000000707a00000, 0x0000000707c00000|  0%| F|  |TAMS 0x0000000707a00000| PB 0x0000000707a00000| Untracked 
|  25|0x0000000707c00000, 0x0000000707c00000, 0x0000000707e00000|  0%| F|  |TAMS 0x0000000707c00000| PB 0x0000000707c00000| Untracked 
|  26|0x0000000707e00000, 0x0000000707e00000, 0x0000000708000000|  0%| F|  |TAMS 0x0000000707e00000| PB 0x0000000707e00000| Untracked 
|  27|0x0000000708000000, 0x0000000708000000, 0x0000000708200000|  0%| F|  |TAMS 0x0000000708000000| PB 0x0000000708000000| Untracked 
|  28|0x0000000708200000, 0x0000000708200000, 0x0000000708400000|  0%| F|  |TAMS 0x0000000708200000| PB 0x0000000708200000| Untracked 
|  29|0x0000000708400000, 0x0000000708400000, 0x0000000708600000|  0%| F|  |TAMS 0x0000000708400000| PB 0x0000000708400000| Untracked 
|  30|0x0000000708600000, 0x0000000708600000, 0x0000000708800000|  0%| F|  |TAMS 0x0000000708600000| PB 0x0000000708600000| Untracked 
|  31|0x0000000708800000, 0x0000000708800000, 0x0000000708a00000|  0%| F|  |TAMS 0x0000000708800000| PB 0x0000000708800000| Untracked 
|  32|0x0000000708a00000, 0x0000000708a00000, 0x0000000708c00000|  0%| F|  |TAMS 0x0000000708a00000| PB 0x0000000708a00000| Untracked 
|  33|0x0000000708c00000, 0x0000000708c00000, 0x0000000708e00000|  0%| F|  |TAMS 0x0000000708c00000| PB 0x0000000708c00000| Untracked 
|  34|0x0000000708e00000, 0x0000000708e00000, 0x0000000709000000|  0%| F|  |TAMS 0x0000000708e00000| PB 0x0000000708e00000| Untracked 
|  35|0x0000000709000000, 0x0000000709000000, 0x0000000709200000|  0%| F|  |TAMS 0x0000000709000000| PB 0x0000000709000000| Untracked 
|  36|0x0000000709200000, 0x0000000709200000, 0x0000000709400000|  0%| F|  |TAMS 0x0000000709200000| PB 0x0000000709200000| Untracked 
|  37|0x0000000709400000, 0x0000000709400000, 0x0000000709600000|  0%| F|  |TAMS 0x0000000709400000| PB 0x0000000709400000| Untracked 
|  38|0x0000000709600000, 0x0000000709600000, 0x0000000709800000|  0%| F|  |TAMS 0x0000000709600000| PB 0x0000000709600000| Untracked 
|  39|0x0000000709800000, 0x0000000709800000, 0x0000000709a00000|  0%| F|  |TAMS 0x0000000709800000| PB 0x0000000709800000| Untracked 
|  40|0x0000000709a00000, 0x0000000709a00000, 0x0000000709c00000|  0%| F|  |TAMS 0x0000000709a00000| PB 0x0000000709a00000| Untracked 
|  41|0x0000000709c00000, 0x0000000709c00000, 0x0000000709e00000|  0%| F|  |TAMS 0x0000000709c00000| PB 0x0000000709c00000| Untracked 
|  42|0x0000000709e00000, 0x0000000709e00000, 0x000000070a000000|  0%| F|  |TAMS 0x0000000709e00000| PB 0x0000000709e00000| Untracked 
|  43|0x000000070a000000, 0x000000070a000000, 0x000000070a200000|  0%| F|  |TAMS 0x000000070a000000| PB 0x000000070a000000| Untracked 
|  44|0x000000070a200000, 0x000000070a200000, 0x000000070a400000|  0%| F|  |TAMS 0x000000070a200000| PB 0x000000070a200000| Untracked 
|  45|0x000000070a400000, 0x000000070a400000, 0x000000070a600000|  0%| F|  |TAMS 0x000000070a400000| PB 0x000000070a400000| Untracked 
|  46|0x000000070a600000, 0x000000070a600000, 0x000000070a800000|  0%| F|  |TAMS 0x000000070a600000| PB 0x000000070a600000| Untracked 
|  47|0x000000070a800000, 0x000000070a800000, 0x000000070aa00000|  0%| F|  |TAMS 0x000000070a800000| PB 0x000000070a800000| Untracked 
|  48|0x000000070aa00000, 0x000000070aa00000, 0x000000070ac00000|  0%| F|  |TAMS 0x000000070aa00000| PB 0x000000070aa00000| Untracked 
|  49|0x000000070ac00000, 0x000000070ac00000, 0x000000070ae00000|  0%| F|  |TAMS 0x000000070ac00000| PB 0x000000070ac00000| Untracked 
|  50|0x000000070ae00000, 0x000000070ae00000, 0x000000070b000000|  0%| F|  |TAMS 0x000000070ae00000| PB 0x000000070ae00000| Untracked 
|  51|0x000000070b000000, 0x000000070b000000, 0x000000070b200000|  0%| F|  |TAMS 0x000000070b000000| PB 0x000000070b000000| Untracked 
|  52|0x000000070b200000, 0x000000070b200000, 0x000000070b400000|  0%| F|  |TAMS 0x000000070b200000| PB 0x000000070b200000| Untracked 
|  53|0x000000070b400000, 0x000000070b400000, 0x000000070b600000|  0%| F|  |TAMS 0x000000070b400000| PB 0x000000070b400000| Untracked 
|  54|0x000000070b600000, 0x000000070b600000, 0x000000070b800000|  0%| F|  |TAMS 0x000000070b600000| PB 0x000000070b600000| Untracked 
|  55|0x000000070b800000, 0x000000070b800000, 0x000000070ba00000|  0%| F|  |TAMS 0x000000070b800000| PB 0x000000070b800000| Untracked 
|  56|0x000000070ba00000, 0x000000070ba00000, 0x000000070bc00000|  0%| F|  |TAMS 0x000000070ba00000| PB 0x000000070ba00000| Untracked 
|  57|0x000000070bc00000, 0x000000070bc00000, 0x000000070be00000|  0%| F|  |TAMS 0x000000070bc00000| PB 0x000000070bc00000| Untracked 
|  58|0x000000070be00000, 0x000000070be00000, 0x000000070c000000|  0%| F|  |TAMS 0x000000070be00000| PB 0x000000070be00000| Untracked 
|  59|0x000000070c000000, 0x000000070c000000, 0x000000070c200000|  0%| F|  |TAMS 0x000000070c000000| PB 0x000000070c000000| Untracked 
|  60|0x000000070c200000, 0x000000070c200000, 0x000000070c400000|  0%| F|  |TAMS 0x000000070c200000| PB 0x000000070c200000| Untracked 
|  61|0x000000070c400000, 0x000000070c400000, 0x000000070c600000|  0%| F|  |TAMS 0x000000070c400000| PB 0x000000070c400000| Untracked 
|  62|0x000000070c600000, 0x000000070c600000, 0x000000070c800000|  0%| F|  |TAMS 0x000000070c600000| PB 0x000000070c600000| Untracked 
|  63|0x000000070c800000, 0x000000070c800000, 0x000000070ca00000|  0%| F|  |TAMS 0x000000070c800000| PB 0x000000070c800000| Untracked 
|  64|0x000000070ca00000, 0x000000070ca00000, 0x000000070cc00000|  0%| F|  |TAMS 0x000000070ca00000| PB 0x000000070ca00000| Untracked 
|  65|0x000000070cc00000, 0x000000070cc00000, 0x000000070ce00000|  0%| F|  |TAMS 0x000000070cc00000| PB 0x000000070cc00000| Untracked 
|  66|0x000000070ce00000, 0x000000070ce00000, 0x000000070d000000|  0%| F|  |TAMS 0x000000070ce00000| PB 0x000000070ce00000| Untracked 
|  67|0x000000070d000000, 0x000000070d000000, 0x000000070d200000|  0%| F|  |TAMS 0x000000070d000000| PB 0x000000070d000000| Untracked 
|  68|0x000000070d200000, 0x000000070d200000, 0x000000070d400000|  0%| F|  |TAMS 0x000000070d200000| PB 0x000000070d200000| Untracked 
|  69|0x000000070d400000, 0x000000070d400000, 0x000000070d600000|  0%| F|  |TAMS 0x000000070d400000| PB 0x000000070d400000| Untracked 
|  70|0x000000070d600000, 0x000000070d600000, 0x000000070d800000|  0%| F|  |TAMS 0x000000070d600000| PB 0x000000070d600000| Untracked 
|  71|0x000000070d800000, 0x000000070d800000, 0x000000070da00000|  0%| F|  |TAMS 0x000000070d800000| PB 0x000000070d800000| Untracked 
|  72|0x000000070da00000, 0x000000070da00000, 0x000000070dc00000|  0%| F|  |TAMS 0x000000070da00000| PB 0x000000070da00000| Untracked 
|  73|0x000000070dc00000, 0x000000070dc00000, 0x000000070de00000|  0%| F|  |TAMS 0x000000070dc00000| PB 0x000000070dc00000| Untracked 
|  74|0x000000070de00000, 0x000000070de00000, 0x000000070e000000|  0%| F|  |TAMS 0x000000070de00000| PB 0x000000070de00000| Untracked 
|  75|0x000000070e000000, 0x000000070e000000, 0x000000070e200000|  0%| F|  |TAMS 0x000000070e000000| PB 0x000000070e000000| Untracked 
|  76|0x000000070e200000, 0x000000070e200000, 0x000000070e400000|  0%| F|  |TAMS 0x000000070e200000| PB 0x000000070e200000| Untracked 
|  77|0x000000070e400000, 0x000000070e400000, 0x000000070e600000|  0%| F|  |TAMS 0x000000070e400000| PB 0x000000070e400000| Untracked 
|  78|0x000000070e600000, 0x000000070e600000, 0x000000070e800000|  0%| F|  |TAMS 0x000000070e600000| PB 0x000000070e600000| Untracked 
|  79|0x000000070e800000, 0x000000070e800000, 0x000000070ea00000|  0%| F|  |TAMS 0x000000070e800000| PB 0x000000070e800000| Untracked 
|  80|0x000000070ea00000, 0x000000070ea00000, 0x000000070ec00000|  0%| F|  |TAMS 0x000000070ea00000| PB 0x000000070ea00000| Untracked 
|  81|0x000000070ec00000, 0x000000070ec00000, 0x000000070ee00000|  0%| F|  |TAMS 0x000000070ec00000| PB 0x000000070ec00000| Untracked 
|  82|0x000000070ee00000, 0x000000070ee00000, 0x000000070f000000|  0%| F|  |TAMS 0x000000070ee00000| PB 0x000000070ee00000| Untracked 
|  83|0x000000070f000000, 0x000000070f000000, 0x000000070f200000|  0%| F|  |TAMS 0x000000070f000000| PB 0x000000070f000000| Untracked 
|  84|0x000000070f200000, 0x000000070f200000, 0x000000070f400000|  0%| F|  |TAMS 0x000000070f200000| PB 0x000000070f200000| Untracked 
|  85|0x000000070f400000, 0x000000070f400000, 0x000000070f600000|  0%| F|  |TAMS 0x000000070f400000| PB 0x000000070f400000| Untracked 
|  86|0x000000070f600000, 0x000000070f600000, 0x000000070f800000|  0%| F|  |TAMS 0x000000070f600000| PB 0x000000070f600000| Untracked 
|  87|0x000000070f800000, 0x000000070f800000, 0x000000070fa00000|  0%| F|  |TAMS 0x000000070f800000| PB 0x000000070f800000| Untracked 
|  88|0x000000070fa00000, 0x000000070fa00000, 0x000000070fc00000|  0%| F|  |TAMS 0x000000070fa00000| PB 0x000000070fa00000| Untracked 
|  89|0x000000070fc00000, 0x000000070fc00000, 0x000000070fe00000|  0%| F|  |TAMS 0x000000070fc00000| PB 0x000000070fc00000| Untracked 
|  90|0x000000070fe00000, 0x000000070fe00000, 0x0000000710000000|  0%| F|  |TAMS 0x000000070fe00000| PB 0x000000070fe00000| Untracked 
|  91|0x0000000710000000, 0x0000000710000000, 0x0000000710200000|  0%| F|  |TAMS 0x0000000710000000| PB 0x0000000710000000| Untracked 
|  92|0x0000000710200000, 0x0000000710200000, 0x0000000710400000|  0%| F|  |TAMS 0x0000000710200000| PB 0x0000000710200000| Untracked 
|  93|0x0000000710400000, 0x0000000710400000, 0x0000000710600000|  0%| F|  |TAMS 0x0000000710400000| PB 0x0000000710400000| Untracked 
|  94|0x0000000710600000, 0x0000000710600000, 0x0000000710800000|  0%| F|  |TAMS 0x0000000710600000| PB 0x0000000710600000| Untracked 
|  95|0x0000000710800000, 0x0000000710800000, 0x0000000710a00000|  0%| F|  |TAMS 0x0000000710800000| PB 0x0000000710800000| Untracked 
|  96|0x0000000710a00000, 0x0000000710a00000, 0x0000000710c00000|  0%| F|  |TAMS 0x0000000710a00000| PB 0x0000000710a00000| Untracked 
|  97|0x0000000710c00000, 0x0000000710d828d0, 0x0000000710e00000| 75%| S|CS|TAMS 0x0000000710c00000| PB 0x0000000710c00000| Complete 
|  98|0x0000000710e00000, 0x0000000711000000, 0x0000000711000000|100%| S|CS|TAMS 0x0000000710e00000| PB 0x0000000710e00000| Complete 
|  99|0x0000000711000000, 0x0000000711200000, 0x0000000711200000|100%| S|CS|TAMS 0x0000000711000000| PB 0x0000000711000000| Complete 
| 100|0x0000000711200000, 0x0000000711200000, 0x0000000711400000|  0%| F|  |TAMS 0x0000000711200000| PB 0x0000000711200000| Untracked 
| 101|0x0000000711400000, 0x0000000711400000, 0x0000000711600000|  0%| F|  |TAMS 0x0000000711400000| PB 0x0000000711400000| Untracked 
| 102|0x0000000711600000, 0x0000000711600000, 0x0000000711800000|  0%| F|  |TAMS 0x0000000711600000| PB 0x0000000711600000| Untracked 
| 103|0x0000000711800000, 0x0000000711800000, 0x0000000711a00000|  0%| F|  |TAMS 0x0000000711800000| PB 0x0000000711800000| Untracked 
| 104|0x0000000711a00000, 0x0000000711a00000, 0x0000000711c00000|  0%| F|  |TAMS 0x0000000711a00000| PB 0x0000000711a00000| Untracked 
| 105|0x0000000711c00000, 0x0000000711c00000, 0x0000000711e00000|  0%| F|  |TAMS 0x0000000711c00000| PB 0x0000000711c00000| Untracked 
| 106|0x0000000711e00000, 0x0000000711e00000, 0x0000000712000000|  0%| F|  |TAMS 0x0000000711e00000| PB 0x0000000711e00000| Untracked 
| 107|0x0000000712000000, 0x0000000712000000, 0x0000000712200000|  0%| F|  |TAMS 0x0000000712000000| PB 0x0000000712000000| Untracked 
| 108|0x0000000712200000, 0x0000000712200000, 0x0000000712400000|  0%| F|  |TAMS 0x0000000712200000| PB 0x0000000712200000| Untracked 
| 109|0x0000000712400000, 0x0000000712400000, 0x0000000712600000|  0%| F|  |TAMS 0x0000000712400000| PB 0x0000000712400000| Untracked 
| 110|0x0000000712600000, 0x0000000712600000, 0x0000000712800000|  0%| F|  |TAMS 0x0000000712600000| PB 0x0000000712600000| Untracked 
| 111|0x0000000712800000, 0x0000000712800000, 0x0000000712a00000|  0%| F|  |TAMS 0x0000000712800000| PB 0x0000000712800000| Untracked 
| 112|0x0000000712a00000, 0x0000000712a00000, 0x0000000712c00000|  0%| F|  |TAMS 0x0000000712a00000| PB 0x0000000712a00000| Untracked 
| 113|0x0000000712c00000, 0x0000000712c00000, 0x0000000712e00000|  0%| F|  |TAMS 0x0000000712c00000| PB 0x0000000712c00000| Untracked 
| 114|0x0000000712e00000, 0x0000000712e00000, 0x0000000713000000|  0%| F|  |TAMS 0x0000000712e00000| PB 0x0000000712e00000| Untracked 
| 115|0x0000000713000000, 0x0000000713000000, 0x0000000713200000|  0%| F|  |TAMS 0x0000000713000000| PB 0x0000000713000000| Untracked 
| 116|0x0000000713200000, 0x0000000713200000, 0x0000000713400000|  0%| F|  |TAMS 0x0000000713200000| PB 0x0000000713200000| Untracked 
| 117|0x0000000713400000, 0x0000000713599cc0, 0x0000000713600000| 80%| E|  |TAMS 0x0000000713400000| PB 0x0000000713400000| Complete 
| 118|0x0000000713600000, 0x0000000713800000, 0x0000000713800000|100%| E|CS|TAMS 0x0000000713600000| PB 0x0000000713600000| Complete 
| 119|0x0000000713800000, 0x0000000713a00000, 0x0000000713a00000|100%| E|CS|TAMS 0x0000000713800000| PB 0x0000000713800000| Complete 
| 120|0x0000000713a00000, 0x0000000713c00000, 0x0000000713c00000|100%| E|CS|TAMS 0x0000000713a00000| PB 0x0000000713a00000| Complete 
| 121|0x0000000713c00000, 0x0000000713e00000, 0x0000000713e00000|100%| E|CS|TAMS 0x0000000713c00000| PB 0x0000000713c00000| Complete 
| 122|0x0000000713e00000, 0x0000000714000000, 0x0000000714000000|100%| E|CS|TAMS 0x0000000713e00000| PB 0x0000000713e00000| Complete 
| 123|0x0000000714000000, 0x0000000714200000, 0x0000000714200000|100%| E|CS|TAMS 0x0000000714000000| PB 0x0000000714000000| Complete 
| 124|0x0000000714200000, 0x0000000714400000, 0x0000000714400000|100%| E|CS|TAMS 0x0000000714200000| PB 0x0000000714200000| Complete 
| 125|0x0000000714400000, 0x0000000714600000, 0x0000000714600000|100%| E|CS|TAMS 0x0000000714400000| PB 0x0000000714400000| Complete 

Card table byte_map: [0x00000207c31d0000,0x00000207c39b0000] _byte_map_base: 0x00000207bf9ab000

Marking Bits: (CMBitMap*) 0x00000207a8bc6e60
 Bits: [0x00000207c39b0000, 0x00000207c7888000)

Polling page: 0x00000207a8c20000

Metaspace:

Usage:
  Non-class:     13.72 MB used.
      Class:      2.44 MB used.
       Both:     16.16 MB used.

Virtual space:
  Non-class space:       64.00 MB reserved,      13.88 MB ( 22%) committed,  1 nodes.
      Class space:        1.00 GB reserved,       2.56 MB ( <1%) committed,  1 nodes.
             Both:        1.06 GB reserved,      16.44 MB (  2%) committed. 

Chunk freelists:
   Non-Class:  2.09 MB
       Class:  13.48 MB
        Both:  15.57 MB

MaxMetaspaceSize: unlimited
CompressedClassSpaceSize: 1.00 GB
Initial GC threshold: 21.00 MB
Current GC threshold: 21.00 MB
CDS: on
 - commit_granule_bytes: 65536.
 - commit_granule_words: 8192.
 - virtual_space_node_default_size: 8388608.
 - enlarge_chunks_in_place: 1.
 - use_allocation_guard: 0.


Internal statistics:

num_allocs_failed_limit: 0.
num_arena_births: 250.
num_arena_deaths: 0.
num_vsnodes_births: 2.
num_vsnodes_deaths: 0.
num_space_committed: 263.
num_space_uncommitted: 0.
num_chunks_returned_to_freelist: 0.
num_chunks_taken_from_freelist: 784.
num_chunk_merges: 0.
num_chunk_splits: 541.
num_chunks_enlarged: 411.
num_inconsistent_stats: 0.

CodeHeap 'non-profiled nmethods': size=119168Kb used=1095Kb max_used=1095Kb free=118072Kb
 bounds [0x00000207ba5b0000, 0x00000207ba820000, 0x00000207c1a10000]
CodeHeap 'profiled nmethods': size=119104Kb used=4633Kb max_used=4633Kb free=114470Kb
 bounds [0x00000207b2a10000, 0x00000207b2ea0000, 0x00000207b9e60000]
CodeHeap 'non-nmethods': size=7488Kb used=1901Kb max_used=3591Kb free=5586Kb
 bounds [0x00000207b9e60000, 0x00000207ba1f0000, 0x00000207ba5b0000]
 total_blobs=3347 nmethods=2503 adapters=747
 compilation: enabled
              stopped_count=0, restarted_count=0
 full_count=0

Compilation events (20 events):
Event: 7.670 Thread 0x00000207ca919b50 nmethod 2496 0x00000207b2e8c490 code [0x00000207b2e8c680, 0x00000207b2e8cce8]
Event: 7.670 Thread 0x00000207ca919b50 2495       3       java.util.PriorityQueue::siftUp (33 bytes)
Event: 7.670 Thread 0x00000207ca919b50 nmethod 2495 0x00000207b2e8cf10 code [0x00000207b2e8d0e0, 0x00000207b2e8d2f0]
Event: 7.670 Thread 0x00000207caad0000 nmethod 2494 0x00000207b2e8d390 code [0x00000207b2e8d580, 0x00000207b2e8d980]
Event: 7.670 Thread 0x00000207caad0000 2497       3       com.example.chemin_interface.steering_astar.Steering.BezierCurveFromAStarPoints::generateBezierSegment (225 bytes)
Event: 7.670 Thread 0x00000207caad0000 nmethod 2497 0x00000207b2e8db10 code [0x00000207b2e8dec0, 0x00000207b2e8f2b0]
Event: 7.876 Thread 0x00000207ca919b50 2498       3       java.io.DataOutputStream::writeUTF (389 bytes)
Event: 7.877 Thread 0x00000207ca919b50 nmethod 2498 0x00000207b2e8fb10 code [0x00000207b2e8ff20, 0x00000207b2e92220]
Event: 64.801 Thread 0x00000207ca919b50 2499       3       java.lang.invoke.BoundMethodHandle::bindArgumentL (11 bytes)
Event: 64.802 Thread 0x00000207ca919b50 nmethod 2499 0x00000207b2e93010 code [0x00000207b2e93200, 0x00000207b2e93700]
Event: 64.802 Thread 0x00000207ca919b50 2500       3       java.lang.invoke.LambdaFormEditor::bindArgumentL (59 bytes)
Event: 64.802 Thread 0x00000207ca919b50 nmethod 2500 0x00000207b2e93910 code [0x00000207b2e93ae0, 0x00000207b2e93da0]
Event: 64.802 Thread 0x00000207ca919b50 2501       3       java.lang.invoke.StringConcatFactory::classIndex (84 bytes)
Event: 64.802 Thread 0x00000207ca919b50 nmethod 2501 0x00000207b2e93f10 code [0x00000207b2e941c0, 0x00000207b2e94bd0]
Event: 64.808 Thread 0x00000207ca919b50 2502       3       java.lang.invoke.DirectMethodHandle$Holder::newInvokeSpecial (20 bytes)
Event: 64.808 Thread 0x00000207ca919b50 nmethod 2502 0x00000207b2e94f10 code [0x00000207b2e95100, 0x00000207b2e957d8]
Event: 64.809 Thread 0x00000207ca919b50 2503       3       java.lang.invoke.ClassSpecializer$SpeciesData::transformHelper (56 bytes)
Event: 64.809 Thread 0x00000207ca919b50 nmethod 2503 0x00000207b2e95990 code [0x00000207b2e95be0, 0x00000207b2e96418]
Event: 64.810 Thread 0x00000207ca919b50 2504       1       java.util.logging.LogManager$LoggerContext::getOwner (5 bytes)
Event: 64.810 Thread 0x00000207ca919b50 nmethod 2504 0x00000207ba6c1b10 code [0x00000207ba6c1ca0, 0x00000207ba6c1d70]

GC Heap History (4 events):
Event: 0.471 GC heap before
{Heap before GC invocations=0 (full 0):
 garbage-first heap   total 258048K, used 20480K [0x0000000704a00000, 0x0000000800000000)
  region size 2048K, 11 young (22528K), 0 survivors (0K)
 Metaspace       used 3667K, committed 3840K, reserved 1114112K
  class space    used 361K, committed 448K, reserved 1048576K
}
Event: 0.473 GC heap after
{Heap after GC invocations=1 (full 0):
 garbage-first heap   total 258048K, used 2325K [0x0000000704a00000, 0x0000000800000000)
  region size 2048K, 2 young (4096K), 2 survivors (4096K)
 Metaspace       used 3667K, committed 3840K, reserved 1114112K
  class space    used 361K, committed 448K, reserved 1048576K
}
Event: 1.066 GC heap before
{Heap before GC invocations=1 (full 0):
 garbage-first heap   total 258048K, used 49429K [0x0000000704a00000, 0x0000000800000000)
  region size 2048K, 26 young (53248K), 2 survivors (4096K)
 Metaspace       used 13192K, committed 13504K, reserved 1114112K
  class space    used 2034K, committed 2176K, reserved 1048576K
}
Event: 1.070 GC heap after
{Heap after GC invocations=2 (full 0):
 garbage-first heap   total 258048K, used 5642K [0x0000000704a00000, 0x0000000800000000)
  region size 2048K, 3 young (6144K), 3 survivors (6144K)
 Metaspace       used 13192K, committed 13504K, reserved 1114112K
  class space    used 2034K, committed 2176K, reserved 1048576K
}

Dll operation events (20 events):
Event: 0.327 Loaded shared library C:\Users\flori\.openjfx\cache\21+31\amd64\api-ms-win-crt-math-l1-1-0.dll
Event: 0.329 Loaded shared library C:\Users\flori\.openjfx\cache\21+31\amd64\api-ms-win-crt-multibyte-l1-1-0.dll
Event: 0.331 Loaded shared library C:\Users\flori\.openjfx\cache\21+31\amd64\api-ms-win-crt-private-l1-1-0.dll
Event: 0.332 Loaded shared library C:\Users\flori\.openjfx\cache\21+31\amd64\api-ms-win-crt-process-l1-1-0.dll
Event: 0.334 Loaded shared library C:\Users\flori\.openjfx\cache\21+31\amd64\api-ms-win-crt-runtime-l1-1-0.dll
Event: 0.336 Loaded shared library C:\Users\flori\.openjfx\cache\21+31\amd64\api-ms-win-crt-stdio-l1-1-0.dll
Event: 0.338 Loaded shared library C:\Users\flori\.openjfx\cache\21+31\amd64\api-ms-win-crt-string-l1-1-0.dll
Event: 0.339 Loaded shared library C:\Users\flori\.openjfx\cache\21+31\amd64\api-ms-win-crt-time-l1-1-0.dll
Event: 0.341 Loaded shared library C:\Users\flori\.openjfx\cache\21+31\amd64\api-ms-win-crt-utility-l1-1-0.dll
Event: 0.351 Loaded shared library C:\Users\flori\.openjfx\cache\21+31\amd64\ucrtbase.dll
Event: 0.353 Loaded shared library C:\Users\flori\.openjfx\cache\21+31\amd64\vcruntime140.dll
Event: 0.355 Loaded shared library C:\Users\flori\.openjfx\cache\21+31\amd64\vcruntime140_1.dll
Event: 0.361 Loaded shared library C:\Users\flori\.openjfx\cache\21+31\amd64\msvcp140.dll
Event: 0.363 Loaded shared library C:\Users\flori\.openjfx\cache\21+31\amd64\msvcp140_1.dll
Event: 0.366 Loaded shared library C:\Users\flori\.openjfx\cache\21+31\amd64\msvcp140_2.dll
Event: 0.400 Loaded shared library C:\Users\flori\.openjfx\cache\21+31\amd64\prism_d3d.dll
Event: 0.478 Loaded shared library C:\Users\flori\.openjfx\cache\21+31\amd64\glass.dll
Event: 0.608 Loaded shared library C:\Users\flori\.openjfx\cache\21+31\amd64\javafx_font.dll
Event: 0.698 Loaded shared library C:\Users\flori\.jdks\corretto-21.0.5\bin\jimage.dll
Event: 64.801 Loaded shared library C:\Users\flori\.jdks\corretto-21.0.5\bin\awt.dll

Deoptimization events (20 events):
Event: 3.465 Thread 0x000002081222f210 Uncommon trap: trap_request=0xffffffde fr.pc=0x00000207ba6327f4 relative=0x0000000000000f74
Event: 3.465 Thread 0x000002081222f210 Uncommon trap: reason=class_check action=maybe_recompile pc=0x00000207ba6327f4 method=java.util.concurrent.ConcurrentHashMap.putVal(Ljava/lang/Object;Ljava/lang/Object;Z)Ljava/lang/Object; @ 242 c2
Event: 3.465 Thread 0x000002081222f210 DEOPT PACKING pc=0x00000207ba6327f4 sp=0x000000d4c27fefe0
Event: 3.465 Thread 0x000002081222f210 DEOPT UNPACKING pc=0x00000207b9eb46a2 sp=0x000000d4c27fef70 mode 2
Event: 3.466 Thread 0x000002081209fb80 Uncommon trap: trap_request=0xffffffc6 fr.pc=0x00000207ba60ffb8 relative=0x00000000000004d8
Event: 3.466 Thread 0x000002081209fb80 Uncommon trap: reason=bimorphic_or_optimized_type_check action=maybe_recompile pc=0x00000207ba60ffb8 method=java.util.concurrent.ConcurrentHashMap.get(Ljava/lang/Object;)Ljava/lang/Object; @ 149 c2
Event: 3.466 Thread 0x000002081209fb80 DEOPT PACKING pc=0x00000207ba60ffb8 sp=0x000000d4c25fd2b0
Event: 3.466 Thread 0x000002081209fb80 DEOPT UNPACKING pc=0x00000207b9eb46a2 sp=0x000000d4c25fd250 mode 2
Event: 3.468 Thread 0x0000020810f9a420 Uncommon trap: trap_request=0xffffffde fr.pc=0x00000207ba6327f4 relative=0x0000000000000f74
Event: 3.468 Thread 0x0000020810f9a420 Uncommon trap: reason=class_check action=maybe_recompile pc=0x00000207ba6327f4 method=java.util.concurrent.ConcurrentHashMap.putVal(Ljava/lang/Object;Ljava/lang/Object;Z)Ljava/lang/Object; @ 242 c2
Event: 3.468 Thread 0x0000020810f9a420 DEOPT PACKING pc=0x00000207ba6327f4 sp=0x000000d4c17fead0
Event: 3.468 Thread 0x0000020810f9a420 DEOPT UNPACKING pc=0x00000207b9eb46a2 sp=0x000000d4c17fea60 mode 2
Event: 3.618 Thread 0x0000020810f9a420 DEOPT PACKING pc=0x00000207b2ddfe3c sp=0x000000d4c17fd8c0
Event: 3.618 Thread 0x0000020810f9a420 DEOPT UNPACKING pc=0x00000207b9eb4e42 sp=0x000000d4c17fcd38 mode 0
Event: 3.618 Thread 0x000002081209fb80 Uncommon trap: trap_request=0xffffffc6 fr.pc=0x00000207ba60ffb8 relative=0x00000000000004d8
Event: 3.618 Thread 0x000002081209fb80 Uncommon trap: reason=bimorphic_or_optimized_type_check action=maybe_recompile pc=0x00000207ba60ffb8 method=java.util.concurrent.ConcurrentHashMap.get(Ljava/lang/Object;)Ljava/lang/Object; @ 149 c2
Event: 3.618 Thread 0x000002081209fb80 DEOPT PACKING pc=0x00000207ba60ffb8 sp=0x000000d4c25fd2b0
Event: 3.618 Thread 0x000002081209fb80 DEOPT UNPACKING pc=0x00000207b9eb46a2 sp=0x000000d4c25fd250 mode 2
Event: 64.811 Thread 0x000002081047b330 DEOPT PACKING pc=0x00000207b2c92b5c sp=0x000000d4bf9ff530
Event: 64.811 Thread 0x000002081047b330 DEOPT UNPACKING pc=0x00000207b9eb4e42 sp=0x000000d4bf9fe990 mode 1

Classes loaded (20 events):
Event: 64.810 Loading class java/awt/Image$1
Event: 64.810 Loading class sun/awt/image/SurfaceManager$ImageAccessor
Event: 64.810 Loading class sun/awt/image/SurfaceManager$ImageAccessor done
Event: 64.810 Loading class java/awt/Image$1 done
Event: 64.810 Loading class sun/awt/image/SurfaceManager
Event: 64.810 Loading class sun/awt/image/SurfaceManager done
Event: 64.810 Loading class sun/awt/image/VolatileSurfaceManager
Event: 64.811 Loading class sun/awt/DisplayChangedListener
Event: 64.811 Loading class com/sun/javafx/tk/quantum/QuantumRenderer
Event: 64.811 Loading class com/sun/javafx/tk/quantum/QuantumRenderer done
Event: 64.811 Loading class sun/awt/DisplayChangedListener done
Event: 64.811 Loading class sun/awt/image/VolatileSurfaceManager done
Event: 64.811 Loading class java/awt/Component
Event: 64.811 Loading class com/sun/javafx/tk/quantum/QuantumToolkit
Event: 64.811 Loading class com/sun/javafx/tk/quantum/QuantumToolkit done
Event: 64.811 Loading class java/awt/image/ImageObserver
Event: 64.811 Loading class java/awt/image/ImageObserver done
Event: 64.811 Loading class java/awt/MenuContainer
Event: 64.811 Loading class java/awt/MenuContainer done
Event: 64.811 Loading class java/awt/Component done

Classes unloaded (0 events):
No events

Classes redefined (0 events):
No events

Internal exceptions (20 events):
Event: 0.953 Thread 0x000002081209fb80 Exception <a 'java/lang/ClassNotFoundException'{0x0000000711dbf170}: com/sun/javafx/scene/control/skin/resources/controls> (0x0000000711dbf170) 
thrown [s\src\hotspot\share\prims\jni.cpp, line 539]
Event: 0.954 Thread 0x000002081209fb80 Exception <a 'java/lang/ClassNotFoundException'{0x0000000711dd1f10}: com/sun/javafx/scene/control/skin/resources/controls_fr> (0x0000000711dd1f10) 
thrown [s\src\hotspot\share\prims\jni.cpp, line 539]
Event: 0.954 Thread 0x000002081209fb80 Exception <a 'java/lang/ClassNotFoundException'{0x0000000711ddfa20}: com/sun/javafx/scene/control/skin/resources/controls_fr_FR> (0x0000000711ddfa20) 
thrown [s\src\hotspot\share\prims\jni.cpp, line 539]
Event: 0.979 Thread 0x000002081209fb80 Exception <a 'java/lang/NoSuchMethodError'{0x0000000711bde7f8}: 'int java.lang.invoke.DirectMethodHandle$Holder.invokeSpecial(java.lang.Object, java.lang.Object, int)'> (0x0000000711bde7f8) 
thrown [s\src\hotspot\share\interpreter\linkResolver.cpp, line 773]
Event: 1.020 Thread 0x000002081209fb80 Exception <a 'java/lang/NoSuchMethodError'{0x000000071163f500}: 'int java.lang.invoke.DirectMethodHandle$Holder.invokeSpecial(java.lang.Object, java.lang.Object, java.lang.Object, int)'> (0x000000071163f500) 
thrown [s\src\hotspot\share\interpreter\linkResolver.cpp, line 773]
Event: 1.021 Thread 0x000002081209fb80 Exception <a 'java/lang/NoSuchMethodError'{0x0000000711653f10}: 'java.lang.Object java.lang.invoke.DirectMethodHandle$Holder.invokeStatic(java.lang.Object, java.lang.Object, java.lang.Object, java.lang.Object, int)'> (0x0000000711653f10) 
thrown [s\src\hotspot\share\interpreter\linkResolver.cpp, line 773]
Event: 1.022 Thread 0x000002081209fb80 Exception <a 'java/lang/NoSuchMethodError'{0x000000071165c808}: 'int java.lang.invoke.DirectMethodHandle$Holder.invokeSpecial(java.lang.Object, java.lang.Object, java.lang.Object)'> (0x000000071165c808) 
thrown [s\src\hotspot\share\interpreter\linkResolver.cpp, line 773]
Event: 1.108 Thread 0x000002081209fb80 Exception <a 'java/lang/NoSuchMethodError'{0x0000000714065068}: 'java.lang.Object java.lang.invoke.DirectMethodHandle$Holder.newInvokeSpecial(java.lang.Object, java.lang.Object, int)'> (0x0000000714065068) 
thrown [s\src\hotspot\share\interpreter\linkResolver.cpp, line 773]
Event: 1.144 Thread 0x0000020810f9a420 Exception <a 'java/lang/NoSuchMethodError'{0x0000000713e101b0}: 'int java.lang.invoke.DirectMethodHandle$Holder.invokeStaticInit(java.lang.Object, java.lang.Object)'> (0x0000000713e101b0) 
thrown [s\src\hotspot\share\interpreter\linkResolver.cpp, line 773]
Event: 3.610 Thread 0x000002081209fb80 Exception <a 'java/lang/NoSuchMethodError'{0x0000000713957548}: 'java.lang.Object java.lang.invoke.DirectMethodHandle$Holder.newInvokeSpecial(java.lang.Object, java.lang.Object, int, int, int, int, int, java.lang.Object)'> (0x0000000713957548) 
thrown [s\src\hotspot\share\interpreter\linkResolver.cpp, line 773]
Event: 3.611 Thread 0x000002081209fb80 Exception <a 'java/lang/NoSuchMethodError'{0x0000000713969568}: 'java.lang.Object java.lang.invoke.DirectMethodHandle$Holder.newInvokeSpecial(java.lang.Object, java.lang.Object, java.lang.Object, int, int, int, int, int)'> (0x0000000713969568) 
thrown [s\src\hotspot\share\interpreter\linkResolver.cpp, line 773]
Event: 3.611 Thread 0x000002081209fb80 Exception <a 'java/lang/NoSuchMethodError'{0x0000000713970ba8}: 'java.lang.Object java.lang.invoke.Invokers$Holder.linkToTargetMethod(java.lang.Object, java.lang.Object, int, int, int, int, int, java.lang.Object)'> (0x0000000713970ba8) 
thrown [s\src\hotspot\share\interpreter\linkResolver.cpp, line 773]
Event: 3.613 Thread 0x000002081209fb80 Exception <a 'java/lang/NoSuchMethodError'{0x0000000713995480}: 'long java.lang.invoke.DirectMethodHandle$Holder.invokeStatic(java.lang.Object, java.lang.Object, java.lang.Object)'> (0x0000000713995480) 
thrown [s\src\hotspot\share\interpreter\linkResolver.cpp, line 773]
Event: 3.613 Thread 0x000002081209fb80 Exception <a 'java/lang/NoSuchMethodError'{0x0000000713998b10}: 'long java.lang.invoke.DirectMethodHandle$Holder.invokeStaticInit(java.lang.Object, java.lang.Object, java.lang.Object)'> (0x0000000713998b10) 
thrown [s\src\hotspot\share\interpreter\linkResolver.cpp, line 773]
Event: 3.613 Thread 0x000002081209fb80 Exception <a 'java/lang/NoSuchMethodError'{0x00000007139ad8e0}: 'java.lang.Object java.lang.invoke.DirectMethodHandle$Holder.newInvokeSpecial(java.lang.Object, java.lang.Object, long)'> (0x00000007139ad8e0) 
thrown [s\src\hotspot\share\interpreter\linkResolver.cpp, line 773]
Event: 3.613 Thread 0x000002081209fb80 Exception <a 'java/lang/NoSuchMethodError'{0x00000007139b11f8}: 'java.lang.Object java.lang.invoke.Invokers$Holder.linkToTargetMethod(java.lang.Object, long, java.lang.Object)'> (0x00000007139b11f8) 
thrown [s\src\hotspot\share\interpreter\linkResolver.cpp, line 773]
Event: 6.305 Thread 0x000002081209fb80 Exception <a 'java/lang/NoSuchMethodError'{0x0000000713604a40}: 'java.lang.Object java.lang.invoke.DirectMethodHandle$Holder.invokeSpecial(java.lang.Object, java.lang.Object, double, double)'> (0x0000000713604a40) 
thrown [s\src\hotspot\share\interpreter\linkResolver.cpp, line 773]
Event: 64.799 Thread 0x000002081209fb80 Exception <a 'java/lang/ClassNotFoundException'{0x00000007136f2d68}: sun/awt/resources/spi/awtProvider> (0x00000007136f2d68) 
thrown [s\src\hotspot\share\classfile\systemDictionary.cpp, line 312]
Event: 64.802 Thread 0x000002081209fb80 Exception <a 'java/io/FileNotFoundException'{0x0000000713773f40}> (0x0000000713773f40) 
thrown [s\src\hotspot\share\prims\jni.cpp, line 520]
Event: 64.802 Thread 0x000002081209fb80 Exception <a 'java/io/FileNotFoundException'{0x00000007137757b0}> (0x00000007137757b0) 
thrown [s\src\hotspot\share\prims\jni.cpp, line 520]

ZGC Phase Switch (0 events):
No events

VM Operations (20 events):
Event: 23.756 Executing VM operation: get/set locals done
Event: 60.156 Executing VM operation: HandshakeAllThreads (HandshakeForDeflation)
Event: 60.156 Executing VM operation: HandshakeAllThreads (HandshakeForDeflation) done
Event: 60.156 Executing VM operation: RendezvousGCThreads
Event: 60.156 Executing VM operation: RendezvousGCThreads done
Event: 64.793 Executing VM operation: ChangeBreakpoints
Event: 64.793 Executing VM operation: ChangeBreakpoints done
Event: 64.795 Executing VM operation: ChangeBreakpoints
Event: 64.795 Executing VM operation: ChangeBreakpoints done
Event: 64.796 Executing VM operation: ChangeBreakpoints
Event: 64.796 Executing VM operation: ChangeBreakpoints done
Event: 64.796 Executing VM operation: ChangeBreakpoints
Event: 64.796 Executing VM operation: ChangeBreakpoints done
Event: 64.796 Executing VM operation: ChangeBreakpoints
Event: 64.796 Executing VM operation: ChangeBreakpoints done
Event: 64.796 Executing VM operation: ChangeBreakpoints
Event: 64.796 Executing VM operation: ChangeBreakpoints done
Event: 64.796 Executing VM operation: ChangeBreakpoints
Event: 64.796 Executing VM operation: ChangeBreakpoints done
Event: 64.811 Executing VM operation: Exit

Memory protections (0 events):
No events

Nmethod flushes (0 events):
No events

Events (20 events):
Event: 0.488 Thread 0x00000208101b9520 Thread added: 0x000002081209fb80
Event: 0.553 Thread 0x000002081222f210 Thread added: 0x000002081222f210
Event: 0.643 Thread 0x00000207caaf06b0 Thread added: 0x00000208123e7cb0
Event: 0.894 Thread 0x000002081209fb80 Thread added: 0x00000208123cecc0
Event: 1.169 Thread 0x0000020810f9a420 Thread added: 0x000002081269f570
Event: 2.585 Thread 0x00000208123e7cb0 Thread exited: 0x00000208123e7cb0
Event: 2.585 Thread 0x00000207cac285e0 Thread exited: 0x00000207cac285e0
Event: 3.049 Thread 0x00000207cac65300 Thread exited: 0x00000207cac65300
Event: 7.657 Thread 0x00000207caaf0d50 Thread exited: 0x00000207caaf0d50
Event: 7.657 Thread 0x00000207caaf06b0 Thread exited: 0x00000207caaf06b0
Event: 12.876 Thread 0x00000207caad0000 Thread exited: 0x00000207caad0000
Event: 64.793 Thread 0x0000020810202e60 Thread exited: 0x0000020810202e60
Event: 64.799 Thread 0x0000020810ab1120 Thread exited: 0x0000020810ab1120
Event: 64.810 Thread 0x00000207ca90bf60 Thread added: 0x000002081047aca0
Event: 64.810 Thread 0x000002081047aca0 Thread added: 0x000002081047b330
Event: 64.810 Thread 0x000002081047aca0 Thread added: 0x000002081047a610
Event: 64.811 Thread 0x000002081047a610 Thread exited: 0x000002081047a610
Event: 64.811 Thread 0x000002081047b330 Thread exited: 0x000002081047b330
Event: 64.811 Thread 0x000002081047aca0 Before exit entered
Event: 64.811 Thread 0x00000207ca90bf60 Thread exited: 0x00000207ca90bf60


Dynamic libraries:
0x00007ff647670000 - 0x00007ff64767e000 	C:\Users\flori\.jdks\corretto-21.0.5\bin\java.exe
0x00007ff8f4710000 - 0x00007ff8f4927000 	C:\Windows\SYSTEM32\ntdll.dll
0x00007ff8f2cd0000 - 0x00007ff8f2d94000 	C:\Windows\System32\KERNEL32.DLL
0x00007ff8f1e10000 - 0x00007ff8f21c9000 	C:\Windows\System32\KERNELBASE.dll
0x00007ff8f1cf0000 - 0x00007ff8f1e01000 	C:\Windows\System32\ucrtbase.dll
0x00007ff8e30f0000 - 0x00007ff8e310b000 	C:\Users\flori\.jdks\corretto-21.0.5\bin\VCRUNTIME140.dll
0x00007ff8e3140000 - 0x00007ff8e3158000 	C:\Users\flori\.jdks\corretto-21.0.5\bin\jli.dll
0x00007ff8f3f00000 - 0x00007ff8f40ae000 	C:\Windows\System32\USER32.dll
0x00007ff8e77f0000 - 0x00007ff8e7a82000 	C:\Windows\WinSxS\amd64_microsoft.windows.common-controls_6595b64144ccf1df_6.0.22621.4391_none_2715d37f73803e96\COMCTL32.dll
0x00007ff8f1a10000 - 0x00007ff8f1a36000 	C:\Windows\System32\win32u.dll
0x00007ff8f2620000 - 0x00007ff8f26c7000 	C:\Windows\System32\msvcrt.dll
0x00007ff8f3e30000 - 0x00007ff8f3e59000 	C:\Windows\System32\GDI32.dll
0x00007ff8f1a40000 - 0x00007ff8f1b5b000 	C:\Windows\System32\gdi32full.dll
0x00007ff8f1bd0000 - 0x00007ff8f1c6a000 	C:\Windows\System32\msvcp_win.dll
0x00007ff8f26d0000 - 0x00007ff8f2701000 	C:\Windows\System32\IMM32.DLL
0x00007ff8eac20000 - 0x00007ff8eac2c000 	C:\Users\flori\.jdks\corretto-21.0.5\bin\vcruntime140_1.dll
0x00007ff8e16c0000 - 0x00007ff8e174d000 	C:\Users\flori\.jdks\corretto-21.0.5\bin\msvcp140.dll
0x00007ff878710000 - 0x00007ff8794ad000 	C:\Users\flori\.jdks\corretto-21.0.5\bin\server\jvm.dll
0x00007ff8f40b0000 - 0x00007ff8f4162000 	C:\Windows\System32\ADVAPI32.dll
0x00007ff8f2a90000 - 0x00007ff8f2b37000 	C:\Windows\System32\sechost.dll
0x00007ff8f21d0000 - 0x00007ff8f21f8000 	C:\Windows\System32\bcrypt.dll
0x00007ff8f2b40000 - 0x00007ff8f2c54000 	C:\Windows\System32\RPCRT4.dll
0x00007ff8f3b90000 - 0x00007ff8f3c01000 	C:\Windows\System32\WS2_32.dll
0x00007ff8f0880000 - 0x00007ff8f08cd000 	C:\Windows\SYSTEM32\POWRPROF.dll
0x00007ff8e7bc0000 - 0x00007ff8e7bca000 	C:\Windows\SYSTEM32\VERSION.dll
0x00007ff8e5860000 - 0x00007ff8e5894000 	C:\Windows\SYSTEM32\WINMM.dll
0x00007ff8f0860000 - 0x00007ff8f0873000 	C:\Windows\SYSTEM32\UMPDC.dll
0x00007ff8f0b40000 - 0x00007ff8f0b58000 	C:\Windows\SYSTEM32\kernel.appcore.dll
0x00007ff8eab50000 - 0x00007ff8eab5a000 	C:\Users\flori\.jdks\corretto-21.0.5\bin\jimage.dll
0x00007ff8eedb0000 - 0x00007ff8eefe2000 	C:\Windows\SYSTEM32\DBGHELP.DLL
0x00007ff8f37e0000 - 0x00007ff8f3b6f000 	C:\Windows\System32\combase.dll
0x00007ff8f4170000 - 0x00007ff8f4247000 	C:\Windows\System32\OLEAUT32.dll
0x00007ff8e6770000 - 0x00007ff8e67a2000 	C:\Windows\SYSTEM32\dbgcore.DLL
0x00007ff8f1c70000 - 0x00007ff8f1ceb000 	C:\Windows\System32\bcryptPrimitives.dll
0x00007ff8e2070000 - 0x00007ff8e20ac000 	C:\Users\flori\.jdks\corretto-21.0.5\bin\jdwp.dll
0x00007ff8ea730000 - 0x00007ff8ea73e000 	C:\Users\flori\.jdks\corretto-21.0.5\bin\instrument.dll
0x00007ff8e30d0000 - 0x00007ff8e30ef000 	C:\Users\flori\.jdks\corretto-21.0.5\bin\java.dll
0x00007ff8e2290000 - 0x00007ff8e22a8000 	C:\Users\flori\.jdks\corretto-21.0.5\bin\zip.dll
0x00007ff8f2da0000 - 0x00007ff8f3616000 	C:\Windows\System32\SHELL32.dll
0x00007ff8ef910000 - 0x00007ff8f0213000 	C:\Windows\SYSTEM32\windows.storage.dll
0x00007ff8ef7d0000 - 0x00007ff8ef90f000 	C:\Windows\SYSTEM32\wintypes.dll
0x00007ff8f2770000 - 0x00007ff8f2869000 	C:\Windows\System32\SHCORE.dll
0x00007ff8f2710000 - 0x00007ff8f276e000 	C:\Windows\System32\shlwapi.dll
0x00007ff8f1940000 - 0x00007ff8f196b000 	C:\Windows\SYSTEM32\profapi.dll
0x00007ff8e0060000 - 0x00007ff8e0137000 	C:\Users\flori\.jdks\corretto-21.0.5\bin\jsvml.dll
0x00007ff8e6b20000 - 0x00007ff8e6b30000 	C:\Users\flori\.jdks\corretto-21.0.5\bin\net.dll
0x00007ff8eb870000 - 0x00007ff8eb9a6000 	C:\Windows\SYSTEM32\WINHTTP.dll
0x00007ff8f0fc0000 - 0x00007ff8f1029000 	C:\Windows\system32\mswsock.dll
0x00007ff8e1cd0000 - 0x00007ff8e1ce6000 	C:\Users\flori\.jdks\corretto-21.0.5\bin\nio.dll
0x00007ff8e30c0000 - 0x00007ff8e30cb000 	C:\Users\flori\.jdks\corretto-21.0.5\bin\dt_socket.dll
0x00007ff8f0530000 - 0x00007ff8f055d000 	C:\Windows\SYSTEM32\IPHLPAPI.DLL
0x00000207cae90000 - 0x00000207cae93000 	C:\Users\flori\.openjfx\cache\21+31\amd64\api-ms-win-core-console-l1-1-0.dll
0x00000207caea0000 - 0x00000207caea3000 	C:\Users\flori\.openjfx\cache\21+31\amd64\api-ms-win-core-console-l1-2-0.dll
0x00000207caeb0000 - 0x00000207caeb3000 	C:\Users\flori\.openjfx\cache\21+31\amd64\api-ms-win-core-datetime-l1-1-0.dll
0x00000207caec0000 - 0x00000207caec3000 	C:\Users\flori\.openjfx\cache\21+31\amd64\api-ms-win-core-debug-l1-1-0.dll
0x00000207caed0000 - 0x00000207caed3000 	C:\Users\flori\.openjfx\cache\21+31\amd64\api-ms-win-core-errorhandling-l1-1-0.dll
0x00000207caee0000 - 0x00000207caee4000 	C:\Users\flori\.openjfx\cache\21+31\amd64\api-ms-win-core-file-l1-1-0.dll
0x00000207caef0000 - 0x00000207caef3000 	C:\Users\flori\.openjfx\cache\21+31\amd64\api-ms-win-core-file-l1-2-0.dll
0x00000207caf00000 - 0x00000207caf03000 	C:\Users\flori\.openjfx\cache\21+31\amd64\api-ms-win-core-file-l2-1-0.dll
0x00000207caf10000 - 0x00000207caf13000 	C:\Users\flori\.openjfx\cache\21+31\amd64\api-ms-win-core-handle-l1-1-0.dll
0x00000207caf20000 - 0x00000207caf23000 	C:\Users\flori\.openjfx\cache\21+31\amd64\api-ms-win-core-heap-l1-1-0.dll
0x00000207caf30000 - 0x00000207caf33000 	C:\Users\flori\.openjfx\cache\21+31\amd64\api-ms-win-core-interlocked-l1-1-0.dll
0x00000207caf40000 - 0x00000207caf43000 	C:\Users\flori\.openjfx\cache\21+31\amd64\api-ms-win-core-libraryloader-l1-1-0.dll
0x00000207caf50000 - 0x00000207caf53000 	C:\Users\flori\.openjfx\cache\21+31\amd64\api-ms-win-core-localization-l1-2-0.dll
0x00000207caf60000 - 0x00000207caf63000 	C:\Users\flori\.openjfx\cache\21+31\amd64\api-ms-win-core-memory-l1-1-0.dll
0x00000207caf70000 - 0x00000207caf73000 	C:\Users\flori\.openjfx\cache\21+31\amd64\api-ms-win-core-namedpipe-l1-1-0.dll
0x00000207caf80000 - 0x00000207caf83000 	C:\Users\flori\.openjfx\cache\21+31\amd64\api-ms-win-core-processenvironment-l1-1-0.dll
0x00000207caf90000 - 0x00000207caf93000 	C:\Users\flori\.openjfx\cache\21+31\amd64\api-ms-win-core-processthreads-l1-1-0.dll
0x00000207cafa0000 - 0x00000207cafa3000 	C:\Users\flori\.openjfx\cache\21+31\amd64\api-ms-win-core-processthreads-l1-1-1.dll
0x00000207cafb0000 - 0x00000207cafb3000 	C:\Users\flori\.openjfx\cache\21+31\amd64\api-ms-win-core-profile-l1-1-0.dll
0x00000207cafc0000 - 0x00000207cafc3000 	C:\Users\flori\.openjfx\cache\21+31\amd64\api-ms-win-core-rtlsupport-l1-1-0.dll
0x00000207cafd0000 - 0x00000207cafd3000 	C:\Users\flori\.openjfx\cache\21+31\amd64\api-ms-win-core-string-l1-1-0.dll
0x00000207cafe0000 - 0x00000207cafe3000 	C:\Users\flori\.openjfx\cache\21+31\amd64\api-ms-win-core-synch-l1-1-0.dll
0x00000207caff0000 - 0x00000207caff3000 	C:\Users\flori\.openjfx\cache\21+31\amd64\api-ms-win-core-synch-l1-2-0.dll
0x00000208117d0000 - 0x00000208117d3000 	C:\Users\flori\.openjfx\cache\21+31\amd64\api-ms-win-core-sysinfo-l1-1-0.dll
0x00000208117e0000 - 0x00000208117e3000 	C:\Users\flori\.openjfx\cache\21+31\amd64\api-ms-win-core-timezone-l1-1-0.dll
0x00000208117f0000 - 0x00000208117f3000 	C:\Users\flori\.openjfx\cache\21+31\amd64\api-ms-win-core-util-l1-1-0.dll
0x0000020811800000 - 0x0000020811803000 	C:\Users\flori\.openjfx\cache\21+31\amd64\api-ms-win-crt-conio-l1-1-0.dll
0x0000020811810000 - 0x0000020811814000 	C:\Users\flori\.openjfx\cache\21+31\amd64\api-ms-win-crt-convert-l1-1-0.dll
0x0000020811820000 - 0x0000020811823000 	C:\Users\flori\.openjfx\cache\21+31\amd64\api-ms-win-crt-environment-l1-1-0.dll
0x0000020811830000 - 0x0000020811833000 	C:\Users\flori\.openjfx\cache\21+31\amd64\api-ms-win-crt-filesystem-l1-1-0.dll
0x0000020811840000 - 0x0000020811843000 	C:\Users\flori\.openjfx\cache\21+31\amd64\api-ms-win-crt-heap-l1-1-0.dll
0x0000020811850000 - 0x0000020811853000 	C:\Users\flori\.openjfx\cache\21+31\amd64\api-ms-win-crt-locale-l1-1-0.dll
0x0000020811860000 - 0x0000020811865000 	C:\Users\flori\.openjfx\cache\21+31\amd64\api-ms-win-crt-math-l1-1-0.dll
0x0000020811870000 - 0x0000020811875000 	C:\Users\flori\.openjfx\cache\21+31\amd64\api-ms-win-crt-multibyte-l1-1-0.dll
0x0000020811880000 - 0x0000020811890000 	C:\Users\flori\.openjfx\cache\21+31\amd64\api-ms-win-crt-private-l1-1-0.dll
0x0000020811890000 - 0x0000020811893000 	C:\Users\flori\.openjfx\cache\21+31\amd64\api-ms-win-crt-process-l1-1-0.dll
0x00000208118a0000 - 0x00000208118a4000 	C:\Users\flori\.openjfx\cache\21+31\amd64\api-ms-win-crt-runtime-l1-1-0.dll
0x00000208118b0000 - 0x00000208118b4000 	C:\Users\flori\.openjfx\cache\21+31\amd64\api-ms-win-crt-stdio-l1-1-0.dll
0x00000208118c0000 - 0x00000208118c4000 	C:\Users\flori\.openjfx\cache\21+31\amd64\api-ms-win-crt-string-l1-1-0.dll
0x00000208118d0000 - 0x00000208118d3000 	C:\Users\flori\.openjfx\cache\21+31\amd64\api-ms-win-crt-time-l1-1-0.dll
0x00000208118e0000 - 0x00000208118e3000 	C:\Users\flori\.openjfx\cache\21+31\amd64\api-ms-win-crt-utility-l1-1-0.dll
0x00007ff8dff60000 - 0x00007ff8e005c000 	C:\Users\flori\.openjfx\cache\21+31\amd64\ucrtbase.dll
0x00007ff8e1c90000 - 0x00007ff8e1cab000 	C:\Users\flori\.openjfx\cache\21+31\amd64\vcruntime140.dll
0x00007ff8e1c80000 - 0x00007ff8e1c8c000 	C:\Users\flori\.openjfx\cache\21+31\amd64\vcruntime140_1.dll
0x00007ff8dfed0000 - 0x00007ff8dff5e000 	C:\Users\flori\.openjfx\cache\21+31\amd64\msvcp140.dll
0x00007ff8f3620000 - 0x00007ff8f37c5000 	C:\Windows\System32\ole32.dll
0x00007ff8e1c70000 - 0x00007ff8e1c79000 	C:\Users\flori\.openjfx\cache\21+31\amd64\msvcp140_1.dll
0x00007ff8e06d0000 - 0x00007ff8e06ff000 	C:\Users\flori\.openjfx\cache\21+31\amd64\msvcp140_2.dll
0x00007ff8e0690000 - 0x00007ff8e06bf000 	C:\Users\flori\.openjfx\cache\21+31\amd64\prism_d3d.dll
0x00007ff8ad790000 - 0x00007ff8ad938000 	C:\Windows\system32\d3d9.dll
0x00007ff8ebfd0000 - 0x00007ff8ebffb000 	C:\Windows\SYSTEM32\dwmapi.dll
0x00007ff8ef010000 - 0x00007ff8ef047000 	C:\Windows\SYSTEM32\dxcore.dll
0x00007ff8ebd50000 - 0x00007ff8ebe01000 	C:\Windows\system32\uxtheme.dll
0x00007ff8b3290000 - 0x00007ff8b3340000 	C:\Windows\SYSTEM32\d3d9on12.dll
0x00007ff8ebed0000 - 0x00007ff8ebfc7000 	C:\Windows\SYSTEM32\dxgi.dll
0x00007ff8bc590000 - 0x00007ff8bc5b6000 	C:\Windows\SYSTEM32\d3d12.dll
0x00007ff8f1700000 - 0x00007ff8f174e000 	C:\Windows\SYSTEM32\cfgmgr32.dll
0x00007ff8ac6f0000 - 0x00007ff8ac8f2000 	C:\Windows\SYSTEM32\D3D12Core.dll
0x00007ff8bc160000 - 0x00007ff8bc187000 	C:\Windows\System32\DriverStore\FileRepository\iigd_dch.inf_amd64_5b1252b3763da959\igd12umd64.dll
0x00007ff8a8d30000 - 0x00007ff8a99e9000 	C:\Windows\System32\DriverStore\FileRepository\iigd_dch.inf_amd64_5b1252b3763da959\igd12um64xel.dll
0x00007ff8f22c0000 - 0x00007ff8f2426000 	C:\Windows\System32\CRYPT32.dll
0x00007ff8af8c0000 - 0x00007ff8af904000 	C:\Windows\SYSTEM32\ControlLib.dll
0x00007ff8f4250000 - 0x00007ff8f46c4000 	C:\Windows\System32\SETUPAPI.dll
0x00007ff8f16d0000 - 0x00007ff8f16fc000 	C:\Windows\SYSTEM32\DEVOBJ.dll
0x00007ff8e3af0000 - 0x00007ff8e3b78000 	C:\Windows\System32\DriverStore\FileRepository\iigd_dch.inf_amd64_5b1252b3763da959\IntelControlLib.dll
0x00007ff8f1b60000 - 0x00007ff8f1bcc000 	C:\Windows\System32\WINTRUST.dll
0x00007ff8f16b0000 - 0x00007ff8f16c2000 	C:\Windows\SYSTEM32\MSASN1.dll
0x00007ff8e7b50000 - 0x00007ff8e7b99000 	C:\Windows\SYSTEM32\directxdatabasehelper.dll
0x00007ff8e27b0000 - 0x00007ff8e2bc7000 	C:\Windows\System32\DriverStore\FileRepository\iigd_dch.inf_amd64_5b1252b3763da959\igdgmm64.dll
0x00007ff8daa50000 - 0x00007ff8de74c000 	C:\Windows\System32\DriverStore\FileRepository\iigd_dch.inf_amd64_5b1252b3763da959\igc64.dll
0x00007ff8b75e0000 - 0x00007ff8b760f000 	C:\Windows\SYSTEM32\D3DSCache.dll
0x00007ff8f10b0000 - 0x00007ff8f10d8000 	C:\Windows\SYSTEM32\USERENV.dll
0x00007ff8a6e60000 - 0x00007ff8a8205000 	C:\Windows\System32\DriverStore\FileRepository\iigd_dch.inf_amd64_5b1252b3763da959\igd12dxva64.dll
0x00007ff8a3ba0000 - 0x00007ff8a58c0000 	C:\Windows\System32\DriverStore\FileRepository\iigd_dch.inf_amd64_5b1252b3763da959\media_bin_64.dll
0x00007ff8b7440000 - 0x00007ff8b7467000 	C:\Windows\System32\DriverStore\FileRepository\iigd_dch.inf_amd64_5b1252b3763da959\igdinfo64.dll
0x00007ff8e3840000 - 0x00007ff8e3ae4000 	C:\Windows\SYSTEM32\twinapi.appcore.dll
0x00007ff8dfe80000 - 0x00007ff8dfec2000 	C:\Users\flori\.openjfx\cache\21+31\amd64\glass.dll

dbghelp: loaded successfully - version: 4.0.5 - missing functions: none
symbol engine: initialized successfully - sym options: 0x614 - pdb path: .;C:\Users\flori\.jdks\corretto-21.0.5\bin;C:\Windows\SYSTEM32;C:\Windows\WinSxS\amd64_microsoft.windows.common-controls_6595b64144ccf1df_6.0.22621.4391_none_2715d37f73803e96;C:\Users\flori\.jdks\corretto-21.0.5\bin\server;C:\Users\flori\.openjfx\cache\21+31\amd64;C:\Windows\System32\DriverStore\FileRepository\iigd_dch.inf_amd64_5b1252b3763da959;C:\Program Files\Common Files\Microsoft Shared\Ink

VM Arguments:
jvm_args: -agentlib:jdwp=transport=dt_socket,address=127.0.0.1:65236,suspend=y,server=n -javaagent:C:\Users\flori\AppData\Local\JetBrains\IntelliJIdea2024.2\captureAgent\debugger-agent.jar -Dkotlinx.coroutines.debug.enable.creation.stack.trace=false -Ddebugger.agent.enable.coroutines=true -Dfile.encoding=UTF-8 -Dsun.stdout.encoding=UTF-8 -Dsun.stderr.encoding=UTF-8 --module-path=C:\Users\flori\.m2\repository\org\openjfx\javafx-base\21\javafx-base-21-win.jar;C:\Users\flori\.m2\repository\org\openjfx\javafx-fxml\21\javafx-fxml-21-win.jar;C:\Users\flori\.m2\repository\org\openjfx\javafx-controls\21\javafx-controls-21-win.jar;C:\Users\flori\.m2\repository\org\openjfx\javafx-graphics\21\javafx-graphics-21-win.jar;C:\Users\flori\Documents\Travail IUT\S5\Projet tutoré\Projet_Tutore_RA-IL2_BOURDON_BORTOLOTTI_ROTH_DUCHENE\Chemin_interface\target\classes -Djdk.module.main=com.example.chemin_interface 
java_command: com.example.chemin_interface/com.example.chemin_interface.mains.MainLaby
java_class_path (initial): C:\Users\flori\.m2\repository\org\openjfx\javafx-controls\21\javafx-controls-21.jar;C:\Users\flori\.m2\repository\org\openjfx\javafx-graphics\21\javafx-graphics-21.jar;C:\Users\flori\.m2\repository\org\openjfx\javafx-base\21\javafx-base-21.jar;C:\Users\flori\.m2\repository\org\openjfx\javafx-fxml\21\javafx-fxml-21.jar;C:\Program Files\JetBrains\IntelliJ IDEA 2024.2.1\lib\idea_rt.jar
Launcher Type: SUN_STANDARD

[Global flags]
     intx CICompilerCount                          = 12                                        {product} {ergonomic}
     uint ConcGCThreads                            = 3                                         {product} {ergonomic}
     uint G1ConcRefinementThreads                  = 13                                        {product} {ergonomic}
   size_t G1HeapRegionSize                         = 2097152                                   {product} {ergonomic}
    uintx GCDrainStackTargetSize                   = 64                                        {product} {ergonomic}
   size_t InitialHeapSize                          = 264241152                                 {product} {ergonomic}
   size_t MarkStackSize                            = 4194304                                   {product} {ergonomic}
   size_t MaxHeapSize                              = 4217372672                                {product} {ergonomic}
   size_t MaxNewSize                               = 2529165312                                {product} {ergonomic}
   size_t MinHeapDeltaBytes                        = 2097152                                   {product} {ergonomic}
   size_t MinHeapSize                              = 8388608                                   {product} {ergonomic}
    uintx NonNMethodCodeHeapSize                   = 7602480                                {pd product} {ergonomic}
    uintx NonProfiledCodeHeapSize                  = 122027880                              {pd product} {ergonomic}
    uintx ProfiledCodeHeapSize                     = 122027880                              {pd product} {ergonomic}
    uintx ReservedCodeCacheSize                    = 251658240                              {pd product} {ergonomic}
     bool SegmentedCodeCache                       = true                                      {product} {ergonomic}
   size_t SoftMaxHeapSize                          = 4217372672                             {manageable} {ergonomic}
     bool UseCompressedOops                        = true                           {product lp64_product} {ergonomic}
     bool UseG1GC                                  = true                                      {product} {ergonomic}
     bool UseLargePagesIndividualAllocation        = false                                  {pd product} {ergonomic}

Logging:
Log output configuration:
 #0: stdout all=off uptime,level,tags foldmultilines=false
 #1: stderr all=off uptime,level,tags foldmultilines=false

Environment Variables:
PATH=C:\Program Files\Common Files\Oracle\Java\javapath;C:\Windows\system32;C:\Windows;C:\Windows\System32\Wbem;C:\Windows\System32\WindowsPowerShell\v1.0\;C:\Windows\System32\OpenSSH\;C:\Program Files (x86)\NVIDIA Corporation\PhysX\Common;C:\Program Files\NVIDIA Corporation\NVIDIA NvDLISR;C:\Program Files\Git\cmd;C:\Program Files\MongoDB\Server\5.0\bin;C:\Users\flori\AppData\Local\Microsoft\WindowsApps;C:\Users\flori\AppData\Local\JetBrains\Toolbox\scripts;C:\Program Files\swipl\bin
USERNAME=flori
OS=Windows_NT
PROCESSOR_IDENTIFIER=Intel64 Family 6 Model 186 Stepping 2, GenuineIntel
TMP=C:\Users\flori\AppData\Local\Temp
TEMP=C:\Users\flori\AppData\Local\Temp




Periodic native trim disabled

---------------  S Y S T E M  ---------------

OS:
 Windows 11 , 64 bit Build 22621 (10.0.22621.4391)
OS uptime: 6 days 22:46 hours
Hyper-V role detected

CPU: total 16 (initial active 16) (8 cores per cpu, 2 threads per core) family 6 model 186 stepping 2 microcode 0x410e, cx8, cmov, fxsr, ht, mmx, 3dnowpref, sse, sse2, sse3, ssse3, sse4.1, sse4.2, popcnt, lzcnt, tsc, tscinvbit, avx, avx2, aes, erms, clmul, bmi1, bmi2, adx, sha, fma, vzeroupper, clflush, clflushopt, clwb, hv, serialize, rdtscp, rdpid, fsrm, f16c, cet_ibt, cet_ss
Processor Information for all 16 processors :
  Max Mhz: 2400, Current Mhz: 2400, Mhz Limit: 2400

Memory: 4k page, system-wide physical 16087M (4646M free)
TotalPageFile size 22231M (AvailPageFile size 7506M)
current process WorkingSet (physical memory assigned to process): 236M, peak: 272M
current process commit charge ("private bytes"): 495M, peak: 532M

vm_info: OpenJDK 64-Bit Server VM (21.0.5+11-LTS) for windows-amd64 JRE (21.0.5+11-LTS), built on 2024-10-11T20:58:34Z by "Administrator" with MS VC++ 16.10 / 16.11 (VS2019)

END.
